00009c18 e3300000 teq r0, #0                         R0=80000000 R1=00000082 R2=02000000 R3=00000000 R4=0000067c R5=00000000 R6=fffffff8 R7=00000000 R8=0000c300 R9=80000000 R10=ffffffdd R11=0000c104 R12=0000c103 SP=003fafe0 LR=60008c08 PC=00009c20 R8_fiq=00000000 R9_fiq=00000000 R10_fiq=00000000 R11_fiq=00001000 R12_fiq=01000000 SP_fiq=00000000 LR_fiq=40000d73 SP_irq=01000000 LR_irq=00000000 SP_svc=00000000 LR_svc=00000000 PSR=N:0 Z:1 C:1 V:0 I:0 F:0 M1:0 M0:0 (USR)
00009c1c 01a0f00e moveq pc, lr                       R0=80000000 R1=00000082 R2=02000000 R3=00000000 R4=0000067c R5=00000000 R6=fffffff8 R7=00000000 R8=0000c300 R9=80000000 R10=ffffffdd R11=0000c104 R12=0000c103 SP=003fafe0 LR=60008c08 PC=00009c24 R8_fiq=00000000 R9_fiq=00000000 R10_fiq=00000000 R11_fiq=00001000 R12_fiq=01000000 SP_fiq=00000000 LR_fiq=40000d73 SP_irq=01000000 LR_irq=00000000 SP_svc=00000000 LR_svc=00000000 PSR=N:1 Z:0 C:1 V:0 I:0 F:0 M1:0 M0:0 (USR)
00009c20 e3330000 teq r3, #0                         R0=80000000 R1=00000082 R2=02000000 R3=00000000 R4=0000067c R5=00000000 R6=fffffff8 R7=00000000 R8=0000c300 R9=80000000 R10=ffffffdd R11=0000c104 R12=0000c103 SP=003fafe0 LR=60008c08 PC=00009c28 R8_fiq=00000000 R9_fiq=00000000 R10_fiq=00000000 R11_fiq=00001000 R12_fiq=01000000 SP_fiq=00000000 LR_fiq=40000d73 SP_irq=01000000 LR_irq=00000000 SP_svc=00000000 LR_svc=00000000 PSR=N:1 Z:0 C:1 V:0 I:0 F:0 M1:0 M0:0 (USR)
00009c24 4a000324 bmi &a8bc                          R0=80000000 R1=00000082 R2=02000000 R3=00000000 R4=0000067c R5=00000000 R6=fffffff8 R7=00000000 R8=0000c300 R9=80000000 R10=ffffffdd R11=0000c104 R12=0000c103 SP=003fafe0 LR=60008c08 PC=00009c2c R8_fiq=00000000 R9_fiq=00000000 R10_fiq=00000000 R11_fiq=00001000 R12_fiq=01000000 SP_fiq=00000000 LR_fiq=40000d73 SP_irq=01000000 LR_irq=00000000 SP_svc=00000000 LR_svc=00000000 PSR=N:0 Z:1 C:1 V:0 I:0 F:0 M1:0 M0:0 (USR)
00009c28 e3a04101 mov r4, #&40000000                 R0=80000000 R1=00000082 R2=02000000 R3=00000000 R4=0000067c R5=00000000 R6=fffffff8 R7=00000000 R8=0000c300 R9=80000000 R10=ffffffdd R11=0000c104 R12=0000c103 SP=003fafe0 LR=60008c08 PC=00009c30 R8_fiq=00000000 R9_fiq=00000000 R10_fiq=00000000 R11_fiq=00001000 R12_fiq=01000000 SP_fiq=00000000 LR_fiq=40000d73 SP_irq=01000000 LR_irq=00000000 SP_svc=00000000 LR_svc=00000000 PSR=N:0 Z:1 C:1 V:0 I:0 F:0 M1:0 M0:0 (USR)
00009c2c e1b010a1 lsrs r1, r1, #1                    R0=80000000 R1=00000082 R2=02000000 R3=00000000 R4=40000000 R5=00000000 R6=fffffff8 R7=00000000 R8=0000c300 R9=80000000 R10=ffffffdd R11=0000c104 R12=0000c103 SP=003fafe0 LR=60008c08 PC=00009c34 R8_fiq=00000000 R9_fiq=00000000 R10_fiq=00000000 R11_fiq=00001000 R12_fiq=01000000 SP_fiq=00000000 LR_fiq=40000d73 SP_irq=01000000 LR_irq=00000000 SP_svc=00000000 LR_svc=00000000 PSR=N:0 Z:1 C:1 V:0 I:0 F:0 M1:0 M0:0 (USR)
00009c30 e2a11040 adc r1, r1, #64                    R0=80000000 R1=00000041 R2=02000000 R3=00000000 R4=40000000 R5=00000000 R6=fffffff8 R7=00000000 R8=0000c300 R9=80000000 R10=ffffffdd R11=0000c104 R12=0000c103 SP=003fafe0 LR=60008c08 PC=00009c38 R8_fiq=00000000 R9_fiq=00000000 R10_fiq=00000000 R11_fiq=00001000 R12_fiq=01000000 SP_fiq=00000000 LR_fiq=40000d73 SP_irq=01000000 LR_irq=00000000 SP_svc=00000000 LR_svc=00000000 PSR=N:0 Z:0 C:0 V:0 I:0 F:0 M1:0 M0:0 (USR)
00009c34 32400101 subcc r0, r0, #&40000000           R0=80000000 R1=00000081 R2=02000000 R3=00000000 R4=40000000 R5=00000000 R6=fffffff8 R7=00000000 R8=0000c300 R9=80000000 R10=ffffffdd R11=0000c104 R12=0000c103 SP=003fafe0 LR=60008c08 PC=00009c3c R8_fiq=00000000 R9_fiq=00000000 R10_fiq=00000000 R11_fiq=00001000 R12_fiq=01000000 SP_fiq=00000000 LR_fiq=40000d73 SP_irq=01000000 LR_irq=00000000 SP_svc=00000000 LR_svc=00000000 PSR=N:0 Z:0 C:0 V:0 I:0 F:0 M1:0 M0:0 (USR)
00009c38 22400102 subcs r0, r0, #&80000000           R0=40000000 R1=00000081 R2=02000000 R3=00000000 R4=40000000 R5=00000000 R6=fffffff8 R7=00000000 R8=0000c300 R9=80000000 R10=ffffffdd R11=0000c104 R12=0000c103 SP=003fafe0 LR=60008c08 PC=00009c40 R8_fiq=00000000 R9_fiq=00000000 R10_fiq=00000000 R11_fiq=00001000 R12_fiq=01000000 SP_fiq=00000000 LR_fiq=40000d73 SP_irq=01000000 LR_irq=00000000 SP_svc=00000000 LR_svc=00000000 PSR=N:0 Z:0 C:0 V:0 I:0 F:0 M1:0 M0:0 (USR)
00009c3c 33a07201 movcc r7, #&10000000               R0=40000000 R1=00000081 R2=02000000 R3=00000000 R4=40000000 R5=00000000 R6=fffffff8 R7=00000000 R8=0000c300 R9=80000000 R10=ffffffdd R11=0000c104 R12=0000c103 SP=003fafe0 LR=60008c08 PC=00009c44 R8_fiq=00000000 R9_fiq=00000000 R10_fiq=00000000 R11_fiq=00001000 R12_fiq=01000000 SP_fiq=00000000 LR_fiq=40000d73 SP_irq=01000000 LR_irq=00000000 SP_svc=00000000 LR_svc=00000000 PSR=N:0 Z:0 C:0 V:0 I:0 F:0 M1:0 M0:0 (USR)
00009c40 23a07302 movcs r7, #&8000000                R0=40000000 R1=00000081 R2=02000000 R3=00000000 R4=40000000 R5=00000000 R6=fffffff8 R7=10000000 R8=0000c300 R9=80000000 R10=ffffffdd R11=0000c104 R12=0000c103 SP=003fafe0 LR=60008c08 PC=00009c48 R8_fiq=00000000 R9_fiq=00000000 R10_fiq=00000000 R11_fiq=00001000 R12_fiq=01000000 SP_fiq=00000000 LR_fiq=40000d73 SP_irq=01000000 LR_irq=00000000 SP_svc=00000000 LR_svc=00000000 PSR=N:0 Z:0 C:0 V:0 I:0 F:0 M1:0 M0:0 (USR)
00009c44 e0244007 eor r4, r4, r7                     R0=40000000 R1=00000081 R2=02000000 R3=00000000 R4=40000000 R5=00000000 R6=fffffff8 R7=10000000 R8=0000c300 R9=80000000 R10=ffffffdd R11=0000c104 R12=0000c103 SP=003fafe0 LR=60008c08 PC=00009c4c R8_fiq=00000000 R9_fiq=00000000 R10_fiq=00000000 R11_fiq=00001000 R12_fiq=01000000 SP_fiq=00000000 LR_fiq=40000d73 SP_irq=01000000 LR_irq=00000000 SP_svc=00000000 LR_svc=00000000 PSR=N:0 Z:0 C:0 V:0 I:0 F:0 M1:0 M0:0 (USR)
00009c48 e1500004 cmp r0, r4                         R0=40000000 R1=00000081 R2=02000000 R3=00000000 R4=50000000 R5=00000000 R6=fffffff8 R7=10000000 R8=0000c300 R9=80000000 R10=ffffffdd R11=0000c104 R12=0000c103 SP=003fafe0 LR=60008c08 PC=00009c50 R8_fiq=00000000 R9_fiq=00000000 R10_fiq=00000000 R11_fiq=00001000 R12_fiq=01000000 SP_fiq=00000000 LR_fiq=40000d73 SP_irq=01000000 LR_irq=00000000 SP_svc=00000000 LR_svc=00000000 PSR=N:0 Z:0 C:0 V:0 I:0 F:0 M1:0 M0:0 (USR)
00009c4c 20400004 subcs r0, r0, r4                   R0=40000000 R1=00000081 R2=02000000 R3=00000000 R4=50000000 R5=00000000 R6=fffffff8 R7=10000000 R8=0000c300 R9=80000000 R10=ffffffdd R11=0000c104 R12=0000c103 SP=003fafe0 LR=60008c08 PC=00009c54 R8_fiq=00000000 R9_fiq=00000000 R10_fiq=00000000 R11_fiq=00001000 R12_fiq=01000000 SP_fiq=00000000 LR_fiq=40000d73 SP_irq=01000000 LR_irq=00000000 SP_svc=00000000 LR_svc=00000000 PSR=N:1 Z:0 C:0 V:0 I:0 F:0 M1:0 M0:0 (USR)
00009c50 20244087 eorcs r4, r4, r7, lsl #1           R0=40000000 R1=00000081 R2=02000000 R3=00000000 R4=50000000 R5=00000000 R6=fffffff8 R7=10000000 R8=0000c300 R9=80000000 R10=ffffffdd R11=0000c104 R12=0000c103 SP=003fafe0 LR=60008c08 PC=00009c58 R8_fiq=00000000 R9_fiq=00000000 R10_fiq=00000000 R11_fiq=00001000 R12_fiq=01000000 SP_fiq=00000000 LR_fiq=40000d73 SP_irq=01000000 LR_irq=00000000 SP_svc=00000000 LR_svc=00000000 PSR=N:1 Z:0 C:0 V:0 I:0 F:0 M1:0 M0:0 (USR)
00009c54 e0244007 eor r4, r4, r7                     R0=40000000 R1=00000081 R2=02000000 R3=00000000 R4=50000000 R5=00000000 R6=fffffff8 R7=10000000 R8=0000c300 R9=80000000 R10=ffffffdd R11=0000c104 R12=0000c103 SP=003fafe0 LR=60008c08 PC=00009c5c R8_fiq=00000000 R9_fiq=00000000 R10_fiq=00000000 R11_fiq=00001000 R12_fiq=01000000 SP_fiq=00000000 LR_fiq=40000d73 SP_irq=01000000 LR_irq=00000000 SP_svc=00000000 LR_svc=00000000 PSR=N:1 Z:0 C:0 V:0 I:0 F:0 M1:0 M0:0 (USR)
00009c58 e0800000 add r0, r0, r0                     R0=40000000 R1=00000081 R2=02000000 R3=00000000 R4=40000000 R5=00000000 R6=fffffff8 R7=10000000 R8=0000c300 R9=80000000 R10=ffffffdd R11=0000c104 R12=0000c103 SP=003fafe0 LR=60008c08 PC=00009c60 R8_fiq=00000000 R9_fiq=00000000 R10_fiq=00000000 R11_fiq=00001000 R12_fiq=01000000 SP_fiq=00000000 LR_fiq=40000d73 SP_irq=01000000 LR_irq=00000000 SP_svc=00000000 LR_svc=00000000 PSR=N:1 Z:0 C:0 V:0 I:0 F:0 M1:0 M0:0 (USR)
00009c5c e1b070e7 rors r7, r7, #1                    R0=80000000 R1=00000081 R2=02000000 R3=00000000 R4=40000000 R5=00000000 R6=fffffff8 R7=10000000 R8=0000c300 R9=80000000 R10=ffffffdd R11=0000c104 R12=0000c103 SP=003fafe0 LR=60008c08 PC=00009c64 R8_fiq=00000000 R9_fiq=00000000 R10_fiq=00000000 R11_fiq=00001000 R12_fiq=01000000 SP_fiq=00000000 LR_fiq=40000d73 SP_irq=01000000 LR_irq=00000000 SP_svc=00000000 LR_svc=00000000 PSR=N:1 Z:0 C:0 V:0 I:0 F:0 M1:0 M0:0 (USR)
00009c60 5afffff7 bpl &9c44                          R0=80000000 R1=00000081 R2=02000000 R3=00000000 R4=40000000 R5=00000000 R6=fffffff8 R7=08000000 R8=0000c300 R9=80000000 R10=ffffffdd R11=0000c104 R12=0000c103 SP=003fafe0 LR=60008c08 PC=00009c68 R8_fiq=00000000 R9_fiq=00000000 R10_fiq=00000000 R11_fiq=00001000 R12_fiq=01000000 SP_fiq=00000000 LR_fiq=40000d73 SP_irq=01000000 LR_irq=00000000 SP_svc=00000000 LR_svc=00000000 PSR=N:0 Z:0 C:0 V:0 I:0 F:0 M1:0 M0:0 (USR)
00009c44 e0244007 eor r4, r4, r7                     R0=80000000 R1=00000081 R2=02000000 R3=00000000 R4=40000000 R5=00000000 R6=fffffff8 R7=08000000 R8=0000c300 R9=80000000 R10=ffffffdd R11=0000c104 R12=0000c103 SP=003fafe0 LR=60008c08 PC=00009c4c R8_fiq=00000000 R9_fiq=00000000 R10_fiq=00000000 R11_fiq=00001000 R12_fiq=01000000 SP_fiq=00000000 LR_fiq=40000d73 SP_irq=01000000 LR_irq=00000000 SP_svc=00000000 LR_svc=00000000 PSR=N:0 Z:0 C:0 V:0 I:0 F:0 M1:0 M0:0 (USR)
00009c48 e1500004 cmp r0, r4                         R0=80000000 R1=00000081 R2=02000000 R3=00000000 R4=48000000 R5=00000000 R6=fffffff8 R7=08000000 R8=0000c300 R9=80000000 R10=ffffffdd R11=0000c104 R12=0000c103 SP=003fafe0 LR=60008c08 PC=00009c50 R8_fiq=00000000 R9_fiq=00000000 R10_fiq=00000000 R11_fiq=00001000 R12_fiq=01000000 SP_fiq=00000000 LR_fiq=40000d73 SP_irq=01000000 LR_irq=00000000 SP_svc=00000000 LR_svc=00000000 PSR=N:0 Z:0 C:0 V:0 I:0 F:0 M1:0 M0:0 (USR)
00009c4c 20400004 subcs r0, r0, r4                   R0=80000000 R1=00000081 R2=02000000 R3=00000000 R4=48000000 R5=00000000 R6=fffffff8 R7=08000000 R8=0000c300 R9=80000000 R10=ffffffdd R11=0000c104 R12=0000c103 SP=003fafe0 LR=60008c08 PC=00009c54 R8_fiq=00000000 R9_fiq=00000000 R10_fiq=00000000 R11_fiq=00001000 R12_fiq=01000000 SP_fiq=00000000 LR_fiq=40000d73 SP_irq=01000000 LR_irq=00000000 SP_svc=00000000 LR_svc=00000000 PSR=N:0 Z:0 C:1 V:1 I:0 F:0 M1:0 M0:0 (USR)
00009c50 20244087 eorcs r4, r4, r7, lsl #1           R0=38000000 R1=00000081 R2=02000000 R3=00000000 R4=48000000 R5=00000000 R6=fffffff8 R7=08000000 R8=0000c300 R9=80000000 R10=ffffffdd R11=0000c104 R12=0000c103 SP=003fafe0 LR=60008c08 PC=00009c58 R8_fiq=00000000 R9_fiq=00000000 R10_fiq=00000000 R11_fiq=00001000 R12_fiq=01000000 SP_fiq=00000000 LR_fiq=40000d73 SP_irq=01000000 LR_irq=00000000 SP_svc=00000000 LR_svc=00000000 PSR=N:0 Z:0 C:1 V:1 I:0 F:0 M1:0 M0:0 (USR)
00009c54 e0244007 eor r4, r4, r7                     R0=38000000 R1=00000081 R2=02000000 R3=00000000 R4=58000000 R5=00000000 R6=fffffff8 R7=08000000 R8=0000c300 R9=80000000 R10=ffffffdd R11=0000c104 R12=0000c103 SP=003fafe0 LR=60008c08 PC=00009c5c R8_fiq=00000000 R9_fiq=00000000 R10_fiq=00000000 R11_fiq=00001000 R12_fiq=01000000 SP_fiq=00000000 LR_fiq=40000d73 SP_irq=01000000 LR_irq=00000000 SP_svc=00000000 LR_svc=00000000 PSR=N:0 Z:0 C:1 V:1 I:0 F:0 M1:0 M0:0 (USR)
00009c58 e0800000 add r0, r0, r0                     R0=38000000 R1=00000081 R2=02000000 R3=00000000 R4=50000000 R5=00000000 R6=fffffff8 R7=08000000 R8=0000c300 R9=80000000 R10=ffffffdd R11=0000c104 R12=0000c103 SP=003fafe0 LR=60008c08 PC=00009c60 R8_fiq=00000000 R9_fiq=00000000 R10_fiq=00000000 R11_fiq=00001000 R12_fiq=01000000 SP_fiq=00000000 LR_fiq=40000d73 SP_irq=01000000 LR_irq=00000000 SP_svc=00000000 LR_svc=00000000 PSR=N:0 Z:0 C:1 V:1 I:0 F:0 M1:0 M0:0 (USR)
00009c5c e1b070e7 rors r7, r7, #1                    R0=70000000 R1=00000081 R2=02000000 R3=00000000 R4=50000000 R5=00000000 R6=fffffff8 R7=08000000 R8=0000c300 R9=80000000 R10=ffffffdd R11=0000c104 R12=0000c103 SP=003fafe0 LR=60008c08 PC=00009c64 R8_fiq=00000000 R9_fiq=00000000 R10_fiq=00000000 R11_fiq=00001000 R12_fiq=01000000 SP_fiq=00000000 LR_fiq=40000d73 SP_irq=01000000 LR_irq=00000000 SP_svc=00000000 LR_svc=00000000 PSR=N:0 Z:0 C:1 V:1 I:0 F:0 M1:0 M0:0 (USR)
00009c60 5afffff7 bpl &9c44                          R0=70000000 R1=00000081 R2=02000000 R3=00000000 R4=50000000 R5=00000000 R6=fffffff8 R7=04000000 R8=0000c300 R9=80000000 R10=ffffffdd R11=0000c104 R12=0000c103 SP=003fafe0 LR=60008c08 PC=00009c68 R8_fiq=00000000 R9_fiq=00000000 R10_fiq=00000000 R11_fiq=00001000 R12_fiq=01000000 SP_fiq=00000000 LR_fiq=40000d73 SP_irq=01000000 LR_irq=00000000 SP_svc=00000000 LR_svc=00000000 PSR=N:0 Z:0 C:0 V:1 I:0 F:0 M1:0 M0:0 (USR)
00009c44 e0244007 eor r4, r4, r7                     R0=70000000 R1=00000081 R2=02000000 R3=00000000 R4=50000000 R5=00000000 R6=fffffff8 R7=04000000 R8=0000c300 R9=80000000 R10=ffffffdd R11=0000c104 R12=0000c103 SP=003fafe0 LR=60008c08 PC=00009c4c R8_fiq=00000000 R9_fiq=00000000 R10_fiq=00000000 R11_fiq=00001000 R12_fiq=01000000 SP_fiq=00000000 LR_fiq=40000d73 SP_irq=01000000 LR_irq=00000000 SP_svc=00000000 LR_svc=00000000 PSR=N:0 Z:0 C:0 V:1 I:0 F:0 M1:0 M0:0 (USR)
00009c48 e1500004 cmp r0, r4                         R0=70000000 R1=00000081 R2=02000000 R3=00000000 R4=54000000 R5=00000000 R6=fffffff8 R7=04000000 R8=0000c300 R9=80000000 R10=ffffffdd R11=0000c104 R12=0000c103 SP=003fafe0 LR=60008c08 PC=00009c50 R8_fiq=00000000 R9_fiq=00000000 R10_fiq=00000000 R11_fiq=00001000 R12_fiq=01000000 SP_fiq=00000000 LR_fiq=40000d73 SP_irq=01000000 LR_irq=00000000 SP_svc=00000000 LR_svc=00000000 PSR=N:0 Z:0 C:0 V:1 I:0 F:0 M1:0 M0:0 (USR)
00009c4c 20400004 subcs r0, r0, r4                   R0=70000000 R1=00000081 R2=02000000 R3=00000000 R4=54000000 R5=00000000 R6=fffffff8 R7=04000000 R8=0000c300 R9=80000000 R10=ffffffdd R11=0000c104 R12=0000c103 SP=003fafe0 LR=60008c08 PC=00009c54 R8_fiq=00000000 R9_fiq=00000000 R10_fiq=00000000 R11_fiq=00001000 R12_fiq=01000000 SP_fiq=00000000 LR_fiq=40000d73 SP_irq=01000000 LR_irq=00000000 SP_svc=00000000 LR_svc=00000000 PSR=N:0 Z:0 C:1 V:0 I:0 F:0 M1:0 M0:0 (USR)
00009c50 20244087 eorcs r4, r4, r7, lsl #1           R0=1c000000 R1=00000081 R2=02000000 R3=00000000 R4=54000000 R5=00000000 R6=fffffff8 R7=04000000 R8=0000c300 R9=80000000 R10=ffffffdd R11=0000c104 R12=0000c103 SP=003fafe0 LR=60008c08 PC=00009c58 R8_fiq=00000000 R9_fiq=00000000 R10_fiq=00000000 R11_fiq=00001000 R12_fiq=01000000 SP_fiq=00000000 LR_fiq=40000d73 SP_irq=01000000 LR_irq=00000000 SP_svc=00000000 LR_svc=00000000 PSR=N:0 Z:0 C:1 V:0 I:0 F:0 M1:0 M0:0 (USR)
00009c54 e0244007 eor r4, r4, r7                     R0=1c000000 R1=00000081 R2=02000000 R3=00000000 R4=5c000000 R5=00000000 R6=fffffff8 R7=04000000 R8=0000c300 R9=80000000 R10=ffffffdd R11=0000c104 R12=0000c103 SP=003fafe0 LR=60008c08 PC=00009c5c R8_fiq=00000000 R9_fiq=00000000 R10_fiq=00000000 R11_fiq=00001000 R12_fiq=01000000 SP_fiq=00000000 LR_fiq=40000d73 SP_irq=01000000 LR_irq=00000000 SP_svc=00000000 LR_svc=00000000 PSR=N:0 Z:0 C:1 V:0 I:0 F:0 M1:0 M0:0 (USR)
00009c58 e0800000 add r0, r0, r0                     R0=1c000000 R1=00000081 R2=02000000 R3=00000000 R4=58000000 R5=00000000 R6=fffffff8 R7=04000000 R8=0000c300 R9=80000000 R10=ffffffdd R11=0000c104 R12=0000c103 SP=003fafe0 LR=60008c08 PC=00009c60 R8_fiq=00000000 R9_fiq=00000000 R10_fiq=00000000 R11_fiq=00001000 R12_fiq=01000000 SP_fiq=00000000 LR_fiq=40000d73 SP_irq=01000000 LR_irq=00000000 SP_svc=00000000 LR_svc=00000000 PSR=N:0 Z:0 C:1 V:0 I:0 F:0 M1:0 M0:0 (USR)
00009c5c e1b070e7 rors r7, r7, #1                    R0=38000000 R1=00000081 R2=02000000 R3=00000000 R4=58000000 R5=00000000 R6=fffffff8 R7=04000000 R8=0000c300 R9=80000000 R10=ffffffdd R11=0000c104 R12=0000c103 SP=003fafe0 LR=60008c08 PC=00009c64 R8_fiq=00000000 R9_fiq=00000000 R10_fiq=00000000 R11_fiq=00001000 R12_fiq=01000000 SP_fiq=00000000 LR_fiq=40000d73 SP_irq=01000000 LR_irq=00000000 SP_svc=00000000 LR_svc=00000000 PSR=N:0 Z:0 C:1 V:0 I:0 F:0 M1:0 M0:0 (USR)
00009c60 5afffff7 bpl &9c44                          R0=38000000 R1=00000081 R2=02000000 R3=00000000 R4=58000000 R5=00000000 R6=fffffff8 R7=02000000 R8=0000c300 R9=80000000 R10=ffffffdd R11=0000c104 R12=0000c103 SP=003fafe0 LR=60008c08 PC=00009c68 R8_fiq=00000000 R9_fiq=00000000 R10_fiq=00000000 R11_fiq=00001000 R12_fiq=01000000 SP_fiq=00000000 LR_fiq=40000d73 SP_irq=01000000 LR_irq=00000000 SP_svc=00000000 LR_svc=00000000 PSR=N:0 Z:0 C:0 V:0 I:0 F:0 M1:0 M0:0 (USR)
00009c44 e0244007 eor r4, r4, r7                     R0=38000000 R1=00000081 R2=02000000 R3=00000000 R4=58000000 R5=00000000 R6=fffffff8 R7=02000000 R8=0000c300 R9=80000000 R10=ffffffdd R11=0000c104 R12=0000c103 SP=003fafe0 LR=60008c08 PC=00009c4c R8_fiq=00000000 R9_fiq=00000000 R10_fiq=00000000 R11_fiq=00001000 R12_fiq=01000000 SP_fiq=00000000 LR_fiq=40000d73 SP_irq=01000000 LR_irq=00000000 SP_svc=00000000 LR_svc=00000000 PSR=N:0 Z:0 C:0 V:0 I:0 F:0 M1:0 M0:0 (USR)
00009c48 e1500004 cmp r0, r4                         R0=38000000 R1=00000081 R2=02000000 R3=00000000 R4=5a000000 R5=00000000 R6=fffffff8 R7=02000000 R8=0000c300 R9=80000000 R10=ffffffdd R11=0000c104 R12=0000c103 SP=003fafe0 LR=60008c08 PC=00009c50 R8_fiq=00000000 R9_fiq=00000000 R10_fiq=00000000 R11_fiq=00001000 R12_fiq=01000000 SP_fiq=00000000 LR_fiq=40000d73 SP_irq=01000000 LR_irq=00000000 SP_svc=00000000 LR_svc=00000000 PSR=N:0 Z:0 C:0 V:0 I:0 F:0 M1:0 M0:0 (USR)
00009c4c 20400004 subcs r0, r0, r4                   R0=38000000 R1=00000081 R2=02000000 R3=00000000 R4=5a000000 R5=00000000 R6=fffffff8 R7=02000000 R8=0000c300 R9=80000000 R10=ffffffdd R11=0000c104 R12=0000c103 SP=003fafe0 LR=60008c08 PC=00009c54 R8_fiq=00000000 R9_fiq=00000000 R10_fiq=00000000 R11_fiq=00001000 R12_fiq=01000000 SP_fiq=00000000 LR_fiq=40000d73 SP_irq=01000000 LR_irq=00000000 SP_svc=00000000 LR_svc=00000000 PSR=N:1 Z:0 C:0 V:0 I:0 F:0 M1:0 M0:0 (USR)
00009c50 20244087 eorcs r4, r4, r7, lsl #1           R0=38000000 R1=00000081 R2=02000000 R3=00000000 R4=5a000000 R5=00000000 R6=fffffff8 R7=02000000 R8=0000c300 R9=80000000 R10=ffffffdd R11=0000c104 R12=0000c103 SP=003fafe0 LR=60008c08 PC=00009c58 R8_fiq=00000000 R9_fiq=00000000 R10_fiq=00000000 R11_fiq=00001000 R12_fiq=01000000 SP_fiq=00000000 LR_fiq=40000d73 SP_irq=01000000 LR_irq=00000000 SP_svc=00000000 LR_svc=00000000 PSR=N:1 Z:0 C:0 V:0 I:0 F:0 M1:0 M0:0 (USR)
00009c54 e0244007 eor r4, r4, r7                     R0=38000000 R1=00000081 R2=02000000 R3=00000000 R4=5a000000 R5=00000000 R6=fffffff8 R7=02000000 R8=0000c300 R9=80000000 R10=ffffffdd R11=0000c104 R12=0000c103 SP=003fafe0 LR=60008c08 PC=00009c5c R8_fiq=00000000 R9_fiq=00000000 R10_fiq=00000000 R11_fiq=00001000 R12_fiq=01000000 SP_fiq=00000000 LR_fiq=40000d73 SP_irq=01000000 LR_irq=00000000 SP_svc=00000000 LR_svc=00000000 PSR=N:1 Z:0 C:0 V:0 I:0 F:0 M1:0 M0:0 (USR)
00009c58 e0800000 add r0, r0, r0                     R0=38000000 R1=00000081 R2=02000000 R3=00000000 R4=58000000 R5=00000000 R6=fffffff8 R7=02000000 R8=0000c300 R9=80000000 R10=ffffffdd R11=0000c104 R12=0000c103 SP=003fafe0 LR=60008c08 PC=00009c60 R8_fiq=00000000 R9_fiq=00000000 R10_fiq=00000000 R11_fiq=00001000 R12_fiq=01000000 SP_fiq=00000000 LR_fiq=40000d73 SP_irq=01000000 LR_irq=00000000 SP_svc=00000000 LR_svc=00000000 PSR=N:1 Z:0 C:0 V:0 I:0 F:0 M1:0 M0:0 (USR)
00009c5c e1b070e7 rors r7, r7, #1                    R0=70000000 R1=00000081 R2=02000000 R3=00000000 R4=58000000 R5=00000000 R6=fffffff8 R7=02000000 R8=0000c300 R9=80000000 R10=ffffffdd R11=0000c104 R12=0000c103 SP=003fafe0 LR=60008c08 PC=00009c64 R8_fiq=00000000 R9_fiq=00000000 R10_fiq=00000000 R11_fiq=00001000 R12_fiq=01000000 SP_fiq=00000000 LR_fiq=40000d73 SP_irq=01000000 LR_irq=00000000 SP_svc=00000000 LR_svc=00000000 PSR=N:1 Z:0 C:0 V:0 I:0 F:0 M1:0 M0:0 (USR)
00009c60 5afffff7 bpl &9c44                          R0=70000000 R1=00000081 R2=02000000 R3=00000000 R4=58000000 R5=00000000 R6=fffffff8 R7=01000000 R8=0000c300 R9=80000000 R10=ffffffdd R11=0000c104 R12=0000c103 SP=003fafe0 LR=60008c08 PC=00009c68 R8_fiq=00000000 R9_fiq=00000000 R10_fiq=00000000 R11_fiq=00001000 R12_fiq=01000000 SP_fiq=00000000 LR_fiq=40000d73 SP_irq=01000000 LR_irq=00000000 SP_svc=00000000 LR_svc=00000000 PSR=N:0 Z:0 C:0 V:0 I:0 F:0 M1:0 M0:0 (USR)
00009c44 e0244007 eor r4, r4, r7                     R0=70000000 R1=00000081 R2=02000000 R3=00000000 R4=58000000 R5=00000000 R6=fffffff8 R7=01000000 R8=0000c300 R9=80000000 R10=ffffffdd R11=0000c104 R12=0000c103 SP=003fafe0 LR=60008c08 PC=00009c4c R8_fiq=00000000 R9_fiq=00000000 R10_fiq=00000000 R11_fiq=00001000 R12_fiq=01000000 SP_fiq=00000000 LR_fiq=40000d73 SP_irq=01000000 LR_irq=00000000 SP_svc=00000000 LR_svc=00000000 PSR=N:0 Z:0 C:0 V:0 I:0 F:0 M1:0 M0:0 (USR)
00009c48 e1500004 cmp r0, r4                         R0=70000000 R1=00000081 R2=02000000 R3=00000000 R4=59000000 R5=00000000 R6=fffffff8 R7=01000000 R8=0000c300 R9=80000000 R10=ffffffdd R11=0000c104 R12=0000c103 SP=003fafe0 LR=60008c08 PC=00009c50 R8_fiq=00000000 R9_fiq=00000000 R10_fiq=00000000 R11_fiq=00001000 R12_fiq=01000000 SP_fiq=00000000 LR_fiq=40000d73 SP_irq=01000000 LR_irq=00000000 SP_svc=00000000 LR_svc=00000000 PSR=N:0 Z:0 C:0 V:0 I:0 F:0 M1:0 M0:0 (USR)
00009c4c 20400004 subcs r0, r0, r4                   R0=70000000 R1=00000081 R2=02000000 R3=00000000 R4=59000000 R5=00000000 R6=fffffff8 R7=01000000 R8=0000c300 R9=80000000 R10=ffffffdd R11=0000c104 R12=0000c103 SP=003fafe0 LR=60008c08 PC=00009c54 R8_fiq=00000000 R9_fiq=00000000 R10_fiq=00000000 R11_fiq=00001000 R12_fiq=01000000 SP_fiq=00000000 LR_fiq=40000d73 SP_irq=01000000 LR_irq=00000000 SP_svc=00000000 LR_svc=00000000 PSR=N:0 Z:0 C:1 V:0 I:0 F:0 M1:0 M0:0 (USR)
00009c50 20244087 eorcs r4, r4, r7, lsl #1           R0=17000000 R1=00000081 R2=02000000 R3=00000000 R4=59000000 R5=00000000 R6=fffffff8 R7=01000000 R8=0000c300 R9=80000000 R10=ffffffdd R11=0000c104 R12=0000c103 SP=003fafe0 LR=60008c08 PC=00009c58 R8_fiq=00000000 R9_fiq=00000000 R10_fiq=00000000 R11_fiq=00001000 R12_fiq=01000000 SP_fiq=00000000 LR_fiq=40000d73 SP_irq=01000000 LR_irq=00000000 SP_svc=00000000 LR_svc=00000000 PSR=N:0 Z:0 C:1 V:0 I:0 F:0 M1:0 M0:0 (USR)
00009c54 e0244007 eor r4, r4, r7                     R0=17000000 R1=00000081 R2=02000000 R3=00000000 R4=5b000000 R5=00000000 R6=fffffff8 R7=01000000 R8=0000c300 R9=80000000 R10=ffffffdd R11=0000c104 R12=0000c103 SP=003fafe0 LR=60008c08 PC=00009c5c R8_fiq=00000000 R9_fiq=00000000 R10_fiq=00000000 R11_fiq=00001000 R12_fiq=01000000 SP_fiq=00000000 LR_fiq=40000d73 SP_irq=01000000 LR_irq=00000000 SP_svc=00000000 LR_svc=00000000 PSR=N:0 Z:0 C:1 V:0 I:0 F:0 M1:0 M0:0 (USR)
00009c58 e0800000 add r0, r0, r0                     R0=17000000 R1=00000081 R2=02000000 R3=00000000 R4=5a000000 R5=00000000 R6=fffffff8 R7=01000000 R8=0000c300 R9=80000000 R10=ffffffdd R11=0000c104 R12=0000c103 SP=003fafe0 LR=60008c08 PC=00009c60 R8_fiq=00000000 R9_fiq=00000000 R10_fiq=00000000 R11_fiq=00001000 R12_fiq=01000000 SP_fiq=00000000 LR_fiq=40000d73 SP_irq=01000000 LR_irq=00000000 SP_svc=00000000 LR_svc=00000000 PSR=N:0 Z:0 C:1 V:0 I:0 F:0 M1:0 M0:0 (USR)
00009c5c e1b070e7 rors r7, r7, #1                    R0=2e000000 R1=00000081 R2=02000000 R3=00000000 R4=5a000000 R5=00000000 R6=fffffff8 R7=01000000 R8=0000c300 R9=80000000 R10=ffffffdd R11=0000c104 R12=0000c103 SP=003fafe0 LR=60008c08 PC=00009c64 R8_fiq=00000000 R9_fiq=00000000 R10_fiq=00000000 R11_fiq=00001000 R12_fiq=01000000 SP_fiq=00000000 LR_fiq=40000d73 SP_irq=01000000 LR_irq=00000000 SP_svc=00000000 LR_svc=00000000 PSR=N:0 Z:0 C:1 V:0 I:0 F:0 M1:0 M0:0 (USR)
00009c60 5afffff7 bpl &9c44                          R0=2e000000 R1=00000081 R2=02000000 R3=00000000 R4=5a000000 R5=00000000 R6=fffffff8 R7=00800000 R8=0000c300 R9=80000000 R10=ffffffdd R11=0000c104 R12=0000c103 SP=003fafe0 LR=60008c08 PC=00009c68 R8_fiq=00000000 R9_fiq=00000000 R10_fiq=00000000 R11_fiq=00001000 R12_fiq=01000000 SP_fiq=00000000 LR_fiq=40000d73 SP_irq=01000000 LR_irq=00000000 SP_svc=00000000 LR_svc=00000000 PSR=N:0 Z:0 C:0 V:0 I:0 F:0 M1:0 M0:0 (USR)
00009c44 e0244007 eor r4, r4, r7                     R0=2e000000 R1=00000081 R2=02000000 R3=00000000 R4=5a000000 R5=00000000 R6=fffffff8 R7=00800000 R8=0000c300 R9=80000000 R10=ffffffdd R11=0000c104 R12=0000c103 SP=003fafe0 LR=60008c08 PC=00009c4c R8_fiq=00000000 R9_fiq=00000000 R10_fiq=00000000 R11_fiq=00001000 R12_fiq=01000000 SP_fiq=00000000 LR_fiq=40000d73 SP_irq=01000000 LR_irq=00000000 SP_svc=00000000 LR_svc=00000000 PSR=N:0 Z:0 C:0 V:0 I:0 F:0 M1:0 M0:0 (USR)
00009c48 e1500004 cmp r0, r4                         R0=2e000000 R1=00000081 R2=02000000 R3=00000000 R4=5a800000 R5=00000000 R6=fffffff8 R7=00800000 R8=0000c300 R9=80000000 R10=ffffffdd R11=0000c104 R12=0000c103 SP=003fafe0 LR=60008c08 PC=00009c50 R8_fiq=00000000 R9_fiq=00000000 R10_fiq=00000000 R11_fiq=00001000 R12_fiq=01000000 SP_fiq=00000000 LR_fiq=40000d73 SP_irq=01000000 LR_irq=00000000 SP_svc=00000000 LR_svc=00000000 PSR=N:0 Z:0 C:0 V:0 I:0 F:0 M1:0 M0:0 (USR)
00009c4c 20400004 subcs r0, r0, r4                   R0=2e000000 R1=00000081 R2=02000000 R3=00000000 R4=5a800000 R5=00000000 R6=fffffff8 R7=00800000 R8=0000c300 R9=80000000 R10=ffffffdd R11=0000c104 R12=0000c103 SP=003fafe0 LR=60008c08 PC=00009c54 R8_fiq=00000000 R9_fiq=00000000 R10_fiq=00000000 R11_fiq=00001000 R12_fiq=01000000 SP_fiq=00000000 LR_fiq=40000d73 SP_irq=01000000 LR_irq=00000000 SP_svc=00000000 LR_svc=00000000 PSR=N:1 Z:0 C:0 V:0 I:0 F:0 M1:0 M0:0 (USR)
00009c50 20244087 eorcs r4, r4, r7, lsl #1           R0=2e000000 R1=00000081 R2=02000000 R3=00000000 R4=5a800000 R5=00000000 R6=fffffff8 R7=00800000 R8=0000c300 R9=80000000 R10=ffffffdd R11=0000c104 R12=0000c103 SP=003fafe0 LR=60008c08 PC=00009c58 R8_fiq=00000000 R9_fiq=00000000 R10_fiq=00000000 R11_fiq=00001000 R12_fiq=01000000 SP_fiq=00000000 LR_fiq=40000d73 SP_irq=01000000 LR_irq=00000000 SP_svc=00000000 LR_svc=00000000 PSR=N:1 Z:0 C:0 V:0 I:0 F:0 M1:0 M0:0 (USR)
00009c54 e0244007 eor r4, r4, r7                     R0=2e000000 R1=00000081 R2=02000000 R3=00000000 R4=5a800000 R5=00000000 R6=fffffff8 R7=00800000 R8=0000c300 R9=80000000 R10=ffffffdd R11=0000c104 R12=0000c103 SP=003fafe0 LR=60008c08 PC=00009c5c R8_fiq=00000000 R9_fiq=00000000 R10_fiq=00000000 R11_fiq=00001000 R12_fiq=01000000 SP_fiq=00000000 LR_fiq=40000d73 SP_irq=01000000 LR_irq=00000000 SP_svc=00000000 LR_svc=00000000 PSR=N:1 Z:0 C:0 V:0 I:0 F:0 M1:0 M0:0 (USR)
00009c58 e0800000 add r0, r0, r0                     R0=2e000000 R1=00000081 R2=02000000 R3=00000000 R4=5a000000 R5=00000000 R6=fffffff8 R7=00800000 R8=0000c300 R9=80000000 R10=ffffffdd R11=0000c104 R12=0000c103 SP=003fafe0 LR=60008c08 PC=00009c60 R8_fiq=00000000 R9_fiq=00000000 R10_fiq=00000000 R11_fiq=00001000 R12_fiq=01000000 SP_fiq=00000000 LR_fiq=40000d73 SP_irq=01000000 LR_irq=00000000 SP_svc=00000000 LR_svc=00000000 PSR=N:1 Z:0 C:0 V:0 I:0 F:0 M1:0 M0:0 (USR)
00009c5c e1b070e7 rors r7, r7, #1                    R0=5c000000 R1=00000081 R2=02000000 R3=00000000 R4=5a000000 R5=00000000 R6=fffffff8 R7=00800000 R8=0000c300 R9=80000000 R10=ffffffdd R11=0000c104 R12=0000c103 SP=003fafe0 LR=60008c08 PC=00009c64 R8_fiq=00000000 R9_fiq=00000000 R10_fiq=00000000 R11_fiq=00001000 R12_fiq=01000000 SP_fiq=00000000 LR_fiq=40000d73 SP_irq=01000000 LR_irq=00000000 SP_svc=00000000 LR_svc=00000000 PSR=N:1 Z:0 C:0 V:0 I:0 F:0 M1:0 M0:0 (USR)
00009c60 5afffff7 bpl &9c44                          R0=5c000000 R1=00000081 R2=02000000 R3=00000000 R4=5a000000 R5=00000000 R6=fffffff8 R7=00400000 R8=0000c300 R9=80000000 R10=ffffffdd R11=0000c104 R12=0000c103 SP=003fafe0 LR=60008c08 PC=00009c68 R8_fiq=00000000 R9_fiq=00000000 R10_fiq=00000000 R11_fiq=00001000 R12_fiq=01000000 SP_fiq=00000000 LR_fiq=40000d73 SP_irq=01000000 LR_irq=00000000 SP_svc=00000000 LR_svc=00000000 PSR=N:0 Z:0 C:0 V:0 I:0 F:0 M1:0 M0:0 (USR)
00009c44 e0244007 eor r4, r4, r7                     R0=5c000000 R1=00000081 R2=02000000 R3=00000000 R4=5a000000 R5=00000000 R6=fffffff8 R7=00400000 R8=0000c300 R9=80000000 R10=ffffffdd R11=0000c104 R12=0000c103 SP=003fafe0 LR=60008c08 PC=00009c4c R8_fiq=00000000 R9_fiq=00000000 R10_fiq=00000000 R11_fiq=00001000 R12_fiq=01000000 SP_fiq=00000000 LR_fiq=40000d73 SP_irq=01000000 LR_irq=00000000 SP_svc=00000000 LR_svc=00000000 PSR=N:0 Z:0 C:0 V:0 I:0 F:0 M1:0 M0:0 (USR)
00009c48 e1500004 cmp r0, r4                         R0=5c000000 R1=00000081 R2=02000000 R3=00000000 R4=5a400000 R5=00000000 R6=fffffff8 R7=00400000 R8=0000c300 R9=80000000 R10=ffffffdd R11=0000c104 R12=0000c103 SP=003fafe0 LR=60008c08 PC=00009c50 R8_fiq=00000000 R9_fiq=00000000 R10_fiq=00000000 R11_fiq=00001000 R12_fiq=01000000 SP_fiq=00000000 LR_fiq=40000d73 SP_irq=01000000 LR_irq=00000000 SP_svc=00000000 LR_svc=00000000 PSR=N:0 Z:0 C:0 V:0 I:0 F:0 M1:0 M0:0 (USR)
00009c4c 20400004 subcs r0, r0, r4                   R0=5c000000 R1=00000081 R2=02000000 R3=00000000 R4=5a400000 R5=00000000 R6=fffffff8 R7=00400000 R8=0000c300 R9=80000000 R10=ffffffdd R11=0000c104 R12=0000c103 SP=003fafe0 LR=60008c08 PC=00009c54 R8_fiq=00000000 R9_fiq=00000000 R10_fiq=00000000 R11_fiq=00001000 R12_fiq=01000000 SP_fiq=00000000 LR_fiq=40000d73 SP_irq=01000000 LR_irq=00000000 SP_svc=00000000 LR_svc=00000000 PSR=N:0 Z:0 C:1 V:0 I:0 F:0 M1:0 M0:0 (USR)
00009c50 20244087 eorcs r4, r4, r7, lsl #1           R0=01c00000 R1=00000081 R2=02000000 R3=00000000 R4=5a400000 R5=00000000 R6=fffffff8 R7=00400000 R8=0000c300 R9=80000000 R10=ffffffdd R11=0000c104 R12=0000c103 SP=003fafe0 LR=60008c08 PC=00009c58 R8_fiq=00000000 R9_fiq=00000000 R10_fiq=00000000 R11_fiq=00001000 R12_fiq=01000000 SP_fiq=00000000 LR_fiq=40000d73 SP_irq=01000000 LR_irq=00000000 SP_svc=00000000 LR_svc=00000000 PSR=N:0 Z:0 C:1 V:0 I:0 F:0 M1:0 M0:0 (USR)
00009c54 e0244007 eor r4, r4, r7                     R0=01c00000 R1=00000081 R2=02000000 R3=00000000 R4=5ac00000 R5=00000000 R6=fffffff8 R7=00400000 R8=0000c300 R9=80000000 R10=ffffffdd R11=0000c104 R12=0000c103 SP=003fafe0 LR=60008c08 PC=00009c5c R8_fiq=00000000 R9_fiq=00000000 R10_fiq=00000000 R11_fiq=00001000 R12_fiq=01000000 SP_fiq=00000000 LR_fiq=40000d73 SP_irq=01000000 LR_irq=00000000 SP_svc=00000000 LR_svc=00000000 PSR=N:0 Z:0 C:1 V:0 I:0 F:0 M1:0 M0:0 (USR)
00009c58 e0800000 add r0, r0, r0                     R0=01c00000 R1=00000081 R2=02000000 R3=00000000 R4=5a800000 R5=00000000 R6=fffffff8 R7=00400000 R8=0000c300 R9=80000000 R10=ffffffdd R11=0000c104 R12=0000c103 SP=003fafe0 LR=60008c08 PC=00009c60 R8_fiq=00000000 R9_fiq=00000000 R10_fiq=00000000 R11_fiq=00001000 R12_fiq=01000000 SP_fiq=00000000 LR_fiq=40000d73 SP_irq=01000000 LR_irq=00000000 SP_svc=00000000 LR_svc=00000000 PSR=N:0 Z:0 C:1 V:0 I:0 F:0 M1:0 M0:0 (USR)
00009c5c e1b070e7 rors r7, r7, #1                    R0=03800000 R1=00000081 R2=02000000 R3=00000000 R4=5a800000 R5=00000000 R6=fffffff8 R7=00400000 R8=0000c300 R9=80000000 R10=ffffffdd R11=0000c104 R12=0000c103 SP=003fafe0 LR=60008c08 PC=00009c64 R8_fiq=00000000 R9_fiq=00000000 R10_fiq=00000000 R11_fiq=00001000 R12_fiq=01000000 SP_fiq=00000000 LR_fiq=40000d73 SP_irq=01000000 LR_irq=00000000 SP_svc=00000000 LR_svc=00000000 PSR=N:0 Z:0 C:1 V:0 I:0 F:0 M1:0 M0:0 (USR)
00009c60 5afffff7 bpl &9c44                          R0=03800000 R1=00000081 R2=02000000 R3=00000000 R4=5a800000 R5=00000000 R6=fffffff8 R7=00200000 R8=0000c300 R9=80000000 R10=ffffffdd R11=0000c104 R12=0000c103 SP=003fafe0 LR=60008c08 PC=00009c68 R8_fiq=00000000 R9_fiq=00000000 R10_fiq=00000000 R11_fiq=00001000 R12_fiq=01000000 SP_fiq=00000000 LR_fiq=40000d73 SP_irq=01000000 LR_irq=00000000 SP_svc=00000000 LR_svc=00000000 PSR=N:0 Z:0 C:0 V:0 I:0 F:0 M1:0 M0:0 (USR)
00009c44 e0244007 eor r4, r4, r7                     R0=03800000 R1=00000081 R2=02000000 R3=00000000 R4=5a800000 R5=00000000 R6=fffffff8 R7=00200000 R8=0000c300 R9=80000000 R10=ffffffdd R11=0000c104 R12=0000c103 SP=003fafe0 LR=60008c08 PC=00009c4c R8_fiq=00000000 R9_fiq=00000000 R10_fiq=00000000 R11_fiq=00001000 R12_fiq=01000000 SP_fiq=00000000 LR_fiq=40000d73 SP_irq=01000000 LR_irq=00000000 SP_svc=00000000 LR_svc=00000000 PSR=N:0 Z:0 C:0 V:0 I:0 F:0 M1:0 M0:0 (USR)
00009c48 e1500004 cmp r0, r4                         R0=03800000 R1=00000081 R2=02000000 R3=00000000 R4=5aa00000 R5=00000000 R6=fffffff8 R7=00200000 R8=0000c300 R9=80000000 R10=ffffffdd R11=0000c104 R12=0000c103 SP=003fafe0 LR=60008c08 PC=00009c50 R8_fiq=00000000 R9_fiq=00000000 R10_fiq=00000000 R11_fiq=00001000 R12_fiq=01000000 SP_fiq=00000000 LR_fiq=40000d73 SP_irq=01000000 LR_irq=00000000 SP_svc=00000000 LR_svc=00000000 PSR=N:0 Z:0 C:0 V:0 I:0 F:0 M1:0 M0:0 (USR)
00009c4c 20400004 subcs r0, r0, r4                   R0=03800000 R1=00000081 R2=02000000 R3=00000000 R4=5aa00000 R5=00000000 R6=fffffff8 R7=00200000 R8=0000c300 R9=80000000 R10=ffffffdd R11=0000c104 R12=0000c103 SP=003fafe0 LR=60008c08 PC=00009c54 R8_fiq=00000000 R9_fiq=00000000 R10_fiq=00000000 R11_fiq=00001000 R12_fiq=01000000 SP_fiq=00000000 LR_fiq=40000d73 SP_irq=01000000 LR_irq=00000000 SP_svc=00000000 LR_svc=00000000 PSR=N:1 Z:0 C:0 V:0 I:0 F:0 M1:0 M0:0 (USR)
00009c50 20244087 eorcs r4, r4, r7, lsl #1           R0=03800000 R1=00000081 R2=02000000 R3=00000000 R4=5aa00000 R5=00000000 R6=fffffff8 R7=00200000 R8=0000c300 R9=80000000 R10=ffffffdd R11=0000c104 R12=0000c103 SP=003fafe0 LR=60008c08 PC=00009c58 R8_fiq=00000000 R9_fiq=00000000 R10_fiq=00000000 R11_fiq=00001000 R12_fiq=01000000 SP_fiq=00000000 LR_fiq=40000d73 SP_irq=01000000 LR_irq=00000000 SP_svc=00000000 LR_svc=00000000 PSR=N:1 Z:0 C:0 V:0 I:0 F:0 M1:0 M0:0 (USR)
00009c54 e0244007 eor r4, r4, r7                     R0=03800000 R1=00000081 R2=02000000 R3=00000000 R4=5aa00000 R5=00000000 R6=fffffff8 R7=00200000 R8=0000c300 R9=80000000 R10=ffffffdd R11=0000c104 R12=0000c103 SP=003fafe0 LR=60008c08 PC=00009c5c R8_fiq=00000000 R9_fiq=00000000 R10_fiq=00000000 R11_fiq=00001000 R12_fiq=01000000 SP_fiq=00000000 LR_fiq=40000d73 SP_irq=01000000 LR_irq=00000000 SP_svc=00000000 LR_svc=00000000 PSR=N:1 Z:0 C:0 V:0 I:0 F:0 M1:0 M0:0 (USR)
00009c58 e0800000 add r0, r0, r0                     R0=03800000 R1=00000081 R2=02000000 R3=00000000 R4=5a800000 R5=00000000 R6=fffffff8 R7=00200000 R8=0000c300 R9=80000000 R10=ffffffdd R11=0000c104 R12=0000c103 SP=003fafe0 LR=60008c08 PC=00009c60 R8_fiq=00000000 R9_fiq=00000000 R10_fiq=00000000 R11_fiq=00001000 R12_fiq=01000000 SP_fiq=00000000 LR_fiq=40000d73 SP_irq=01000000 LR_irq=00000000 SP_svc=00000000 LR_svc=00000000 PSR=N:1 Z:0 C:0 V:0 I:0 F:0 M1:0 M0:0 (USR)
00009c5c e1b070e7 rors r7, r7, #1                    R0=07000000 R1=00000081 R2=02000000 R3=00000000 R4=5a800000 R5=00000000 R6=fffffff8 R7=00200000 R8=0000c300 R9=80000000 R10=ffffffdd R11=0000c104 R12=0000c103 SP=003fafe0 LR=60008c08 PC=00009c64 R8_fiq=00000000 R9_fiq=00000000 R10_fiq=00000000 R11_fiq=00001000 R12_fiq=01000000 SP_fiq=00000000 LR_fiq=40000d73 SP_irq=01000000 LR_irq=00000000 SP_svc=00000000 LR_svc=00000000 PSR=N:1 Z:0 C:0 V:0 I:0 F:0 M1:0 M0:0 (USR)
00009c60 5afffff7 bpl &9c44                          R0=07000000 R1=00000081 R2=02000000 R3=00000000 R4=5a800000 R5=00000000 R6=fffffff8 R7=00100000 R8=0000c300 R9=80000000 R10=ffffffdd R11=0000c104 R12=0000c103 SP=003fafe0 LR=60008c08 PC=00009c68 R8_fiq=00000000 R9_fiq=00000000 R10_fiq=00000000 R11_fiq=00001000 R12_fiq=01000000 SP_fiq=00000000 LR_fiq=40000d73 SP_irq=01000000 LR_irq=00000000 SP_svc=00000000 LR_svc=00000000 PSR=N:0 Z:0 C:0 V:0 I:0 F:0 M1:0 M0:0 (USR)
00009c44 e0244007 eor r4, r4, r7                     R0=07000000 R1=00000081 R2=02000000 R3=00000000 R4=5a800000 R5=00000000 R6=fffffff8 R7=00100000 R8=0000c300 R9=80000000 R10=ffffffdd R11=0000c104 R12=0000c103 SP=003fafe0 LR=60008c08 PC=00009c4c R8_fiq=00000000 R9_fiq=00000000 R10_fiq=00000000 R11_fiq=00001000 R12_fiq=01000000 SP_fiq=00000000 LR_fiq=40000d73 SP_irq=01000000 LR_irq=00000000 SP_svc=00000000 LR_svc=00000000 PSR=N:0 Z:0 C:0 V:0 I:0 F:0 M1:0 M0:0 (USR)
00009c48 e1500004 cmp r0, r4                         R0=07000000 R1=00000081 R2=02000000 R3=00000000 R4=5a900000 R5=00000000 R6=fffffff8 R7=00100000 R8=0000c300 R9=80000000 R10=ffffffdd R11=0000c104 R12=0000c103 SP=003fafe0 LR=60008c08 PC=00009c50 R8_fiq=00000000 R9_fiq=00000000 R10_fiq=00000000 R11_fiq=00001000 R12_fiq=01000000 SP_fiq=00000000 LR_fiq=40000d73 SP_irq=01000000 LR_irq=00000000 SP_svc=00000000 LR_svc=00000000 PSR=N:0 Z:0 C:0 V:0 I:0 F:0 M1:0 M0:0 (USR)
00009c4c 20400004 subcs r0, r0, r4                   R0=07000000 R1=00000081 R2=02000000 R3=00000000 R4=5a900000 R5=00000000 R6=fffffff8 R7=00100000 R8=0000c300 R9=80000000 R10=ffffffdd R11=0000c104 R12=0000c103 SP=003fafe0 LR=60008c08 PC=00009c54 R8_fiq=00000000 R9_fiq=00000000 R10_fiq=00000000 R11_fiq=00001000 R12_fiq=01000000 SP_fiq=00000000 LR_fiq=40000d73 SP_irq=01000000 LR_irq=00000000 SP_svc=00000000 LR_svc=00000000 PSR=N:1 Z:0 C:0 V:0 I:0 F:0 M1:0 M0:0 (USR)
00009c50 20244087 eorcs r4, r4, r7, lsl #1           R0=07000000 R1=00000081 R2=02000000 R3=00000000 R4=5a900000 R5=00000000 R6=fffffff8 R7=00100000 R8=0000c300 R9=80000000 R10=ffffffdd R11=0000c104 R12=0000c103 SP=003fafe0 LR=60008c08 PC=00009c58 R8_fiq=00000000 R9_fiq=00000000 R10_fiq=00000000 R11_fiq=00001000 R12_fiq=01000000 SP_fiq=00000000 LR_fiq=40000d73 SP_irq=01000000 LR_irq=00000000 SP_svc=00000000 LR_svc=00000000 PSR=N:1 Z:0 C:0 V:0 I:0 F:0 M1:0 M0:0 (USR)
00009c54 e0244007 eor r4, r4, r7                     R0=07000000 R1=00000081 R2=02000000 R3=00000000 R4=5a900000 R5=00000000 R6=fffffff8 R7=00100000 R8=0000c300 R9=80000000 R10=ffffffdd R11=0000c104 R12=0000c103 SP=003fafe0 LR=60008c08 PC=00009c5c R8_fiq=00000000 R9_fiq=00000000 R10_fiq=00000000 R11_fiq=00001000 R12_fiq=01000000 SP_fiq=00000000 LR_fiq=40000d73 SP_irq=01000000 LR_irq=00000000 SP_svc=00000000 LR_svc=00000000 PSR=N:1 Z:0 C:0 V:0 I:0 F:0 M1:0 M0:0 (USR)
00009c58 e0800000 add r0, r0, r0                     R0=07000000 R1=00000081 R2=02000000 R3=00000000 R4=5a800000 R5=00000000 R6=fffffff8 R7=00100000 R8=0000c300 R9=80000000 R10=ffffffdd R11=0000c104 R12=0000c103 SP=003fafe0 LR=60008c08 PC=00009c60 R8_fiq=00000000 R9_fiq=00000000 R10_fiq=00000000 R11_fiq=00001000 R12_fiq=01000000 SP_fiq=00000000 LR_fiq=40000d73 SP_irq=01000000 LR_irq=00000000 SP_svc=00000000 LR_svc=00000000 PSR=N:1 Z:0 C:0 V:0 I:0 F:0 M1:0 M0:0 (USR)
00009c5c e1b070e7 rors r7, r7, #1                    R0=0e000000 R1=00000081 R2=02000000 R3=00000000 R4=5a800000 R5=00000000 R6=fffffff8 R7=00100000 R8=0000c300 R9=80000000 R10=ffffffdd R11=0000c104 R12=0000c103 SP=003fafe0 LR=60008c08 PC=00009c64 R8_fiq=00000000 R9_fiq=00000000 R10_fiq=00000000 R11_fiq=00001000 R12_fiq=01000000 SP_fiq=00000000 LR_fiq=40000d73 SP_irq=01000000 LR_irq=00000000 SP_svc=00000000 LR_svc=00000000 PSR=N:1 Z:0 C:0 V:0 I:0 F:0 M1:0 M0:0 (USR)
00009c60 5afffff7 bpl &9c44                          R0=0e000000 R1=00000081 R2=02000000 R3=00000000 R4=5a800000 R5=00000000 R6=fffffff8 R7=00080000 R8=0000c300 R9=80000000 R10=ffffffdd R11=0000c104 R12=0000c103 SP=003fafe0 LR=60008c08 PC=00009c68 R8_fiq=00000000 R9_fiq=00000000 R10_fiq=00000000 R11_fiq=00001000 R12_fiq=01000000 SP_fiq=00000000 LR_fiq=40000d73 SP_irq=01000000 LR_irq=00000000 SP_svc=00000000 LR_svc=00000000 PSR=N:0 Z:0 C:0 V:0 I:0 F:0 M1:0 M0:0 (USR)
00009c44 e0244007 eor r4, r4, r7                     R0=0e000000 R1=00000081 R2=02000000 R3=00000000 R4=5a800000 R5=00000000 R6=fffffff8 R7=00080000 R8=0000c300 R9=80000000 R10=ffffffdd R11=0000c104 R12=0000c103 SP=003fafe0 LR=60008c08 PC=00009c4c R8_fiq=00000000 R9_fiq=00000000 R10_fiq=00000000 R11_fiq=00001000 R12_fiq=01000000 SP_fiq=00000000 LR_fiq=40000d73 SP_irq=01000000 LR_irq=00000000 SP_svc=00000000 LR_svc=00000000 PSR=N:0 Z:0 C:0 V:0 I:0 F:0 M1:0 M0:0 (USR)
00009c48 e1500004 cmp r0, r4                         R0=0e000000 R1=00000081 R2=02000000 R3=00000000 R4=5a880000 R5=00000000 R6=fffffff8 R7=00080000 R8=0000c300 R9=80000000 R10=ffffffdd R11=0000c104 R12=0000c103 SP=003fafe0 LR=60008c08 PC=00009c50 R8_fiq=00000000 R9_fiq=00000000 R10_fiq=00000000 R11_fiq=00001000 R12_fiq=01000000 SP_fiq=00000000 LR_fiq=40000d73 SP_irq=01000000 LR_irq=00000000 SP_svc=00000000 LR_svc=00000000 PSR=N:0 Z:0 C:0 V:0 I:0 F:0 M1:0 M0:0 (USR)
00009c4c 20400004 subcs r0, r0, r4                   R0=0e000000 R1=00000081 R2=02000000 R3=00000000 R4=5a880000 R5=00000000 R6=fffffff8 R7=00080000 R8=0000c300 R9=80000000 R10=ffffffdd R11=0000c104 R12=0000c103 SP=003fafe0 LR=60008c08 PC=00009c54 R8_fiq=00000000 R9_fiq=00000000 R10_fiq=00000000 R11_fiq=00001000 R12_fiq=01000000 SP_fiq=00000000 LR_fiq=40000d73 SP_irq=01000000 LR_irq=00000000 SP_svc=00000000 LR_svc=00000000 PSR=N:1 Z:0 C:0 V:0 I:0 F:0 M1:0 M0:0 (USR)
00009c50 20244087 eorcs r4, r4, r7, lsl #1           R0=0e000000 R1=00000081 R2=02000000 R3=00000000 R4=5a880000 R5=00000000 R6=fffffff8 R7=00080000 R8=0000c300 R9=80000000 R10=ffffffdd R11=0000c104 R12=0000c103 SP=003fafe0 LR=60008c08 PC=00009c58 R8_fiq=00000000 R9_fiq=00000000 R10_fiq=00000000 R11_fiq=00001000 R12_fiq=01000000 SP_fiq=00000000 LR_fiq=40000d73 SP_irq=01000000 LR_irq=00000000 SP_svc=00000000 LR_svc=00000000 PSR=N:1 Z:0 C:0 V:0 I:0 F:0 M1:0 M0:0 (USR)
00009c54 e0244007 eor r4, r4, r7                     R0=0e000000 R1=00000081 R2=02000000 R3=00000000 R4=5a880000 R5=00000000 R6=fffffff8 R7=00080000 R8=0000c300 R9=80000000 R10=ffffffdd R11=0000c104 R12=0000c103 SP=003fafe0 LR=60008c08 PC=00009c5c R8_fiq=00000000 R9_fiq=00000000 R10_fiq=00000000 R11_fiq=00001000 R12_fiq=01000000 SP_fiq=00000000 LR_fiq=40000d73 SP_irq=01000000 LR_irq=00000000 SP_svc=00000000 LR_svc=00000000 PSR=N:1 Z:0 C:0 V:0 I:0 F:0 M1:0 M0:0 (USR)
00009c58 e0800000 add r0, r0, r0                     R0=0e000000 R1=00000081 R2=02000000 R3=00000000 R4=5a800000 R5=00000000 R6=fffffff8 R7=00080000 R8=0000c300 R9=80000000 R10=ffffffdd R11=0000c104 R12=0000c103 SP=003fafe0 LR=60008c08 PC=00009c60 R8_fiq=00000000 R9_fiq=00000000 R10_fiq=00000000 R11_fiq=00001000 R12_fiq=01000000 SP_fiq=00000000 LR_fiq=40000d73 SP_irq=01000000 LR_irq=00000000 SP_svc=00000000 LR_svc=00000000 PSR=N:1 Z:0 C:0 V:0 I:0 F:0 M1:0 M0:0 (USR)
00009c5c e1b070e7 rors r7, r7, #1                    R0=1c000000 R1=00000081 R2=02000000 R3=00000000 R4=5a800000 R5=00000000 R6=fffffff8 R7=00080000 R8=0000c300 R9=80000000 R10=ffffffdd R11=0000c104 R12=0000c103 SP=003fafe0 LR=60008c08 PC=00009c64 R8_fiq=00000000 R9_fiq=00000000 R10_fiq=00000000 R11_fiq=00001000 R12_fiq=01000000 SP_fiq=00000000 LR_fiq=40000d73 SP_irq=01000000 LR_irq=00000000 SP_svc=00000000 LR_svc=00000000 PSR=N:1 Z:0 C:0 V:0 I:0 F:0 M1:0 M0:0 (USR)
00009c60 5afffff7 bpl &9c44                          R0=1c000000 R1=00000081 R2=02000000 R3=00000000 R4=5a800000 R5=00000000 R6=fffffff8 R7=00040000 R8=0000c300 R9=80000000 R10=ffffffdd R11=0000c104 R12=0000c103 SP=003fafe0 LR=60008c08 PC=00009c68 R8_fiq=00000000 R9_fiq=00000000 R10_fiq=00000000 R11_fiq=00001000 R12_fiq=01000000 SP_fiq=00000000 LR_fiq=40000d73 SP_irq=01000000 LR_irq=00000000 SP_svc=00000000 LR_svc=00000000 PSR=N:0 Z:0 C:0 V:0 I:0 F:0 M1:0 M0:0 (USR)
00009c44 e0244007 eor r4, r4, r7                     R0=1c000000 R1=00000081 R2=02000000 R3=00000000 R4=5a800000 R5=00000000 R6=fffffff8 R7=00040000 R8=0000c300 R9=80000000 R10=ffffffdd R11=0000c104 R12=0000c103 SP=003fafe0 LR=60008c08 PC=00009c4c R8_fiq=00000000 R9_fiq=00000000 R10_fiq=00000000 R11_fiq=00001000 R12_fiq=01000000 SP_fiq=00000000 LR_fiq=40000d73 SP_irq=01000000 LR_irq=00000000 SP_svc=00000000 LR_svc=00000000 PSR=N:0 Z:0 C:0 V:0 I:0 F:0 M1:0 M0:0 (USR)
00009c48 e1500004 cmp r0, r4                         R0=1c000000 R1=00000081 R2=02000000 R3=00000000 R4=5a840000 R5=00000000 R6=fffffff8 R7=00040000 R8=0000c300 R9=80000000 R10=ffffffdd R11=0000c104 R12=0000c103 SP=003fafe0 LR=60008c08 PC=00009c50 R8_fiq=00000000 R9_fiq=00000000 R10_fiq=00000000 R11_fiq=00001000 R12_fiq=01000000 SP_fiq=00000000 LR_fiq=40000d73 SP_irq=01000000 LR_irq=00000000 SP_svc=00000000 LR_svc=00000000 PSR=N:0 Z:0 C:0 V:0 I:0 F:0 M1:0 M0:0 (USR)
00009c4c 20400004 subcs r0, r0, r4                   R0=1c000000 R1=00000081 R2=02000000 R3=00000000 R4=5a840000 R5=00000000 R6=fffffff8 R7=00040000 R8=0000c300 R9=80000000 R10=ffffffdd R11=0000c104 R12=0000c103 SP=003fafe0 LR=60008c08 PC=00009c54 R8_fiq=00000000 R9_fiq=00000000 R10_fiq=00000000 R11_fiq=00001000 R12_fiq=01000000 SP_fiq=00000000 LR_fiq=40000d73 SP_irq=01000000 LR_irq=00000000 SP_svc=00000000 LR_svc=00000000 PSR=N:1 Z:0 C:0 V:0 I:0 F:0 M1:0 M0:0 (USR)
00009c50 20244087 eorcs r4, r4, r7, lsl #1           R0=1c000000 R1=00000081 R2=02000000 R3=00000000 R4=5a840000 R5=00000000 R6=fffffff8 R7=00040000 R8=0000c300 R9=80000000 R10=ffffffdd R11=0000c104 R12=0000c103 SP=003fafe0 LR=60008c08 PC=00009c58 R8_fiq=00000000 R9_fiq=00000000 R10_fiq=00000000 R11_fiq=00001000 R12_fiq=01000000 SP_fiq=00000000 LR_fiq=40000d73 SP_irq=01000000 LR_irq=00000000 SP_svc=00000000 LR_svc=00000000 PSR=N:1 Z:0 C:0 V:0 I:0 F:0 M1:0 M0:0 (USR)
00009c54 e0244007 eor r4, r4, r7                     R0=1c000000 R1=00000081 R2=02000000 R3=00000000 R4=5a840000 R5=00000000 R6=fffffff8 R7=00040000 R8=0000c300 R9=80000000 R10=ffffffdd R11=0000c104 R12=0000c103 SP=003fafe0 LR=60008c08 PC=00009c5c R8_fiq=00000000 R9_fiq=00000000 R10_fiq=00000000 R11_fiq=00001000 R12_fiq=01000000 SP_fiq=00000000 LR_fiq=40000d73 SP_irq=01000000 LR_irq=00000000 SP_svc=00000000 LR_svc=00000000 PSR=N:1 Z:0 C:0 V:0 I:0 F:0 M1:0 M0:0 (USR)
00009c58 e0800000 add r0, r0, r0                     R0=1c000000 R1=00000081 R2=02000000 R3=00000000 R4=5a800000 R5=00000000 R6=fffffff8 R7=00040000 R8=0000c300 R9=80000000 R10=ffffffdd R11=0000c104 R12=0000c103 SP=003fafe0 LR=60008c08 PC=00009c60 R8_fiq=00000000 R9_fiq=00000000 R10_fiq=00000000 R11_fiq=00001000 R12_fiq=01000000 SP_fiq=00000000 LR_fiq=40000d73 SP_irq=01000000 LR_irq=00000000 SP_svc=00000000 LR_svc=00000000 PSR=N:1 Z:0 C:0 V:0 I:0 F:0 M1:0 M0:0 (USR)
00009c5c e1b070e7 rors r7, r7, #1                    R0=38000000 R1=00000081 R2=02000000 R3=00000000 R4=5a800000 R5=00000000 R6=fffffff8 R7=00040000 R8=0000c300 R9=80000000 R10=ffffffdd R11=0000c104 R12=0000c103 SP=003fafe0 LR=60008c08 PC=00009c64 R8_fiq=00000000 R9_fiq=00000000 R10_fiq=00000000 R11_fiq=00001000 R12_fiq=01000000 SP_fiq=00000000 LR_fiq=40000d73 SP_irq=01000000 LR_irq=00000000 SP_svc=00000000 LR_svc=00000000 PSR=N:1 Z:0 C:0 V:0 I:0 F:0 M1:0 M0:0 (USR)
00009c60 5afffff7 bpl &9c44                          R0=38000000 R1=00000081 R2=02000000 R3=00000000 R4=5a800000 R5=00000000 R6=fffffff8 R7=00020000 R8=0000c300 R9=80000000 R10=ffffffdd R11=0000c104 R12=0000c103 SP=003fafe0 LR=60008c08 PC=00009c68 R8_fiq=00000000 R9_fiq=00000000 R10_fiq=00000000 R11_fiq=00001000 R12_fiq=01000000 SP_fiq=00000000 LR_fiq=40000d73 SP_irq=01000000 LR_irq=00000000 SP_svc=00000000 LR_svc=00000000 PSR=N:0 Z:0 C:0 V:0 I:0 F:0 M1:0 M0:0 (USR)
00009c44 e0244007 eor r4, r4, r7                     R0=38000000 R1=00000081 R2=02000000 R3=00000000 R4=5a800000 R5=00000000 R6=fffffff8 R7=00020000 R8=0000c300 R9=80000000 R10=ffffffdd R11=0000c104 R12=0000c103 SP=003fafe0 LR=60008c08 PC=00009c4c R8_fiq=00000000 R9_fiq=00000000 R10_fiq=00000000 R11_fiq=00001000 R12_fiq=01000000 SP_fiq=00000000 LR_fiq=40000d73 SP_irq=01000000 LR_irq=00000000 SP_svc=00000000 LR_svc=00000000 PSR=N:0 Z:0 C:0 V:0 I:0 F:0 M1:0 M0:0 (USR)
00009c48 e1500004 cmp r0, r4                         R0=38000000 R1=00000081 R2=02000000 R3=00000000 R4=5a820000 R5=00000000 R6=fffffff8 R7=00020000 R8=0000c300 R9=80000000 R10=ffffffdd R11=0000c104 R12=0000c103 SP=003fafe0 LR=60008c08 PC=00009c50 R8_fiq=00000000 R9_fiq=00000000 R10_fiq=00000000 R11_fiq=00001000 R12_fiq=01000000 SP_fiq=00000000 LR_fiq=40000d73 SP_irq=01000000 LR_irq=00000000 SP_svc=00000000 LR_svc=00000000 PSR=N:0 Z:0 C:0 V:0 I:0 F:0 M1:0 M0:0 (USR)
00009c4c 20400004 subcs r0, r0, r4                   R0=38000000 R1=00000081 R2=02000000 R3=00000000 R4=5a820000 R5=00000000 R6=fffffff8 R7=00020000 R8=0000c300 R9=80000000 R10=ffffffdd R11=0000c104 R12=0000c103 SP=003fafe0 LR=60008c08 PC=00009c54 R8_fiq=00000000 R9_fiq=00000000 R10_fiq=00000000 R11_fiq=00001000 R12_fiq=01000000 SP_fiq=00000000 LR_fiq=40000d73 SP_irq=01000000 LR_irq=00000000 SP_svc=00000000 LR_svc=00000000 PSR=N:1 Z:0 C:0 V:0 I:0 F:0 M1:0 M0:0 (USR)
00009c50 20244087 eorcs r4, r4, r7, lsl #1           R0=38000000 R1=00000081 R2=02000000 R3=00000000 R4=5a820000 R5=00000000 R6=fffffff8 R7=00020000 R8=0000c300 R9=80000000 R10=ffffffdd R11=0000c104 R12=0000c103 SP=003fafe0 LR=60008c08 PC=00009c58 R8_fiq=00000000 R9_fiq=00000000 R10_fiq=00000000 R11_fiq=00001000 R12_fiq=01000000 SP_fiq=00000000 LR_fiq=40000d73 SP_irq=01000000 LR_irq=00000000 SP_svc=00000000 LR_svc=00000000 PSR=N:1 Z:0 C:0 V:0 I:0 F:0 M1:0 M0:0 (USR)
00009c54 e0244007 eor r4, r4, r7                     R0=38000000 R1=00000081 R2=02000000 R3=00000000 R4=5a820000 R5=00000000 R6=fffffff8 R7=00020000 R8=0000c300 R9=80000000 R10=ffffffdd R11=0000c104 R12=0000c103 SP=003fafe0 LR=60008c08 PC=00009c5c R8_fiq=00000000 R9_fiq=00000000 R10_fiq=00000000 R11_fiq=00001000 R12_fiq=01000000 SP_fiq=00000000 LR_fiq=40000d73 SP_irq=01000000 LR_irq=00000000 SP_svc=00000000 LR_svc=00000000 PSR=N:1 Z:0 C:0 V:0 I:0 F:0 M1:0 M0:0 (USR)
00009c58 e0800000 add r0, r0, r0                     R0=38000000 R1=00000081 R2=02000000 R3=00000000 R4=5a800000 R5=00000000 R6=fffffff8 R7=00020000 R8=0000c300 R9=80000000 R10=ffffffdd R11=0000c104 R12=0000c103 SP=003fafe0 LR=60008c08 PC=00009c60 R8_fiq=00000000 R9_fiq=00000000 R10_fiq=00000000 R11_fiq=00001000 R12_fiq=01000000 SP_fiq=00000000 LR_fiq=40000d73 SP_irq=01000000 LR_irq=00000000 SP_svc=00000000 LR_svc=00000000 PSR=N:1 Z:0 C:0 V:0 I:0 F:0 M1:0 M0:0 (USR)
00009c5c e1b070e7 rors r7, r7, #1                    R0=70000000 R1=00000081 R2=02000000 R3=00000000 R4=5a800000 R5=00000000 R6=fffffff8 R7=00020000 R8=0000c300 R9=80000000 R10=ffffffdd R11=0000c104 R12=0000c103 SP=003fafe0 LR=60008c08 PC=00009c64 R8_fiq=00000000 R9_fiq=00000000 R10_fiq=00000000 R11_fiq=00001000 R12_fiq=01000000 SP_fiq=00000000 LR_fiq=40000d73 SP_irq=01000000 LR_irq=00000000 SP_svc=00000000 LR_svc=00000000 PSR=N:1 Z:0 C:0 V:0 I:0 F:0 M1:0 M0:0 (USR)
00009c60 5afffff7 bpl &9c44                          R0=70000000 R1=00000081 R2=02000000 R3=00000000 R4=5a800000 R5=00000000 R6=fffffff8 R7=00010000 R8=0000c300 R9=80000000 R10=ffffffdd R11=0000c104 R12=0000c103 SP=003fafe0 LR=60008c08 PC=00009c68 R8_fiq=00000000 R9_fiq=00000000 R10_fiq=00000000 R11_fiq=00001000 R12_fiq=01000000 SP_fiq=00000000 LR_fiq=40000d73 SP_irq=01000000 LR_irq=00000000 SP_svc=00000000 LR_svc=00000000 PSR=N:0 Z:0 C:0 V:0 I:0 F:0 M1:0 M0:0 (USR)
00009c44 e0244007 eor r4, r4, r7                     R0=70000000 R1=00000081 R2=02000000 R3=00000000 R4=5a800000 R5=00000000 R6=fffffff8 R7=00010000 R8=0000c300 R9=80000000 R10=ffffffdd R11=0000c104 R12=0000c103 SP=003fafe0 LR=60008c08 PC=00009c4c R8_fiq=00000000 R9_fiq=00000000 R10_fiq=00000000 R11_fiq=00001000 R12_fiq=01000000 SP_fiq=00000000 LR_fiq=40000d73 SP_irq=01000000 LR_irq=00000000 SP_svc=00000000 LR_svc=00000000 PSR=N:0 Z:0 C:0 V:0 I:0 F:0 M1:0 M0:0 (USR)
00009c48 e1500004 cmp r0, r4                         R0=70000000 R1=00000081 R2=02000000 R3=00000000 R4=5a810000 R5=00000000 R6=fffffff8 R7=00010000 R8=0000c300 R9=80000000 R10=ffffffdd R11=0000c104 R12=0000c103 SP=003fafe0 LR=60008c08 PC=00009c50 R8_fiq=00000000 R9_fiq=00000000 R10_fiq=00000000 R11_fiq=00001000 R12_fiq=01000000 SP_fiq=00000000 LR_fiq=40000d73 SP_irq=01000000 LR_irq=00000000 SP_svc=00000000 LR_svc=00000000 PSR=N:0 Z:0 C:0 V:0 I:0 F:0 M1:0 M0:0 (USR)
00009c4c 20400004 subcs r0, r0, r4                   R0=70000000 R1=00000081 R2=02000000 R3=00000000 R4=5a810000 R5=00000000 R6=fffffff8 R7=00010000 R8=0000c300 R9=80000000 R10=ffffffdd R11=0000c104 R12=0000c103 SP=003fafe0 LR=60008c08 PC=00009c54 R8_fiq=00000000 R9_fiq=00000000 R10_fiq=00000000 R11_fiq=00001000 R12_fiq=01000000 SP_fiq=00000000 LR_fiq=40000d73 SP_irq=01000000 LR_irq=00000000 SP_svc=00000000 LR_svc=00000000 PSR=N:0 Z:0 C:1 V:0 I:0 F:0 M1:0 M0:0 (USR)
00009c50 20244087 eorcs r4, r4, r7, lsl #1           R0=157f0000 R1=00000081 R2=02000000 R3=00000000 R4=5a810000 R5=00000000 R6=fffffff8 R7=00010000 R8=0000c300 R9=80000000 R10=ffffffdd R11=0000c104 R12=0000c103 SP=003fafe0 LR=60008c08 PC=00009c58 R8_fiq=00000000 R9_fiq=00000000 R10_fiq=00000000 R11_fiq=00001000 R12_fiq=01000000 SP_fiq=00000000 LR_fiq=40000d73 SP_irq=01000000 LR_irq=00000000 SP_svc=00000000 LR_svc=00000000 PSR=N:0 Z:0 C:1 V:0 I:0 F:0 M1:0 M0:0 (USR)
00009c54 e0244007 eor r4, r4, r7                     R0=157f0000 R1=00000081 R2=02000000 R3=00000000 R4=5a830000 R5=00000000 R6=fffffff8 R7=00010000 R8=0000c300 R9=80000000 R10=ffffffdd R11=0000c104 R12=0000c103 SP=003fafe0 LR=60008c08 PC=00009c5c R8_fiq=00000000 R9_fiq=00000000 R10_fiq=00000000 R11_fiq=00001000 R12_fiq=01000000 SP_fiq=00000000 LR_fiq=40000d73 SP_irq=01000000 LR_irq=00000000 SP_svc=00000000 LR_svc=00000000 PSR=N:0 Z:0 C:1 V:0 I:0 F:0 M1:0 M0:0 (USR)
00009c58 e0800000 add r0, r0, r0                     R0=157f0000 R1=00000081 R2=02000000 R3=00000000 R4=5a820000 R5=00000000 R6=fffffff8 R7=00010000 R8=0000c300 R9=80000000 R10=ffffffdd R11=0000c104 R12=0000c103 SP=003fafe0 LR=60008c08 PC=00009c60 R8_fiq=00000000 R9_fiq=00000000 R10_fiq=00000000 R11_fiq=00001000 R12_fiq=01000000 SP_fiq=00000000 LR_fiq=40000d73 SP_irq=01000000 LR_irq=00000000 SP_svc=00000000 LR_svc=00000000 PSR=N:0 Z:0 C:1 V:0 I:0 F:0 M1:0 M0:0 (USR)
00009c5c e1b070e7 rors r7, r7, #1                    R0=2afe0000 R1=00000081 R2=02000000 R3=00000000 R4=5a820000 R5=00000000 R6=fffffff8 R7=00010000 R8=0000c300 R9=80000000 R10=ffffffdd R11=0000c104 R12=0000c103 SP=003fafe0 LR=60008c08 PC=00009c64 R8_fiq=00000000 R9_fiq=00000000 R10_fiq=00000000 R11_fiq=00001000 R12_fiq=01000000 SP_fiq=00000000 LR_fiq=40000d73 SP_irq=01000000 LR_irq=00000000 SP_svc=00000000 LR_svc=00000000 PSR=N:0 Z:0 C:1 V:0 I:0 F:0 M1:0 M0:0 (USR)
00009c60 5afffff7 bpl &9c44                          R0=2afe0000 R1=00000081 R2=02000000 R3=00000000 R4=5a820000 R5=00000000 R6=fffffff8 R7=00008000 R8=0000c300 R9=80000000 R10=ffffffdd R11=0000c104 R12=0000c103 SP=003fafe0 LR=60008c08 PC=00009c68 R8_fiq=00000000 R9_fiq=00000000 R10_fiq=00000000 R11_fiq=00001000 R12_fiq=01000000 SP_fiq=00000000 LR_fiq=40000d73 SP_irq=01000000 LR_irq=00000000 SP_svc=00000000 LR_svc=00000000 PSR=N:0 Z:0 C:0 V:0 I:0 F:0 M1:0 M0:0 (USR)
00009c44 e0244007 eor r4, r4, r7                     R0=2afe0000 R1=00000081 R2=02000000 R3=00000000 R4=5a820000 R5=00000000 R6=fffffff8 R7=00008000 R8=0000c300 R9=80000000 R10=ffffffdd R11=0000c104 R12=0000c103 SP=003fafe0 LR=60008c08 PC=00009c4c R8_fiq=00000000 R9_fiq=00000000 R10_fiq=00000000 R11_fiq=00001000 R12_fiq=01000000 SP_fiq=00000000 LR_fiq=40000d73 SP_irq=01000000 LR_irq=00000000 SP_svc=00000000 LR_svc=00000000 PSR=N:0 Z:0 C:0 V:0 I:0 F:0 M1:0 M0:0 (USR)
00009c48 e1500004 cmp r0, r4                         R0=2afe0000 R1=00000081 R2=02000000 R3=00000000 R4=5a828000 R5=00000000 R6=fffffff8 R7=00008000 R8=0000c300 R9=80000000 R10=ffffffdd R11=0000c104 R12=0000c103 SP=003fafe0 LR=60008c08 PC=00009c50 R8_fiq=00000000 R9_fiq=00000000 R10_fiq=00000000 R11_fiq=00001000 R12_fiq=01000000 SP_fiq=00000000 LR_fiq=40000d73 SP_irq=01000000 LR_irq=00000000 SP_svc=00000000 LR_svc=00000000 PSR=N:0 Z:0 C:0 V:0 I:0 F:0 M1:0 M0:0 (USR)
00009c4c 20400004 subcs r0, r0, r4                   R0=2afe0000 R1=00000081 R2=02000000 R3=00000000 R4=5a828000 R5=00000000 R6=fffffff8 R7=00008000 R8=0000c300 R9=80000000 R10=ffffffdd R11=0000c104 R12=0000c103 SP=003fafe0 LR=60008c08 PC=00009c54 R8_fiq=00000000 R9_fiq=00000000 R10_fiq=00000000 R11_fiq=00001000 R12_fiq=01000000 SP_fiq=00000000 LR_fiq=40000d73 SP_irq=01000000 LR_irq=00000000 SP_svc=00000000 LR_svc=00000000 PSR=N:1 Z:0 C:0 V:0 I:0 F:0 M1:0 M0:0 (USR)
00009c50 20244087 eorcs r4, r4, r7, lsl #1           R0=2afe0000 R1=00000081 R2=02000000 R3=00000000 R4=5a828000 R5=00000000 R6=fffffff8 R7=00008000 R8=0000c300 R9=80000000 R10=ffffffdd R11=0000c104 R12=0000c103 SP=003fafe0 LR=60008c08 PC=00009c58 R8_fiq=00000000 R9_fiq=00000000 R10_fiq=00000000 R11_fiq=00001000 R12_fiq=01000000 SP_fiq=00000000 LR_fiq=40000d73 SP_irq=01000000 LR_irq=00000000 SP_svc=00000000 LR_svc=00000000 PSR=N:1 Z:0 C:0 V:0 I:0 F:0 M1:0 M0:0 (USR)
00009c54 e0244007 eor r4, r4, r7                     R0=2afe0000 R1=00000081 R2=02000000 R3=00000000 R4=5a828000 R5=00000000 R6=fffffff8 R7=00008000 R8=0000c300 R9=80000000 R10=ffffffdd R11=0000c104 R12=0000c103 SP=003fafe0 LR=60008c08 PC=00009c5c R8_fiq=00000000 R9_fiq=00000000 R10_fiq=00000000 R11_fiq=00001000 R12_fiq=01000000 SP_fiq=00000000 LR_fiq=40000d73 SP_irq=01000000 LR_irq=00000000 SP_svc=00000000 LR_svc=00000000 PSR=N:1 Z:0 C:0 V:0 I:0 F:0 M1:0 M0:0 (USR)
00009c58 e0800000 add r0, r0, r0                     R0=2afe0000 R1=00000081 R2=02000000 R3=00000000 R4=5a820000 R5=00000000 R6=fffffff8 R7=00008000 R8=0000c300 R9=80000000 R10=ffffffdd R11=0000c104 R12=0000c103 SP=003fafe0 LR=60008c08 PC=00009c60 R8_fiq=00000000 R9_fiq=00000000 R10_fiq=00000000 R11_fiq=00001000 R12_fiq=01000000 SP_fiq=00000000 LR_fiq=40000d73 SP_irq=01000000 LR_irq=00000000 SP_svc=00000000 LR_svc=00000000 PSR=N:1 Z:0 C:0 V:0 I:0 F:0 M1:0 M0:0 (USR)
00009c5c e1b070e7 rors r7, r7, #1                    R0=55fc0000 R1=00000081 R2=02000000 R3=00000000 R4=5a820000 R5=00000000 R6=fffffff8 R7=00008000 R8=0000c300 R9=80000000 R10=ffffffdd R11=0000c104 R12=0000c103 SP=003fafe0 LR=60008c08 PC=00009c64 R8_fiq=00000000 R9_fiq=00000000 R10_fiq=00000000 R11_fiq=00001000 R12_fiq=01000000 SP_fiq=00000000 LR_fiq=40000d73 SP_irq=01000000 LR_irq=00000000 SP_svc=00000000 LR_svc=00000000 PSR=N:1 Z:0 C:0 V:0 I:0 F:0 M1:0 M0:0 (USR)
00009c60 5afffff7 bpl &9c44                          R0=55fc0000 R1=00000081 R2=02000000 R3=00000000 R4=5a820000 R5=00000000 R6=fffffff8 R7=00004000 R8=0000c300 R9=80000000 R10=ffffffdd R11=0000c104 R12=0000c103 SP=003fafe0 LR=60008c08 PC=00009c68 R8_fiq=00000000 R9_fiq=00000000 R10_fiq=00000000 R11_fiq=00001000 R12_fiq=01000000 SP_fiq=00000000 LR_fiq=40000d73 SP_irq=01000000 LR_irq=00000000 SP_svc=00000000 LR_svc=00000000 PSR=N:0 Z:0 C:0 V:0 I:0 F:0 M1:0 M0:0 (USR)
00009c44 e0244007 eor r4, r4, r7                     R0=55fc0000 R1=00000081 R2=02000000 R3=00000000 R4=5a820000 R5=00000000 R6=fffffff8 R7=00004000 R8=0000c300 R9=80000000 R10=ffffffdd R11=0000c104 R12=0000c103 SP=003fafe0 LR=60008c08 PC=00009c4c R8_fiq=00000000 R9_fiq=00000000 R10_fiq=00000000 R11_fiq=00001000 R12_fiq=01000000 SP_fiq=00000000 LR_fiq=40000d73 SP_irq=01000000 LR_irq=00000000 SP_svc=00000000 LR_svc=00000000 PSR=N:0 Z:0 C:0 V:0 I:0 F:0 M1:0 M0:0 (USR)
00009c48 e1500004 cmp r0, r4                         R0=55fc0000 R1=00000081 R2=02000000 R3=00000000 R4=5a824000 R5=00000000 R6=fffffff8 R7=00004000 R8=0000c300 R9=80000000 R10=ffffffdd R11=0000c104 R12=0000c103 SP=003fafe0 LR=60008c08 PC=00009c50 R8_fiq=00000000 R9_fiq=00000000 R10_fiq=00000000 R11_fiq=00001000 R12_fiq=01000000 SP_fiq=00000000 LR_fiq=40000d73 SP_irq=01000000 LR_irq=00000000 SP_svc=00000000 LR_svc=00000000 PSR=N:0 Z:0 C:0 V:0 I:0 F:0 M1:0 M0:0 (USR)
00009c4c 20400004 subcs r0, r0, r4                   R0=55fc0000 R1=00000081 R2=02000000 R3=00000000 R4=5a824000 R5=00000000 R6=fffffff8 R7=00004000 R8=0000c300 R9=80000000 R10=ffffffdd R11=0000c104 R12=0000c103 SP=003fafe0 LR=60008c08 PC=00009c54 R8_fiq=00000000 R9_fiq=00000000 R10_fiq=00000000 R11_fiq=00001000 R12_fiq=01000000 SP_fiq=00000000 LR_fiq=40000d73 SP_irq=01000000 LR_irq=00000000 SP_svc=00000000 LR_svc=00000000 PSR=N:1 Z:0 C:0 V:0 I:0 F:0 M1:0 M0:0 (USR)
00009c50 20244087 eorcs r4, r4, r7, lsl #1           R0=55fc0000 R1=00000081 R2=02000000 R3=00000000 R4=5a824000 R5=00000000 R6=fffffff8 R7=00004000 R8=0000c300 R9=80000000 R10=ffffffdd R11=0000c104 R12=0000c103 SP=003fafe0 LR=60008c08 PC=00009c58 R8_fiq=00000000 R9_fiq=00000000 R10_fiq=00000000 R11_fiq=00001000 R12_fiq=01000000 SP_fiq=00000000 LR_fiq=40000d73 SP_irq=01000000 LR_irq=00000000 SP_svc=00000000 LR_svc=00000000 PSR=N:1 Z:0 C:0 V:0 I:0 F:0 M1:0 M0:0 (USR)
00009c54 e0244007 eor r4, r4, r7                     R0=55fc0000 R1=00000081 R2=02000000 R3=00000000 R4=5a824000 R5=00000000 R6=fffffff8 R7=00004000 R8=0000c300 R9=80000000 R10=ffffffdd R11=0000c104 R12=0000c103 SP=003fafe0 LR=60008c08 PC=00009c5c R8_fiq=00000000 R9_fiq=00000000 R10_fiq=00000000 R11_fiq=00001000 R12_fiq=01000000 SP_fiq=00000000 LR_fiq=40000d73 SP_irq=01000000 LR_irq=00000000 SP_svc=00000000 LR_svc=00000000 PSR=N:1 Z:0 C:0 V:0 I:0 F:0 M1:0 M0:0 (USR)
00009c58 e0800000 add r0, r0, r0                     R0=55fc0000 R1=00000081 R2=02000000 R3=00000000 R4=5a820000 R5=00000000 R6=fffffff8 R7=00004000 R8=0000c300 R9=80000000 R10=ffffffdd R11=0000c104 R12=0000c103 SP=003fafe0 LR=60008c08 PC=00009c60 R8_fiq=00000000 R9_fiq=00000000 R10_fiq=00000000 R11_fiq=00001000 R12_fiq=01000000 SP_fiq=00000000 LR_fiq=40000d73 SP_irq=01000000 LR_irq=00000000 SP_svc=00000000 LR_svc=00000000 PSR=N:1 Z:0 C:0 V:0 I:0 F:0 M1:0 M0:0 (USR)
00009c5c e1b070e7 rors r7, r7, #1                    R0=abf80000 R1=00000081 R2=02000000 R3=00000000 R4=5a820000 R5=00000000 R6=fffffff8 R7=00004000 R8=0000c300 R9=80000000 R10=ffffffdd R11=0000c104 R12=0000c103 SP=003fafe0 LR=60008c08 PC=00009c64 R8_fiq=00000000 R9_fiq=00000000 R10_fiq=00000000 R11_fiq=00001000 R12_fiq=01000000 SP_fiq=00000000 LR_fiq=40000d73 SP_irq=01000000 LR_irq=00000000 SP_svc=00000000 LR_svc=00000000 PSR=N:1 Z:0 C:0 V:0 I:0 F:0 M1:0 M0:0 (USR)
00009c60 5afffff7 bpl &9c44                          R0=abf80000 R1=00000081 R2=02000000 R3=00000000 R4=5a820000 R5=00000000 R6=fffffff8 R7=00002000 R8=0000c300 R9=80000000 R10=ffffffdd R11=0000c104 R12=0000c103 SP=003fafe0 LR=60008c08 PC=00009c68 R8_fiq=00000000 R9_fiq=00000000 R10_fiq=00000000 R11_fiq=00001000 R12_fiq=01000000 SP_fiq=00000000 LR_fiq=40000d73 SP_irq=01000000 LR_irq=00000000 SP_svc=00000000 LR_svc=00000000 PSR=N:0 Z:0 C:0 V:0 I:0 F:0 M1:0 M0:0 (USR)
00009c44 e0244007 eor r4, r4, r7                     R0=abf80000 R1=00000081 R2=02000000 R3=00000000 R4=5a820000 R5=00000000 R6=fffffff8 R7=00002000 R8=0000c300 R9=80000000 R10=ffffffdd R11=0000c104 R12=0000c103 SP=003fafe0 LR=60008c08 PC=00009c4c R8_fiq=00000000 R9_fiq=00000000 R10_fiq=00000000 R11_fiq=00001000 R12_fiq=01000000 SP_fiq=00000000 LR_fiq=40000d73 SP_irq=01000000 LR_irq=00000000 SP_svc=00000000 LR_svc=00000000 PSR=N:0 Z:0 C:0 V:0 I:0 F:0 M1:0 M0:0 (USR)
00009c48 e1500004 cmp r0, r4                         R0=abf80000 R1=00000081 R2=02000000 R3=00000000 R4=5a822000 R5=00000000 R6=fffffff8 R7=00002000 R8=0000c300 R9=80000000 R10=ffffffdd R11=0000c104 R12=0000c103 SP=003fafe0 LR=60008c08 PC=00009c50 R8_fiq=00000000 R9_fiq=00000000 R10_fiq=00000000 R11_fiq=00001000 R12_fiq=01000000 SP_fiq=00000000 LR_fiq=40000d73 SP_irq=01000000 LR_irq=00000000 SP_svc=00000000 LR_svc=00000000 PSR=N:0 Z:0 C:0 V:0 I:0 F:0 M1:0 M0:0 (USR)
00009c4c 20400004 subcs r0, r0, r4                   R0=abf80000 R1=00000081 R2=02000000 R3=00000000 R4=5a822000 R5=00000000 R6=fffffff8 R7=00002000 R8=0000c300 R9=80000000 R10=ffffffdd R11=0000c104 R12=0000c103 SP=003fafe0 LR=60008c08 PC=00009c54 R8_fiq=00000000 R9_fiq=00000000 R10_fiq=00000000 R11_fiq=00001000 R12_fiq=01000000 SP_fiq=00000000 LR_fiq=40000d73 SP_irq=01000000 LR_irq=00000000 SP_svc=00000000 LR_svc=00000000 PSR=N:0 Z:0 C:1 V:1 I:0 F:0 M1:0 M0:0 (USR)
00009c50 20244087 eorcs r4, r4, r7, lsl #1           R0=5175e000 R1=00000081 R2=02000000 R3=00000000 R4=5a822000 R5=00000000 R6=fffffff8 R7=00002000 R8=0000c300 R9=80000000 R10=ffffffdd R11=0000c104 R12=0000c103 SP=003fafe0 LR=60008c08 PC=00009c58 R8_fiq=00000000 R9_fiq=00000000 R10_fiq=00000000 R11_fiq=00001000 R12_fiq=01000000 SP_fiq=00000000 LR_fiq=40000d73 SP_irq=01000000 LR_irq=00000000 SP_svc=00000000 LR_svc=00000000 PSR=N:0 Z:0 C:1 V:1 I:0 F:0 M1:0 M0:0 (USR)
00009c54 e0244007 eor r4, r4, r7                     R0=5175e000 R1=00000081 R2=02000000 R3=00000000 R4=5a826000 R5=00000000 R6=fffffff8 R7=00002000 R8=0000c300 R9=80000000 R10=ffffffdd R11=0000c104 R12=0000c103 SP=003fafe0 LR=60008c08 PC=00009c5c R8_fiq=00000000 R9_fiq=00000000 R10_fiq=00000000 R11_fiq=00001000 R12_fiq=01000000 SP_fiq=00000000 LR_fiq=40000d73 SP_irq=01000000 LR_irq=00000000 SP_svc=00000000 LR_svc=00000000 PSR=N:0 Z:0 C:1 V:1 I:0 F:0 M1:0 M0:0 (USR)
00009c58 e0800000 add r0, r0, r0                     R0=5175e000 R1=00000081 R2=02000000 R3=00000000 R4=5a824000 R5=00000000 R6=fffffff8 R7=00002000 R8=0000c300 R9=80000000 R10=ffffffdd R11=0000c104 R12=0000c103 SP=003fafe0 LR=60008c08 PC=00009c60 R8_fiq=00000000 R9_fiq=00000000 R10_fiq=00000000 R11_fiq=00001000 R12_fiq=01000000 SP_fiq=00000000 LR_fiq=40000d73 SP_irq=01000000 LR_irq=00000000 SP_svc=00000000 LR_svc=00000000 PSR=N:0 Z:0 C:1 V:1 I:0 F:0 M1:0 M0:0 (USR)
00009c5c e1b070e7 rors r7, r7, #1                    R0=a2ebc000 R1=00000081 R2=02000000 R3=00000000 R4=5a824000 R5=00000000 R6=fffffff8 R7=00002000 R8=0000c300 R9=80000000 R10=ffffffdd R11=0000c104 R12=0000c103 SP=003fafe0 LR=60008c08 PC=00009c64 R8_fiq=00000000 R9_fiq=00000000 R10_fiq=00000000 R11_fiq=00001000 R12_fiq=01000000 SP_fiq=00000000 LR_fiq=40000d73 SP_irq=01000000 LR_irq=00000000 SP_svc=00000000 LR_svc=00000000 PSR=N:0 Z:0 C:1 V:1 I:0 F:0 M1:0 M0:0 (USR)
00009c60 5afffff7 bpl &9c44                          R0=a2ebc000 R1=00000081 R2=02000000 R3=00000000 R4=5a824000 R5=00000000 R6=fffffff8 R7=00001000 R8=0000c300 R9=80000000 R10=ffffffdd R11=0000c104 R12=0000c103 SP=003fafe0 LR=60008c08 PC=00009c68 R8_fiq=00000000 R9_fiq=00000000 R10_fiq=00000000 R11_fiq=00001000 R12_fiq=01000000 SP_fiq=00000000 LR_fiq=40000d73 SP_irq=01000000 LR_irq=00000000 SP_svc=00000000 LR_svc=00000000 PSR=N:0 Z:0 C:0 V:1 I:0 F:0 M1:0 M0:0 (USR)
00009c44 e0244007 eor r4, r4, r7                     R0=a2ebc000 R1=00000081 R2=02000000 R3=00000000 R4=5a824000 R5=00000000 R6=fffffff8 R7=00001000 R8=0000c300 R9=80000000 R10=ffffffdd R11=0000c104 R12=0000c103 SP=003fafe0 LR=60008c08 PC=00009c4c R8_fiq=00000000 R9_fiq=00000000 R10_fiq=00000000 R11_fiq=00001000 R12_fiq=01000000 SP_fiq=00000000 LR_fiq=40000d73 SP_irq=01000000 LR_irq=00000000 SP_svc=00000000 LR_svc=00000000 PSR=N:0 Z:0 C:0 V:1 I:0 F:0 M1:0 M0:0 (USR)
00009c48 e1500004 cmp r0, r4                         R0=a2ebc000 R1=00000081 R2=02000000 R3=00000000 R4=5a825000 R5=00000000 R6=fffffff8 R7=00001000 R8=0000c300 R9=80000000 R10=ffffffdd R11=0000c104 R12=0000c103 SP=003fafe0 LR=60008c08 PC=00009c50 R8_fiq=00000000 R9_fiq=00000000 R10_fiq=00000000 R11_fiq=00001000 R12_fiq=01000000 SP_fiq=00000000 LR_fiq=40000d73 SP_irq=01000000 LR_irq=00000000 SP_svc=00000000 LR_svc=00000000 PSR=N:0 Z:0 C:0 V:1 I:0 F:0 M1:0 M0:0 (USR)
00009c4c 20400004 subcs r0, r0, r4                   R0=a2ebc000 R1=00000081 R2=02000000 R3=00000000 R4=5a825000 R5=00000000 R6=fffffff8 R7=00001000 R8=0000c300 R9=80000000 R10=ffffffdd R11=0000c104 R12=0000c103 SP=003fafe0 LR=60008c08 PC=00009c54 R8_fiq=00000000 R9_fiq=00000000 R10_fiq=00000000 R11_fiq=00001000 R12_fiq=01000000 SP_fiq=00000000 LR_fiq=40000d73 SP_irq=01000000 LR_irq=00000000 SP_svc=00000000 LR_svc=00000000 PSR=N:0 Z:0 C:1 V:1 I:0 F:0 M1:0 M0:0 (USR)
00009c50 20244087 eorcs r4, r4, r7, lsl #1           R0=48697000 R1=00000081 R2=02000000 R3=00000000 R4=5a825000 R5=00000000 R6=fffffff8 R7=00001000 R8=0000c300 R9=80000000 R10=ffffffdd R11=0000c104 R12=0000c103 SP=003fafe0 LR=60008c08 PC=00009c58 R8_fiq=00000000 R9_fiq=00000000 R10_fiq=00000000 R11_fiq=00001000 R12_fiq=01000000 SP_fiq=00000000 LR_fiq=40000d73 SP_irq=01000000 LR_irq=00000000 SP_svc=00000000 LR_svc=00000000 PSR=N:0 Z:0 C:1 V:1 I:0 F:0 M1:0 M0:0 (USR)
00009c54 e0244007 eor r4, r4, r7                     R0=48697000 R1=00000081 R2=02000000 R3=00000000 R4=5a827000 R5=00000000 R6=fffffff8 R7=00001000 R8=0000c300 R9=80000000 R10=ffffffdd R11=0000c104 R12=0000c103 SP=003fafe0 LR=60008c08 PC=00009c5c R8_fiq=00000000 R9_fiq=00000000 R10_fiq=00000000 R11_fiq=00001000 R12_fiq=01000000 SP_fiq=00000000 LR_fiq=40000d73 SP_irq=01000000 LR_irq=00000000 SP_svc=00000000 LR_svc=00000000 PSR=N:0 Z:0 C:1 V:1 I:0 F:0 M1:0 M0:0 (USR)
00009c58 e0800000 add r0, r0, r0                     R0=48697000 R1=00000081 R2=02000000 R3=00000000 R4=5a826000 R5=00000000 R6=fffffff8 R7=00001000 R8=0000c300 R9=80000000 R10=ffffffdd R11=0000c104 R12=0000c103 SP=003fafe0 LR=60008c08 PC=00009c60 R8_fiq=00000000 R9_fiq=00000000 R10_fiq=00000000 R11_fiq=00001000 R12_fiq=01000000 SP_fiq=00000000 LR_fiq=40000d73 SP_irq=01000000 LR_irq=00000000 SP_svc=00000000 LR_svc=00000000 PSR=N:0 Z:0 C:1 V:1 I:0 F:0 M1:0 M0:0 (USR)
00009c5c e1b070e7 rors r7, r7, #1                    R0=90d2e000 R1=00000081 R2=02000000 R3=00000000 R4=5a826000 R5=00000000 R6=fffffff8 R7=00001000 R8=0000c300 R9=80000000 R10=ffffffdd R11=0000c104 R12=0000c103 SP=003fafe0 LR=60008c08 PC=00009c64 R8_fiq=00000000 R9_fiq=00000000 R10_fiq=00000000 R11_fiq=00001000 R12_fiq=01000000 SP_fiq=00000000 LR_fiq=40000d73 SP_irq=01000000 LR_irq=00000000 SP_svc=00000000 LR_svc=00000000 PSR=N:0 Z:0 C:1 V:1 I:0 F:0 M1:0 M0:0 (USR)
00009c60 5afffff7 bpl &9c44                          R0=90d2e000 R1=00000081 R2=02000000 R3=00000000 R4=5a826000 R5=00000000 R6=fffffff8 R7=00000800 R8=0000c300 R9=80000000 R10=ffffffdd R11=0000c104 R12=0000c103 SP=003fafe0 LR=60008c08 PC=00009c68 R8_fiq=00000000 R9_fiq=00000000 R10_fiq=00000000 R11_fiq=00001000 R12_fiq=01000000 SP_fiq=00000000 LR_fiq=40000d73 SP_irq=01000000 LR_irq=00000000 SP_svc=00000000 LR_svc=00000000 PSR=N:0 Z:0 C:0 V:1 I:0 F:0 M1:0 M0:0 (USR)
00009c44 e0244007 eor r4, r4, r7                     R0=90d2e000 R1=00000081 R2=02000000 R3=00000000 R4=5a826000 R5=00000000 R6=fffffff8 R7=00000800 R8=0000c300 R9=80000000 R10=ffffffdd R11=0000c104 R12=0000c103 SP=003fafe0 LR=60008c08 PC=00009c4c R8_fiq=00000000 R9_fiq=00000000 R10_fiq=00000000 R11_fiq=00001000 R12_fiq=01000000 SP_fiq=00000000 LR_fiq=40000d73 SP_irq=01000000 LR_irq=00000000 SP_svc=00000000 LR_svc=00000000 PSR=N:0 Z:0 C:0 V:1 I:0 F:0 M1:0 M0:0 (USR)
00009c48 e1500004 cmp r0, r4                         R0=90d2e000 R1=00000081 R2=02000000 R3=00000000 R4=5a826800 R5=00000000 R6=fffffff8 R7=00000800 R8=0000c300 R9=80000000 R10=ffffffdd R11=0000c104 R12=0000c103 SP=003fafe0 LR=60008c08 PC=00009c50 R8_fiq=00000000 R9_fiq=00000000 R10_fiq=00000000 R11_fiq=00001000 R12_fiq=01000000 SP_fiq=00000000 LR_fiq=40000d73 SP_irq=01000000 LR_irq=00000000 SP_svc=00000000 LR_svc=00000000 PSR=N:0 Z:0 C:0 V:1 I:0 F:0 M1:0 M0:0 (USR)
00009c4c 20400004 subcs r0, r0, r4                   R0=90d2e000 R1=00000081 R2=02000000 R3=00000000 R4=5a826800 R5=00000000 R6=fffffff8 R7=00000800 R8=0000c300 R9=80000000 R10=ffffffdd R11=0000c104 R12=0000c103 SP=003fafe0 LR=60008c08 PC=00009c54 R8_fiq=00000000 R9_fiq=00000000 R10_fiq=00000000 R11_fiq=00001000 R12_fiq=01000000 SP_fiq=00000000 LR_fiq=40000d73 SP_irq=01000000 LR_irq=00000000 SP_svc=00000000 LR_svc=00000000 PSR=N:0 Z:0 C:1 V:1 I:0 F:0 M1:0 M0:0 (USR)
00009c50 20244087 eorcs r4, r4, r7, lsl #1           R0=36507800 R1=00000081 R2=02000000 R3=00000000 R4=5a826800 R5=00000000 R6=fffffff8 R7=00000800 R8=0000c300 R9=80000000 R10=ffffffdd R11=0000c104 R12=0000c103 SP=003fafe0 LR=60008c08 PC=00009c58 R8_fiq=00000000 R9_fiq=00000000 R10_fiq=00000000 R11_fiq=00001000 R12_fiq=01000000 SP_fiq=00000000 LR_fiq=40000d73 SP_irq=01000000 LR_irq=00000000 SP_svc=00000000 LR_svc=00000000 PSR=N:0 Z:0 C:1 V:1 I:0 F:0 M1:0 M0:0 (USR)
00009c54 e0244007 eor r4, r4, r7                     R0=36507800 R1=00000081 R2=02000000 R3=00000000 R4=5a827800 R5=00000000 R6=fffffff8 R7=00000800 R8=0000c300 R9=80000000 R10=ffffffdd R11=0000c104 R12=0000c103 SP=003fafe0 LR=60008c08 PC=00009c5c R8_fiq=00000000 R9_fiq=00000000 R10_fiq=00000000 R11_fiq=00001000 R12_fiq=01000000 SP_fiq=00000000 LR_fiq=40000d73 SP_irq=01000000 LR_irq=00000000 SP_svc=00000000 LR_svc=00000000 PSR=N:0 Z:0 C:1 V:1 I:0 F:0 M1:0 M0:0 (USR)
00009c58 e0800000 add r0, r0, r0                     R0=36507800 R1=00000081 R2=02000000 R3=00000000 R4=5a827000 R5=00000000 R6=fffffff8 R7=00000800 R8=0000c300 R9=80000000 R10=ffffffdd R11=0000c104 R12=0000c103 SP=003fafe0 LR=60008c08 PC=00009c60 R8_fiq=00000000 R9_fiq=00000000 R10_fiq=00000000 R11_fiq=00001000 R12_fiq=01000000 SP_fiq=00000000 LR_fiq=40000d73 SP_irq=01000000 LR_irq=00000000 SP_svc=00000000 LR_svc=00000000 PSR=N:0 Z:0 C:1 V:1 I:0 F:0 M1:0 M0:0 (USR)
00009c5c e1b070e7 rors r7, r7, #1                    R0=6ca0f000 R1=00000081 R2=02000000 R3=00000000 R4=5a827000 R5=00000000 R6=fffffff8 R7=00000800 R8=0000c300 R9=80000000 R10=ffffffdd R11=0000c104 R12=0000c103 SP=003fafe0 LR=60008c08 PC=00009c64 R8_fiq=00000000 R9_fiq=00000000 R10_fiq=00000000 R11_fiq=00001000 R12_fiq=01000000 SP_fiq=00000000 LR_fiq=40000d73 SP_irq=01000000 LR_irq=00000000 SP_svc=00000000 LR_svc=00000000 PSR=N:0 Z:0 C:1 V:1 I:0 F:0 M1:0 M0:0 (USR)
00009c60 5afffff7 bpl &9c44                          R0=6ca0f000 R1=00000081 R2=02000000 R3=00000000 R4=5a827000 R5=00000000 R6=fffffff8 R7=00000400 R8=0000c300 R9=80000000 R10=ffffffdd R11=0000c104 R12=0000c103 SP=003fafe0 LR=60008c08 PC=00009c68 R8_fiq=00000000 R9_fiq=00000000 R10_fiq=00000000 R11_fiq=00001000 R12_fiq=01000000 SP_fiq=00000000 LR_fiq=40000d73 SP_irq=01000000 LR_irq=00000000 SP_svc=00000000 LR_svc=00000000 PSR=N:0 Z:0 C:0 V:1 I:0 F:0 M1:0 M0:0 (USR)
00009c44 e0244007 eor r4, r4, r7                     R0=6ca0f000 R1=00000081 R2=02000000 R3=00000000 R4=5a827000 R5=00000000 R6=fffffff8 R7=00000400 R8=0000c300 R9=80000000 R10=ffffffdd R11=0000c104 R12=0000c103 SP=003fafe0 LR=60008c08 PC=00009c4c R8_fiq=00000000 R9_fiq=00000000 R10_fiq=00000000 R11_fiq=00001000 R12_fiq=01000000 SP_fiq=00000000 LR_fiq=40000d73 SP_irq=01000000 LR_irq=00000000 SP_svc=00000000 LR_svc=00000000 PSR=N:0 Z:0 C:0 V:1 I:0 F:0 M1:0 M0:0 (USR)
00009c48 e1500004 cmp r0, r4                         R0=6ca0f000 R1=00000081 R2=02000000 R3=00000000 R4=5a827400 R5=00000000 R6=fffffff8 R7=00000400 R8=0000c300 R9=80000000 R10=ffffffdd R11=0000c104 R12=0000c103 SP=003fafe0 LR=60008c08 PC=00009c50 R8_fiq=00000000 R9_fiq=00000000 R10_fiq=00000000 R11_fiq=00001000 R12_fiq=01000000 SP_fiq=00000000 LR_fiq=40000d73 SP_irq=01000000 LR_irq=00000000 SP_svc=00000000 LR_svc=00000000 PSR=N:0 Z:0 C:0 V:1 I:0 F:0 M1:0 M0:0 (USR)
00009c4c 20400004 subcs r0, r0, r4                   R0=6ca0f000 R1=00000081 R2=02000000 R3=00000000 R4=5a827400 R5=00000000 R6=fffffff8 R7=00000400 R8=0000c300 R9=80000000 R10=ffffffdd R11=0000c104 R12=0000c103 SP=003fafe0 LR=60008c08 PC=00009c54 R8_fiq=00000000 R9_fiq=00000000 R10_fiq=00000000 R11_fiq=00001000 R12_fiq=01000000 SP_fiq=00000000 LR_fiq=40000d73 SP_irq=01000000 LR_irq=00000000 SP_svc=00000000 LR_svc=00000000 PSR=N:0 Z:0 C:1 V:0 I:0 F:0 M1:0 M0:0 (USR)
00009c50 20244087 eorcs r4, r4, r7, lsl #1           R0=121e7c00 R1=00000081 R2=02000000 R3=00000000 R4=5a827400 R5=00000000 R6=fffffff8 R7=00000400 R8=0000c300 R9=80000000 R10=ffffffdd R11=0000c104 R12=0000c103 SP=003fafe0 LR=60008c08 PC=00009c58 R8_fiq=00000000 R9_fiq=00000000 R10_fiq=00000000 R11_fiq=00001000 R12_fiq=01000000 SP_fiq=00000000 LR_fiq=40000d73 SP_irq=01000000 LR_irq=00000000 SP_svc=00000000 LR_svc=00000000 PSR=N:0 Z:0 C:1 V:0 I:0 F:0 M1:0 M0:0 (USR)
00009c54 e0244007 eor r4, r4, r7                     R0=121e7c00 R1=00000081 R2=02000000 R3=00000000 R4=5a827c00 R5=00000000 R6=fffffff8 R7=00000400 R8=0000c300 R9=80000000 R10=ffffffdd R11=0000c104 R12=0000c103 SP=003fafe0 LR=60008c08 PC=00009c5c R8_fiq=00000000 R9_fiq=00000000 R10_fiq=00000000 R11_fiq=00001000 R12_fiq=01000000 SP_fiq=00000000 LR_fiq=40000d73 SP_irq=01000000 LR_irq=00000000 SP_svc=00000000 LR_svc=00000000 PSR=N:0 Z:0 C:1 V:0 I:0 F:0 M1:0 M0:0 (USR)
00009c58 e0800000 add r0, r0, r0                     R0=121e7c00 R1=00000081 R2=02000000 R3=00000000 R4=5a827800 R5=00000000 R6=fffffff8 R7=00000400 R8=0000c300 R9=80000000 R10=ffffffdd R11=0000c104 R12=0000c103 SP=003fafe0 LR=60008c08 PC=00009c60 R8_fiq=00000000 R9_fiq=00000000 R10_fiq=00000000 R11_fiq=00001000 R12_fiq=01000000 SP_fiq=00000000 LR_fiq=40000d73 SP_irq=01000000 LR_irq=00000000 SP_svc=00000000 LR_svc=00000000 PSR=N:0 Z:0 C:1 V:0 I:0 F:0 M1:0 M0:0 (USR)
00009c5c e1b070e7 rors r7, r7, #1                    R0=243cf800 R1=00000081 R2=02000000 R3=00000000 R4=5a827800 R5=00000000 R6=fffffff8 R7=00000400 R8=0000c300 R9=80000000 R10=ffffffdd R11=0000c104 R12=0000c103 SP=003fafe0 LR=60008c08 PC=00009c64 R8_fiq=00000000 R9_fiq=00000000 R10_fiq=00000000 R11_fiq=00001000 R12_fiq=01000000 SP_fiq=00000000 LR_fiq=40000d73 SP_irq=01000000 LR_irq=00000000 SP_svc=00000000 LR_svc=00000000 PSR=N:0 Z:0 C:1 V:0 I:0 F:0 M1:0 M0:0 (USR)
00009c60 5afffff7 bpl &9c44                          R0=243cf800 R1=00000081 R2=02000000 R3=00000000 R4=5a827800 R5=00000000 R6=fffffff8 R7=00000200 R8=0000c300 R9=80000000 R10=ffffffdd R11=0000c104 R12=0000c103 SP=003fafe0 LR=60008c08 PC=00009c68 R8_fiq=00000000 R9_fiq=00000000 R10_fiq=00000000 R11_fiq=00001000 R12_fiq=01000000 SP_fiq=00000000 LR_fiq=40000d73 SP_irq=01000000 LR_irq=00000000 SP_svc=00000000 LR_svc=00000000 PSR=N:0 Z:0 C:0 V:0 I:0 F:0 M1:0 M0:0 (USR)
00009c44 e0244007 eor r4, r4, r7                     R0=243cf800 R1=00000081 R2=02000000 R3=00000000 R4=5a827800 R5=00000000 R6=fffffff8 R7=00000200 R8=0000c300 R9=80000000 R10=ffffffdd R11=0000c104 R12=0000c103 SP=003fafe0 LR=60008c08 PC=00009c4c R8_fiq=00000000 R9_fiq=00000000 R10_fiq=00000000 R11_fiq=00001000 R12_fiq=01000000 SP_fiq=00000000 LR_fiq=40000d73 SP_irq=01000000 LR_irq=00000000 SP_svc=00000000 LR_svc=00000000 PSR=N:0 Z:0 C:0 V:0 I:0 F:0 M1:0 M0:0 (USR)
00009c48 e1500004 cmp r0, r4                         R0=243cf800 R1=00000081 R2=02000000 R3=00000000 R4=5a827a00 R5=00000000 R6=fffffff8 R7=00000200 R8=0000c300 R9=80000000 R10=ffffffdd R11=0000c104 R12=0000c103 SP=003fafe0 LR=60008c08 PC=00009c50 R8_fiq=00000000 R9_fiq=00000000 R10_fiq=00000000 R11_fiq=00001000 R12_fiq=01000000 SP_fiq=00000000 LR_fiq=40000d73 SP_irq=01000000 LR_irq=00000000 SP_svc=00000000 LR_svc=00000000 PSR=N:0 Z:0 C:0 V:0 I:0 F:0 M1:0 M0:0 (USR)
00009c4c 20400004 subcs r0, r0, r4                   R0=243cf800 R1=00000081 R2=02000000 R3=00000000 R4=5a827a00 R5=00000000 R6=fffffff8 R7=00000200 R8=0000c300 R9=80000000 R10=ffffffdd R11=0000c104 R12=0000c103 SP=003fafe0 LR=60008c08 PC=00009c54 R8_fiq=00000000 R9_fiq=00000000 R10_fiq=00000000 R11_fiq=00001000 R12_fiq=01000000 SP_fiq=00000000 LR_fiq=40000d73 SP_irq=01000000 LR_irq=00000000 SP_svc=00000000 LR_svc=00000000 PSR=N:1 Z:0 C:0 V:0 I:0 F:0 M1:0 M0:0 (USR)
00009c50 20244087 eorcs r4, r4, r7, lsl #1           R0=243cf800 R1=00000081 R2=02000000 R3=00000000 R4=5a827a00 R5=00000000 R6=fffffff8 R7=00000200 R8=0000c300 R9=80000000 R10=ffffffdd R11=0000c104 R12=0000c103 SP=003fafe0 LR=60008c08 PC=00009c58 R8_fiq=00000000 R9_fiq=00000000 R10_fiq=00000000 R11_fiq=00001000 R12_fiq=01000000 SP_fiq=00000000 LR_fiq=40000d73 SP_irq=01000000 LR_irq=00000000 SP_svc=00000000 LR_svc=00000000 PSR=N:1 Z:0 C:0 V:0 I:0 F:0 M1:0 M0:0 (USR)
00009c54 e0244007 eor r4, r4, r7                     R0=243cf800 R1=00000081 R2=02000000 R3=00000000 R4=5a827a00 R5=00000000 R6=fffffff8 R7=00000200 R8=0000c300 R9=80000000 R10=ffffffdd R11=0000c104 R12=0000c103 SP=003fafe0 LR=60008c08 PC=00009c5c R8_fiq=00000000 R9_fiq=00000000 R10_fiq=00000000 R11_fiq=00001000 R12_fiq=01000000 SP_fiq=00000000 LR_fiq=40000d73 SP_irq=01000000 LR_irq=00000000 SP_svc=00000000 LR_svc=00000000 PSR=N:1 Z:0 C:0 V:0 I:0 F:0 M1:0 M0:0 (USR)
00009c58 e0800000 add r0, r0, r0                     R0=243cf800 R1=00000081 R2=02000000 R3=00000000 R4=5a827800 R5=00000000 R6=fffffff8 R7=00000200 R8=0000c300 R9=80000000 R10=ffffffdd R11=0000c104 R12=0000c103 SP=003fafe0 LR=60008c08 PC=00009c60 R8_fiq=00000000 R9_fiq=00000000 R10_fiq=00000000 R11_fiq=00001000 R12_fiq=01000000 SP_fiq=00000000 LR_fiq=40000d73 SP_irq=01000000 LR_irq=00000000 SP_svc=00000000 LR_svc=00000000 PSR=N:1 Z:0 C:0 V:0 I:0 F:0 M1:0 M0:0 (USR)
00009c5c e1b070e7 rors r7, r7, #1                    R0=4879f000 R1=00000081 R2=02000000 R3=00000000 R4=5a827800 R5=00000000 R6=fffffff8 R7=00000200 R8=0000c300 R9=80000000 R10=ffffffdd R11=0000c104 R12=0000c103 SP=003fafe0 LR=60008c08 PC=00009c64 R8_fiq=00000000 R9_fiq=00000000 R10_fiq=00000000 R11_fiq=00001000 R12_fiq=01000000 SP_fiq=00000000 LR_fiq=40000d73 SP_irq=01000000 LR_irq=00000000 SP_svc=00000000 LR_svc=00000000 PSR=N:1 Z:0 C:0 V:0 I:0 F:0 M1:0 M0:0 (USR)
00009c60 5afffff7 bpl &9c44                          R0=4879f000 R1=00000081 R2=02000000 R3=00000000 R4=5a827800 R5=00000000 R6=fffffff8 R7=00000100 R8=0000c300 R9=80000000 R10=ffffffdd R11=0000c104 R12=0000c103 SP=003fafe0 LR=60008c08 PC=00009c68 R8_fiq=00000000 R9_fiq=00000000 R10_fiq=00000000 R11_fiq=00001000 R12_fiq=01000000 SP_fiq=00000000 LR_fiq=40000d73 SP_irq=01000000 LR_irq=00000000 SP_svc=00000000 LR_svc=00000000 PSR=N:0 Z:0 C:0 V:0 I:0 F:0 M1:0 M0:0 (USR)
00009c44 e0244007 eor r4, r4, r7                     R0=4879f000 R1=00000081 R2=02000000 R3=00000000 R4=5a827800 R5=00000000 R6=fffffff8 R7=00000100 R8=0000c300 R9=80000000 R10=ffffffdd R11=0000c104 R12=0000c103 SP=003fafe0 LR=60008c08 PC=00009c4c R8_fiq=00000000 R9_fiq=00000000 R10_fiq=00000000 R11_fiq=00001000 R12_fiq=01000000 SP_fiq=00000000 LR_fiq=40000d73 SP_irq=01000000 LR_irq=00000000 SP_svc=00000000 LR_svc=00000000 PSR=N:0 Z:0 C:0 V:0 I:0 F:0 M1:0 M0:0 (USR)
00009c48 e1500004 cmp r0, r4                         R0=4879f000 R1=00000081 R2=02000000 R3=00000000 R4=5a827900 R5=00000000 R6=fffffff8 R7=00000100 R8=0000c300 R9=80000000 R10=ffffffdd R11=0000c104 R12=0000c103 SP=003fafe0 LR=60008c08 PC=00009c50 R8_fiq=00000000 R9_fiq=00000000 R10_fiq=00000000 R11_fiq=00001000 R12_fiq=01000000 SP_fiq=00000000 LR_fiq=40000d73 SP_irq=01000000 LR_irq=00000000 SP_svc=00000000 LR_svc=00000000 PSR=N:0 Z:0 C:0 V:0 I:0 F:0 M1:0 M0:0 (USR)
00009c4c 20400004 subcs r0, r0, r4                   R0=4879f000 R1=00000081 R2=02000000 R3=00000000 R4=5a827900 R5=00000000 R6=fffffff8 R7=00000100 R8=0000c300 R9=80000000 R10=ffffffdd R11=0000c104 R12=0000c103 SP=003fafe0 LR=60008c08 PC=00009c54 R8_fiq=00000000 R9_fiq=00000000 R10_fiq=00000000 R11_fiq=00001000 R12_fiq=01000000 SP_fiq=00000000 LR_fiq=40000d73 SP_irq=01000000 LR_irq=00000000 SP_svc=00000000 LR_svc=00000000 PSR=N:1 Z:0 C:0 V:0 I:0 F:0 M1:0 M0:0 (USR)
00009c50 20244087 eorcs r4, r4, r7, lsl #1           R0=4879f000 R1=00000081 R2=02000000 R3=00000000 R4=5a827900 R5=00000000 R6=fffffff8 R7=00000100 R8=0000c300 R9=80000000 R10=ffffffdd R11=0000c104 R12=0000c103 SP=003fafe0 LR=60008c08 PC=00009c58 R8_fiq=00000000 R9_fiq=00000000 R10_fiq=00000000 R11_fiq=00001000 R12_fiq=01000000 SP_fiq=00000000 LR_fiq=40000d73 SP_irq=01000000 LR_irq=00000000 SP_svc=00000000 LR_svc=00000000 PSR=N:1 Z:0 C:0 V:0 I:0 F:0 M1:0 M0:0 (USR)
00009c54 e0244007 eor r4, r4, r7                     R0=4879f000 R1=00000081 R2=02000000 R3=00000000 R4=5a827900 R5=00000000 R6=fffffff8 R7=00000100 R8=0000c300 R9=80000000 R10=ffffffdd R11=0000c104 R12=0000c103 SP=003fafe0 LR=60008c08 PC=00009c5c R8_fiq=00000000 R9_fiq=00000000 R10_fiq=00000000 R11_fiq=00001000 R12_fiq=01000000 SP_fiq=00000000 LR_fiq=40000d73 SP_irq=01000000 LR_irq=00000000 SP_svc=00000000 LR_svc=00000000 PSR=N:1 Z:0 C:0 V:0 I:0 F:0 M1:0 M0:0 (USR)
00009c58 e0800000 add r0, r0, r0                     R0=4879f000 R1=00000081 R2=02000000 R3=00000000 R4=5a827800 R5=00000000 R6=fffffff8 R7=00000100 R8=0000c300 R9=80000000 R10=ffffffdd R11=0000c104 R12=0000c103 SP=003fafe0 LR=60008c08 PC=00009c60 R8_fiq=00000000 R9_fiq=00000000 R10_fiq=00000000 R11_fiq=00001000 R12_fiq=01000000 SP_fiq=00000000 LR_fiq=40000d73 SP_irq=01000000 LR_irq=00000000 SP_svc=00000000 LR_svc=00000000 PSR=N:1 Z:0 C:0 V:0 I:0 F:0 M1:0 M0:0 (USR)
00009c5c e1b070e7 rors r7, r7, #1                    R0=90f3e000 R1=00000081 R2=02000000 R3=00000000 R4=5a827800 R5=00000000 R6=fffffff8 R7=00000100 R8=0000c300 R9=80000000 R10=ffffffdd R11=0000c104 R12=0000c103 SP=003fafe0 LR=60008c08 PC=00009c64 R8_fiq=00000000 R9_fiq=00000000 R10_fiq=00000000 R11_fiq=00001000 R12_fiq=01000000 SP_fiq=00000000 LR_fiq=40000d73 SP_irq=01000000 LR_irq=00000000 SP_svc=00000000 LR_svc=00000000 PSR=N:1 Z:0 C:0 V:0 I:0 F:0 M1:0 M0:0 (USR)
00009c60 5afffff7 bpl &9c44                          R0=90f3e000 R1=00000081 R2=02000000 R3=00000000 R4=5a827800 R5=00000000 R6=fffffff8 R7=00000080 R8=0000c300 R9=80000000 R10=ffffffdd R11=0000c104 R12=0000c103 SP=003fafe0 LR=60008c08 PC=00009c68 R8_fiq=00000000 R9_fiq=00000000 R10_fiq=00000000 R11_fiq=00001000 R12_fiq=01000000 SP_fiq=00000000 LR_fiq=40000d73 SP_irq=01000000 LR_irq=00000000 SP_svc=00000000 LR_svc=00000000 PSR=N:0 Z:0 C:0 V:0 I:0 F:0 M1:0 M0:0 (USR)
00009c44 e0244007 eor r4, r4, r7                     R0=90f3e000 R1=00000081 R2=02000000 R3=00000000 R4=5a827800 R5=00000000 R6=fffffff8 R7=00000080 R8=0000c300 R9=80000000 R10=ffffffdd R11=0000c104 R12=0000c103 SP=003fafe0 LR=60008c08 PC=00009c4c R8_fiq=00000000 R9_fiq=00000000 R10_fiq=00000000 R11_fiq=00001000 R12_fiq=01000000 SP_fiq=00000000 LR_fiq=40000d73 SP_irq=01000000 LR_irq=00000000 SP_svc=00000000 LR_svc=00000000 PSR=N:0 Z:0 C:0 V:0 I:0 F:0 M1:0 M0:0 (USR)
00009c48 e1500004 cmp r0, r4                         R0=90f3e000 R1=00000081 R2=02000000 R3=00000000 R4=5a827880 R5=00000000 R6=fffffff8 R7=00000080 R8=0000c300 R9=80000000 R10=ffffffdd R11=0000c104 R12=0000c103 SP=003fafe0 LR=60008c08 PC=00009c50 R8_fiq=00000000 R9_fiq=00000000 R10_fiq=00000000 R11_fiq=00001000 R12_fiq=01000000 SP_fiq=00000000 LR_fiq=40000d73 SP_irq=01000000 LR_irq=00000000 SP_svc=00000000 LR_svc=00000000 PSR=N:0 Z:0 C:0 V:0 I:0 F:0 M1:0 M0:0 (USR)
00009c4c 20400004 subcs r0, r0, r4                   R0=90f3e000 R1=00000081 R2=02000000 R3=00000000 R4=5a827880 R5=00000000 R6=fffffff8 R7=00000080 R8=0000c300 R9=80000000 R10=ffffffdd R11=0000c104 R12=0000c103 SP=003fafe0 LR=60008c08 PC=00009c54 R8_fiq=00000000 R9_fiq=00000000 R10_fiq=00000000 R11_fiq=00001000 R12_fiq=01000000 SP_fiq=00000000 LR_fiq=40000d73 SP_irq=01000000 LR_irq=00000000 SP_svc=00000000 LR_svc=00000000 PSR=N:0 Z:0 C:1 V:1 I:0 F:0 M1:0 M0:0 (USR)
00009c50 20244087 eorcs r4, r4, r7, lsl #1           R0=36716780 R1=00000081 R2=02000000 R3=00000000 R4=5a827880 R5=00000000 R6=fffffff8 R7=00000080 R8=0000c300 R9=80000000 R10=ffffffdd R11=0000c104 R12=0000c103 SP=003fafe0 LR=60008c08 PC=00009c58 R8_fiq=00000000 R9_fiq=00000000 R10_fiq=00000000 R11_fiq=00001000 R12_fiq=01000000 SP_fiq=00000000 LR_fiq=40000d73 SP_irq=01000000 LR_irq=00000000 SP_svc=00000000 LR_svc=00000000 PSR=N:0 Z:0 C:1 V:1 I:0 F:0 M1:0 M0:0 (USR)
00009c54 e0244007 eor r4, r4, r7                     R0=36716780 R1=00000081 R2=02000000 R3=00000000 R4=5a827980 R5=00000000 R6=fffffff8 R7=00000080 R8=0000c300 R9=80000000 R10=ffffffdd R11=0000c104 R12=0000c103 SP=003fafe0 LR=60008c08 PC=00009c5c R8_fiq=00000000 R9_fiq=00000000 R10_fiq=00000000 R11_fiq=00001000 R12_fiq=01000000 SP_fiq=00000000 LR_fiq=40000d73 SP_irq=01000000 LR_irq=00000000 SP_svc=00000000 LR_svc=00000000 PSR=N:0 Z:0 C:1 V:1 I:0 F:0 M1:0 M0:0 (USR)
00009c58 e0800000 add r0, r0, r0                     R0=36716780 R1=00000081 R2=02000000 R3=00000000 R4=5a827900 R5=00000000 R6=fffffff8 R7=00000080 R8=0000c300 R9=80000000 R10=ffffffdd R11=0000c104 R12=0000c103 SP=003fafe0 LR=60008c08 PC=00009c60 R8_fiq=00000000 R9_fiq=00000000 R10_fiq=00000000 R11_fiq=00001000 R12_fiq=01000000 SP_fiq=00000000 LR_fiq=40000d73 SP_irq=01000000 LR_irq=00000000 SP_svc=00000000 LR_svc=00000000 PSR=N:0 Z:0 C:1 V:1 I:0 F:0 M1:0 M0:0 (USR)
00009c5c e1b070e7 rors r7, r7, #1                    R0=6ce2cf00 R1=00000081 R2=02000000 R3=00000000 R4=5a827900 R5=00000000 R6=fffffff8 R7=00000080 R8=0000c300 R9=80000000 R10=ffffffdd R11=0000c104 R12=0000c103 SP=003fafe0 LR=60008c08 PC=00009c64 R8_fiq=00000000 R9_fiq=00000000 R10_fiq=00000000 R11_fiq=00001000 R12_fiq=01000000 SP_fiq=00000000 LR_fiq=40000d73 SP_irq=01000000 LR_irq=00000000 SP_svc=00000000 LR_svc=00000000 PSR=N:0 Z:0 C:1 V:1 I:0 F:0 M1:0 M0:0 (USR)
00009c60 5afffff7 bpl &9c44                          R0=6ce2cf00 R1=00000081 R2=02000000 R3=00000000 R4=5a827900 R5=00000000 R6=fffffff8 R7=00000040 R8=0000c300 R9=80000000 R10=ffffffdd R11=0000c104 R12=0000c103 SP=003fafe0 LR=60008c08 PC=00009c68 R8_fiq=00000000 R9_fiq=00000000 R10_fiq=00000000 R11_fiq=00001000 R12_fiq=01000000 SP_fiq=00000000 LR_fiq=40000d73 SP_irq=01000000 LR_irq=00000000 SP_svc=00000000 LR_svc=00000000 PSR=N:0 Z:0 C:0 V:1 I:0 F:0 M1:0 M0:0 (USR)
00009c44 e0244007 eor r4, r4, r7                     R0=6ce2cf00 R1=00000081 R2=02000000 R3=00000000 R4=5a827900 R5=00000000 R6=fffffff8 R7=00000040 R8=0000c300 R9=80000000 R10=ffffffdd R11=0000c104 R12=0000c103 SP=003fafe0 LR=60008c08 PC=00009c4c R8_fiq=00000000 R9_fiq=00000000 R10_fiq=00000000 R11_fiq=00001000 R12_fiq=01000000 SP_fiq=00000000 LR_fiq=40000d73 SP_irq=01000000 LR_irq=00000000 SP_svc=00000000 LR_svc=00000000 PSR=N:0 Z:0 C:0 V:1 I:0 F:0 M1:0 M0:0 (USR)
00009c48 e1500004 cmp r0, r4                         R0=6ce2cf00 R1=00000081 R2=02000000 R3=00000000 R4=5a827940 R5=00000000 R6=fffffff8 R7=00000040 R8=0000c300 R9=80000000 R10=ffffffdd R11=0000c104 R12=0000c103 SP=003fafe0 LR=60008c08 PC=00009c50 R8_fiq=00000000 R9_fiq=00000000 R10_fiq=00000000 R11_fiq=00001000 R12_fiq=01000000 SP_fiq=00000000 LR_fiq=40000d73 SP_irq=01000000 LR_irq=00000000 SP_svc=00000000 LR_svc=00000000 PSR=N:0 Z:0 C:0 V:1 I:0 F:0 M1:0 M0:0 (USR)
00009c4c 20400004 subcs r0, r0, r4                   R0=6ce2cf00 R1=00000081 R2=02000000 R3=00000000 R4=5a827940 R5=00000000 R6=fffffff8 R7=00000040 R8=0000c300 R9=80000000 R10=ffffffdd R11=0000c104 R12=0000c103 SP=003fafe0 LR=60008c08 PC=00009c54 R8_fiq=00000000 R9_fiq=00000000 R10_fiq=00000000 R11_fiq=00001000 R12_fiq=01000000 SP_fiq=00000000 LR_fiq=40000d73 SP_irq=01000000 LR_irq=00000000 SP_svc=00000000 LR_svc=00000000 PSR=N:0 Z:0 C:1 V:0 I:0 F:0 M1:0 M0:0 (USR)
00009c50 20244087 eorcs r4, r4, r7, lsl #1           R0=126055c0 R1=00000081 R2=02000000 R3=00000000 R4=5a827940 R5=00000000 R6=fffffff8 R7=00000040 R8=0000c300 R9=80000000 R10=ffffffdd R11=0000c104 R12=0000c103 SP=003fafe0 LR=60008c08 PC=00009c58 R8_fiq=00000000 R9_fiq=00000000 R10_fiq=00000000 R11_fiq=00001000 R12_fiq=01000000 SP_fiq=00000000 LR_fiq=40000d73 SP_irq=01000000 LR_irq=00000000 SP_svc=00000000 LR_svc=00000000 PSR=N:0 Z:0 C:1 V:0 I:0 F:0 M1:0 M0:0 (USR)
00009c54 e0244007 eor r4, r4, r7                     R0=126055c0 R1=00000081 R2=02000000 R3=00000000 R4=5a8279c0 R5=00000000 R6=fffffff8 R7=00000040 R8=0000c300 R9=80000000 R10=ffffffdd R11=0000c104 R12=0000c103 SP=003fafe0 LR=60008c08 PC=00009c5c R8_fiq=00000000 R9_fiq=00000000 R10_fiq=00000000 R11_fiq=00001000 R12_fiq=01000000 SP_fiq=00000000 LR_fiq=40000d73 SP_irq=01000000 LR_irq=00000000 SP_svc=00000000 LR_svc=00000000 PSR=N:0 Z:0 C:1 V:0 I:0 F:0 M1:0 M0:0 (USR)
00009c58 e0800000 add r0, r0, r0                     R0=126055c0 R1=00000081 R2=02000000 R3=00000000 R4=5a827980 R5=00000000 R6=fffffff8 R7=00000040 R8=0000c300 R9=80000000 R10=ffffffdd R11=0000c104 R12=0000c103 SP=003fafe0 LR=60008c08 PC=00009c60 R8_fiq=00000000 R9_fiq=00000000 R10_fiq=00000000 R11_fiq=00001000 R12_fiq=01000000 SP_fiq=00000000 LR_fiq=40000d73 SP_irq=01000000 LR_irq=00000000 SP_svc=00000000 LR_svc=00000000 PSR=N:0 Z:0 C:1 V:0 I:0 F:0 M1:0 M0:0 (USR)
00009c5c e1b070e7 rors r7, r7, #1                    R0=24c0ab80 R1=00000081 R2=02000000 R3=00000000 R4=5a827980 R5=00000000 R6=fffffff8 R7=00000040 R8=0000c300 R9=80000000 R10=ffffffdd R11=0000c104 R12=0000c103 SP=003fafe0 LR=60008c08 PC=00009c64 R8_fiq=00000000 R9_fiq=00000000 R10_fiq=00000000 R11_fiq=00001000 R12_fiq=01000000 SP_fiq=00000000 LR_fiq=40000d73 SP_irq=01000000 LR_irq=00000000 SP_svc=00000000 LR_svc=00000000 PSR=N:0 Z:0 C:1 V:0 I:0 F:0 M1:0 M0:0 (USR)
00009c60 5afffff7 bpl &9c44                          R0=24c0ab80 R1=00000081 R2=02000000 R3=00000000 R4=5a827980 R5=00000000 R6=fffffff8 R7=00000020 R8=0000c300 R9=80000000 R10=ffffffdd R11=0000c104 R12=0000c103 SP=003fafe0 LR=60008c08 PC=00009c68 R8_fiq=00000000 R9_fiq=00000000 R10_fiq=00000000 R11_fiq=00001000 R12_fiq=01000000 SP_fiq=00000000 LR_fiq=40000d73 SP_irq=01000000 LR_irq=00000000 SP_svc=00000000 LR_svc=00000000 PSR=N:0 Z:0 C:0 V:0 I:0 F:0 M1:0 M0:0 (USR)
00009c44 e0244007 eor r4, r4, r7                     R0=24c0ab80 R1=00000081 R2=02000000 R3=00000000 R4=5a827980 R5=00000000 R6=fffffff8 R7=00000020 R8=0000c300 R9=80000000 R10=ffffffdd R11=0000c104 R12=0000c103 SP=003fafe0 LR=60008c08 PC=00009c4c R8_fiq=00000000 R9_fiq=00000000 R10_fiq=00000000 R11_fiq=00001000 R12_fiq=01000000 SP_fiq=00000000 LR_fiq=40000d73 SP_irq=01000000 LR_irq=00000000 SP_svc=00000000 LR_svc=00000000 PSR=N:0 Z:0 C:0 V:0 I:0 F:0 M1:0 M0:0 (USR)
00009c48 e1500004 cmp r0, r4                         R0=24c0ab80 R1=00000081 R2=02000000 R3=00000000 R4=5a8279a0 R5=00000000 R6=fffffff8 R7=00000020 R8=0000c300 R9=80000000 R10=ffffffdd R11=0000c104 R12=0000c103 SP=003fafe0 LR=60008c08 PC=00009c50 R8_fiq=00000000 R9_fiq=00000000 R10_fiq=00000000 R11_fiq=00001000 R12_fiq=01000000 SP_fiq=00000000 LR_fiq=40000d73 SP_irq=01000000 LR_irq=00000000 SP_svc=00000000 LR_svc=00000000 PSR=N:0 Z:0 C:0 V:0 I:0 F:0 M1:0 M0:0 (USR)
00009c4c 20400004 subcs r0, r0, r4                   R0=24c0ab80 R1=00000081 R2=02000000 R3=00000000 R4=5a8279a0 R5=00000000 R6=fffffff8 R7=00000020 R8=0000c300 R9=80000000 R10=ffffffdd R11=0000c104 R12=0000c103 SP=003fafe0 LR=60008c08 PC=00009c54 R8_fiq=00000000 R9_fiq=00000000 R10_fiq=00000000 R11_fiq=00001000 R12_fiq=01000000 SP_fiq=00000000 LR_fiq=40000d73 SP_irq=01000000 LR_irq=00000000 SP_svc=00000000 LR_svc=00000000 PSR=N:1 Z:0 C:0 V:0 I:0 F:0 M1:0 M0:0 (USR)
00009c50 20244087 eorcs r4, r4, r7, lsl #1           R0=24c0ab80 R1=00000081 R2=02000000 R3=00000000 R4=5a8279a0 R5=00000000 R6=fffffff8 R7=00000020 R8=0000c300 R9=80000000 R10=ffffffdd R11=0000c104 R12=0000c103 SP=003fafe0 LR=60008c08 PC=00009c58 R8_fiq=00000000 R9_fiq=00000000 R10_fiq=00000000 R11_fiq=00001000 R12_fiq=01000000 SP_fiq=00000000 LR_fiq=40000d73 SP_irq=01000000 LR_irq=00000000 SP_svc=00000000 LR_svc=00000000 PSR=N:1 Z:0 C:0 V:0 I:0 F:0 M1:0 M0:0 (USR)
00009c54 e0244007 eor r4, r4, r7                     R0=24c0ab80 R1=00000081 R2=02000000 R3=00000000 R4=5a8279a0 R5=00000000 R6=fffffff8 R7=00000020 R8=0000c300 R9=80000000 R10=ffffffdd R11=0000c104 R12=0000c103 SP=003fafe0 LR=60008c08 PC=00009c5c R8_fiq=00000000 R9_fiq=00000000 R10_fiq=00000000 R11_fiq=00001000 R12_fiq=01000000 SP_fiq=00000000 LR_fiq=40000d73 SP_irq=01000000 LR_irq=00000000 SP_svc=00000000 LR_svc=00000000 PSR=N:1 Z:0 C:0 V:0 I:0 F:0 M1:0 M0:0 (USR)
00009c58 e0800000 add r0, r0, r0                     R0=24c0ab80 R1=00000081 R2=02000000 R3=00000000 R4=5a827980 R5=00000000 R6=fffffff8 R7=00000020 R8=0000c300 R9=80000000 R10=ffffffdd R11=0000c104 R12=0000c103 SP=003fafe0 LR=60008c08 PC=00009c60 R8_fiq=00000000 R9_fiq=00000000 R10_fiq=00000000 R11_fiq=00001000 R12_fiq=01000000 SP_fiq=00000000 LR_fiq=40000d73 SP_irq=01000000 LR_irq=00000000 SP_svc=00000000 LR_svc=00000000 PSR=N:1 Z:0 C:0 V:0 I:0 F:0 M1:0 M0:0 (USR)
00009c5c e1b070e7 rors r7, r7, #1                    R0=49815700 R1=00000081 R2=02000000 R3=00000000 R4=5a827980 R5=00000000 R6=fffffff8 R7=00000020 R8=0000c300 R9=80000000 R10=ffffffdd R11=0000c104 R12=0000c103 SP=003fafe0 LR=60008c08 PC=00009c64 R8_fiq=00000000 R9_fiq=00000000 R10_fiq=00000000 R11_fiq=00001000 R12_fiq=01000000 SP_fiq=00000000 LR_fiq=40000d73 SP_irq=01000000 LR_irq=00000000 SP_svc=00000000 LR_svc=00000000 PSR=N:1 Z:0 C:0 V:0 I:0 F:0 M1:0 M0:0 (USR)
00009c60 5afffff7 bpl &9c44                          R0=49815700 R1=00000081 R2=02000000 R3=00000000 R4=5a827980 R5=00000000 R6=fffffff8 R7=00000010 R8=0000c300 R9=80000000 R10=ffffffdd R11=0000c104 R12=0000c103 SP=003fafe0 LR=60008c08 PC=00009c68 R8_fiq=00000000 R9_fiq=00000000 R10_fiq=00000000 R11_fiq=00001000 R12_fiq=01000000 SP_fiq=00000000 LR_fiq=40000d73 SP_irq=01000000 LR_irq=00000000 SP_svc=00000000 LR_svc=00000000 PSR=N:0 Z:0 C:0 V:0 I:0 F:0 M1:0 M0:0 (USR)
00009c44 e0244007 eor r4, r4, r7                     R0=49815700 R1=00000081 R2=02000000 R3=00000000 R4=5a827980 R5=00000000 R6=fffffff8 R7=00000010 R8=0000c300 R9=80000000 R10=ffffffdd R11=0000c104 R12=0000c103 SP=003fafe0 LR=60008c08 PC=00009c4c R8_fiq=00000000 R9_fiq=00000000 R10_fiq=00000000 R11_fiq=00001000 R12_fiq=01000000 SP_fiq=00000000 LR_fiq=40000d73 SP_irq=01000000 LR_irq=00000000 SP_svc=00000000 LR_svc=00000000 PSR=N:0 Z:0 C:0 V:0 I:0 F:0 M1:0 M0:0 (USR)
00009c48 e1500004 cmp r0, r4                         R0=49815700 R1=00000081 R2=02000000 R3=00000000 R4=5a827990 R5=00000000 R6=fffffff8 R7=00000010 R8=0000c300 R9=80000000 R10=ffffffdd R11=0000c104 R12=0000c103 SP=003fafe0 LR=60008c08 PC=00009c50 R8_fiq=00000000 R9_fiq=00000000 R10_fiq=00000000 R11_fiq=00001000 R12_fiq=01000000 SP_fiq=00000000 LR_fiq=40000d73 SP_irq=01000000 LR_irq=00000000 SP_svc=00000000 LR_svc=00000000 PSR=N:0 Z:0 C:0 V:0 I:0 F:0 M1:0 M0:0 (USR)
00009c4c 20400004 subcs r0, r0, r4                   R0=49815700 R1=00000081 R2=02000000 R3=00000000 R4=5a827990 R5=00000000 R6=fffffff8 R7=00000010 R8=0000c300 R9=80000000 R10=ffffffdd R11=0000c104 R12=0000c103 SP=003fafe0 LR=60008c08 PC=00009c54 R8_fiq=00000000 R9_fiq=00000000 R10_fiq=00000000 R11_fiq=00001000 R12_fiq=01000000 SP_fiq=00000000 LR_fiq=40000d73 SP_irq=01000000 LR_irq=00000000 SP_svc=00000000 LR_svc=00000000 PSR=N:1 Z:0 C:0 V:0 I:0 F:0 M1:0 M0:0 (USR)
00009c50 20244087 eorcs r4, r4, r7, lsl #1           R0=49815700 R1=00000081 R2=02000000 R3=00000000 R4=5a827990 R5=00000000 R6=fffffff8 R7=00000010 R8=0000c300 R9=80000000 R10=ffffffdd R11=0000c104 R12=0000c103 SP=003fafe0 LR=60008c08 PC=00009c58 R8_fiq=00000000 R9_fiq=00000000 R10_fiq=00000000 R11_fiq=00001000 R12_fiq=01000000 SP_fiq=00000000 LR_fiq=40000d73 SP_irq=01000000 LR_irq=00000000 SP_svc=00000000 LR_svc=00000000 PSR=N:1 Z:0 C:0 V:0 I:0 F:0 M1:0 M0:0 (USR)
00009c54 e0244007 eor r4, r4, r7                     R0=49815700 R1=00000081 R2=02000000 R3=00000000 R4=5a827990 R5=00000000 R6=fffffff8 R7=00000010 R8=0000c300 R9=80000000 R10=ffffffdd R11=0000c104 R12=0000c103 SP=003fafe0 LR=60008c08 PC=00009c5c R8_fiq=00000000 R9_fiq=00000000 R10_fiq=00000000 R11_fiq=00001000 R12_fiq=01000000 SP_fiq=00000000 LR_fiq=40000d73 SP_irq=01000000 LR_irq=00000000 SP_svc=00000000 LR_svc=00000000 PSR=N:1 Z:0 C:0 V:0 I:0 F:0 M1:0 M0:0 (USR)
00009c58 e0800000 add r0, r0, r0                     R0=49815700 R1=00000081 R2=02000000 R3=00000000 R4=5a827980 R5=00000000 R6=fffffff8 R7=00000010 R8=0000c300 R9=80000000 R10=ffffffdd R11=0000c104 R12=0000c103 SP=003fafe0 LR=60008c08 PC=00009c60 R8_fiq=00000000 R9_fiq=00000000 R10_fiq=00000000 R11_fiq=00001000 R12_fiq=01000000 SP_fiq=00000000 LR_fiq=40000d73 SP_irq=01000000 LR_irq=00000000 SP_svc=00000000 LR_svc=00000000 PSR=N:1 Z:0 C:0 V:0 I:0 F:0 M1:0 M0:0 (USR)
00009c5c e1b070e7 rors r7, r7, #1                    R0=9302ae00 R1=00000081 R2=02000000 R3=00000000 R4=5a827980 R5=00000000 R6=fffffff8 R7=00000010 R8=0000c300 R9=80000000 R10=ffffffdd R11=0000c104 R12=0000c103 SP=003fafe0 LR=60008c08 PC=00009c64 R8_fiq=00000000 R9_fiq=00000000 R10_fiq=00000000 R11_fiq=00001000 R12_fiq=01000000 SP_fiq=00000000 LR_fiq=40000d73 SP_irq=01000000 LR_irq=00000000 SP_svc=00000000 LR_svc=00000000 PSR=N:1 Z:0 C:0 V:0 I:0 F:0 M1:0 M0:0 (USR)
00009c60 5afffff7 bpl &9c44                          R0=9302ae00 R1=00000081 R2=02000000 R3=00000000 R4=5a827980 R5=00000000 R6=fffffff8 R7=00000008 R8=0000c300 R9=80000000 R10=ffffffdd R11=0000c104 R12=0000c103 SP=003fafe0 LR=60008c08 PC=00009c68 R8_fiq=00000000 R9_fiq=00000000 R10_fiq=00000000 R11_fiq=00001000 R12_fiq=01000000 SP_fiq=00000000 LR_fiq=40000d73 SP_irq=01000000 LR_irq=00000000 SP_svc=00000000 LR_svc=00000000 PSR=N:0 Z:0 C:0 V:0 I:0 F:0 M1:0 M0:0 (USR)
00009c44 e0244007 eor r4, r4, r7                     R0=9302ae00 R1=00000081 R2=02000000 R3=00000000 R4=5a827980 R5=00000000 R6=fffffff8 R7=00000008 R8=0000c300 R9=80000000 R10=ffffffdd R11=0000c104 R12=0000c103 SP=003fafe0 LR=60008c08 PC=00009c4c R8_fiq=00000000 R9_fiq=00000000 R10_fiq=00000000 R11_fiq=00001000 R12_fiq=01000000 SP_fiq=00000000 LR_fiq=40000d73 SP_irq=01000000 LR_irq=00000000 SP_svc=00000000 LR_svc=00000000 PSR=N:0 Z:0 C:0 V:0 I:0 F:0 M1:0 M0:0 (USR)
00009c48 e1500004 cmp r0, r4                         R0=9302ae00 R1=00000081 R2=02000000 R3=00000000 R4=5a827988 R5=00000000 R6=fffffff8 R7=00000008 R8=0000c300 R9=80000000 R10=ffffffdd R11=0000c104 R12=0000c103 SP=003fafe0 LR=60008c08 PC=00009c50 R8_fiq=00000000 R9_fiq=00000000 R10_fiq=00000000 R11_fiq=00001000 R12_fiq=01000000 SP_fiq=00000000 LR_fiq=40000d73 SP_irq=01000000 LR_irq=00000000 SP_svc=00000000 LR_svc=00000000 PSR=N:0 Z:0 C:0 V:0 I:0 F:0 M1:0 M0:0 (USR)
00009c4c 20400004 subcs r0, r0, r4                   R0=9302ae00 R1=00000081 R2=02000000 R3=00000000 R4=5a827988 R5=00000000 R6=fffffff8 R7=00000008 R8=0000c300 R9=80000000 R10=ffffffdd R11=0000c104 R12=0000c103 SP=003fafe0 LR=60008c08 PC=00009c54 R8_fiq=00000000 R9_fiq=00000000 R10_fiq=00000000 R11_fiq=00001000 R12_fiq=01000000 SP_fiq=00000000 LR_fiq=40000d73 SP_irq=01000000 LR_irq=00000000 SP_svc=00000000 LR_svc=00000000 PSR=N:0 Z:0 C:1 V:1 I:0 F:0 M1:0 M0:0 (USR)
00009c50 20244087 eorcs r4, r4, r7, lsl #1           R0=38803478 R1=00000081 R2=02000000 R3=00000000 R4=5a827988 R5=00000000 R6=fffffff8 R7=00000008 R8=0000c300 R9=80000000 R10=ffffffdd R11=0000c104 R12=0000c103 SP=003fafe0 LR=60008c08 PC=00009c58 R8_fiq=00000000 R9_fiq=00000000 R10_fiq=00000000 R11_fiq=00001000 R12_fiq=01000000 SP_fiq=00000000 LR_fiq=40000d73 SP_irq=01000000 LR_irq=00000000 SP_svc=00000000 LR_svc=00000000 PSR=N:0 Z:0 C:1 V:1 I:0 F:0 M1:0 M0:0 (USR)
00009c54 e0244007 eor r4, r4, r7                     R0=38803478 R1=00000081 R2=02000000 R3=00000000 R4=5a827998 R5=00000000 R6=fffffff8 R7=00000008 R8=0000c300 R9=80000000 R10=ffffffdd R11=0000c104 R12=0000c103 SP=003fafe0 LR=60008c08 PC=00009c5c R8_fiq=00000000 R9_fiq=00000000 R10_fiq=00000000 R11_fiq=00001000 R12_fiq=01000000 SP_fiq=00000000 LR_fiq=40000d73 SP_irq=01000000 LR_irq=00000000 SP_svc=00000000 LR_svc=00000000 PSR=N:0 Z:0 C:1 V:1 I:0 F:0 M1:0 M0:0 (USR)
00009c58 e0800000 add r0, r0, r0                     R0=38803478 R1=00000081 R2=02000000 R3=00000000 R4=5a827990 R5=00000000 R6=fffffff8 R7=00000008 R8=0000c300 R9=80000000 R10=ffffffdd R11=0000c104 R12=0000c103 SP=003fafe0 LR=60008c08 PC=00009c60 R8_fiq=00000000 R9_fiq=00000000 R10_fiq=00000000 R11_fiq=00001000 R12_fiq=01000000 SP_fiq=00000000 LR_fiq=40000d73 SP_irq=01000000 LR_irq=00000000 SP_svc=00000000 LR_svc=00000000 PSR=N:0 Z:0 C:1 V:1 I:0 F:0 M1:0 M0:0 (USR)
00009c5c e1b070e7 rors r7, r7, #1                    R0=710068f0 R1=00000081 R2=02000000 R3=00000000 R4=5a827990 R5=00000000 R6=fffffff8 R7=00000008 R8=0000c300 R9=80000000 R10=ffffffdd R11=0000c104 R12=0000c103 SP=003fafe0 LR=60008c08 PC=00009c64 R8_fiq=00000000 R9_fiq=00000000 R10_fiq=00000000 R11_fiq=00001000 R12_fiq=01000000 SP_fiq=00000000 LR_fiq=40000d73 SP_irq=01000000 LR_irq=00000000 SP_svc=00000000 LR_svc=00000000 PSR=N:0 Z:0 C:1 V:1 I:0 F:0 M1:0 M0:0 (USR)
00009c60 5afffff7 bpl &9c44                          R0=710068f0 R1=00000081 R2=02000000 R3=00000000 R4=5a827990 R5=00000000 R6=fffffff8 R7=00000004 R8=0000c300 R9=80000000 R10=ffffffdd R11=0000c104 R12=0000c103 SP=003fafe0 LR=60008c08 PC=00009c68 R8_fiq=00000000 R9_fiq=00000000 R10_fiq=00000000 R11_fiq=00001000 R12_fiq=01000000 SP_fiq=00000000 LR_fiq=40000d73 SP_irq=01000000 LR_irq=00000000 SP_svc=00000000 LR_svc=00000000 PSR=N:0 Z:0 C:0 V:1 I:0 F:0 M1:0 M0:0 (USR)
00009c44 e0244007 eor r4, r4, r7                     R0=710068f0 R1=00000081 R2=02000000 R3=00000000 R4=5a827990 R5=00000000 R6=fffffff8 R7=00000004 R8=0000c300 R9=80000000 R10=ffffffdd R11=0000c104 R12=0000c103 SP=003fafe0 LR=60008c08 PC=00009c4c R8_fiq=00000000 R9_fiq=00000000 R10_fiq=00000000 R11_fiq=00001000 R12_fiq=01000000 SP_fiq=00000000 LR_fiq=40000d73 SP_irq=01000000 LR_irq=00000000 SP_svc=00000000 LR_svc=00000000 PSR=N:0 Z:0 C:0 V:1 I:0 F:0 M1:0 M0:0 (USR)
00009c48 e1500004 cmp r0, r4                         R0=710068f0 R1=00000081 R2=02000000 R3=00000000 R4=5a827994 R5=00000000 R6=fffffff8 R7=00000004 R8=0000c300 R9=80000000 R10=ffffffdd R11=0000c104 R12=0000c103 SP=003fafe0 LR=60008c08 PC=00009c50 R8_fiq=00000000 R9_fiq=00000000 R10_fiq=00000000 R11_fiq=00001000 R12_fiq=01000000 SP_fiq=00000000 LR_fiq=40000d73 SP_irq=01000000 LR_irq=00000000 SP_svc=00000000 LR_svc=00000000 PSR=N:0 Z:0 C:0 V:1 I:0 F:0 M1:0 M0:0 (USR)
00009c4c 20400004 subcs r0, r0, r4                   R0=710068f0 R1=00000081 R2=02000000 R3=00000000 R4=5a827994 R5=00000000 R6=fffffff8 R7=00000004 R8=0000c300 R9=80000000 R10=ffffffdd R11=0000c104 R12=0000c103 SP=003fafe0 LR=60008c08 PC=00009c54 R8_fiq=00000000 R9_fiq=00000000 R10_fiq=00000000 R11_fiq=00001000 R12_fiq=01000000 SP_fiq=00000000 LR_fiq=40000d73 SP_irq=01000000 LR_irq=00000000 SP_svc=00000000 LR_svc=00000000 PSR=N:0 Z:0 C:1 V:0 I:0 F:0 M1:0 M0:0 (USR)
00009c50 20244087 eorcs r4, r4, r7, lsl #1           R0=167def5c R1=00000081 R2=02000000 R3=00000000 R4=5a827994 R5=00000000 R6=fffffff8 R7=00000004 R8=0000c300 R9=80000000 R10=ffffffdd R11=0000c104 R12=0000c103 SP=003fafe0 LR=60008c08 PC=00009c58 R8_fiq=00000000 R9_fiq=00000000 R10_fiq=00000000 R11_fiq=00001000 R12_fiq=01000000 SP_fiq=00000000 LR_fiq=40000d73 SP_irq=01000000 LR_irq=00000000 SP_svc=00000000 LR_svc=00000000 PSR=N:0 Z:0 C:1 V:0 I:0 F:0 M1:0 M0:0 (USR)
00009c54 e0244007 eor r4, r4, r7                     R0=167def5c R1=00000081 R2=02000000 R3=00000000 R4=5a82799c R5=00000000 R6=fffffff8 R7=00000004 R8=0000c300 R9=80000000 R10=ffffffdd R11=0000c104 R12=0000c103 SP=003fafe0 LR=60008c08 PC=00009c5c R8_fiq=00000000 R9_fiq=00000000 R10_fiq=00000000 R11_fiq=00001000 R12_fiq=01000000 SP_fiq=00000000 LR_fiq=40000d73 SP_irq=01000000 LR_irq=00000000 SP_svc=00000000 LR_svc=00000000 PSR=N:0 Z:0 C:1 V:0 I:0 F:0 M1:0 M0:0 (USR)
00009c58 e0800000 add r0, r0, r0                     R0=167def5c R1=00000081 R2=02000000 R3=00000000 R4=5a827998 R5=00000000 R6=fffffff8 R7=00000004 R8=0000c300 R9=80000000 R10=ffffffdd R11=0000c104 R12=0000c103 SP=003fafe0 LR=60008c08 PC=00009c60 R8_fiq=00000000 R9_fiq=00000000 R10_fiq=00000000 R11_fiq=00001000 R12_fiq=01000000 SP_fiq=00000000 LR_fiq=40000d73 SP_irq=01000000 LR_irq=00000000 SP_svc=00000000 LR_svc=00000000 PSR=N:0 Z:0 C:1 V:0 I:0 F:0 M1:0 M0:0 (USR)
00009c5c e1b070e7 rors r7, r7, #1                    R0=2cfbdeb8 R1=00000081 R2=02000000 R3=00000000 R4=5a827998 R5=00000000 R6=fffffff8 R7=00000004 R8=0000c300 R9=80000000 R10=ffffffdd R11=0000c104 R12=0000c103 SP=003fafe0 LR=60008c08 PC=00009c64 R8_fiq=00000000 R9_fiq=00000000 R10_fiq=00000000 R11_fiq=00001000 R12_fiq=01000000 SP_fiq=00000000 LR_fiq=40000d73 SP_irq=01000000 LR_irq=00000000 SP_svc=00000000 LR_svc=00000000 PSR=N:0 Z:0 C:1 V:0 I:0 F:0 M1:0 M0:0 (USR)
00009c60 5afffff7 bpl &9c44                          R0=2cfbdeb8 R1=00000081 R2=02000000 R3=00000000 R4=5a827998 R5=00000000 R6=fffffff8 R7=00000002 R8=0000c300 R9=80000000 R10=ffffffdd R11=0000c104 R12=0000c103 SP=003fafe0 LR=60008c08 PC=00009c68 R8_fiq=00000000 R9_fiq=00000000 R10_fiq=00000000 R11_fiq=00001000 R12_fiq=01000000 SP_fiq=00000000 LR_fiq=40000d73 SP_irq=01000000 LR_irq=00000000 SP_svc=00000000 LR_svc=00000000 PSR=N:0 Z:0 C:0 V:0 I:0 F:0 M1:0 M0:0 (USR)
00009c44 e0244007 eor r4, r4, r7                     R0=2cfbdeb8 R1=00000081 R2=02000000 R3=00000000 R4=5a827998 R5=00000000 R6=fffffff8 R7=00000002 R8=0000c300 R9=80000000 R10=ffffffdd R11=0000c104 R12=0000c103 SP=003fafe0 LR=60008c08 PC=00009c4c R8_fiq=00000000 R9_fiq=00000000 R10_fiq=00000000 R11_fiq=00001000 R12_fiq=01000000 SP_fiq=00000000 LR_fiq=40000d73 SP_irq=01000000 LR_irq=00000000 SP_svc=00000000 LR_svc=00000000 PSR=N:0 Z:0 C:0 V:0 I:0 F:0 M1:0 M0:0 (USR)
00009c48 e1500004 cmp r0, r4                         R0=2cfbdeb8 R1=00000081 R2=02000000 R3=00000000 R4=5a82799a R5=00000000 R6=fffffff8 R7=00000002 R8=0000c300 R9=80000000 R10=ffffffdd R11=0000c104 R12=0000c103 SP=003fafe0 LR=60008c08 PC=00009c50 R8_fiq=00000000 R9_fiq=00000000 R10_fiq=00000000 R11_fiq=00001000 R12_fiq=01000000 SP_fiq=00000000 LR_fiq=40000d73 SP_irq=01000000 LR_irq=00000000 SP_svc=00000000 LR_svc=00000000 PSR=N:0 Z:0 C:0 V:0 I:0 F:0 M1:0 M0:0 (USR)
00009c4c 20400004 subcs r0, r0, r4                   R0=2cfbdeb8 R1=00000081 R2=02000000 R3=00000000 R4=5a82799a R5=00000000 R6=fffffff8 R7=00000002 R8=0000c300 R9=80000000 R10=ffffffdd R11=0000c104 R12=0000c103 SP=003fafe0 LR=60008c08 PC=00009c54 R8_fiq=00000000 R9_fiq=00000000 R10_fiq=00000000 R11_fiq=00001000 R12_fiq=01000000 SP_fiq=00000000 LR_fiq=40000d73 SP_irq=01000000 LR_irq=00000000 SP_svc=00000000 LR_svc=00000000 PSR=N:1 Z:0 C:0 V:0 I:0 F:0 M1:0 M0:0 (USR)
00009c50 20244087 eorcs r4, r4, r7, lsl #1           R0=2cfbdeb8 R1=00000081 R2=02000000 R3=00000000 R4=5a82799a R5=00000000 R6=fffffff8 R7=00000002 R8=0000c300 R9=80000000 R10=ffffffdd R11=0000c104 R12=0000c103 SP=003fafe0 LR=60008c08 PC=00009c58 R8_fiq=00000000 R9_fiq=00000000 R10_fiq=00000000 R11_fiq=00001000 R12_fiq=01000000 SP_fiq=00000000 LR_fiq=40000d73 SP_irq=01000000 LR_irq=00000000 SP_svc=00000000 LR_svc=00000000 PSR=N:1 Z:0 C:0 V:0 I:0 F:0 M1:0 M0:0 (USR)
00009c54 e0244007 eor r4, r4, r7                     R0=2cfbdeb8 R1=00000081 R2=02000000 R3=00000000 R4=5a82799a R5=00000000 R6=fffffff8 R7=00000002 R8=0000c300 R9=80000000 R10=ffffffdd R11=0000c104 R12=0000c103 SP=003fafe0 LR=60008c08 PC=00009c5c R8_fiq=00000000 R9_fiq=00000000 R10_fiq=00000000 R11_fiq=00001000 R12_fiq=01000000 SP_fiq=00000000 LR_fiq=40000d73 SP_irq=01000000 LR_irq=00000000 SP_svc=00000000 LR_svc=00000000 PSR=N:1 Z:0 C:0 V:0 I:0 F:0 M1:0 M0:0 (USR)
00009c58 e0800000 add r0, r0, r0                     R0=2cfbdeb8 R1=00000081 R2=02000000 R3=00000000 R4=5a827998 R5=00000000 R6=fffffff8 R7=00000002 R8=0000c300 R9=80000000 R10=ffffffdd R11=0000c104 R12=0000c103 SP=003fafe0 LR=60008c08 PC=00009c60 R8_fiq=00000000 R9_fiq=00000000 R10_fiq=00000000 R11_fiq=00001000 R12_fiq=01000000 SP_fiq=00000000 LR_fiq=40000d73 SP_irq=01000000 LR_irq=00000000 SP_svc=00000000 LR_svc=00000000 PSR=N:1 Z:0 C:0 V:0 I:0 F:0 M1:0 M0:0 (USR)
00009c5c e1b070e7 rors r7, r7, #1                    R0=59f7bd70 R1=00000081 R2=02000000 R3=00000000 R4=5a827998 R5=00000000 R6=fffffff8 R7=00000002 R8=0000c300 R9=80000000 R10=ffffffdd R11=0000c104 R12=0000c103 SP=003fafe0 LR=60008c08 PC=00009c64 R8_fiq=00000000 R9_fiq=00000000 R10_fiq=00000000 R11_fiq=00001000 R12_fiq=01000000 SP_fiq=00000000 LR_fiq=40000d73 SP_irq=01000000 LR_irq=00000000 SP_svc=00000000 LR_svc=00000000 PSR=N:1 Z:0 C:0 V:0 I:0 F:0 M1:0 M0:0 (USR)
00009c60 5afffff7 bpl &9c44                          R0=59f7bd70 R1=00000081 R2=02000000 R3=00000000 R4=5a827998 R5=00000000 R6=fffffff8 R7=00000001 R8=0000c300 R9=80000000 R10=ffffffdd R11=0000c104 R12=0000c103 SP=003fafe0 LR=60008c08 PC=00009c68 R8_fiq=00000000 R9_fiq=00000000 R10_fiq=00000000 R11_fiq=00001000 R12_fiq=01000000 SP_fiq=00000000 LR_fiq=40000d73 SP_irq=01000000 LR_irq=00000000 SP_svc=00000000 LR_svc=00000000 PSR=N:0 Z:0 C:0 V:0 I:0 F:0 M1:0 M0:0 (USR)
00009c44 e0244007 eor r4, r4, r7                     R0=59f7bd70 R1=00000081 R2=02000000 R3=00000000 R4=5a827998 R5=00000000 R6=fffffff8 R7=00000001 R8=0000c300 R9=80000000 R10=ffffffdd R11=0000c104 R12=0000c103 SP=003fafe0 LR=60008c08 PC=00009c4c R8_fiq=00000000 R9_fiq=00000000 R10_fiq=00000000 R11_fiq=00001000 R12_fiq=01000000 SP_fiq=00000000 LR_fiq=40000d73 SP_irq=01000000 LR_irq=00000000 SP_svc=00000000 LR_svc=00000000 PSR=N:0 Z:0 C:0 V:0 I:0 F:0 M1:0 M0:0 (USR)
00009c48 e1500004 cmp r0, r4                         R0=59f7bd70 R1=00000081 R2=02000000 R3=00000000 R4=5a827999 R5=00000000 R6=fffffff8 R7=00000001 R8=0000c300 R9=80000000 R10=ffffffdd R11=0000c104 R12=0000c103 SP=003fafe0 LR=60008c08 PC=00009c50 R8_fiq=00000000 R9_fiq=00000000 R10_fiq=00000000 R11_fiq=00001000 R12_fiq=01000000 SP_fiq=00000000 LR_fiq=40000d73 SP_irq=01000000 LR_irq=00000000 SP_svc=00000000 LR_svc=00000000 PSR=N:0 Z:0 C:0 V:0 I:0 F:0 M1:0 M0:0 (USR)
00009c4c 20400004 subcs r0, r0, r4                   R0=59f7bd70 R1=00000081 R2=02000000 R3=00000000 R4=5a827999 R5=00000000 R6=fffffff8 R7=00000001 R8=0000c300 R9=80000000 R10=ffffffdd R11=0000c104 R12=0000c103 SP=003fafe0 LR=60008c08 PC=00009c54 R8_fiq=00000000 R9_fiq=00000000 R10_fiq=00000000 R11_fiq=00001000 R12_fiq=01000000 SP_fiq=00000000 LR_fiq=40000d73 SP_irq=01000000 LR_irq=00000000 SP_svc=00000000 LR_svc=00000000 PSR=N:1 Z:0 C:0 V:0 I:0 F:0 M1:0 M0:0 (USR)
00009c50 20244087 eorcs r4, r4, r7, lsl #1           R0=59f7bd70 R1=00000081 R2=02000000 R3=00000000 R4=5a827999 R5=00000000 R6=fffffff8 R7=00000001 R8=0000c300 R9=80000000 R10=ffffffdd R11=0000c104 R12=0000c103 SP=003fafe0 LR=60008c08 PC=00009c58 R8_fiq=00000000 R9_fiq=00000000 R10_fiq=00000000 R11_fiq=00001000 R12_fiq=01000000 SP_fiq=00000000 LR_fiq=40000d73 SP_irq=01000000 LR_irq=00000000 SP_svc=00000000 LR_svc=00000000 PSR=N:1 Z:0 C:0 V:0 I:0 F:0 M1:0 M0:0 (USR)
00009c54 e0244007 eor r4, r4, r7                     R0=59f7bd70 R1=00000081 R2=02000000 R3=00000000 R4=5a827999 R5=00000000 R6=fffffff8 R7=00000001 R8=0000c300 R9=80000000 R10=ffffffdd R11=0000c104 R12=0000c103 SP=003fafe0 LR=60008c08 PC=00009c5c R8_fiq=00000000 R9_fiq=00000000 R10_fiq=00000000 R11_fiq=00001000 R12_fiq=01000000 SP_fiq=00000000 LR_fiq=40000d73 SP_irq=01000000 LR_irq=00000000 SP_svc=00000000 LR_svc=00000000 PSR=N:1 Z:0 C:0 V:0 I:0 F:0 M1:0 M0:0 (USR)
00009c58 e0800000 add r0, r0, r0                     R0=59f7bd70 R1=00000081 R2=02000000 R3=00000000 R4=5a827998 R5=00000000 R6=fffffff8 R7=00000001 R8=0000c300 R9=80000000 R10=ffffffdd R11=0000c104 R12=0000c103 SP=003fafe0 LR=60008c08 PC=00009c60 R8_fiq=00000000 R9_fiq=00000000 R10_fiq=00000000 R11_fiq=00001000 R12_fiq=01000000 SP_fiq=00000000 LR_fiq=40000d73 SP_irq=01000000 LR_irq=00000000 SP_svc=00000000 LR_svc=00000000 PSR=N:1 Z:0 C:0 V:0 I:0 F:0 M1:0 M0:0 (USR)
00009c5c e1b070e7 rors r7, r7, #1                    R0=b3ef7ae0 R1=00000081 R2=02000000 R3=00000000 R4=5a827998 R5=00000000 R6=fffffff8 R7=00000001 R8=0000c300 R9=80000000 R10=ffffffdd R11=0000c104 R12=0000c103 SP=003fafe0 LR=60008c08 PC=00009c64 R8_fiq=00000000 R9_fiq=00000000 R10_fiq=00000000 R11_fiq=00001000 R12_fiq=01000000 SP_fiq=00000000 LR_fiq=40000d73 SP_irq=01000000 LR_irq=00000000 SP_svc=00000000 LR_svc=00000000 PSR=N:1 Z:0 C:0 V:0 I:0 F:0 M1:0 M0:0 (USR)
00009c60 5afffff7 bpl &9c44                          R0=b3ef7ae0 R1=00000081 R2=02000000 R3=00000000 R4=5a827998 R5=00000000 R6=fffffff8 R7=80000000 R8=0000c300 R9=80000000 R10=ffffffdd R11=0000c104 R12=0000c103 SP=003fafe0 LR=60008c08 PC=00009c68 R8_fiq=00000000 R9_fiq=00000000 R10_fiq=00000000 R11_fiq=00001000 R12_fiq=01000000 SP_fiq=00000000 LR_fiq=40000d73 SP_irq=01000000 LR_irq=00000000 SP_svc=00000000 LR_svc=00000000 PSR=N:1 Z:0 C:1 V:0 I:0 F:0 M1:0 M0:0 (USR)
00009c64 e3a06000 mov r6, #0                         R0=b3ef7ae0 R1=00000081 R2=02000000 R3=00000000 R4=5a827998 R5=00000000 R6=fffffff8 R7=80000000 R8=0000c300 R9=80000000 R10=ffffffdd R11=0000c104 R12=0000c103 SP=003fafe0 LR=60008c08 PC=00009c6c R8_fiq=00000000 R9_fiq=00000000 R10_fiq=00000000 R11_fiq=00001000 R12_fiq=01000000 SP_fiq=00000000 LR_fiq=40000d73 SP_irq=01000000 LR_irq=00000000 SP_svc=00000000 LR_svc=00000000 PSR=N:1 Z:0 C:1 V:0 I:0 F:0 M1:0 M0:0 (USR)
00009c68 e3a02000 mov r2, #0                         R0=b3ef7ae0 R1=00000081 R2=02000000 R3=00000000 R4=5a827998 R5=00000000 R6=00000000 R7=80000000 R8=0000c300 R9=80000000 R10=ffffffdd R11=0000c104 R12=0000c103 SP=003fafe0 LR=60008c08 PC=00009c70 R8_fiq=00000000 R9_fiq=00000000 R10_fiq=00000000 R11_fiq=00001000 R12_fiq=01000000 SP_fiq=00000000 LR_fiq=40000d73 SP_irq=01000000 LR_irq=00000000 SP_svc=00000000 LR_svc=00000000 PSR=N:1 Z:0 C:1 V:0 I:0 F:0 M1:0 M0:0 (USR)
00009c6c e0266007 eor r6, r6, r7                     R0=b3ef7ae0 R1=00000081 R2=00000000 R3=00000000 R4=5a827998 R5=00000000 R6=00000000 R7=80000000 R8=0000c300 R9=80000000 R10=ffffffdd R11=0000c104 R12=0000c103 SP=003fafe0 LR=60008c08 PC=00009c74 R8_fiq=00000000 R9_fiq=00000000 R10_fiq=00000000 R11_fiq=00001000 R12_fiq=01000000 SP_fiq=00000000 LR_fiq=40000d73 SP_irq=01000000 LR_irq=00000000 SP_svc=00000000 LR_svc=00000000 PSR=N:1 Z:0 C:1 V:0 I:0 F:0 M1:0 M0:0 (USR)
00009c70 e1500004 cmp r0, r4                         R0=b3ef7ae0 R1=00000081 R2=00000000 R3=00000000 R4=5a827998 R5=00000000 R6=80000000 R7=80000000 R8=0000c300 R9=80000000 R10=ffffffdd R11=0000c104 R12=0000c103 SP=003fafe0 LR=60008c08 PC=00009c78 R8_fiq=00000000 R9_fiq=00000000 R10_fiq=00000000 R11_fiq=00001000 R12_fiq=01000000 SP_fiq=00000000 LR_fiq=40000d73 SP_irq=01000000 LR_irq=00000000 SP_svc=00000000 LR_svc=00000000 PSR=N:1 Z:0 C:1 V:0 I:0 F:0 M1:0 M0:0 (USR)
00009c74 01520006 cmpeq r2, r6                       R0=b3ef7ae0 R1=00000081 R2=00000000 R3=00000000 R4=5a827998 R5=00000000 R6=80000000 R7=80000000 R8=0000c300 R9=80000000 R10=ffffffdd R11=0000c104 R12=0000c103 SP=003fafe0 LR=60008c08 PC=00009c7c R8_fiq=00000000 R9_fiq=00000000 R10_fiq=00000000 R11_fiq=00001000 R12_fiq=01000000 SP_fiq=00000000 LR_fiq=40000d73 SP_irq=01000000 LR_irq=00000000 SP_svc=00000000 LR_svc=00000000 PSR=N:0 Z:0 C:1 V:1 I:0 F:0 M1:0 M0:0 (USR)
00009c78 3a000003 bcc &9c8c                          R0=b3ef7ae0 R1=00000081 R2=00000000 R3=00000000 R4=5a827998 R5=00000000 R6=80000000 R7=80000000 R8=0000c300 R9=80000000 R10=ffffffdd R11=0000c104 R12=0000c103 SP=003fafe0 LR=60008c08 PC=00009c80 R8_fiq=00000000 R9_fiq=00000000 R10_fiq=00000000 R11_fiq=00001000 R12_fiq=01000000 SP_fiq=00000000 LR_fiq=40000d73 SP_irq=01000000 LR_irq=00000000 SP_svc=00000000 LR_svc=00000000 PSR=N:0 Z:0 C:1 V:1 I:0 F:0 M1:0 M0:0 (USR)
00009c7c e0522006 subs r2, r2, r6                    R0=b3ef7ae0 R1=00000081 R2=00000000 R3=00000000 R4=5a827998 R5=00000000 R6=80000000 R7=80000000 R8=0000c300 R9=80000000 R10=ffffffdd R11=0000c104 R12=0000c103 SP=003fafe0 LR=60008c08 PC=00009c84 R8_fiq=00000000 R9_fiq=00000000 R10_fiq=00000000 R11_fiq=00001000 R12_fiq=01000000 SP_fiq=00000000 LR_fiq=40000d73 SP_irq=01000000 LR_irq=00000000 SP_svc=00000000 LR_svc=00000000 PSR=N:0 Z:0 C:1 V:1 I:0 F:0 M1:0 M0:0 (USR)
00009c80 e0c00004 sbc r0, r0, r4                     R0=b3ef7ae0 R1=00000081 R2=80000000 R3=00000000 R4=5a827998 R5=00000000 R6=80000000 R7=80000000 R8=0000c300 R9=80000000 R10=ffffffdd R11=0000c104 R12=0000c103 SP=003fafe0 LR=60008c08 PC=00009c88 R8_fiq=00000000 R9_fiq=00000000 R10_fiq=00000000 R11_fiq=00001000 R12_fiq=01000000 SP_fiq=00000000 LR_fiq=40000d73 SP_irq=01000000 LR_irq=00000000 SP_svc=00000000 LR_svc=00000000 PSR=N:1 Z:0 C:0 V:1 I:0 F:0 M1:0 M0:0 (USR)
00009c84 e0266087 eor r6, r6, r7, lsl #1             R0=596d0147 R1=00000081 R2=80000000 R3=00000000 R4=5a827998 R5=00000000 R6=80000000 R7=80000000 R8=0000c300 R9=80000000 R10=ffffffdd R11=0000c104 R12=0000c103 SP=003fafe0 LR=60008c08 PC=00009c8c R8_fiq=00000000 R9_fiq=00000000 R10_fiq=00000000 R11_fiq=00001000 R12_fiq=01000000 SP_fiq=00000000 LR_fiq=40000d73 SP_irq=01000000 LR_irq=00000000 SP_svc=00000000 LR_svc=00000000 PSR=N:1 Z:0 C:0 V:1 I:0 F:0 M1:0 M0:0 (USR)
00009c88 e0244fa7 eor r4, r4, r7, lsr #31            R0=596d0147 R1=00000081 R2=80000000 R3=00000000 R4=5a827998 R5=00000000 R6=80000000 R7=80000000 R8=0000c300 R9=80000000 R10=ffffffdd R11=0000c104 R12=0000c103 SP=003fafe0 LR=60008c08 PC=00009c90 R8_fiq=00000000 R9_fiq=00000000 R10_fiq=00000000 R11_fiq=00001000 R12_fiq=01000000 SP_fiq=00000000 LR_fiq=40000d73 SP_irq=01000000 LR_irq=00000000 SP_svc=00000000 LR_svc=00000000 PSR=N:1 Z:0 C:0 V:1 I:0 F:0 M1:0 M0:0 (USR)
00009c8c e0266007 eor r6, r6, r7                     R0=596d0147 R1=00000081 R2=80000000 R3=00000000 R4=5a827999 R5=00000000 R6=80000000 R7=80000000 R8=0000c300 R9=80000000 R10=ffffffdd R11=0000c104 R12=0000c103 SP=003fafe0 LR=60008c08 PC=00009c94 R8_fiq=00000000 R9_fiq=00000000 R10_fiq=00000000 R11_fiq=00001000 R12_fiq=01000000 SP_fiq=00000000 LR_fiq=40000d73 SP_irq=01000000 LR_irq=00000000 SP_svc=00000000 LR_svc=00000000 PSR=N:1 Z:0 C:0 V:1 I:0 F:0 M1:0 M0:0 (USR)
00009c90 e0922002 adds r2, r2, r2                    R0=596d0147 R1=00000081 R2=80000000 R3=00000000 R4=5a827999 R5=00000000 R6=00000000 R7=80000000 R8=0000c300 R9=80000000 R10=ffffffdd R11=0000c104 R12=0000c103 SP=003fafe0 LR=60008c08 PC=00009c98 R8_fiq=00000000 R9_fiq=00000000 R10_fiq=00000000 R11_fiq=00001000 R12_fiq=01000000 SP_fiq=00000000 LR_fiq=40000d73 SP_irq=01000000 LR_irq=00000000 SP_svc=00000000 LR_svc=00000000 PSR=N:1 Z:0 C:0 V:1 I:0 F:0 M1:0 M0:0 (USR)
00009c94 e0a00000 adc r0, r0, r0                     R0=596d0147 R1=00000081 R2=00000000 R3=00000000 R4=5a827999 R5=00000000 R6=00000000 R7=80000000 R8=0000c300 R9=80000000 R10=ffffffdd R11=0000c104 R12=0000c103 SP=003fafe0 LR=60008c08 PC=00009c9c R8_fiq=00000000 R9_fiq=00000000 R10_fiq=00000000 R11_fiq=00001000 R12_fiq=01000000 SP_fiq=00000000 LR_fiq=40000d73 SP_irq=01000000 LR_irq=00000000 SP_svc=00000000 LR_svc=00000000 PSR=N:0 Z:1 C:1 V:1 I:0 F:0 M1:0 M0:0 (USR)
00009c98 e1a070a7 lsr r7, r7, #1                     R0=b2da028f R1=00000081 R2=00000000 R3=00000000 R4=5a827999 R5=00000000 R6=00000000 R7=80000000 R8=0000c300 R9=80000000 R10=ffffffdd R11=0000c104 R12=0000c103 SP=003fafe0 LR=60008c08 PC=00009ca0 R8_fiq=00000000 R9_fiq=00000000 R10_fiq=00000000 R11_fiq=00001000 R12_fiq=01000000 SP_fiq=00000000 LR_fiq=40000d73 SP_irq=01000000 LR_irq=00000000 SP_svc=00000000 LR_svc=00000000 PSR=N:0 Z:1 C:1 V:1 I:0 F:0 M1:0 M0:0 (USR)
00009c9c e3570201 cmp r7, #&10000000                 R0=b2da028f R1=00000081 R2=00000000 R3=00000000 R4=5a827999 R5=00000000 R6=00000000 R7=40000000 R8=0000c300 R9=80000000 R10=ffffffdd R11=0000c104 R12=0000c103 SP=003fafe0 LR=60008c08 PC=00009ca4 R8_fiq=00000000 R9_fiq=00000000 R10_fiq=00000000 R11_fiq=00001000 R12_fiq=01000000 SP_fiq=00000000 LR_fiq=40000d73 SP_irq=01000000 LR_irq=00000000 SP_svc=00000000 LR_svc=00000000 PSR=N:0 Z:1 C:1 V:1 I:0 F:0 M1:0 M0:0 (USR)
00009ca0 1afffff1 bne &9c6c                          R0=b2da028f R1=00000081 R2=00000000 R3=00000000 R4=5a827999 R5=00000000 R6=00000000 R7=40000000 R8=0000c300 R9=80000000 R10=ffffffdd R11=0000c104 R12=0000c103 SP=003fafe0 LR=60008c08 PC=00009ca8 R8_fiq=00000000 R9_fiq=00000000 R10_fiq=00000000 R11_fiq=00001000 R12_fiq=01000000 SP_fiq=00000000 LR_fiq=40000d73 SP_irq=01000000 LR_irq=00000000 SP_svc=00000000 LR_svc=00000000 PSR=N:0 Z:0 C:1 V:0 I:0 F:0 M1:0 M0:0 (USR)
00009c6c e0266007 eor r6, r6, r7                     R0=b2da028f R1=00000081 R2=00000000 R3=00000000 R4=5a827999 R5=00000000 R6=00000000 R7=40000000 R8=0000c300 R9=80000000 R10=ffffffdd R11=0000c104 R12=0000c103 SP=003fafe0 LR=60008c08 PC=00009c74 R8_fiq=00000000 R9_fiq=00000000 R10_fiq=00000000 R11_fiq=00001000 R12_fiq=01000000 SP_fiq=00000000 LR_fiq=40000d73 SP_irq=01000000 LR_irq=00000000 SP_svc=00000000 LR_svc=00000000 PSR=N:0 Z:0 C:1 V:0 I:0 F:0 M1:0 M0:0 (USR)
00009c70 e1500004 cmp r0, r4                         R0=b2da028f R1=00000081 R2=00000000 R3=00000000 R4=5a827999 R5=00000000 R6=40000000 R7=40000000 R8=0000c300 R9=80000000 R10=ffffffdd R11=0000c104 R12=0000c103 SP=003fafe0 LR=60008c08 PC=00009c78 R8_fiq=00000000 R9_fiq=00000000 R10_fiq=00000000 R11_fiq=00001000 R12_fiq=01000000 SP_fiq=00000000 LR_fiq=40000d73 SP_irq=01000000 LR_irq=00000000 SP_svc=00000000 LR_svc=00000000 PSR=N:0 Z:0 C:1 V:0 I:0 F:0 M1:0 M0:0 (USR)
00009c74 01520006 cmpeq r2, r6                       R0=b2da028f R1=00000081 R2=00000000 R3=00000000 R4=5a827999 R5=00000000 R6=40000000 R7=40000000 R8=0000c300 R9=80000000 R10=ffffffdd R11=0000c104 R12=0000c103 SP=003fafe0 LR=60008c08 PC=00009c7c R8_fiq=00000000 R9_fiq=00000000 R10_fiq=00000000 R11_fiq=00001000 R12_fiq=01000000 SP_fiq=00000000 LR_fiq=40000d73 SP_irq=01000000 LR_irq=00000000 SP_svc=00000000 LR_svc=00000000 PSR=N:0 Z:0 C:1 V:1 I:0 F:0 M1:0 M0:0 (USR)
00009c78 3a000003 bcc &9c8c                          R0=b2da028f R1=00000081 R2=00000000 R3=00000000 R4=5a827999 R5=00000000 R6=40000000 R7=40000000 R8=0000c300 R9=80000000 R10=ffffffdd R11=0000c104 R12=0000c103 SP=003fafe0 LR=60008c08 PC=00009c80 R8_fiq=00000000 R9_fiq=00000000 R10_fiq=00000000 R11_fiq=00001000 R12_fiq=01000000 SP_fiq=00000000 LR_fiq=40000d73 SP_irq=01000000 LR_irq=00000000 SP_svc=00000000 LR_svc=00000000 PSR=N:0 Z:0 C:1 V:1 I:0 F:0 M1:0 M0:0 (USR)
00009c7c e0522006 subs r2, r2, r6                    R0=b2da028f R1=00000081 R2=00000000 R3=00000000 R4=5a827999 R5=00000000 R6=40000000 R7=40000000 R8=0000c300 R9=80000000 R10=ffffffdd R11=0000c104 R12=0000c103 SP=003fafe0 LR=60008c08 PC=00009c84 R8_fiq=00000000 R9_fiq=00000000 R10_fiq=00000000 R11_fiq=00001000 R12_fiq=01000000 SP_fiq=00000000 LR_fiq=40000d73 SP_irq=01000000 LR_irq=00000000 SP_svc=00000000 LR_svc=00000000 PSR=N:0 Z:0 C:1 V:1 I:0 F:0 M1:0 M0:0 (USR)
00009c80 e0c00004 sbc r0, r0, r4                     R0=b2da028f R1=00000081 R2=c0000000 R3=00000000 R4=5a827999 R5=00000000 R6=40000000 R7=40000000 R8=0000c300 R9=80000000 R10=ffffffdd R11=0000c104 R12=0000c103 SP=003fafe0 LR=60008c08 PC=00009c88 R8_fiq=00000000 R9_fiq=00000000 R10_fiq=00000000 R11_fiq=00001000 R12_fiq=01000000 SP_fiq=00000000 LR_fiq=40000d73 SP_irq=01000000 LR_irq=00000000 SP_svc=00000000 LR_svc=00000000 PSR=N:1 Z:0 C:0 V:0 I:0 F:0 M1:0 M0:0 (USR)
00009c84 e0266087 eor r6, r6, r7, lsl #1             R0=585788f5 R1=00000081 R2=c0000000 R3=00000000 R4=5a827999 R5=00000000 R6=40000000 R7=40000000 R8=0000c300 R9=80000000 R10=ffffffdd R11=0000c104 R12=0000c103 SP=003fafe0 LR=60008c08 PC=00009c8c R8_fiq=00000000 R9_fiq=00000000 R10_fiq=00000000 R11_fiq=00001000 R12_fiq=01000000 SP_fiq=00000000 LR_fiq=40000d73 SP_irq=01000000 LR_irq=00000000 SP_svc=00000000 LR_svc=00000000 PSR=N:1 Z:0 C:0 V:0 I:0 F:0 M1:0 M0:0 (USR)
00009c88 e0244fa7 eor r4, r4, r7, lsr #31            R0=585788f5 R1=00000081 R2=c0000000 R3=00000000 R4=5a827999 R5=00000000 R6=c0000000 R7=40000000 R8=0000c300 R9=80000000 R10=ffffffdd R11=0000c104 R12=0000c103 SP=003fafe0 LR=60008c08 PC=00009c90 R8_fiq=00000000 R9_fiq=00000000 R10_fiq=00000000 R11_fiq=00001000 R12_fiq=01000000 SP_fiq=00000000 LR_fiq=40000d73 SP_irq=01000000 LR_irq=00000000 SP_svc=00000000 LR_svc=00000000 PSR=N:1 Z:0 C:0 V:0 I:0 F:0 M1:0 M0:0 (USR)
00009c8c e0266007 eor r6, r6, r7                     R0=585788f5 R1=00000081 R2=c0000000 R3=00000000 R4=5a827999 R5=00000000 R6=c0000000 R7=40000000 R8=0000c300 R9=80000000 R10=ffffffdd R11=0000c104 R12=0000c103 SP=003fafe0 LR=60008c08 PC=00009c94 R8_fiq=00000000 R9_fiq=00000000 R10_fiq=00000000 R11_fiq=00001000 R12_fiq=01000000 SP_fiq=00000000 LR_fiq=40000d73 SP_irq=01000000 LR_irq=00000000 SP_svc=00000000 LR_svc=00000000 PSR=N:1 Z:0 C:0 V:0 I:0 F:0 M1:0 M0:0 (USR)
00009c90 e0922002 adds r2, r2, r2                    R0=585788f5 R1=00000081 R2=c0000000 R3=00000000 R4=5a827999 R5=00000000 R6=80000000 R7=40000000 R8=0000c300 R9=80000000 R10=ffffffdd R11=0000c104 R12=0000c103 SP=003fafe0 LR=60008c08 PC=00009c98 R8_fiq=00000000 R9_fiq=00000000 R10_fiq=00000000 R11_fiq=00001000 R12_fiq=01000000 SP_fiq=00000000 LR_fiq=40000d73 SP_irq=01000000 LR_irq=00000000 SP_svc=00000000 LR_svc=00000000 PSR=N:1 Z:0 C:0 V:0 I:0 F:0 M1:0 M0:0 (USR)
00009c94 e0a00000 adc r0, r0, r0                     R0=585788f5 R1=00000081 R2=80000000 R3=00000000 R4=5a827999 R5=00000000 R6=80000000 R7=40000000 R8=0000c300 R9=80000000 R10=ffffffdd R11=0000c104 R12=0000c103 SP=003fafe0 LR=60008c08 PC=00009c9c R8_fiq=00000000 R9_fiq=00000000 R10_fiq=00000000 R11_fiq=00001000 R12_fiq=01000000 SP_fiq=00000000 LR_fiq=40000d73 SP_irq=01000000 LR_irq=00000000 SP_svc=00000000 LR_svc=00000000 PSR=N:1 Z:0 C:1 V:0 I:0 F:0 M1:0 M0:0 (USR)
00009c98 e1a070a7 lsr r7, r7, #1                     R0=b0af11eb R1=00000081 R2=80000000 R3=00000000 R4=5a827999 R5=00000000 R6=80000000 R7=40000000 R8=0000c300 R9=80000000 R10=ffffffdd R11=0000c104 R12=0000c103 SP=003fafe0 LR=60008c08 PC=00009ca0 R8_fiq=00000000 R9_fiq=00000000 R10_fiq=00000000 R11_fiq=00001000 R12_fiq=01000000 SP_fiq=00000000 LR_fiq=40000d73 SP_irq=01000000 LR_irq=00000000 SP_svc=00000000 LR_svc=00000000 PSR=N:1 Z:0 C:1 V:0 I:0 F:0 M1:0 M0:0 (USR)
00009c9c e3570201 cmp r7, #&10000000                 R0=b0af11eb R1=00000081 R2=80000000 R3=00000000 R4=5a827999 R5=00000000 R6=80000000 R7=20000000 R8=0000c300 R9=80000000 R10=ffffffdd R11=0000c104 R12=0000c103 SP=003fafe0 LR=60008c08 PC=00009ca4 R8_fiq=00000000 R9_fiq=00000000 R10_fiq=00000000 R11_fiq=00001000 R12_fiq=01000000 SP_fiq=00000000 LR_fiq=40000d73 SP_irq=01000000 LR_irq=00000000 SP_svc=00000000 LR_svc=00000000 PSR=N:1 Z:0 C:1 V:0 I:0 F:0 M1:0 M0:0 (USR)
00009ca0 1afffff1 bne &9c6c                          R0=b0af11eb R1=00000081 R2=80000000 R3=00000000 R4=5a827999 R5=00000000 R6=80000000 R7=20000000 R8=0000c300 R9=80000000 R10=ffffffdd R11=0000c104 R12=0000c103 SP=003fafe0 LR=60008c08 PC=00009ca8 R8_fiq=00000000 R9_fiq=00000000 R10_fiq=00000000 R11_fiq=00001000 R12_fiq=01000000 SP_fiq=00000000 LR_fiq=40000d73 SP_irq=01000000 LR_irq=00000000 SP_svc=00000000 LR_svc=00000000 PSR=N:0 Z:0 C:1 V:0 I:0 F:0 M1:0 M0:0 (USR)
00009c6c e0266007 eor r6, r6, r7                     R0=b0af11eb R1=00000081 R2=80000000 R3=00000000 R4=5a827999 R5=00000000 R6=80000000 R7=20000000 R8=0000c300 R9=80000000 R10=ffffffdd R11=0000c104 R12=0000c103 SP=003fafe0 LR=60008c08 PC=00009c74 R8_fiq=00000000 R9_fiq=00000000 R10_fiq=00000000 R11_fiq=00001000 R12_fiq=01000000 SP_fiq=00000000 LR_fiq=40000d73 SP_irq=01000000 LR_irq=00000000 SP_svc=00000000 LR_svc=00000000 PSR=N:0 Z:0 C:1 V:0 I:0 F:0 M1:0 M0:0 (USR)
00009c70 e1500004 cmp r0, r4                         R0=b0af11eb R1=00000081 R2=80000000 R3=00000000 R4=5a827999 R5=00000000 R6=a0000000 R7=20000000 R8=0000c300 R9=80000000 R10=ffffffdd R11=0000c104 R12=0000c103 SP=003fafe0 LR=60008c08 PC=00009c78 R8_fiq=00000000 R9_fiq=00000000 R10_fiq=00000000 R11_fiq=00001000 R12_fiq=01000000 SP_fiq=00000000 LR_fiq=40000d73 SP_irq=01000000 LR_irq=00000000 SP_svc=00000000 LR_svc=00000000 PSR=N:0 Z:0 C:1 V:0 I:0 F:0 M1:0 M0:0 (USR)
00009c74 01520006 cmpeq r2, r6                       R0=b0af11eb R1=00000081 R2=80000000 R3=00000000 R4=5a827999 R5=00000000 R6=a0000000 R7=20000000 R8=0000c300 R9=80000000 R10=ffffffdd R11=0000c104 R12=0000c103 SP=003fafe0 LR=60008c08 PC=00009c7c R8_fiq=00000000 R9_fiq=00000000 R10_fiq=00000000 R11_fiq=00001000 R12_fiq=01000000 SP_fiq=00000000 LR_fiq=40000d73 SP_irq=01000000 LR_irq=00000000 SP_svc=00000000 LR_svc=00000000 PSR=N:0 Z:0 C:1 V:1 I:0 F:0 M1:0 M0:0 (USR)
00009c78 3a000003 bcc &9c8c                          R0=b0af11eb R1=00000081 R2=80000000 R3=00000000 R4=5a827999 R5=00000000 R6=a0000000 R7=20000000 R8=0000c300 R9=80000000 R10=ffffffdd R11=0000c104 R12=0000c103 SP=003fafe0 LR=60008c08 PC=00009c80 R8_fiq=00000000 R9_fiq=00000000 R10_fiq=00000000 R11_fiq=00001000 R12_fiq=01000000 SP_fiq=00000000 LR_fiq=40000d73 SP_irq=01000000 LR_irq=00000000 SP_svc=00000000 LR_svc=00000000 PSR=N:0 Z:0 C:1 V:1 I:0 F:0 M1:0 M0:0 (USR)
00009c7c e0522006 subs r2, r2, r6                    R0=b0af11eb R1=00000081 R2=80000000 R3=00000000 R4=5a827999 R5=00000000 R6=a0000000 R7=20000000 R8=0000c300 R9=80000000 R10=ffffffdd R11=0000c104 R12=0000c103 SP=003fafe0 LR=60008c08 PC=00009c84 R8_fiq=00000000 R9_fiq=00000000 R10_fiq=00000000 R11_fiq=00001000 R12_fiq=01000000 SP_fiq=00000000 LR_fiq=40000d73 SP_irq=01000000 LR_irq=00000000 SP_svc=00000000 LR_svc=00000000 PSR=N:0 Z:0 C:1 V:1 I:0 F:0 M1:0 M0:0 (USR)
00009c80 e0c00004 sbc r0, r0, r4                     R0=b0af11eb R1=00000081 R2=e0000000 R3=00000000 R4=5a827999 R5=00000000 R6=a0000000 R7=20000000 R8=0000c300 R9=80000000 R10=ffffffdd R11=0000c104 R12=0000c103 SP=003fafe0 LR=60008c08 PC=00009c88 R8_fiq=00000000 R9_fiq=00000000 R10_fiq=00000000 R11_fiq=00001000 R12_fiq=01000000 SP_fiq=00000000 LR_fiq=40000d73 SP_irq=01000000 LR_irq=00000000 SP_svc=00000000 LR_svc=00000000 PSR=N:1 Z:0 C:0 V:0 I:0 F:0 M1:0 M0:0 (USR)
00009c84 e0266087 eor r6, r6, r7, lsl #1             R0=562c9851 R1=00000081 R2=e0000000 R3=00000000 R4=5a827999 R5=00000000 R6=a0000000 R7=20000000 R8=0000c300 R9=80000000 R10=ffffffdd R11=0000c104 R12=0000c103 SP=003fafe0 LR=60008c08 PC=00009c8c R8_fiq=00000000 R9_fiq=00000000 R10_fiq=00000000 R11_fiq=00001000 R12_fiq=01000000 SP_fiq=00000000 LR_fiq=40000d73 SP_irq=01000000 LR_irq=00000000 SP_svc=00000000 LR_svc=00000000 PSR=N:1 Z:0 C:0 V:0 I:0 F:0 M1:0 M0:0 (USR)
00009c88 e0244fa7 eor r4, r4, r7, lsr #31            R0=562c9851 R1=00000081 R2=e0000000 R3=00000000 R4=5a827999 R5=00000000 R6=e0000000 R7=20000000 R8=0000c300 R9=80000000 R10=ffffffdd R11=0000c104 R12=0000c103 SP=003fafe0 LR=60008c08 PC=00009c90 R8_fiq=00000000 R9_fiq=00000000 R10_fiq=00000000 R11_fiq=00001000 R12_fiq=01000000 SP_fiq=00000000 LR_fiq=40000d73 SP_irq=01000000 LR_irq=00000000 SP_svc=00000000 LR_svc=00000000 PSR=N:1 Z:0 C:0 V:0 I:0 F:0 M1:0 M0:0 (USR)
00009c8c e0266007 eor r6, r6, r7                     R0=562c9851 R1=00000081 R2=e0000000 R3=00000000 R4=5a827999 R5=00000000 R6=e0000000 R7=20000000 R8=0000c300 R9=80000000 R10=ffffffdd R11=0000c104 R12=0000c103 SP=003fafe0 LR=60008c08 PC=00009c94 R8_fiq=00000000 R9_fiq=00000000 R10_fiq=00000000 R11_fiq=00001000 R12_fiq=01000000 SP_fiq=00000000 LR_fiq=40000d73 SP_irq=01000000 LR_irq=00000000 SP_svc=00000000 LR_svc=00000000 PSR=N:1 Z:0 C:0 V:0 I:0 F:0 M1:0 M0:0 (USR)
00009c90 e0922002 adds r2, r2, r2                    R0=562c9851 R1=00000081 R2=e0000000 R3=00000000 R4=5a827999 R5=00000000 R6=c0000000 R7=20000000 R8=0000c300 R9=80000000 R10=ffffffdd R11=0000c104 R12=0000c103 SP=003fafe0 LR=60008c08 PC=00009c98 R8_fiq=00000000 R9_fiq=00000000 R10_fiq=00000000 R11_fiq=00001000 R12_fiq=01000000 SP_fiq=00000000 LR_fiq=40000d73 SP_irq=01000000 LR_irq=00000000 SP_svc=00000000 LR_svc=00000000 PSR=N:1 Z:0 C:0 V:0 I:0 F:0 M1:0 M0:0 (USR)
00009c94 e0a00000 adc r0, r0, r0                     R0=562c9851 R1=00000081 R2=c0000000 R3=00000000 R4=5a827999 R5=00000000 R6=c0000000 R7=20000000 R8=0000c300 R9=80000000 R10=ffffffdd R11=0000c104 R12=0000c103 SP=003fafe0 LR=60008c08 PC=00009c9c R8_fiq=00000000 R9_fiq=00000000 R10_fiq=00000000 R11_fiq=00001000 R12_fiq=01000000 SP_fiq=00000000 LR_fiq=40000d73 SP_irq=01000000 LR_irq=00000000 SP_svc=00000000 LR_svc=00000000 PSR=N:1 Z:0 C:1 V:0 I:0 F:0 M1:0 M0:0 (USR)
00009c98 e1a070a7 lsr r7, r7, #1                     R0=ac5930a3 R1=00000081 R2=c0000000 R3=00000000 R4=5a827999 R5=00000000 R6=c0000000 R7=20000000 R8=0000c300 R9=80000000 R10=ffffffdd R11=0000c104 R12=0000c103 SP=003fafe0 LR=60008c08 PC=00009ca0 R8_fiq=00000000 R9_fiq=00000000 R10_fiq=00000000 R11_fiq=00001000 R12_fiq=01000000 SP_fiq=00000000 LR_fiq=40000d73 SP_irq=01000000 LR_irq=00000000 SP_svc=00000000 LR_svc=00000000 PSR=N:1 Z:0 C:1 V:0 I:0 F:0 M1:0 M0:0 (USR)
00009c9c e3570201 cmp r7, #&10000000                 R0=ac5930a3 R1=00000081 R2=c0000000 R3=00000000 R4=5a827999 R5=00000000 R6=c0000000 R7=10000000 R8=0000c300 R9=80000000 R10=ffffffdd R11=0000c104 R12=0000c103 SP=003fafe0 LR=60008c08 PC=00009ca4 R8_fiq=00000000 R9_fiq=00000000 R10_fiq=00000000 R11_fiq=00001000 R12_fiq=01000000 SP_fiq=00000000 LR_fiq=40000d73 SP_irq=01000000 LR_irq=00000000 SP_svc=00000000 LR_svc=00000000 PSR=N:1 Z:0 C:1 V:0 I:0 F:0 M1:0 M0:0 (USR)
00009ca0 1afffff1 bne &9c6c                          R0=ac5930a3 R1=00000081 R2=c0000000 R3=00000000 R4=5a827999 R5=00000000 R6=c0000000 R7=10000000 R8=0000c300 R9=80000000 R10=ffffffdd R11=0000c104 R12=0000c103 SP=003fafe0 LR=60008c08 PC=00009ca8 R8_fiq=00000000 R9_fiq=00000000 R10_fiq=00000000 R11_fiq=00001000 R12_fiq=01000000 SP_fiq=00000000 LR_fiq=40000d73 SP_irq=01000000 LR_irq=00000000 SP_svc=00000000 LR_svc=00000000 PSR=N:0 Z:1 C:1 V:0 I:0 F:0 M1:0 M0:0 (USR)
00009ca4 e1807002 orr r7, r0, r2                     R0=ac5930a3 R1=00000081 R2=c0000000 R3=00000000 R4=5a827999 R5=00000000 R6=c0000000 R7=10000000 R8=0000c300 R9=80000000 R10=ffffffdd R11=0000c104 R12=0000c103 SP=003fafe0 LR=60008c08 PC=00009cac R8_fiq=00000000 R9_fiq=00000000 R10_fiq=00000000 R11_fiq=00001000 R12_fiq=01000000 SP_fiq=00000000 LR_fiq=40000d73 SP_irq=01000000 LR_irq=00000000 SP_svc=00000000 LR_svc=00000000 PSR=N:0 Z:1 C:1 V:0 I:0 F:0 M1:0 M0:0 (USR)
00009ca8 e1b02086 lsls r2, r6, #1                    R0=ac5930a3 R1=00000081 R2=c0000000 R3=00000000 R4=5a827999 R5=00000000 R6=c0000000 R7=ec5930a3 R8=0000c300 R9=80000000 R10=ffffffdd R11=0000c104 R12=0000c103 SP=003fafe0 LR=60008c08 PC=00009cb0 R8_fiq=00000000 R9_fiq=00000000 R10_fiq=00000000 R11_fiq=00001000 R12_fiq=01000000 SP_fiq=00000000 LR_fiq=40000d73 SP_irq=01000000 LR_irq=00000000 SP_svc=00000000 LR_svc=00000000 PSR=N:0 Z:1 C:1 V:0 I:0 F:0 M1:0 M0:0 (USR)
00009cac e0a40004 adc r0, r4, r4                     R0=ac5930a3 R1=00000081 R2=80000000 R3=00000000 R4=5a827999 R5=00000000 R6=c0000000 R7=ec5930a3 R8=0000c300 R9=80000000 R10=ffffffdd R11=0000c104 R12=0000c103 SP=003fafe0 LR=60008c08 PC=00009cb4 R8_fiq=00000000 R9_fiq=00000000 R10_fiq=00000000 R11_fiq=00001000 R12_fiq=01000000 SP_fiq=00000000 LR_fiq=40000d73 SP_irq=01000000 LR_irq=00000000 SP_svc=00000000 LR_svc=00000000 PSR=N:1 Z:0 C:1 V:0 I:0 F:0 M1:0 M0:0 (USR)
00009cb0 51a0f00e movpl pc, lr                       R0=b504f333 R1=00000081 R2=80000000 R3=00000000 R4=5a827999 R5=00000000 R6=c0000000 R7=ec5930a3 R8=0000c300 R9=80000000 R10=ffffffdd R11=0000c104 R12=0000c103 SP=003fafe0 LR=60008c08 PC=00009cb8 R8_fiq=00000000 R9_fiq=00000000 R10_fiq=00000000 R11_fiq=00001000 R12_fiq=01000000 SP_fiq=00000000 LR_fiq=40000d73 SP_irq=01000000 LR_irq=00000000 SP_svc=00000000 LR_svc=00000000 PSR=N:1 Z:0 C:1 V:0 I:0 F:0 M1:0 M0:0 (USR)
00009cb4 e3370000 teq r7, #0                         R0=b504f333 R1=00000081 R2=80000000 R3=00000000 R4=5a827999 R5=00000000 R6=c0000000 R7=ec5930a3 R8=0000c300 R9=80000000 R10=ffffffdd R11=0000c104 R12=0000c103 SP=003fafe0 LR=60008c08 PC=00009cbc R8_fiq=00000000 R9_fiq=00000000 R10_fiq=00000000 R11_fiq=00001000 R12_fiq=01000000 SP_fiq=00000000 LR_fiq=40000d73 SP_irq=01000000 LR_irq=00000000 SP_svc=00000000 LR_svc=00000000 PSR=N:1 Z:0 C:1 V:0 I:0 F:0 M1:0 M0:0 (USR)
00009cb8 03800001 orreq r0, r0, #1                   R0=b504f333 R1=00000081 R2=80000000 R3=00000000 R4=5a827999 R5=00000000 R6=c0000000 R7=ec5930a3 R8=0000c300 R9=80000000 R10=ffffffdd R11=0000c104 R12=0000c103 SP=003fafe0 LR=60008c08 PC=00009cc0 R8_fiq=00000000 R9_fiq=00000000 R10_fiq=00000000 R11_fiq=00001000 R12_fiq=01000000 SP_fiq=00000000 LR_fiq=40000d73 SP_irq=01000000 LR_irq=00000000 SP_svc=00000000 LR_svc=00000000 PSR=N:1 Z:0 C:1 V:0 I:0 F:0 M1:0 M0:0 (USR)
00009cbc 01a0f00e moveq pc, lr                       R0=b504f333 R1=00000081 R2=80000000 R3=00000000 R4=5a827999 R5=00000000 R6=c0000000 R7=ec5930a3 R8=0000c300 R9=80000000 R10=ffffffdd R11=0000c104 R12=0000c103 SP=003fafe0 LR=60008c08 PC=00009cc4 R8_fiq=00000000 R9_fiq=00000000 R10_fiq=00000000 R11_fiq=00001000 R12_fiq=01000000 SP_fiq=00000000 LR_fiq=40000d73 SP_irq=01000000 LR_irq=00000000 SP_svc=00000000 LR_svc=00000000 PSR=N:1 Z:0 C:1 V:0 I:0 F:0 M1:0 M0:0 (USR)
00009cc0 e2900001 adds r0, r0, #1                    R0=b504f333 R1=00000081 R2=80000000 R3=00000000 R4=5a827999 R5=00000000 R6=c0000000 R7=ec5930a3 R8=0000c300 R9=80000000 R10=ffffffdd R11=0000c104 R12=0000c103 SP=003fafe0 LR=60008c08 PC=00009cc8 R8_fiq=00000000 R9_fiq=00000000 R10_fiq=00000000 R11_fiq=00001000 R12_fiq=01000000 SP_fiq=00000000 LR_fiq=40000d73 SP_irq=01000000 LR_irq=00000000 SP_svc=00000000 LR_svc=00000000 PSR=N:1 Z:0 C:1 V:0 I:0 F:0 M1:0 M0:0 (USR)
00009cc4 21a00060 rrxcs r0, r0                       R0=b504f334 R1=00000081 R2=80000000 R3=00000000 R4=5a827999 R5=00000000 R6=c0000000 R7=ec5930a3 R8=0000c300 R9=80000000 R10=ffffffdd R11=0000c104 R12=0000c103 SP=003fafe0 LR=60008c08 PC=00009ccc R8_fiq=00000000 R9_fiq=00000000 R10_fiq=00000000 R11_fiq=00001000 R12_fiq=01000000 SP_fiq=00000000 LR_fiq=40000d73 SP_irq=01000000 LR_irq=00000000 SP_svc=00000000 LR_svc=00000000 PSR=N:1 Z:0 C:0 V:0 I:0 F:0 M1:0 M0:0 (USR)
00009cc8 22811001 addcs r1, r1, #1                   R0=b504f334 R1=00000081 R2=80000000 R3=00000000 R4=5a827999 R5=00000000 R6=c0000000 R7=ec5930a3 R8=0000c300 R9=80000000 R10=ffffffdd R11=0000c104 R12=0000c103 SP=003fafe0 LR=60008c08 PC=00009cd0 R8_fiq=00000000 R9_fiq=00000000 R10_fiq=00000000 R11_fiq=00001000 R12_fiq=01000000 SP_fiq=00000000 LR_fiq=40000d73 SP_irq=01000000 LR_irq=00000000 SP_svc=00000000 LR_svc=00000000 PSR=N:1 Z:0 C:0 V:0 I:0 F:0 M1:0 M0:0 (USR)
00009ccc e1a0f00e mov pc, lr                         R0=b504f334 R1=00000081 R2=80000000 R3=00000000 R4=5a827999 R5=00000000 R6=c0000000 R7=ec5930a3 R8=0000c300 R9=80000000 R10=ffffffdd R11=0000c104 R12=0000c103 SP=003fafe0 LR=60008c08 PC=00009cd4 R8_fiq=00000000 R9_fiq=00000000 R10_fiq=00000000 R11_fiq=00001000 R12_fiq=01000000 SP_fiq=00000000 LR_fiq=40000d73 SP_irq=01000000 LR_irq=00000000 SP_svc=00000000 LR_svc=00000000 PSR=N:1 Z:0 C:0 V:0 I:0 F:0 M1:0 M0:0 (USR)
