A808 : 20 9F 97 : JSR 979F       : 6 : A=6C X=6C Y=07 SP=ED N=0 V=0 D=0 I=1 Z=0 C=1 : FWA 10-8C:00000902:00:00 = +2.19917297E-03 : FWB 09-FF:904A????:??:?? = ???????????????
979F : 20 78 AD : JSR AD78       : 6 : A=6C X=6C Y=07 SP=EB N=0 V=0 D=0 I=1 Z=0 C=1 : FWA 10-8C:00000902:00:00 = +2.19917297E-03 : FWB 09-FF:904A????:??:?? = ???????????????
AD78 : A4 1B    : LDY 1B         : 3 : A=6C X=6C Y=08 SP=EB N=0 V=0 D=0 I=1 Z=0 C=1 : FWA 10-8C:00000902:00:00 = +2.19917297E-03 : FWB 09-FF:904A????:??:?? = ???????????????
AD7A : E6 1B    : INC 1B         : 5 : A=6C X=6C Y=08 SP=EB N=0 V=0 D=0 I=1 Z=0 C=1 : FWA 10-8C:00000902:00:00 = +2.19917297E-03 : FWB 09-FF:904A????:??:?? = ???????????????
AD7C : B1 19    : LDA (19),Y     : 5 : A=32 X=6C Y=08 SP=EB N=0 V=0 D=0 I=1 Z=0 C=1 : FWA 10-8C:00000902:00:00 = +2.19917297E-03 : FWB 09-FF:904A????:??:?? = ???????????????
AD7E : C9 20    : CMP #20        : 2 : A=32 X=6C Y=08 SP=EB N=0 V=0 D=0 I=1 Z=0 C=1 : FWA 10-8C:00000902:00:00 = +2.19917297E-03 : FWB 09-FF:904A????:??:?? = ???????????????
AD80 : F0 F6    : BEQ AD78       : 2 : A=32 X=6C Y=08 SP=EB N=0 V=0 D=0 I=1 Z=0 C=1 : FWA 10-8C:00000902:00:00 = +2.19917297E-03 : FWB 09-FF:904A????:??:?? = ???????????????
AD82 : C9 2D    : CMP #2D        : 2 : A=32 X=6C Y=08 SP=EB N=0 V=0 D=0 I=1 Z=0 C=1 : FWA 10-8C:00000902:00:00 = +2.19917297E-03 : FWB 09-FF:904A????:??:?? = ???????????????
AD84 : F0 93    : BEQ AD19       : 2 : A=32 X=6C Y=08 SP=EB N=0 V=0 D=0 I=1 Z=0 C=1 : FWA 10-8C:00000902:00:00 = +2.19917297E-03 : FWB 09-FF:904A????:??:?? = ???????????????
AD86 : C9 22    : CMP #22        : 2 : A=32 X=6C Y=08 SP=EB N=0 V=0 D=0 I=1 Z=0 C=1 : FWA 10-8C:00000902:00:00 = +2.19917297E-03 : FWB 09-FF:904A????:??:?? = ???????????????
AD88 : F0 D1    : BEQ AD5B       : 2 : A=32 X=6C Y=08 SP=EB N=0 V=0 D=0 I=1 Z=0 C=1 : FWA 10-8C:00000902:00:00 = +2.19917297E-03 : FWB 09-FF:904A????:??:?? = ???????????????
AD8A : C9 2B    : CMP #2B        : 2 : A=32 X=6C Y=08 SP=EB N=0 V=0 D=0 I=1 Z=0 C=1 : FWA 10-8C:00000902:00:00 = +2.19917297E-03 : FWB 09-FF:904A????:??:?? = ???????????????
AD8C : D0 03    : BNE AD91       : 3 : A=32 X=6C Y=08 SP=EB N=0 V=0 D=0 I=1 Z=0 C=1 : FWA 10-8C:00000902:00:00 = +2.19917297E-03 : FWB 09-FF:904A????:??:?? = ???????????????
AD91 : C9 8E    : CMP #8E        : 2 : A=32 X=6C Y=08 SP=EB N=1 V=0 D=0 I=1 Z=0 C=0 : FWA 10-8C:00000902:00:00 = +2.19917297E-03 : FWB 09-FF:904A????:??:?? = ???????????????
AD93 : 90 07    : BCC AD9C       : 3 : A=32 X=6C Y=08 SP=EB N=1 V=0 D=0 I=1 Z=0 C=0 : FWA 10-8C:00000902:00:00 = +2.19917297E-03 : FWB 09-FF:904A????:??:?? = ???????????????
AD9C : C9 3F    : CMP #3F        : 2 : A=32 X=6C Y=08 SP=EB N=1 V=0 D=0 I=1 Z=0 C=0 : FWA 10-8C:00000902:00:00 = +2.19917297E-03 : FWB 09-FF:904A????:??:?? = ???????????????
AD9E : B0 0C    : BCS ADAC       : 2 : A=32 X=6C Y=08 SP=EB N=1 V=0 D=0 I=1 Z=0 C=0 : FWA 10-8C:00000902:00:00 = +2.19917297E-03 : FWB 09-FF:904A????:??:?? = ???????????????
ADA0 : C9 2E    : CMP #2E        : 2 : A=32 X=6C Y=08 SP=EB N=0 V=0 D=0 I=1 Z=0 C=1 : FWA 10-8C:00000902:00:00 = +2.19917297E-03 : FWB 09-FF:904A????:??:?? = ???????????????
ADA2 : B0 12    : BCS ADB6       : 3 : A=32 X=6C Y=08 SP=EB N=0 V=0 D=0 I=1 Z=0 C=1 : FWA 10-8C:00000902:00:00 = +2.19917297E-03 : FWB 09-FF:904A????:??:?? = ???????????????
ADB6 : 20 DD A2 : JSR A2DD       : 6 : A=32 X=6C Y=08 SP=E9 N=0 V=0 D=0 I=1 Z=0 C=1 : FWA 10-8C:00000902:00:00 = +2.19917297E-03 : FWB 09-FF:904A????:??:?? = ???????????????
A2DD : 64 31    : STZ 31         : 3 : A=32 X=6C Y=08 SP=E9 N=0 V=0 D=0 I=1 Z=0 C=1 : FWA 10-8C:00000902:00:00 = +2.19917297E-03 : FWB 09-FF:904A????:??:?? = ???????????????
A2DF : 64 32    : STZ 32         : 3 : A=32 X=6C Y=08 SP=E9 N=0 V=0 D=0 I=1 Z=0 C=1 : FWA 10-8C:00000902:00:00 = +2.19917297E-03 : FWB 09-FF:904A????:??:?? = ???????????????
A2E1 : 64 33    : STZ 33         : 3 : A=32 X=6C Y=08 SP=E9 N=0 V=0 D=0 I=1 Z=0 C=1 : FWA 10-8C:00000002:00:00 = +1.90734863E-06 : FWB 09-FF:904A????:??:?? = ???????????????
A2E3 : 64 34    : STZ 34         : 3 : A=32 X=6C Y=08 SP=E9 N=0 V=0 D=0 I=1 Z=0 C=1 : FWA 10-8C:00000000:00:00 = +0.00000000E+00 : FWB 09-FF:904A????:??:?? = ???????????????
A2E5 : 64 35    : STZ 35         : 3 : A=32 X=6C Y=08 SP=E9 N=0 V=0 D=0 I=1 Z=0 C=1 : FWA 10-8C:00000000:00:00 = +0.00000000E+00 : FWB 09-FF:904A????:??:?? = ???????????????
A2E7 : 64 47    : STZ 47         : 3 : A=32 X=6C Y=08 SP=E9 N=0 V=0 D=0 I=1 Z=0 C=1 : FWA 10-8C:00000000:00:00 = +0.00000000E+00 : FWB 09-FF:904A????:??:?? = ???????????????
A2E9 : 64 48    : STZ 48         : 3 : A=32 X=6C Y=08 SP=E9 N=0 V=0 D=0 I=1 Z=0 C=1 : FWA 10-8C:00000000:00:00 = +0.00000000E+00 : FWB 09-FF:904A????:??:?? = ???????????????
A2EB : A2 FF    : LDX #FF        : 2 : A=32 X=FF Y=08 SP=E9 N=1 V=0 D=0 I=1 Z=0 C=1 : FWA 10-8C:00000000:00:00 = +0.00000000E+00 : FWB 09-FF:904A????:??:?? = ???????????????
A2ED : 86 49    : STX 49         : 3 : A=32 X=FF Y=08 SP=E9 N=1 V=0 D=0 I=1 Z=0 C=1 : FWA 10-8C:00000000:00:00 = +0.00000000E+00 : FWB 09-FF:904A????:??:?? = ???????????????
A2EF : C9 2E    : CMP #2E        : 2 : A=32 X=FF Y=08 SP=E9 N=0 V=0 D=0 I=1 Z=0 C=1 : FWA 10-8C:00000000:00:00 = +0.00000000E+00 : FWB 09-FF:904A????:??:?? = ???????????????
A2F1 : F0 55    : BEQ A348       : 2 : A=32 X=FF Y=08 SP=E9 N=0 V=0 D=0 I=1 Z=0 C=1 : FWA 10-8C:00000000:00:00 = +0.00000000E+00 : FWB 09-FF:904A????:??:?? = ???????????????
A2F3 : C9 3A    : CMP #3A        : 2 : A=32 X=FF Y=08 SP=E9 N=1 V=0 D=0 I=1 Z=0 C=0 : FWA 10-8C:00000000:00:00 = +0.00000000E+00 : FWB 09-FF:904A????:??:?? = ???????????????
A2F5 : B0 DF    : BCS A2D6       : 2 : A=32 X=FF Y=08 SP=E9 N=1 V=0 D=0 I=1 Z=0 C=0 : FWA 10-8C:00000000:00:00 = +0.00000000E+00 : FWB 09-FF:904A????:??:?? = ???????????????
A2F7 : E9 2F    : SBC #2F        : 2 : A=02 X=FF Y=08 SP=E9 N=0 V=0 D=0 I=1 Z=0 C=1 : FWA 10-8C:00000000:00:00 = +0.00000000E+00 : FWB 09-FF:904A????:??:?? = ???????????????
A2F9 : 30 DB    : BMI A2D6       : 2 : A=02 X=FF Y=08 SP=E9 N=0 V=0 D=0 I=1 Z=0 C=1 : FWA 10-8C:00000000:00:00 = +0.00000000E+00 : FWB 09-FF:904A????:??:?? = ???????????????
A2FB : 85 35    : STA 35         : 3 : A=02 X=FF Y=08 SP=E9 N=0 V=0 D=0 I=1 Z=0 C=1 : FWA 10-8C:00000000:02:00 = +7.45058060E-09 : FWB 09-FF:904A????:??:?? = ???????????????
A2FD : A5 47    : LDA 47         : 3 : A=00 X=FF Y=08 SP=E9 N=0 V=0 D=0 I=1 Z=1 C=1 : FWA 10-8C:00000000:02:00 = +7.45058060E-09 : FWB 09-FF:904A????:??:?? = ???????????????
A2FF : F0 02    : BEQ A303       : 3 : A=00 X=FF Y=08 SP=E9 N=0 V=0 D=0 I=1 Z=1 C=1 : FWA 10-8C:00000000:02:00 = +7.45058060E-09 : FWB 09-FF:904A????:??:?? = ???????????????
A303 : C8       : INY            : 2 : A=00 X=FF Y=09 SP=E9 N=0 V=0 D=0 I=1 Z=0 C=1 : FWA 10-8C:00000000:02:00 = +7.45058060E-09 : FWB 09-FF:904A????:??:?? = ???????????????
A304 : B1 19    : LDA (19),Y     : 5 : A=0D X=FF Y=09 SP=E9 N=0 V=0 D=0 I=1 Z=0 C=1 : FWA 10-8C:00000000:02:00 = +7.45058060E-09 : FWB 09-FF:904A????:??:?? = ???????????????
A306 : C9 3A    : CMP #3A        : 2 : A=0D X=FF Y=09 SP=E9 N=1 V=0 D=0 I=1 Z=0 C=0 : FWA 10-8C:00000000:02:00 = +7.45058060E-09 : FWB 09-FF:904A????:??:?? = ???????????????
A308 : B0 42    : BCS A34C       : 2 : A=0D X=FF Y=09 SP=E9 N=1 V=0 D=0 I=1 Z=0 C=0 : FWA 10-8C:00000000:02:00 = +7.45058060E-09 : FWB 09-FF:904A????:??:?? = ???????????????
A30A : E9 2F    : SBC #2F        : 2 : A=DD X=FF Y=09 SP=E9 N=1 V=0 D=0 I=1 Z=0 C=0 : FWA 10-8C:00000000:02:00 = +7.45058060E-09 : FWB 09-FF:904A????:??:?? = ???????????????
A30C : 90 34    : BCC A342       : 3 : A=DD X=FF Y=09 SP=E9 N=1 V=0 D=0 I=1 Z=0 C=0 : FWA 10-8C:00000000:02:00 = +7.45058060E-09 : FWB 09-FF:904A????:??:?? = ???????????????
A342 : 49 FE    : EOR #FE        : 2 : A=23 X=FF Y=09 SP=E9 N=0 V=0 D=0 I=1 Z=0 C=0 : FWA 10-8C:00000000:02:00 = +7.45058060E-09 : FWB 09-FF:904A????:??:?? = ???????????????
A344 : 05 47    : ORA 47         : 3 : A=23 X=FF Y=09 SP=E9 N=0 V=0 D=0 I=1 Z=0 C=0 : FWA 10-8C:00000000:02:00 = +7.45058060E-09 : FWB 09-FF:904A????:??:?? = ???????????????
A346 : D0 0F    : BNE A357       : 3 : A=23 X=FF Y=09 SP=E9 N=0 V=0 D=0 I=1 Z=0 C=0 : FWA 10-8C:00000000:02:00 = +7.45058060E-09 : FWB 09-FF:904A????:??:?? = ???????????????
A357 : 84 1B    : STY 1B         : 3 : A=23 X=FF Y=09 SP=E9 N=0 V=0 D=0 I=1 Z=0 C=0 : FWA 10-8C:00000000:02:00 = +7.45058060E-09 : FWB 09-FF:904A????:??:?? = ???????????????
A359 : A4 31    : LDY 31         : 3 : A=23 X=FF Y=00 SP=E9 N=0 V=0 D=0 I=1 Z=1 C=0 : FWA 10-8C:00000000:02:00 = +7.45058060E-09 : FWB 09-FF:904A????:??:?? = ???????????????
A35B : D0 28    : BNE A385       : 2 : A=23 X=FF Y=00 SP=E9 N=0 V=0 D=0 I=1 Z=1 C=0 : FWA 10-8C:00000000:02:00 = +7.45058060E-09 : FWB 09-FF:904A????:??:?? = ???????????????
A35D : A5 32    : LDA 32         : 3 : A=00 X=FF Y=00 SP=E9 N=0 V=0 D=0 I=1 Z=1 C=0 : FWA 10-8C:00000000:02:00 = +7.45058060E-09 : FWB 09-FF:904A????:??:?? = ???????????????
A35F : 30 24    : BMI A385       : 2 : A=00 X=FF Y=00 SP=E9 N=0 V=0 D=0 I=1 Z=1 C=0 : FWA 10-8C:00000000:02:00 = +7.45058060E-09 : FWB 09-FF:904A????:??:?? = ???????????????
A361 : 85 2D    : STA 2D         : 3 : A=00 X=FF Y=00 SP=E9 N=0 V=0 D=0 I=1 Z=1 C=0 : FWA 10-8C:00000000:02:00 = +7.45058060E-09 : FWB 09-FF:904A????:??:?? = ???????????????
A363 : F0 06    : BEQ A36B       : 3 : A=00 X=FF Y=00 SP=E9 N=0 V=0 D=0 I=1 Z=1 C=0 : FWA 10-8C:00000000:02:00 = +7.45058060E-09 : FWB 09-FF:904A????:??:?? = ???????????????
A36B : A5 35    : LDA 35         : 3 : A=02 X=FF Y=00 SP=E9 N=0 V=0 D=0 I=1 Z=0 C=0 : FWA 10-8C:00000000:02:00 = +7.45058060E-09 : FWB 09-FF:904A????:??:?? = ???????????????
A36D : 85 2A    : STA 2A         : 3 : A=02 X=FF Y=00 SP=E9 N=0 V=0 D=0 I=1 Z=0 C=0 : FWA 10-8C:00000000:02:00 = +7.45058060E-09 : FWB 09-FF:904A????:??:?? = ???????????????
A36F : A5 34    : LDA 34         : 3 : A=00 X=FF Y=00 SP=E9 N=0 V=0 D=0 I=1 Z=1 C=0 : FWA 10-8C:00000000:02:00 = +7.45058060E-09 : FWB 09-FF:904A????:??:?? = ???????????????
A371 : 85 2B    : STA 2B         : 3 : A=00 X=FF Y=00 SP=E9 N=0 V=0 D=0 I=1 Z=1 C=0 : FWA 10-8C:00000000:02:00 = +7.45058060E-09 : FWB 09-FF:904A????:??:?? = ???????????????
A373 : A5 33    : LDA 33         : 3 : A=00 X=FF Y=00 SP=E9 N=0 V=0 D=0 I=1 Z=1 C=0 : FWA 10-8C:00000000:02:00 = +7.45058060E-09 : FWB 09-FF:904A????:??:?? = ???????????????
A375 : 85 2C    : STA 2C         : 3 : A=00 X=FF Y=00 SP=E9 N=0 V=0 D=0 I=1 Z=1 C=0 : FWA 10-8C:00000000:02:00 = +7.45058060E-09 : FWB 09-FF:904A????:??:?? = ???????????????
A377 : A5 48    : LDA 48         : 3 : A=00 X=FF Y=00 SP=E9 N=0 V=0 D=0 I=1 Z=1 C=0 : FWA 10-8C:00000000:02:00 = +7.45058060E-09 : FWB 09-FF:904A????:??:?? = ???????????????
A379 : D0 03    : BNE A37E       : 2 : A=00 X=FF Y=00 SP=E9 N=0 V=0 D=0 I=1 Z=1 C=0 : FWA 10-8C:00000000:02:00 = +7.45058060E-09 : FWB 09-FF:904A????:??:?? = ???????????????
A37B : 1A       : INC A          : 2 : A=01 X=FF Y=00 SP=E9 N=0 V=0 D=0 I=1 Z=0 C=0 : FWA 10-8C:00000000:02:00 = +7.45058060E-09 : FWB 09-FF:904A????:??:?? = ???????????????
A37C : 38       : SEC            : 2 : A=01 X=FF Y=00 SP=E9 N=0 V=0 D=0 I=1 Z=0 C=1 : FWA 10-8C:00000000:02:00 = +7.45058060E-09 : FWB 09-FF:904A????:??:?? = ???????????????
A37D : 60       : RTS            : 6 : A=01 X=FF Y=00 SP=EB N=0 V=0 D=0 I=1 Z=0 C=1 : FWA 10-8C:00000000:02:00 = +7.45058060E-09 : FWB 09-FF:904A????:??:?? = ???????????????
ADB9 : 90 13    : BCC ADCE       : 2 : A=01 X=FF Y=00 SP=EB N=0 V=0 D=0 I=1 Z=0 C=1 : FWA 10-8C:00000000:02:00 = +7.45058060E-09 : FWB 09-FF:904A????:??:?? = ???????????????
ADBB : 60       : RTS            : 6 : A=01 X=FF Y=00 SP=ED N=0 V=0 D=0 I=1 Z=0 C=1 : FWA 10-8C:00000000:02:00 = +7.45058060E-09 : FWB 09-FF:904A????:??:?? = ???????????????
97A2 : F0 F8    : BEQ 979C       : 2 : A=01 X=FF Y=00 SP=ED N=0 V=0 D=0 I=1 Z=0 C=1 : FWA 10-8C:00000000:02:00 = +7.45058060E-09 : FWB 09-FF:904A????:??:?? = ???????????????
97A4 : 30 F5    : BMI 979B       : 2 : A=01 X=FF Y=00 SP=ED N=0 V=0 D=0 I=1 Z=0 C=1 : FWA 10-8C:00000000:02:00 = +7.45058060E-09 : FWB 09-FF:904A????:??:?? = ???????????????
97A6 : 4C 8D 82 : JMP 828D       : 3 : A=01 X=FF Y=00 SP=ED N=0 V=0 D=0 I=1 Z=0 C=1 : FWA 10-8C:00000000:02:00 = +7.45058060E-09 : FWB 09-FF:904A????:??:?? = ???????????????
828D : 64 35    : STZ 35         : 3 : A=01 X=FF Y=00 SP=ED N=0 V=0 D=0 I=1 Z=0 C=1 : FWA 10-8C:00000000:00:00 = +0.00000000E+00 : FWB 09-FF:904A????:??:?? = ???????????????
828F : A5 2D    : LDA 2D         : 3 : A=00 X=FF Y=00 SP=ED N=0 V=0 D=0 I=1 Z=1 C=1 : FWA 10-8C:00000000:00:00 = +0.00000000E+00 : FWB 09-FF:904A????:??:?? = ???????????????
8291 : 85 2E    : STA 2E         : 3 : A=00 X=FF Y=00 SP=ED N=0 V=0 D=0 I=1 Z=1 C=1 : FWA 00-8C:00000000:00:00 = +0.00000000E+00 : FWB 09-FF:904A????:??:?? = ???????????????
8293 : 10 05    : BPL 829A       : 3 : A=00 X=FF Y=00 SP=ED N=0 V=0 D=0 I=1 Z=1 C=1 : FWA 00-8C:00000000:00:00 = +0.00000000E+00 : FWB 09-FF:904A????:??:?? = ???????????????
829A : D0 2C    : BNE 82C8       : 2 : A=00 X=FF Y=00 SP=ED N=0 V=0 D=0 I=1 Z=1 C=1 : FWA 00-8C:00000000:00:00 = +0.00000000E+00 : FWB 09-FF:904A????:??:?? = ???????????????
829C : 64 34    : STZ 34         : 3 : A=00 X=FF Y=00 SP=ED N=0 V=0 D=0 I=1 Z=1 C=1 : FWA 00-8C:00000000:00:00 = +0.00000000E+00 : FWB 09-FF:904A????:??:?? = ???????????????
829E : A4 2A    : LDY 2A         : 3 : A=00 X=FF Y=02 SP=ED N=0 V=0 D=0 I=1 Z=0 C=1 : FWA 00-8C:00000000:00:00 = +0.00000000E+00 : FWB 09-FF:904A????:??:?? = ???????????????
82A0 : A5 2C    : LDA 2C         : 3 : A=00 X=FF Y=02 SP=ED N=0 V=0 D=0 I=1 Z=1 C=1 : FWA 00-8C:00000000:00:00 = +0.00000000E+00 : FWB 09-FF:904A????:??:?? = ???????????????
82A2 : D0 1A    : BNE 82BE       : 2 : A=00 X=FF Y=02 SP=ED N=0 V=0 D=0 I=1 Z=1 C=1 : FWA 00-8C:00000000:00:00 = +0.00000000E+00 : FWB 09-FF:904A????:??:?? = ???????????????
82A4 : 64 33    : STZ 33         : 3 : A=00 X=FF Y=02 SP=ED N=0 V=0 D=0 I=1 Z=1 C=1 : FWA 00-8C:00000000:00:00 = +0.00000000E+00 : FWB 09-FF:904A????:??:?? = ???????????????
82A6 : A5 2B    : LDA 2B         : 3 : A=00 X=FF Y=02 SP=ED N=0 V=0 D=0 I=1 Z=1 C=1 : FWA 00-8C:00000000:00:00 = +0.00000000E+00 : FWB 09-FF:904A????:??:?? = ???????????????
82A8 : F0 2E    : BEQ 82D8       : 3 : A=00 X=FF Y=02 SP=ED N=0 V=0 D=0 I=1 Z=1 C=1 : FWA 00-8C:00000000:00:00 = +0.00000000E+00 : FWB 09-FF:904A????:??:?? = ???????????????
82D8 : 64 32    : STZ 32         : 3 : A=00 X=FF Y=02 SP=ED N=0 V=0 D=0 I=1 Z=1 C=1 : FWA 00-8C:00000000:00:00 = +0.00000000E+00 : FWB 09-FF:904A????:??:?? = ???????????????
82DA : 98       : TYA            : 2 : A=02 X=FF Y=02 SP=ED N=0 V=0 D=0 I=1 Z=0 C=1 : FWA 00-8C:00000000:00:00 = +0.00000000E+00 : FWB 09-FF:904A????:??:?? = ???????????????
82DB : D0 17    : BNE 82F4       : 3 : A=02 X=FF Y=02 SP=ED N=0 V=0 D=0 I=1 Z=0 C=1 : FWA 00-8C:00000000:00:00 = +0.00000000E+00 : FWB 09-FF:904A????:??:?? = ???????????????
82F4 : A0 89    : LDY #89        : 2 : A=02 X=FF Y=89 SP=ED N=1 V=0 D=0 I=1 Z=0 C=1 : FWA 00-8C:00000000:00:00 = +0.00000000E+00 : FWB 09-FF:904A????:??:?? = ???????????????
82F6 : 4A       : LSR A          : 2 : A=01 X=FF Y=89 SP=ED N=0 V=0 D=0 I=1 Z=0 C=0 : FWA 00-8C:00000000:00:00 = +0.00000000E+00 : FWB 09-FF:904A????:??:?? = ???????????????
82F7 : 88       : DEY            : 2 : A=01 X=FF Y=88 SP=ED N=1 V=0 D=0 I=1 Z=0 C=0 : FWA 00-8C:00000000:00:00 = +0.00000000E+00 : FWB 09-FF:904A????:??:?? = ???????????????
82F8 : 2A       : ROL A          : 2 : A=02 X=FF Y=88 SP=ED N=0 V=0 D=0 I=1 Z=0 C=0 : FWA 00-8C:00000000:00:00 = +0.00000000E+00 : FWB 09-FF:904A????:??:?? = ???????????????
82F9 : 10 FC    : BPL 82F7       : 3 : A=02 X=FF Y=88 SP=ED N=0 V=0 D=0 I=1 Z=0 C=0 : FWA 00-8C:00000000:00:00 = +0.00000000E+00 : FWB 09-FF:904A????:??:?? = ???????????????
82F7 : 88       : DEY            : 2 : A=02 X=FF Y=87 SP=ED N=1 V=0 D=0 I=1 Z=0 C=0 : FWA 00-8C:00000000:00:00 = +0.00000000E+00 : FWB 09-FF:904A????:??:?? = ???????????????
82F8 : 2A       : ROL A          : 2 : A=04 X=FF Y=87 SP=ED N=0 V=0 D=0 I=1 Z=0 C=0 : FWA 00-8C:00000000:00:00 = +0.00000000E+00 : FWB 09-FF:904A????:??:?? = ???????????????
82F9 : 10 FC    : BPL 82F7       : 3 : A=04 X=FF Y=87 SP=ED N=0 V=0 D=0 I=1 Z=0 C=0 : FWA 00-8C:00000000:00:00 = +0.00000000E+00 : FWB 09-FF:904A????:??:?? = ???????????????
82F7 : 88       : DEY            : 2 : A=04 X=FF Y=86 SP=ED N=1 V=0 D=0 I=1 Z=0 C=0 : FWA 00-8C:00000000:00:00 = +0.00000000E+00 : FWB 09-FF:904A????:??:?? = ???????????????
82F8 : 2A       : ROL A          : 2 : A=08 X=FF Y=86 SP=ED N=0 V=0 D=0 I=1 Z=0 C=0 : FWA 00-8C:00000000:00:00 = +0.00000000E+00 : FWB 09-FF:904A????:??:?? = ???????????????
82F9 : 10 FC    : BPL 82F7       : 3 : A=08 X=FF Y=86 SP=ED N=0 V=0 D=0 I=1 Z=0 C=0 : FWA 00-8C:00000000:00:00 = +0.00000000E+00 : FWB 09-FF:904A????:??:?? = ???????????????
82F7 : 88       : DEY            : 2 : A=08 X=FF Y=85 SP=ED N=1 V=0 D=0 I=1 Z=0 C=0 : FWA 00-8C:00000000:00:00 = +0.00000000E+00 : FWB 09-FF:904A????:??:?? = ???????????????
82F8 : 2A       : ROL A          : 2 : A=10 X=FF Y=85 SP=ED N=0 V=0 D=0 I=1 Z=0 C=0 : FWA 00-8C:00000000:00:00 = +0.00000000E+00 : FWB 09-FF:904A????:??:?? = ???????????????
82F9 : 10 FC    : BPL 82F7       : 3 : A=10 X=FF Y=85 SP=ED N=0 V=0 D=0 I=1 Z=0 C=0 : FWA 00-8C:00000000:00:00 = +0.00000000E+00 : FWB 09-FF:904A????:??:?? = ???????????????
82F7 : 88       : DEY            : 2 : A=10 X=FF Y=84 SP=ED N=1 V=0 D=0 I=1 Z=0 C=0 : FWA 00-8C:00000000:00:00 = +0.00000000E+00 : FWB 09-FF:904A????:??:?? = ???????????????
82F8 : 2A       : ROL A          : 2 : A=20 X=FF Y=84 SP=ED N=0 V=0 D=0 I=1 Z=0 C=0 : FWA 00-8C:00000000:00:00 = +0.00000000E+00 : FWB 09-FF:904A????:??:?? = ???????????????
82F9 : 10 FC    : BPL 82F7       : 3 : A=20 X=FF Y=84 SP=ED N=0 V=0 D=0 I=1 Z=0 C=0 : FWA 00-8C:00000000:00:00 = +0.00000000E+00 : FWB 09-FF:904A????:??:?? = ???????????????
82F7 : 88       : DEY            : 2 : A=20 X=FF Y=83 SP=ED N=1 V=0 D=0 I=1 Z=0 C=0 : FWA 00-8C:00000000:00:00 = +0.00000000E+00 : FWB 09-FF:904A????:??:?? = ???????????????
82F8 : 2A       : ROL A          : 2 : A=40 X=FF Y=83 SP=ED N=0 V=0 D=0 I=1 Z=0 C=0 : FWA 00-8C:00000000:00:00 = +0.00000000E+00 : FWB 09-FF:904A????:??:?? = ???????????????
82F9 : 10 FC    : BPL 82F7       : 3 : A=40 X=FF Y=83 SP=ED N=0 V=0 D=0 I=1 Z=0 C=0 : FWA 00-8C:00000000:00:00 = +0.00000000E+00 : FWB 09-FF:904A????:??:?? = ???????????????
82F7 : 88       : DEY            : 2 : A=40 X=FF Y=82 SP=ED N=1 V=0 D=0 I=1 Z=0 C=0 : FWA 00-8C:00000000:00:00 = +0.00000000E+00 : FWB 09-FF:904A????:??:?? = ???????????????
82F8 : 2A       : ROL A          : 2 : A=80 X=FF Y=82 SP=ED N=1 V=0 D=0 I=1 Z=0 C=0 : FWA 00-8C:00000000:00:00 = +0.00000000E+00 : FWB 09-FF:904A????:??:?? = ???????????????
82F9 : 10 FC    : BPL 82F7       : 2 : A=80 X=FF Y=82 SP=ED N=1 V=0 D=0 I=1 Z=0 C=0 : FWA 00-8C:00000000:00:00 = +0.00000000E+00 : FWB 09-FF:904A????:??:?? = ???????????????
82FB : 84 30    : STY 30         : 3 : A=80 X=FF Y=82 SP=ED N=1 V=0 D=0 I=1 Z=0 C=0 : FWA 00-82:00000000:00:00 = +0.00000000E+00 : FWB 09-FF:904A????:??:?? = ???????????????
82FD : 64 2F    : STZ 2F         : 3 : A=80 X=FF Y=82 SP=ED N=1 V=0 D=0 I=1 Z=0 C=0 : FWA 00-82:00000000:00:00 = +0.00000000E+00 : FWB 09-FF:904A????:??:?? = ???????????????
82FF : 85 31    : STA 31         : 3 : A=80 X=FF Y=82 SP=ED N=1 V=0 D=0 I=1 Z=0 C=0 : FWA 00-82:80000000:00:00 = +2.00000000E+00 : FWB 09-FF:904A????:??:?? = ???????????????
8301 : 60       : RTS            : 6 : A=80 X=FF Y=82 SP=EF N=1 V=0 D=0 I=1 Z=0 C=0 : FWA 00-82:80000000:00:00 = +2.00000000E+00 : FWB 09-FF:904A????:??:?? = ???????????????
A80B : A5 31    : LDA 31         : 3 : A=80 X=FF Y=82 SP=EF N=1 V=0 D=0 I=1 Z=0 C=0 : FWA 00-82:80000000:00:00 = +2.00000000E+00 : FWB 09-FF:904A????:??:?? = ???????????????
A80D : F0 F6    : BEQ A805       : 2 : A=80 X=FF Y=82 SP=EF N=1 V=0 D=0 I=1 Z=0 C=0 : FWA 00-82:80000000:00:00 = +2.00000000E+00 : FWB 09-FF:904A????:??:?? = ???????????????
A80F : A5 2E    : LDA 2E         : 3 : A=00 X=FF Y=82 SP=EF N=0 V=0 D=0 I=1 Z=1 C=0 : FWA 00-82:80000000:00:00 = +2.00000000E+00 : FWB 09-FF:904A????:??:?? = ???????????????
A811 : 30 AD    : BMI A7C0       : 2 : A=00 X=FF Y=82 SP=EF N=0 V=0 D=0 I=1 Z=1 C=0 : FWA 00-82:80000000:00:00 = +2.00000000E+00 : FWB 09-FF:904A????:??:?? = ???????????????
A813 : A5 30    : LDA 30         : 3 : A=82 X=FF Y=82 SP=EF N=1 V=0 D=0 I=1 Z=0 C=0 : FWA 00-82:80000000:00:00 = +2.00000000E+00 : FWB 09-FF:904A????:??:?? = ???????????????
A815 : 4A       : LSR A          : 2 : A=41 X=FF Y=82 SP=EF N=0 V=0 D=0 I=1 Z=0 C=0 : FWA 00-82:80000000:00:00 = +2.00000000E+00 : FWB 09-FF:904A????:??:?? = ???????????????
A816 : 08       : PHP            : 3 : A=41 X=FF Y=82 SP=EE N=0 V=0 D=0 I=1 Z=0 C=0 : FWA 00-82:80000000:00:00 = +2.00000000E+00 : FWB 09-FF:904A????:??:?? = ???????????????
A817 : 69 41    : ADC #41        : 2 : A=82 X=FF Y=82 SP=EE N=1 V=1 D=0 I=1 Z=0 C=0 : FWA 00-82:80000000:00:00 = +2.00000000E+00 : FWB 09-FF:904A????:??:?? = ???????????????
A819 : 85 30    : STA 30         : 3 : A=82 X=FF Y=82 SP=EE N=1 V=1 D=0 I=1 Z=0 C=0 : FWA 00-82:80000000:00:00 = +2.00000000E+00 : FWB 09-FF:904A????:??:?? = ???????????????
A81B : A5 31    : LDA 31         : 3 : A=80 X=FF Y=82 SP=EE N=1 V=1 D=0 I=1 Z=0 C=0 : FWA 00-82:80000000:00:00 = +2.00000000E+00 : FWB 09-FF:904A????:??:?? = ???????????????
A81D : 28       : PLP            : 4 : A=80 X=FF Y=82 SP=EF N=0 V=0 D=0 I=1 Z=0 C=0 : FWA 00-82:80000000:00:00 = +2.00000000E+00 : FWB 09-FF:904A????:??:?? = ???????????????
A81E : 90 09    : BCC A829       : 3 : A=80 X=FF Y=82 SP=EF N=0 V=0 D=0 I=1 Z=0 C=0 : FWA 00-82:80000000:00:00 = +2.00000000E+00 : FWB 09-FF:904A????:??:?? = ???????????????
A829 : 64 3E    : STZ 3E         : 3 : A=80 X=FF Y=82 SP=EF N=0 V=0 D=0 I=1 Z=0 C=0 : FWA 00-82:80000000:00:00 = +2.00000000E+00 : FWB 09-FF:9000????:??:?? = ???????????????
A82B : 64 3F    : STZ 3F         : 3 : A=80 X=FF Y=82 SP=EF N=0 V=0 D=0 I=1 Z=0 C=0 : FWA 00-82:80000000:00:00 = +2.00000000E+00 : FWB 09-FF:900000??:??:?? = ???????????????
A82D : A2 68    : LDX #68        : 2 : A=80 X=68 Y=82 SP=EF N=0 V=0 D=0 I=1 Z=0 C=0 : FWA 00-82:80000000:00:00 = +2.00000000E+00 : FWB 09-FF:900000??:??:?? = ???????????????
A82F : 38       : SEC            : 2 : A=80 X=68 Y=82 SP=EF N=0 V=0 D=0 I=1 Z=0 C=1 : FWA 00-82:80000000:00:00 = +2.00000000E+00 : FWB 09-FF:900000??:??:?? = ???????????????
A830 : E9 90    : SBC #90        : 2 : A=F0 X=68 Y=82 SP=EF N=1 V=0 D=0 I=1 Z=0 C=0 : FWA 00-82:80000000:00:00 = +2.00000000E+00 : FWB 09-FF:900000??:??:?? = ???????????????
A832 : B0 04    : BCS A838       : 2 : A=F0 X=68 Y=82 SP=EF N=1 V=0 D=0 I=1 Z=0 C=0 : FWA 00-82:80000000:00:00 = +2.00000000E+00 : FWB 09-FF:900000??:??:?? = ???????????????
A834 : 69 50    : ADC #50        : 2 : A=40 X=68 Y=82 SP=EF N=0 V=0 D=0 I=1 Z=0 C=1 : FWA 00-82:80000000:00:00 = +2.00000000E+00 : FWB 09-FF:900000??:??:?? = ???????????????
A836 : A2 48    : LDX #48        : 2 : A=40 X=48 Y=82 SP=EF N=0 V=0 D=0 I=1 Z=0 C=1 : FWA 00-82:80000000:00:00 = +2.00000000E+00 : FWB 09-FF:900000??:??:?? = ???????????????
A838 : 85 31    : STA 31         : 3 : A=40 X=48 Y=82 SP=EF N=0 V=0 D=0 I=1 Z=0 C=1 : FWA 00-82:40000000:00:00 = +1.00000000E+00 : FWB 09-FF:900000??:??:?? = ???????????????
A83A : 8A       : TXA            : 2 : A=48 X=48 Y=82 SP=EF N=0 V=0 D=0 I=1 Z=0 C=1 : FWA 00-82:40000000:00:00 = +1.00000000E+00 : FWB 09-FF:900000??:??:?? = ???????????????
A83B : A2 FC    : LDX #FC        : 2 : A=48 X=FC Y=82 SP=EF N=1 V=0 D=0 I=1 Z=0 C=1 : FWA 00-82:40000000:00:00 = +1.00000000E+00 : FWB 09-FF:900000??:??:?? = ???????????????
A83D : A0 0C    : LDY #0C        : 2 : A=48 X=FC Y=0C SP=EF N=0 V=0 D=0 I=1 Z=0 C=1 : FWA 00-82:40000000:00:00 = +1.00000000E+00 : FWB 09-FF:900000??:??:?? = ???????????????
A83F : 95 41    : STA 41,X       : 4 : A=48 X=FC Y=0C SP=EF N=0 V=0 D=0 I=1 Z=0 C=1 : FWA 00-82:40000000:00:00 = +1.00000000E+00 : FWB 09-FF:480000??:??:?? = ???????????????
A841 : 06 33    : ASL 33         : 5 : A=48 X=FC Y=0C SP=EF N=0 V=0 D=0 I=1 Z=1 C=0 : FWA 00-82:40000000:00:00 = +1.00000000E+00 : FWB 09-FF:480000??:??:?? = ???????????????
A843 : 26 32    : ROL 32         : 5 : A=48 X=FC Y=0C SP=EF N=0 V=0 D=0 I=1 Z=1 C=0 : FWA 00-82:40000000:00:00 = +1.00000000E+00 : FWB 09-FF:480000??:??:?? = ???????????????
A845 : 26 31    : ROL 31         : 5 : A=48 X=FC Y=0C SP=EF N=1 V=0 D=0 I=1 Z=0 C=0 : FWA 00-82:80000000:00:00 = +2.00000000E+00 : FWB 09-FF:480000??:??:?? = ???????????????
A847 : A5 31    : LDA 31         : 3 : A=80 X=FC Y=0C SP=EF N=1 V=0 D=0 I=1 Z=0 C=0 : FWA 00-82:80000000:00:00 = +2.00000000E+00 : FWB 09-FF:480000??:??:?? = ???????????????
A849 : C5 3D    : CMP 3D         : 3 : A=80 X=FC Y=0C SP=EF N=0 V=0 D=0 I=1 Z=0 C=1 : FWA 00-82:80000000:00:00 = +2.00000000E+00 : FWB 09-FF:480000??:??:?? = ???????????????
A84B : D0 0A    : BNE A857       : 3 : A=80 X=FC Y=0C SP=EF N=0 V=0 D=0 I=1 Z=0 C=1 : FWA 00-82:80000000:00:00 = +2.00000000E+00 : FWB 09-FF:480000??:??:?? = ???????????????
A857 : 90 1C    : BCC A875       : 2 : A=80 X=FC Y=0C SP=EF N=0 V=0 D=0 I=1 Z=0 C=1 : FWA 00-82:80000000:00:00 = +2.00000000E+00 : FWB 09-FF:480000??:??:?? = ???????????????
A859 : A5 33    : LDA 33         : 3 : A=00 X=FC Y=0C SP=EF N=0 V=0 D=0 I=1 Z=1 C=1 : FWA 00-82:80000000:00:00 = +2.00000000E+00 : FWB 09-FF:480000??:??:?? = ???????????????
A85B : E5 3F    : SBC 3F         : 3 : A=00 X=FC Y=0C SP=EF N=0 V=0 D=0 I=1 Z=1 C=1 : FWA 00-82:80000000:00:00 = +2.00000000E+00 : FWB 09-FF:480000??:??:?? = ???????????????
A85D : 85 33    : STA 33         : 3 : A=00 X=FC Y=0C SP=EF N=0 V=0 D=0 I=1 Z=1 C=1 : FWA 00-82:80000000:00:00 = +2.00000000E+00 : FWB 09-FF:480000??:??:?? = ???????????????
A85F : A5 32    : LDA 32         : 3 : A=00 X=FC Y=0C SP=EF N=0 V=0 D=0 I=1 Z=1 C=1 : FWA 00-82:80000000:00:00 = +2.00000000E+00 : FWB 09-FF:480000??:??:?? = ???????????????
A861 : E5 3E    : SBC 3E         : 3 : A=00 X=FC Y=0C SP=EF N=0 V=0 D=0 I=1 Z=1 C=1 : FWA 00-82:80000000:00:00 = +2.00000000E+00 : FWB 09-FF:480000??:??:?? = ???????????????
A863 : 85 32    : STA 32         : 3 : A=00 X=FC Y=0C SP=EF N=0 V=0 D=0 I=1 Z=1 C=1 : FWA 00-82:80000000:00:00 = +2.00000000E+00 : FWB 09-FF:480000??:??:?? = ???????????????
A865 : A5 31    : LDA 31         : 3 : A=80 X=FC Y=0C SP=EF N=1 V=0 D=0 I=1 Z=0 C=1 : FWA 00-82:80000000:00:00 = +2.00000000E+00 : FWB 09-FF:480000??:??:?? = ???????????????
A867 : E5 3D    : SBC 3D         : 3 : A=38 X=FC Y=0C SP=EF N=0 V=1 D=0 I=1 Z=0 C=1 : FWA 00-82:80000000:00:00 = +2.00000000E+00 : FWB 09-FF:480000??:??:?? = ???????????????
A869 : 85 31    : STA 31         : 3 : A=38 X=FC Y=0C SP=EF N=0 V=1 D=0 I=1 Z=0 C=1 : FWA 00-82:38000000:00:00 = +8.75000000E-01 : FWB 09-FF:480000??:??:?? = ???????????????
A86B : 98       : TYA            : 2 : A=0C X=FC Y=0C SP=EF N=0 V=1 D=0 I=1 Z=0 C=1 : FWA 00-82:38000000:00:00 = +8.75000000E-01 : FWB 09-FF:480000??:??:?? = ???????????????
A86C : 18       : CLC            : 2 : A=0C X=FC Y=0C SP=EF N=0 V=1 D=0 I=1 Z=0 C=0 : FWA 00-82:38000000:00:00 = +8.75000000E-01 : FWB 09-FF:480000??:??:?? = ???????????????
A86D : 75 41    : ADC 41,X       : 4 : A=54 X=FC Y=0C SP=EF N=0 V=0 D=0 I=1 Z=0 C=0 : FWA 00-82:38000000:00:00 = +8.75000000E-01 : FWB 09-FF:480000??:??:?? = ???????????????
A86F : 90 07    : BCC A878       : 3 : A=54 X=FC Y=0C SP=EF N=0 V=0 D=0 I=1 Z=0 C=0 : FWA 00-82:38000000:00:00 = +8.75000000E-01 : FWB 09-FF:480000??:??:?? = ???????????????
A878 : 95 41    : STA 41,X       : 4 : A=54 X=FC Y=0C SP=EF N=0 V=0 D=0 I=1 Z=0 C=0 : FWA 00-82:38000000:00:00 = +8.75000000E-01 : FWB 09-FF:540000??:??:?? = ???????????????
A87A : 98       : TYA            : 2 : A=0C X=FC Y=0C SP=EF N=0 V=0 D=0 I=1 Z=0 C=0 : FWA 00-82:38000000:00:00 = +8.75000000E-01 : FWB 09-FF:540000??:??:?? = ???????????????
A87B : 4A       : LSR A          : 2 : A=06 X=FC Y=0C SP=EF N=0 V=0 D=0 I=1 Z=0 C=0 : FWA 00-82:38000000:00:00 = +8.75000000E-01 : FWB 09-FF:540000??:??:?? = ???????????????
A87C : A8       : TAY            : 2 : A=06 X=FC Y=06 SP=EF N=0 V=0 D=0 I=1 Z=0 C=0 : FWA 00-82:38000000:00:00 = +8.75000000E-01 : FWB 09-FF:540000??:??:?? = ???????????????
A87D : D0 C2    : BNE A841       : 3 : A=06 X=FC Y=06 SP=EF N=0 V=0 D=0 I=1 Z=0 C=0 : FWA 00-82:38000000:00:00 = +8.75000000E-01 : FWB 09-FF:540000??:??:?? = ???????????????
A841 : 06 33    : ASL 33         : 5 : A=06 X=FC Y=06 SP=EF N=0 V=0 D=0 I=1 Z=1 C=0 : FWA 00-82:38000000:00:00 = +8.75000000E-01 : FWB 09-FF:540000??:??:?? = ???????????????
A843 : 26 32    : ROL 32         : 5 : A=06 X=FC Y=06 SP=EF N=0 V=0 D=0 I=1 Z=1 C=0 : FWA 00-82:38000000:00:00 = +8.75000000E-01 : FWB 09-FF:540000??:??:?? = ???????????????
A845 : 26 31    : ROL 31         : 5 : A=06 X=FC Y=06 SP=EF N=0 V=0 D=0 I=1 Z=0 C=0 : FWA 00-82:70000000:00:00 = +1.75000000E+00 : FWB 09-FF:540000??:??:?? = ???????????????
A847 : A5 31    : LDA 31         : 3 : A=70 X=FC Y=06 SP=EF N=0 V=0 D=0 I=1 Z=0 C=0 : FWA 00-82:70000000:00:00 = +1.75000000E+00 : FWB 09-FF:540000??:??:?? = ???????????????
A849 : C5 3D    : CMP 3D         : 3 : A=70 X=FC Y=06 SP=EF N=0 V=0 D=0 I=1 Z=0 C=1 : FWA 00-82:70000000:00:00 = +1.75000000E+00 : FWB 09-FF:540000??:??:?? = ???????????????
A84B : D0 0A    : BNE A857       : 3 : A=70 X=FC Y=06 SP=EF N=0 V=0 D=0 I=1 Z=0 C=1 : FWA 00-82:70000000:00:00 = +1.75000000E+00 : FWB 09-FF:540000??:??:?? = ???????????????
A857 : 90 1C    : BCC A875       : 2 : A=70 X=FC Y=06 SP=EF N=0 V=0 D=0 I=1 Z=0 C=1 : FWA 00-82:70000000:00:00 = +1.75000000E+00 : FWB 09-FF:540000??:??:?? = ???????????????
A859 : A5 33    : LDA 33         : 3 : A=00 X=FC Y=06 SP=EF N=0 V=0 D=0 I=1 Z=1 C=1 : FWA 00-82:70000000:00:00 = +1.75000000E+00 : FWB 09-FF:540000??:??:?? = ???????????????
A85B : E5 3F    : SBC 3F         : 3 : A=00 X=FC Y=06 SP=EF N=0 V=0 D=0 I=1 Z=1 C=1 : FWA 00-82:70000000:00:00 = +1.75000000E+00 : FWB 09-FF:540000??:??:?? = ???????????????
A85D : 85 33    : STA 33         : 3 : A=00 X=FC Y=06 SP=EF N=0 V=0 D=0 I=1 Z=1 C=1 : FWA 00-82:70000000:00:00 = +1.75000000E+00 : FWB 09-FF:540000??:??:?? = ???????????????
A85F : A5 32    : LDA 32         : 3 : A=00 X=FC Y=06 SP=EF N=0 V=0 D=0 I=1 Z=1 C=1 : FWA 00-82:70000000:00:00 = +1.75000000E+00 : FWB 09-FF:540000??:??:?? = ???????????????
A861 : E5 3E    : SBC 3E         : 3 : A=00 X=FC Y=06 SP=EF N=0 V=0 D=0 I=1 Z=1 C=1 : FWA 00-82:70000000:00:00 = +1.75000000E+00 : FWB 09-FF:540000??:??:?? = ???????????????
A863 : 85 32    : STA 32         : 3 : A=00 X=FC Y=06 SP=EF N=0 V=0 D=0 I=1 Z=1 C=1 : FWA 00-82:70000000:00:00 = +1.75000000E+00 : FWB 09-FF:540000??:??:?? = ???????????????
A865 : A5 31    : LDA 31         : 3 : A=70 X=FC Y=06 SP=EF N=0 V=0 D=0 I=1 Z=0 C=1 : FWA 00-82:70000000:00:00 = +1.75000000E+00 : FWB 09-FF:540000??:??:?? = ???????????????
A867 : E5 3D    : SBC 3D         : 3 : A=1C X=FC Y=06 SP=EF N=0 V=0 D=0 I=1 Z=0 C=1 : FWA 00-82:70000000:00:00 = +1.75000000E+00 : FWB 09-FF:540000??:??:?? = ???????????????
A869 : 85 31    : STA 31         : 3 : A=1C X=FC Y=06 SP=EF N=0 V=0 D=0 I=1 Z=0 C=1 : FWA 00-82:1C000000:00:00 = +4.37500000E-01 : FWB 09-FF:540000??:??:?? = ???????????????
A86B : 98       : TYA            : 2 : A=06 X=FC Y=06 SP=EF N=0 V=0 D=0 I=1 Z=0 C=1 : FWA 00-82:1C000000:00:00 = +4.37500000E-01 : FWB 09-FF:540000??:??:?? = ???????????????
A86C : 18       : CLC            : 2 : A=06 X=FC Y=06 SP=EF N=0 V=0 D=0 I=1 Z=0 C=0 : FWA 00-82:1C000000:00:00 = +4.37500000E-01 : FWB 09-FF:540000??:??:?? = ???????????????
A86D : 75 41    : ADC 41,X       : 4 : A=5A X=FC Y=06 SP=EF N=0 V=0 D=0 I=1 Z=0 C=0 : FWA 00-82:1C000000:00:00 = +4.37500000E-01 : FWB 09-FF:540000??:??:?? = ???????????????
A86F : 90 07    : BCC A878       : 3 : A=5A X=FC Y=06 SP=EF N=0 V=0 D=0 I=1 Z=0 C=0 : FWA 00-82:1C000000:00:00 = +4.37500000E-01 : FWB 09-FF:540000??:??:?? = ???????????????
A878 : 95 41    : STA 41,X       : 4 : A=5A X=FC Y=06 SP=EF N=0 V=0 D=0 I=1 Z=0 C=0 : FWA 00-82:1C000000:00:00 = +4.37500000E-01 : FWB 09-FF:5A0000??:??:?? = ???????????????
A87A : 98       : TYA            : 2 : A=06 X=FC Y=06 SP=EF N=0 V=0 D=0 I=1 Z=0 C=0 : FWA 00-82:1C000000:00:00 = +4.37500000E-01 : FWB 09-FF:5A0000??:??:?? = ???????????????
A87B : 4A       : LSR A          : 2 : A=03 X=FC Y=06 SP=EF N=0 V=0 D=0 I=1 Z=0 C=0 : FWA 00-82:1C000000:00:00 = +4.37500000E-01 : FWB 09-FF:5A0000??:??:?? = ???????????????
A87C : A8       : TAY            : 2 : A=03 X=FC Y=03 SP=EF N=0 V=0 D=0 I=1 Z=0 C=0 : FWA 00-82:1C000000:00:00 = +4.37500000E-01 : FWB 09-FF:5A0000??:??:?? = ???????????????
A87D : D0 C2    : BNE A841       : 3 : A=03 X=FC Y=03 SP=EF N=0 V=0 D=0 I=1 Z=0 C=0 : FWA 00-82:1C000000:00:00 = +4.37500000E-01 : FWB 09-FF:5A0000??:??:?? = ???????????????
A841 : 06 33    : ASL 33         : 5 : A=03 X=FC Y=03 SP=EF N=0 V=0 D=0 I=1 Z=1 C=0 : FWA 00-82:1C000000:00:00 = +4.37500000E-01 : FWB 09-FF:5A0000??:??:?? = ???????????????
A843 : 26 32    : ROL 32         : 5 : A=03 X=FC Y=03 SP=EF N=0 V=0 D=0 I=1 Z=1 C=0 : FWA 00-82:1C000000:00:00 = +4.37500000E-01 : FWB 09-FF:5A0000??:??:?? = ???????????????
A845 : 26 31    : ROL 31         : 5 : A=03 X=FC Y=03 SP=EF N=0 V=0 D=0 I=1 Z=0 C=0 : FWA 00-82:38000000:00:00 = +8.75000000E-01 : FWB 09-FF:5A0000??:??:?? = ???????????????
A847 : A5 31    : LDA 31         : 3 : A=38 X=FC Y=03 SP=EF N=0 V=0 D=0 I=1 Z=0 C=0 : FWA 00-82:38000000:00:00 = +8.75000000E-01 : FWB 09-FF:5A0000??:??:?? = ???????????????
A849 : C5 3D    : CMP 3D         : 3 : A=38 X=FC Y=03 SP=EF N=1 V=0 D=0 I=1 Z=0 C=0 : FWA 00-82:38000000:00:00 = +8.75000000E-01 : FWB 09-FF:5A0000??:??:?? = ???????????????
A84B : D0 0A    : BNE A857       : 3 : A=38 X=FC Y=03 SP=EF N=1 V=0 D=0 I=1 Z=0 C=0 : FWA 00-82:38000000:00:00 = +8.75000000E-01 : FWB 09-FF:5A0000??:??:?? = ???????????????
A857 : 90 1C    : BCC A875       : 3 : A=38 X=FC Y=03 SP=EF N=1 V=0 D=0 I=1 Z=0 C=0 : FWA 00-82:38000000:00:00 = +8.75000000E-01 : FWB 09-FF:5A0000??:??:?? = ???????????????
A875 : 98       : TYA            : 2 : A=03 X=FC Y=03 SP=EF N=0 V=0 D=0 I=1 Z=0 C=0 : FWA 00-82:38000000:00:00 = +8.75000000E-01 : FWB 09-FF:5A0000??:??:?? = ???????????????
A876 : 55 41    : EOR 41,X       : 4 : A=59 X=FC Y=03 SP=EF N=0 V=0 D=0 I=1 Z=0 C=0 : FWA 00-82:38000000:00:00 = +8.75000000E-01 : FWB 09-FF:5A0000??:??:?? = ???????????????
A878 : 95 41    : STA 41,X       : 4 : A=59 X=FC Y=03 SP=EF N=0 V=0 D=0 I=1 Z=0 C=0 : FWA 00-82:38000000:00:00 = +8.75000000E-01 : FWB 09-FF:590000??:??:?? = ???????????????
A87A : 98       : TYA            : 2 : A=03 X=FC Y=03 SP=EF N=0 V=0 D=0 I=1 Z=0 C=0 : FWA 00-82:38000000:00:00 = +8.75000000E-01 : FWB 09-FF:590000??:??:?? = ???????????????
A87B : 4A       : LSR A          : 2 : A=01 X=FC Y=03 SP=EF N=0 V=0 D=0 I=1 Z=0 C=1 : FWA 00-82:38000000:00:00 = +8.75000000E-01 : FWB 09-FF:590000??:??:?? = ???????????????
A87C : A8       : TAY            : 2 : A=01 X=FC Y=01 SP=EF N=0 V=0 D=0 I=1 Z=0 C=1 : FWA 00-82:38000000:00:00 = +8.75000000E-01 : FWB 09-FF:590000??:??:?? = ???????????????
A87D : D0 C2    : BNE A841       : 3 : A=01 X=FC Y=01 SP=EF N=0 V=0 D=0 I=1 Z=0 C=1 : FWA 00-82:38000000:00:00 = +8.75000000E-01 : FWB 09-FF:590000??:??:?? = ???????????????
A841 : 06 33    : ASL 33         : 5 : A=01 X=FC Y=01 SP=EF N=0 V=0 D=0 I=1 Z=1 C=0 : FWA 00-82:38000000:00:00 = +8.75000000E-01 : FWB 09-FF:590000??:??:?? = ???????????????
A843 : 26 32    : ROL 32         : 5 : A=01 X=FC Y=01 SP=EF N=0 V=0 D=0 I=1 Z=1 C=0 : FWA 00-82:38000000:00:00 = +8.75000000E-01 : FWB 09-FF:590000??:??:?? = ???????????????
A845 : 26 31    : ROL 31         : 5 : A=01 X=FC Y=01 SP=EF N=0 V=0 D=0 I=1 Z=0 C=0 : FWA 00-82:70000000:00:00 = +1.75000000E+00 : FWB 09-FF:590000??:??:?? = ???????????????
A847 : A5 31    : LDA 31         : 3 : A=70 X=FC Y=01 SP=EF N=0 V=0 D=0 I=1 Z=0 C=0 : FWA 00-82:70000000:00:00 = +1.75000000E+00 : FWB 09-FF:590000??:??:?? = ???????????????
A849 : C5 3D    : CMP 3D         : 3 : A=70 X=FC Y=01 SP=EF N=0 V=0 D=0 I=1 Z=0 C=1 : FWA 00-82:70000000:00:00 = +1.75000000E+00 : FWB 09-FF:590000??:??:?? = ???????????????
A84B : D0 0A    : BNE A857       : 3 : A=70 X=FC Y=01 SP=EF N=0 V=0 D=0 I=1 Z=0 C=1 : FWA 00-82:70000000:00:00 = +1.75000000E+00 : FWB 09-FF:590000??:??:?? = ???????????????
A857 : 90 1C    : BCC A875       : 2 : A=70 X=FC Y=01 SP=EF N=0 V=0 D=0 I=1 Z=0 C=1 : FWA 00-82:70000000:00:00 = +1.75000000E+00 : FWB 09-FF:590000??:??:?? = ???????????????
A859 : A5 33    : LDA 33         : 3 : A=00 X=FC Y=01 SP=EF N=0 V=0 D=0 I=1 Z=1 C=1 : FWA 00-82:70000000:00:00 = +1.75000000E+00 : FWB 09-FF:590000??:??:?? = ???????????????
A85B : E5 3F    : SBC 3F         : 3 : A=00 X=FC Y=01 SP=EF N=0 V=0 D=0 I=1 Z=1 C=1 : FWA 00-82:70000000:00:00 = +1.75000000E+00 : FWB 09-FF:590000??:??:?? = ???????????????
A85D : 85 33    : STA 33         : 3 : A=00 X=FC Y=01 SP=EF N=0 V=0 D=0 I=1 Z=1 C=1 : FWA 00-82:70000000:00:00 = +1.75000000E+00 : FWB 09-FF:590000??:??:?? = ???????????????
A85F : A5 32    : LDA 32         : 3 : A=00 X=FC Y=01 SP=EF N=0 V=0 D=0 I=1 Z=1 C=1 : FWA 00-82:70000000:00:00 = +1.75000000E+00 : FWB 09-FF:590000??:??:?? = ???????????????
A861 : E5 3E    : SBC 3E         : 3 : A=00 X=FC Y=01 SP=EF N=0 V=0 D=0 I=1 Z=1 C=1 : FWA 00-82:70000000:00:00 = +1.75000000E+00 : FWB 09-FF:590000??:??:?? = ???????????????
A863 : 85 32    : STA 32         : 3 : A=00 X=FC Y=01 SP=EF N=0 V=0 D=0 I=1 Z=1 C=1 : FWA 00-82:70000000:00:00 = +1.75000000E+00 : FWB 09-FF:590000??:??:?? = ???????????????
A865 : A5 31    : LDA 31         : 3 : A=70 X=FC Y=01 SP=EF N=0 V=0 D=0 I=1 Z=0 C=1 : FWA 00-82:70000000:00:00 = +1.75000000E+00 : FWB 09-FF:590000??:??:?? = ???????????????
A867 : E5 3D    : SBC 3D         : 3 : A=17 X=FC Y=01 SP=EF N=0 V=0 D=0 I=1 Z=0 C=1 : FWA 00-82:70000000:00:00 = +1.75000000E+00 : FWB 09-FF:590000??:??:?? = ???????????????
A869 : 85 31    : STA 31         : 3 : A=17 X=FC Y=01 SP=EF N=0 V=0 D=0 I=1 Z=0 C=1 : FWA 00-82:17000000:00:00 = +3.59375000E-01 : FWB 09-FF:590000??:??:?? = ???????????????
A86B : 98       : TYA            : 2 : A=01 X=FC Y=01 SP=EF N=0 V=0 D=0 I=1 Z=0 C=1 : FWA 00-82:17000000:00:00 = +3.59375000E-01 : FWB 09-FF:590000??:??:?? = ???????????????
A86C : 18       : CLC            : 2 : A=01 X=FC Y=01 SP=EF N=0 V=0 D=0 I=1 Z=0 C=0 : FWA 00-82:17000000:00:00 = +3.59375000E-01 : FWB 09-FF:590000??:??:?? = ???????????????
A86D : 75 41    : ADC 41,X       : 4 : A=5A X=FC Y=01 SP=EF N=0 V=0 D=0 I=1 Z=0 C=0 : FWA 00-82:17000000:00:00 = +3.59375000E-01 : FWB 09-FF:590000??:??:?? = ???????????????
A86F : 90 07    : BCC A878       : 3 : A=5A X=FC Y=01 SP=EF N=0 V=0 D=0 I=1 Z=0 C=0 : FWA 00-82:17000000:00:00 = +3.59375000E-01 : FWB 09-FF:590000??:??:?? = ???????????????
A878 : 95 41    : STA 41,X       : 4 : A=5A X=FC Y=01 SP=EF N=0 V=0 D=0 I=1 Z=0 C=0 : FWA 00-82:17000000:00:00 = +3.59375000E-01 : FWB 09-FF:5A0000??:??:?? = ???????????????
A87A : 98       : TYA            : 2 : A=01 X=FC Y=01 SP=EF N=0 V=0 D=0 I=1 Z=0 C=0 : FWA 00-82:17000000:00:00 = +3.59375000E-01 : FWB 09-FF:5A0000??:??:?? = ???????????????
A87B : 4A       : LSR A          : 2 : A=00 X=FC Y=01 SP=EF N=0 V=0 D=0 I=1 Z=1 C=1 : FWA 00-82:17000000:00:00 = +3.59375000E-01 : FWB 09-FF:5A0000??:??:?? = ???????????????
A87C : A8       : TAY            : 2 : A=00 X=FC Y=00 SP=EF N=0 V=0 D=0 I=1 Z=1 C=1 : FWA 00-82:17000000:00:00 = +3.59375000E-01 : FWB 09-FF:5A0000??:??:?? = ???????????????
A87D : D0 C2    : BNE A841       : 2 : A=00 X=FC Y=00 SP=EF N=0 V=0 D=0 I=1 Z=1 C=1 : FWA 00-82:17000000:00:00 = +3.59375000E-01 : FWB 09-FF:5A0000??:??:?? = ???????????????
A87F : B4 40    : LDY 40,X       : 4 : A=00 X=FC Y=FF SP=EF N=1 V=0 D=0 I=1 Z=0 C=1 : FWA 00-82:17000000:00:00 = +3.59375000E-01 : FWB 09-FF:5A0000??:??:?? = ???????????????
A881 : 5A       : PHY            : 3 : A=00 X=FC Y=FF SP=EE N=1 V=0 D=0 I=1 Z=0 C=1 : FWA 00-82:17000000:00:00 = +3.59375000E-01 : FWB 09-FF:5A0000??:??:?? = ???????????????
A882 : E0 FD    : CPX #FD        : 2 : A=00 X=FC Y=FF SP=EE N=1 V=0 D=0 I=1 Z=0 C=0 : FWA 00-82:17000000:00:00 = +3.59375000E-01 : FWB 09-FF:5A0000??:??:?? = ???????????????
A884 : D0 04    : BNE A88A       : 3 : A=00 X=FC Y=FF SP=EE N=1 V=0 D=0 I=1 Z=0 C=0 : FWA 00-82:17000000:00:00 = +3.59375000E-01 : FWB 09-FF:5A0000??:??:?? = ???????????????
A88A : B0 0D    : BCS A899       : 2 : A=00 X=FC Y=FF SP=EE N=1 V=0 D=0 I=1 Z=0 C=0 : FWA 00-82:17000000:00:00 = +3.59375000E-01 : FWB 09-FF:5A0000??:??:?? = ???????????????
A88C : 7A       : PLY            : 4 : A=00 X=FC Y=FF SP=EF N=1 V=0 D=0 I=1 Z=0 C=0 : FWA 00-82:17000000:00:00 = +3.59375000E-01 : FWB 09-FF:5A0000??:??:?? = ???????????????
A88D : A0 04    : LDY #04        : 2 : A=00 X=FC Y=04 SP=EF N=0 V=0 D=0 I=1 Z=0 C=0 : FWA 00-82:17000000:00:00 = +3.59375000E-01 : FWB 09-FF:5A0000??:??:?? = ???????????????
A88F : 06 35    : ASL 35         : 5 : A=00 X=FC Y=04 SP=EF N=0 V=0 D=0 I=1 Z=1 C=0 : FWA 00-82:17000000:00:00 = +3.59375000E-01 : FWB 09-FF:5A0000??:??:?? = ???????????????
A891 : 26 34    : ROL 34         : 5 : A=00 X=FC Y=04 SP=EF N=0 V=0 D=0 I=1 Z=1 C=0 : FWA 00-82:17000000:00:00 = +3.59375000E-01 : FWB 09-FF:5A0000??:??:?? = ???????????????
A893 : 2A       : ROL A          : 2 : A=00 X=FC Y=04 SP=EF N=0 V=0 D=0 I=1 Z=1 C=0 : FWA 00-82:17000000:00:00 = +3.59375000E-01 : FWB 09-FF:5A0000??:??:?? = ???????????????
A894 : 88       : DEY            : 2 : A=00 X=FC Y=03 SP=EF N=0 V=0 D=0 I=1 Z=0 C=0 : FWA 00-82:17000000:00:00 = +3.59375000E-01 : FWB 09-FF:5A0000??:??:?? = ???????????????
A895 : D0 F8    : BNE A88F       : 3 : A=00 X=FC Y=03 SP=EF N=0 V=0 D=0 I=1 Z=0 C=0 : FWA 00-82:17000000:00:00 = +3.59375000E-01 : FWB 09-FF:5A0000??:??:?? = ???????????????
A88F : 06 35    : ASL 35         : 5 : A=00 X=FC Y=03 SP=EF N=0 V=0 D=0 I=1 Z=1 C=0 : FWA 00-82:17000000:00:00 = +3.59375000E-01 : FWB 09-FF:5A0000??:??:?? = ???????????????
A891 : 26 34    : ROL 34         : 5 : A=00 X=FC Y=03 SP=EF N=0 V=0 D=0 I=1 Z=1 C=0 : FWA 00-82:17000000:00:00 = +3.59375000E-01 : FWB 09-FF:5A0000??:??:?? = ???????????????
A893 : 2A       : ROL A          : 2 : A=00 X=FC Y=03 SP=EF N=0 V=0 D=0 I=1 Z=1 C=0 : FWA 00-82:17000000:00:00 = +3.59375000E-01 : FWB 09-FF:5A0000??:??:?? = ???????????????
A894 : 88       : DEY            : 2 : A=00 X=FC Y=02 SP=EF N=0 V=0 D=0 I=1 Z=0 C=0 : FWA 00-82:17000000:00:00 = +3.59375000E-01 : FWB 09-FF:5A0000??:??:?? = ???????????????
A895 : D0 F8    : BNE A88F       : 3 : A=00 X=FC Y=02 SP=EF N=0 V=0 D=0 I=1 Z=0 C=0 : FWA 00-82:17000000:00:00 = +3.59375000E-01 : FWB 09-FF:5A0000??:??:?? = ???????????????
A88F : 06 35    : ASL 35         : 5 : A=00 X=FC Y=02 SP=EF N=0 V=0 D=0 I=1 Z=1 C=0 : FWA 00-82:17000000:00:00 = +3.59375000E-01 : FWB 09-FF:5A0000??:??:?? = ???????????????
A891 : 26 34    : ROL 34         : 5 : A=00 X=FC Y=02 SP=EF N=0 V=0 D=0 I=1 Z=1 C=0 : FWA 00-82:17000000:00:00 = +3.59375000E-01 : FWB 09-FF:5A0000??:??:?? = ???????????????
A893 : 2A       : ROL A          : 2 : A=00 X=FC Y=02 SP=EF N=0 V=0 D=0 I=1 Z=1 C=0 : FWA 00-82:17000000:00:00 = +3.59375000E-01 : FWB 09-FF:5A0000??:??:?? = ???????????????
A894 : 88       : DEY            : 2 : A=00 X=FC Y=01 SP=EF N=0 V=0 D=0 I=1 Z=0 C=0 : FWA 00-82:17000000:00:00 = +3.59375000E-01 : FWB 09-FF:5A0000??:??:?? = ???????????????
A895 : D0 F8    : BNE A88F       : 3 : A=00 X=FC Y=01 SP=EF N=0 V=0 D=0 I=1 Z=0 C=0 : FWA 00-82:17000000:00:00 = +3.59375000E-01 : FWB 09-FF:5A0000??:??:?? = ???????????????
A88F : 06 35    : ASL 35         : 5 : A=00 X=FC Y=01 SP=EF N=0 V=0 D=0 I=1 Z=1 C=0 : FWA 00-82:17000000:00:00 = +3.59375000E-01 : FWB 09-FF:5A0000??:??:?? = ???????????????
A891 : 26 34    : ROL 34         : 5 : A=00 X=FC Y=01 SP=EF N=0 V=0 D=0 I=1 Z=1 C=0 : FWA 00-82:17000000:00:00 = +3.59375000E-01 : FWB 09-FF:5A0000??:??:?? = ???????????????
A893 : 2A       : ROL A          : 2 : A=00 X=FC Y=01 SP=EF N=0 V=0 D=0 I=1 Z=1 C=0 : FWA 00-82:17000000:00:00 = +3.59375000E-01 : FWB 09-FF:5A0000??:??:?? = ???????????????
A894 : 88       : DEY            : 2 : A=00 X=FC Y=00 SP=EF N=0 V=0 D=0 I=1 Z=1 C=0 : FWA 00-82:17000000:00:00 = +3.59375000E-01 : FWB 09-FF:5A0000??:??:?? = ???????????????
A895 : D0 F8    : BNE A88F       : 2 : A=00 X=FC Y=00 SP=EF N=0 V=0 D=0 I=1 Z=1 C=0 : FWA 00-82:17000000:00:00 = +3.59375000E-01 : FWB 09-FF:5A0000??:??:?? = ???????????????
A897 : 04 33    : TSB 33         : 5 : A=00 X=FC Y=00 SP=EF N=0 V=0 D=0 I=1 Z=1 C=0 : FWA 00-82:17000000:00:00 = +3.59375000E-01 : FWB 09-FF:5A0000??:??:?? = ???????????????
A899 : A9 80    : LDA #80        : 2 : A=80 X=FC Y=00 SP=EF N=1 V=0 D=0 I=1 Z=0 C=0 : FWA 00-82:17000000:00:00 = +3.59375000E-01 : FWB 09-FF:5A0000??:??:?? = ???????????????
A89B : A0 C0    : LDY #C0        : 2 : A=80 X=FC Y=C0 SP=EF N=1 V=0 D=0 I=1 Z=0 C=0 : FWA 00-82:17000000:00:00 = +3.59375000E-01 : FWB 09-FF:5A0000??:??:?? = ???????????????
A89D : E8       : INX            : 2 : A=80 X=FD Y=C0 SP=EF N=1 V=0 D=0 I=1 Z=0 C=0 : FWA 00-82:17000000:00:00 = +3.59375000E-01 : FWB 09-FF:5A0000??:??:?? = ???????????????
A89E : D0 9F    : BNE A83F       : 3 : A=80 X=FD Y=C0 SP=EF N=1 V=0 D=0 I=1 Z=0 C=0 : FWA 00-82:17000000:00:00 = +3.59375000E-01 : FWB 09-FF:5A0000??:??:?? = ???????????????
A83F : 95 41    : STA 41,X       : 4 : A=80 X=FD Y=C0 SP=EF N=1 V=0 D=0 I=1 Z=0 C=0 : FWA 00-82:17000000:00:00 = +3.59375000E-01 : FWB 09-FF:5A8000??:??:?? = ???????????????
A841 : 06 33    : ASL 33         : 5 : A=80 X=FD Y=C0 SP=EF N=0 V=0 D=0 I=1 Z=1 C=0 : FWA 00-82:17000000:00:00 = +3.59375000E-01 : FWB 09-FF:5A8000??:??:?? = ???????????????
A843 : 26 32    : ROL 32         : 5 : A=80 X=FD Y=C0 SP=EF N=0 V=0 D=0 I=1 Z=1 C=0 : FWA 00-82:17000000:00:00 = +3.59375000E-01 : FWB 09-FF:5A8000??:??:?? = ???????????????
A845 : 26 31    : ROL 31         : 5 : A=80 X=FD Y=C0 SP=EF N=0 V=0 D=0 I=1 Z=0 C=0 : FWA 00-82:2E000000:00:00 = +7.18750000E-01 : FWB 09-FF:5A8000??:??:?? = ???????????????
A847 : A5 31    : LDA 31         : 3 : A=2E X=FD Y=C0 SP=EF N=0 V=0 D=0 I=1 Z=0 C=0 : FWA 00-82:2E000000:00:00 = +7.18750000E-01 : FWB 09-FF:5A8000??:??:?? = ???????????????
A849 : C5 3D    : CMP 3D         : 3 : A=2E X=FD Y=C0 SP=EF N=1 V=0 D=0 I=1 Z=0 C=0 : FWA 00-82:2E000000:00:00 = +7.18750000E-01 : FWB 09-FF:5A8000??:??:?? = ???????????????
A84B : D0 0A    : BNE A857       : 3 : A=2E X=FD Y=C0 SP=EF N=1 V=0 D=0 I=1 Z=0 C=0 : FWA 00-82:2E000000:00:00 = +7.18750000E-01 : FWB 09-FF:5A8000??:??:?? = ???????????????
A857 : 90 1C    : BCC A875       : 3 : A=2E X=FD Y=C0 SP=EF N=1 V=0 D=0 I=1 Z=0 C=0 : FWA 00-82:2E000000:00:00 = +7.18750000E-01 : FWB 09-FF:5A8000??:??:?? = ???????????????
A875 : 98       : TYA            : 2 : A=C0 X=FD Y=C0 SP=EF N=1 V=0 D=0 I=1 Z=0 C=0 : FWA 00-82:2E000000:00:00 = +7.18750000E-01 : FWB 09-FF:5A8000??:??:?? = ???????????????
A876 : 55 41    : EOR 41,X       : 4 : A=40 X=FD Y=C0 SP=EF N=0 V=0 D=0 I=1 Z=0 C=0 : FWA 00-82:2E000000:00:00 = +7.18750000E-01 : FWB 09-FF:5A8000??:??:?? = ???????????????
A878 : 95 41    : STA 41,X       : 4 : A=40 X=FD Y=C0 SP=EF N=0 V=0 D=0 I=1 Z=0 C=0 : FWA 00-82:2E000000:00:00 = +7.18750000E-01 : FWB 09-FF:5A4000??:??:?? = ???????????????
A87A : 98       : TYA            : 2 : A=C0 X=FD Y=C0 SP=EF N=1 V=0 D=0 I=1 Z=0 C=0 : FWA 00-82:2E000000:00:00 = +7.18750000E-01 : FWB 09-FF:5A4000??:??:?? = ???????????????
A87B : 4A       : LSR A          : 2 : A=60 X=FD Y=C0 SP=EF N=0 V=0 D=0 I=1 Z=0 C=0 : FWA 00-82:2E000000:00:00 = +7.18750000E-01 : FWB 09-FF:5A4000??:??:?? = ???????????????
A87C : A8       : TAY            : 2 : A=60 X=FD Y=60 SP=EF N=0 V=0 D=0 I=1 Z=0 C=0 : FWA 00-82:2E000000:00:00 = +7.18750000E-01 : FWB 09-FF:5A4000??:??:?? = ???????????????
A87D : D0 C2    : BNE A841       : 3 : A=60 X=FD Y=60 SP=EF N=0 V=0 D=0 I=1 Z=0 C=0 : FWA 00-82:2E000000:00:00 = +7.18750000E-01 : FWB 09-FF:5A4000??:??:?? = ???????????????
A841 : 06 33    : ASL 33         : 5 : A=60 X=FD Y=60 SP=EF N=0 V=0 D=0 I=1 Z=1 C=0 : FWA 00-82:2E000000:00:00 = +7.18750000E-01 : FWB 09-FF:5A4000??:??:?? = ???????????????
A843 : 26 32    : ROL 32         : 5 : A=60 X=FD Y=60 SP=EF N=0 V=0 D=0 I=1 Z=1 C=0 : FWA 00-82:2E000000:00:00 = +7.18750000E-01 : FWB 09-FF:5A4000??:??:?? = ???????????????
A845 : 26 31    : ROL 31         : 5 : A=60 X=FD Y=60 SP=EF N=0 V=0 D=0 I=1 Z=0 C=0 : FWA 00-82:5C000000:00:00 = +1.43750000E+00 : FWB 09-FF:5A4000??:??:?? = ???????????????
A847 : A5 31    : LDA 31         : 3 : A=5C X=FD Y=60 SP=EF N=0 V=0 D=0 I=1 Z=0 C=0 : FWA 00-82:5C000000:00:00 = +1.43750000E+00 : FWB 09-FF:5A4000??:??:?? = ???????????????
A849 : C5 3D    : CMP 3D         : 3 : A=5C X=FD Y=60 SP=EF N=0 V=0 D=0 I=1 Z=0 C=1 : FWA 00-82:5C000000:00:00 = +1.43750000E+00 : FWB 09-FF:5A4000??:??:?? = ???????????????
A84B : D0 0A    : BNE A857       : 3 : A=5C X=FD Y=60 SP=EF N=0 V=0 D=0 I=1 Z=0 C=1 : FWA 00-82:5C000000:00:00 = +1.43750000E+00 : FWB 09-FF:5A4000??:??:?? = ???????????????
A857 : 90 1C    : BCC A875       : 2 : A=5C X=FD Y=60 SP=EF N=0 V=0 D=0 I=1 Z=0 C=1 : FWA 00-82:5C000000:00:00 = +1.43750000E+00 : FWB 09-FF:5A4000??:??:?? = ???????????????
A859 : A5 33    : LDA 33         : 3 : A=00 X=FD Y=60 SP=EF N=0 V=0 D=0 I=1 Z=1 C=1 : FWA 00-82:5C000000:00:00 = +1.43750000E+00 : FWB 09-FF:5A4000??:??:?? = ???????????????
A85B : E5 3F    : SBC 3F         : 3 : A=00 X=FD Y=60 SP=EF N=0 V=0 D=0 I=1 Z=1 C=1 : FWA 00-82:5C000000:00:00 = +1.43750000E+00 : FWB 09-FF:5A4000??:??:?? = ???????????????
A85D : 85 33    : STA 33         : 3 : A=00 X=FD Y=60 SP=EF N=0 V=0 D=0 I=1 Z=1 C=1 : FWA 00-82:5C000000:00:00 = +1.43750000E+00 : FWB 09-FF:5A4000??:??:?? = ???????????????
A85F : A5 32    : LDA 32         : 3 : A=00 X=FD Y=60 SP=EF N=0 V=0 D=0 I=1 Z=1 C=1 : FWA 00-82:5C000000:00:00 = +1.43750000E+00 : FWB 09-FF:5A4000??:??:?? = ???????????????
A861 : E5 3E    : SBC 3E         : 3 : A=C0 X=FD Y=60 SP=EF N=1 V=0 D=0 I=1 Z=0 C=0 : FWA 00-82:5C000000:00:00 = +1.43750000E+00 : FWB 09-FF:5A4000??:??:?? = ???????????????
A863 : 85 32    : STA 32         : 3 : A=C0 X=FD Y=60 SP=EF N=1 V=0 D=0 I=1 Z=0 C=0 : FWA 00-82:5CC00000:00:00 = +1.44921875E+00 : FWB 09-FF:5A4000??:??:?? = ???????????????
A865 : A5 31    : LDA 31         : 3 : A=5C X=FD Y=60 SP=EF N=0 V=0 D=0 I=1 Z=0 C=0 : FWA 00-82:5CC00000:00:00 = +1.44921875E+00 : FWB 09-FF:5A4000??:??:?? = ???????????????
A867 : E5 3D    : SBC 3D         : 3 : A=01 X=FD Y=60 SP=EF N=0 V=0 D=0 I=1 Z=0 C=1 : FWA 00-82:5CC00000:00:00 = +1.44921875E+00 : FWB 09-FF:5A4000??:??:?? = ???????????????
A869 : 85 31    : STA 31         : 3 : A=01 X=FD Y=60 SP=EF N=0 V=0 D=0 I=1 Z=0 C=1 : FWA 00-82:01C00000:00:00 = +2.73437500E-02 : FWB 09-FF:5A4000??:??:?? = ???????????????
A86B : 98       : TYA            : 2 : A=60 X=FD Y=60 SP=EF N=0 V=0 D=0 I=1 Z=0 C=1 : FWA 00-82:01C00000:00:00 = +2.73437500E-02 : FWB 09-FF:5A4000??:??:?? = ???????????????
A86C : 18       : CLC            : 2 : A=60 X=FD Y=60 SP=EF N=0 V=0 D=0 I=1 Z=0 C=0 : FWA 00-82:01C00000:00:00 = +2.73437500E-02 : FWB 09-FF:5A4000??:??:?? = ???????????????
A86D : 75 41    : ADC 41,X       : 4 : A=A0 X=FD Y=60 SP=EF N=1 V=1 D=0 I=1 Z=0 C=0 : FWA 00-82:01C00000:00:00 = +2.73437500E-02 : FWB 09-FF:5A4000??:??:?? = ???????????????
A86F : 90 07    : BCC A878       : 3 : A=A0 X=FD Y=60 SP=EF N=1 V=1 D=0 I=1 Z=0 C=0 : FWA 00-82:01C00000:00:00 = +2.73437500E-02 : FWB 09-FF:5A4000??:??:?? = ???????????????
A878 : 95 41    : STA 41,X       : 4 : A=A0 X=FD Y=60 SP=EF N=1 V=1 D=0 I=1 Z=0 C=0 : FWA 00-82:01C00000:00:00 = +2.73437500E-02 : FWB 09-FF:5AA000??:??:?? = ???????????????
A87A : 98       : TYA            : 2 : A=60 X=FD Y=60 SP=EF N=0 V=1 D=0 I=1 Z=0 C=0 : FWA 00-82:01C00000:00:00 = +2.73437500E-02 : FWB 09-FF:5AA000??:??:?? = ???????????????
A87B : 4A       : LSR A          : 2 : A=30 X=FD Y=60 SP=EF N=0 V=1 D=0 I=1 Z=0 C=0 : FWA 00-82:01C00000:00:00 = +2.73437500E-02 : FWB 09-FF:5AA000??:??:?? = ???????????????
A87C : A8       : TAY            : 2 : A=30 X=FD Y=30 SP=EF N=0 V=1 D=0 I=1 Z=0 C=0 : FWA 00-82:01C00000:00:00 = +2.73437500E-02 : FWB 09-FF:5AA000??:??:?? = ???????????????
A87D : D0 C2    : BNE A841       : 3 : A=30 X=FD Y=30 SP=EF N=0 V=1 D=0 I=1 Z=0 C=0 : FWA 00-82:01C00000:00:00 = +2.73437500E-02 : FWB 09-FF:5AA000??:??:?? = ???????????????
A841 : 06 33    : ASL 33         : 5 : A=30 X=FD Y=30 SP=EF N=0 V=1 D=0 I=1 Z=1 C=0 : FWA 00-82:01C00000:00:00 = +2.73437500E-02 : FWB 09-FF:5AA000??:??:?? = ???????????????
A843 : 26 32    : ROL 32         : 5 : A=30 X=FD Y=30 SP=EF N=1 V=1 D=0 I=1 Z=0 C=1 : FWA 00-82:01800000:00:00 = +2.34375000E-02 : FWB 09-FF:5AA000??:??:?? = ???????????????
A845 : 26 31    : ROL 31         : 5 : A=30 X=FD Y=30 SP=EF N=0 V=1 D=0 I=1 Z=0 C=0 : FWA 00-82:03800000:00:00 = +5.46875000E-02 : FWB 09-FF:5AA000??:??:?? = ???????????????
A847 : A5 31    : LDA 31         : 3 : A=03 X=FD Y=30 SP=EF N=0 V=1 D=0 I=1 Z=0 C=0 : FWA 00-82:03800000:00:00 = +5.46875000E-02 : FWB 09-FF:5AA000??:??:?? = ???????????????
A849 : C5 3D    : CMP 3D         : 3 : A=03 X=FD Y=30 SP=EF N=1 V=1 D=0 I=1 Z=0 C=0 : FWA 00-82:03800000:00:00 = +5.46875000E-02 : FWB 09-FF:5AA000??:??:?? = ???????????????
A84B : D0 0A    : BNE A857       : 3 : A=03 X=FD Y=30 SP=EF N=1 V=1 D=0 I=1 Z=0 C=0 : FWA 00-82:03800000:00:00 = +5.46875000E-02 : FWB 09-FF:5AA000??:??:?? = ???????????????
A857 : 90 1C    : BCC A875       : 3 : A=03 X=FD Y=30 SP=EF N=1 V=1 D=0 I=1 Z=0 C=0 : FWA 00-82:03800000:00:00 = +5.46875000E-02 : FWB 09-FF:5AA000??:??:?? = ???????????????
A875 : 98       : TYA            : 2 : A=30 X=FD Y=30 SP=EF N=0 V=1 D=0 I=1 Z=0 C=0 : FWA 00-82:03800000:00:00 = +5.46875000E-02 : FWB 09-FF:5AA000??:??:?? = ???????????????
A876 : 55 41    : EOR 41,X       : 4 : A=90 X=FD Y=30 SP=EF N=1 V=1 D=0 I=1 Z=0 C=0 : FWA 00-82:03800000:00:00 = +5.46875000E-02 : FWB 09-FF:5AA000??:??:?? = ???????????????
A878 : 95 41    : STA 41,X       : 4 : A=90 X=FD Y=30 SP=EF N=1 V=1 D=0 I=1 Z=0 C=0 : FWA 00-82:03800000:00:00 = +5.46875000E-02 : FWB 09-FF:5A9000??:??:?? = ???????????????
A87A : 98       : TYA            : 2 : A=30 X=FD Y=30 SP=EF N=0 V=1 D=0 I=1 Z=0 C=0 : FWA 00-82:03800000:00:00 = +5.46875000E-02 : FWB 09-FF:5A9000??:??:?? = ???????????????
A87B : 4A       : LSR A          : 2 : A=18 X=FD Y=30 SP=EF N=0 V=1 D=0 I=1 Z=0 C=0 : FWA 00-82:03800000:00:00 = +5.46875000E-02 : FWB 09-FF:5A9000??:??:?? = ???????????????
A87C : A8       : TAY            : 2 : A=18 X=FD Y=18 SP=EF N=0 V=1 D=0 I=1 Z=0 C=0 : FWA 00-82:03800000:00:00 = +5.46875000E-02 : FWB 09-FF:5A9000??:??:?? = ???????????????
A87D : D0 C2    : BNE A841       : 3 : A=18 X=FD Y=18 SP=EF N=0 V=1 D=0 I=1 Z=0 C=0 : FWA 00-82:03800000:00:00 = +5.46875000E-02 : FWB 09-FF:5A9000??:??:?? = ???????????????
A841 : 06 33    : ASL 33         : 5 : A=18 X=FD Y=18 SP=EF N=0 V=1 D=0 I=1 Z=1 C=0 : FWA 00-82:03800000:00:00 = +5.46875000E-02 : FWB 09-FF:5A9000??:??:?? = ???????????????
A843 : 26 32    : ROL 32         : 5 : A=18 X=FD Y=18 SP=EF N=0 V=1 D=0 I=1 Z=1 C=1 : FWA 00-82:03000000:00:00 = +4.68750000E-02 : FWB 09-FF:5A9000??:??:?? = ???????????????
A845 : 26 31    : ROL 31         : 5 : A=18 X=FD Y=18 SP=EF N=0 V=1 D=0 I=1 Z=0 C=0 : FWA 00-82:07000000:00:00 = +1.09375000E-01 : FWB 09-FF:5A9000??:??:?? = ???????????????
A847 : A5 31    : LDA 31         : 3 : A=07 X=FD Y=18 SP=EF N=0 V=1 D=0 I=1 Z=0 C=0 : FWA 00-82:07000000:00:00 = +1.09375000E-01 : FWB 09-FF:5A9000??:??:?? = ???????????????
A849 : C5 3D    : CMP 3D         : 3 : A=07 X=FD Y=18 SP=EF N=1 V=1 D=0 I=1 Z=0 C=0 : FWA 00-82:07000000:00:00 = +1.09375000E-01 : FWB 09-FF:5A9000??:??:?? = ???????????????
A84B : D0 0A    : BNE A857       : 3 : A=07 X=FD Y=18 SP=EF N=1 V=1 D=0 I=1 Z=0 C=0 : FWA 00-82:07000000:00:00 = +1.09375000E-01 : FWB 09-FF:5A9000??:??:?? = ???????????????
A857 : 90 1C    : BCC A875       : 3 : A=07 X=FD Y=18 SP=EF N=1 V=1 D=0 I=1 Z=0 C=0 : FWA 00-82:07000000:00:00 = +1.09375000E-01 : FWB 09-FF:5A9000??:??:?? = ???????????????
A875 : 98       : TYA            : 2 : A=18 X=FD Y=18 SP=EF N=0 V=1 D=0 I=1 Z=0 C=0 : FWA 00-82:07000000:00:00 = +1.09375000E-01 : FWB 09-FF:5A9000??:??:?? = ???????????????
A876 : 55 41    : EOR 41,X       : 4 : A=88 X=FD Y=18 SP=EF N=1 V=1 D=0 I=1 Z=0 C=0 : FWA 00-82:07000000:00:00 = +1.09375000E-01 : FWB 09-FF:5A9000??:??:?? = ???????????????
A878 : 95 41    : STA 41,X       : 4 : A=88 X=FD Y=18 SP=EF N=1 V=1 D=0 I=1 Z=0 C=0 : FWA 00-82:07000000:00:00 = +1.09375000E-01 : FWB 09-FF:5A8800??:??:?? = ???????????????
A87A : 98       : TYA            : 2 : A=18 X=FD Y=18 SP=EF N=0 V=1 D=0 I=1 Z=0 C=0 : FWA 00-82:07000000:00:00 = +1.09375000E-01 : FWB 09-FF:5A8800??:??:?? = ???????????????
A87B : 4A       : LSR A          : 2 : A=0C X=FD Y=18 SP=EF N=0 V=1 D=0 I=1 Z=0 C=0 : FWA 00-82:07000000:00:00 = +1.09375000E-01 : FWB 09-FF:5A8800??:??:?? = ???????????????
A87C : A8       : TAY            : 2 : A=0C X=FD Y=0C SP=EF N=0 V=1 D=0 I=1 Z=0 C=0 : FWA 00-82:07000000:00:00 = +1.09375000E-01 : FWB 09-FF:5A8800??:??:?? = ???????????????
A87D : D0 C2    : BNE A841       : 3 : A=0C X=FD Y=0C SP=EF N=0 V=1 D=0 I=1 Z=0 C=0 : FWA 00-82:07000000:00:00 = +1.09375000E-01 : FWB 09-FF:5A8800??:??:?? = ???????????????
A841 : 06 33    : ASL 33         : 5 : A=0C X=FD Y=0C SP=EF N=0 V=1 D=0 I=1 Z=1 C=0 : FWA 00-82:07000000:00:00 = +1.09375000E-01 : FWB 09-FF:5A8800??:??:?? = ???????????????
A843 : 26 32    : ROL 32         : 5 : A=0C X=FD Y=0C SP=EF N=0 V=1 D=0 I=1 Z=1 C=0 : FWA 00-82:07000000:00:00 = +1.09375000E-01 : FWB 09-FF:5A8800??:??:?? = ???????????????
A845 : 26 31    : ROL 31         : 5 : A=0C X=FD Y=0C SP=EF N=0 V=1 D=0 I=1 Z=0 C=0 : FWA 00-82:0E000000:00:00 = +2.18750000E-01 : FWB 09-FF:5A8800??:??:?? = ???????????????
A847 : A5 31    : LDA 31         : 3 : A=0E X=FD Y=0C SP=EF N=0 V=1 D=0 I=1 Z=0 C=0 : FWA 00-82:0E000000:00:00 = +2.18750000E-01 : FWB 09-FF:5A8800??:??:?? = ???????????????
A849 : C5 3D    : CMP 3D         : 3 : A=0E X=FD Y=0C SP=EF N=1 V=1 D=0 I=1 Z=0 C=0 : FWA 00-82:0E000000:00:00 = +2.18750000E-01 : FWB 09-FF:5A8800??:??:?? = ???????????????
A84B : D0 0A    : BNE A857       : 3 : A=0E X=FD Y=0C SP=EF N=1 V=1 D=0 I=1 Z=0 C=0 : FWA 00-82:0E000000:00:00 = +2.18750000E-01 : FWB 09-FF:5A8800??:??:?? = ???????????????
A857 : 90 1C    : BCC A875       : 3 : A=0E X=FD Y=0C SP=EF N=1 V=1 D=0 I=1 Z=0 C=0 : FWA 00-82:0E000000:00:00 = +2.18750000E-01 : FWB 09-FF:5A8800??:??:?? = ???????????????
A875 : 98       : TYA            : 2 : A=0C X=FD Y=0C SP=EF N=0 V=1 D=0 I=1 Z=0 C=0 : FWA 00-82:0E000000:00:00 = +2.18750000E-01 : FWB 09-FF:5A8800??:??:?? = ???????????????
A876 : 55 41    : EOR 41,X       : 4 : A=84 X=FD Y=0C SP=EF N=1 V=1 D=0 I=1 Z=0 C=0 : FWA 00-82:0E000000:00:00 = +2.18750000E-01 : FWB 09-FF:5A8800??:??:?? = ???????????????
A878 : 95 41    : STA 41,X       : 4 : A=84 X=FD Y=0C SP=EF N=1 V=1 D=0 I=1 Z=0 C=0 : FWA 00-82:0E000000:00:00 = +2.18750000E-01 : FWB 09-FF:5A8400??:??:?? = ???????????????
A87A : 98       : TYA            : 2 : A=0C X=FD Y=0C SP=EF N=0 V=1 D=0 I=1 Z=0 C=0 : FWA 00-82:0E000000:00:00 = +2.18750000E-01 : FWB 09-FF:5A8400??:??:?? = ???????????????
A87B : 4A       : LSR A          : 2 : A=06 X=FD Y=0C SP=EF N=0 V=1 D=0 I=1 Z=0 C=0 : FWA 00-82:0E000000:00:00 = +2.18750000E-01 : FWB 09-FF:5A8400??:??:?? = ???????????????
A87C : A8       : TAY            : 2 : A=06 X=FD Y=06 SP=EF N=0 V=1 D=0 I=1 Z=0 C=0 : FWA 00-82:0E000000:00:00 = +2.18750000E-01 : FWB 09-FF:5A8400??:??:?? = ???????????????
A87D : D0 C2    : BNE A841       : 3 : A=06 X=FD Y=06 SP=EF N=0 V=1 D=0 I=1 Z=0 C=0 : FWA 00-82:0E000000:00:00 = +2.18750000E-01 : FWB 09-FF:5A8400??:??:?? = ???????????????
A841 : 06 33    : ASL 33         : 5 : A=06 X=FD Y=06 SP=EF N=0 V=1 D=0 I=1 Z=1 C=0 : FWA 00-82:0E000000:00:00 = +2.18750000E-01 : FWB 09-FF:5A8400??:??:?? = ???????????????
A843 : 26 32    : ROL 32         : 5 : A=06 X=FD Y=06 SP=EF N=0 V=1 D=0 I=1 Z=1 C=0 : FWA 00-82:0E000000:00:00 = +2.18750000E-01 : FWB 09-FF:5A8400??:??:?? = ???????????????
A845 : 26 31    : ROL 31         : 5 : A=06 X=FD Y=06 SP=EF N=0 V=1 D=0 I=1 Z=0 C=0 : FWA 00-82:1C000000:00:00 = +4.37500000E-01 : FWB 09-FF:5A8400??:??:?? = ???????????????
A847 : A5 31    : LDA 31         : 3 : A=1C X=FD Y=06 SP=EF N=0 V=1 D=0 I=1 Z=0 C=0 : FWA 00-82:1C000000:00:00 = +4.37500000E-01 : FWB 09-FF:5A8400??:??:?? = ???????????????
A849 : C5 3D    : CMP 3D         : 3 : A=1C X=FD Y=06 SP=EF N=1 V=1 D=0 I=1 Z=0 C=0 : FWA 00-82:1C000000:00:00 = +4.37500000E-01 : FWB 09-FF:5A8400??:??:?? = ???????????????
A84B : D0 0A    : BNE A857       : 3 : A=1C X=FD Y=06 SP=EF N=1 V=1 D=0 I=1 Z=0 C=0 : FWA 00-82:1C000000:00:00 = +4.37500000E-01 : FWB 09-FF:5A8400??:??:?? = ???????????????
A857 : 90 1C    : BCC A875       : 3 : A=1C X=FD Y=06 SP=EF N=1 V=1 D=0 I=1 Z=0 C=0 : FWA 00-82:1C000000:00:00 = +4.37500000E-01 : FWB 09-FF:5A8400??:??:?? = ???????????????
A875 : 98       : TYA            : 2 : A=06 X=FD Y=06 SP=EF N=0 V=1 D=0 I=1 Z=0 C=0 : FWA 00-82:1C000000:00:00 = +4.37500000E-01 : FWB 09-FF:5A8400??:??:?? = ???????????????
A876 : 55 41    : EOR 41,X       : 4 : A=82 X=FD Y=06 SP=EF N=1 V=1 D=0 I=1 Z=0 C=0 : FWA 00-82:1C000000:00:00 = +4.37500000E-01 : FWB 09-FF:5A8400??:??:?? = ???????????????
A878 : 95 41    : STA 41,X       : 4 : A=82 X=FD Y=06 SP=EF N=1 V=1 D=0 I=1 Z=0 C=0 : FWA 00-82:1C000000:00:00 = +4.37500000E-01 : FWB 09-FF:5A8200??:??:?? = ???????????????
A87A : 98       : TYA            : 2 : A=06 X=FD Y=06 SP=EF N=0 V=1 D=0 I=1 Z=0 C=0 : FWA 00-82:1C000000:00:00 = +4.37500000E-01 : FWB 09-FF:5A8200??:??:?? = ???????????????
A87B : 4A       : LSR A          : 2 : A=03 X=FD Y=06 SP=EF N=0 V=1 D=0 I=1 Z=0 C=0 : FWA 00-82:1C000000:00:00 = +4.37500000E-01 : FWB 09-FF:5A8200??:??:?? = ???????????????
A87C : A8       : TAY            : 2 : A=03 X=FD Y=03 SP=EF N=0 V=1 D=0 I=1 Z=0 C=0 : FWA 00-82:1C000000:00:00 = +4.37500000E-01 : FWB 09-FF:5A8200??:??:?? = ???????????????
A87D : D0 C2    : BNE A841       : 3 : A=03 X=FD Y=03 SP=EF N=0 V=1 D=0 I=1 Z=0 C=0 : FWA 00-82:1C000000:00:00 = +4.37500000E-01 : FWB 09-FF:5A8200??:??:?? = ???????????????
A841 : 06 33    : ASL 33         : 5 : A=03 X=FD Y=03 SP=EF N=0 V=1 D=0 I=1 Z=1 C=0 : FWA 00-82:1C000000:00:00 = +4.37500000E-01 : FWB 09-FF:5A8200??:??:?? = ???????????????
A843 : 26 32    : ROL 32         : 5 : A=03 X=FD Y=03 SP=EF N=0 V=1 D=0 I=1 Z=1 C=0 : FWA 00-82:1C000000:00:00 = +4.37500000E-01 : FWB 09-FF:5A8200??:??:?? = ???????????????
A845 : 26 31    : ROL 31         : 5 : A=03 X=FD Y=03 SP=EF N=0 V=1 D=0 I=1 Z=0 C=0 : FWA 00-82:38000000:00:00 = +8.75000000E-01 : FWB 09-FF:5A8200??:??:?? = ???????????????
A847 : A5 31    : LDA 31         : 3 : A=38 X=FD Y=03 SP=EF N=0 V=1 D=0 I=1 Z=0 C=0 : FWA 00-82:38000000:00:00 = +8.75000000E-01 : FWB 09-FF:5A8200??:??:?? = ???????????????
A849 : C5 3D    : CMP 3D         : 3 : A=38 X=FD Y=03 SP=EF N=1 V=1 D=0 I=1 Z=0 C=0 : FWA 00-82:38000000:00:00 = +8.75000000E-01 : FWB 09-FF:5A8200??:??:?? = ???????????????
A84B : D0 0A    : BNE A857       : 3 : A=38 X=FD Y=03 SP=EF N=1 V=1 D=0 I=1 Z=0 C=0 : FWA 00-82:38000000:00:00 = +8.75000000E-01 : FWB 09-FF:5A8200??:??:?? = ???????????????
A857 : 90 1C    : BCC A875       : 3 : A=38 X=FD Y=03 SP=EF N=1 V=1 D=0 I=1 Z=0 C=0 : FWA 00-82:38000000:00:00 = +8.75000000E-01 : FWB 09-FF:5A8200??:??:?? = ???????????????
A875 : 98       : TYA            : 2 : A=03 X=FD Y=03 SP=EF N=0 V=1 D=0 I=1 Z=0 C=0 : FWA 00-82:38000000:00:00 = +8.75000000E-01 : FWB 09-FF:5A8200??:??:?? = ???????????????
A876 : 55 41    : EOR 41,X       : 4 : A=81 X=FD Y=03 SP=EF N=1 V=1 D=0 I=1 Z=0 C=0 : FWA 00-82:38000000:00:00 = +8.75000000E-01 : FWB 09-FF:5A8200??:??:?? = ???????????????
A878 : 95 41    : STA 41,X       : 4 : A=81 X=FD Y=03 SP=EF N=1 V=1 D=0 I=1 Z=0 C=0 : FWA 00-82:38000000:00:00 = +8.75000000E-01 : FWB 09-FF:5A8100??:??:?? = ???????????????
A87A : 98       : TYA            : 2 : A=03 X=FD Y=03 SP=EF N=0 V=1 D=0 I=1 Z=0 C=0 : FWA 00-82:38000000:00:00 = +8.75000000E-01 : FWB 09-FF:5A8100??:??:?? = ???????????????
A87B : 4A       : LSR A          : 2 : A=01 X=FD Y=03 SP=EF N=0 V=1 D=0 I=1 Z=0 C=1 : FWA 00-82:38000000:00:00 = +8.75000000E-01 : FWB 09-FF:5A8100??:??:?? = ???????????????
A87C : A8       : TAY            : 2 : A=01 X=FD Y=01 SP=EF N=0 V=1 D=0 I=1 Z=0 C=1 : FWA 00-82:38000000:00:00 = +8.75000000E-01 : FWB 09-FF:5A8100??:??:?? = ???????????????
A87D : D0 C2    : BNE A841       : 3 : A=01 X=FD Y=01 SP=EF N=0 V=1 D=0 I=1 Z=0 C=1 : FWA 00-82:38000000:00:00 = +8.75000000E-01 : FWB 09-FF:5A8100??:??:?? = ???????????????
A841 : 06 33    : ASL 33         : 5 : A=01 X=FD Y=01 SP=EF N=0 V=1 D=0 I=1 Z=1 C=0 : FWA 00-82:38000000:00:00 = +8.75000000E-01 : FWB 09-FF:5A8100??:??:?? = ???????????????
A843 : 26 32    : ROL 32         : 5 : A=01 X=FD Y=01 SP=EF N=0 V=1 D=0 I=1 Z=1 C=0 : FWA 00-82:38000000:00:00 = +8.75000000E-01 : FWB 09-FF:5A8100??:??:?? = ???????????????
A845 : 26 31    : ROL 31         : 5 : A=01 X=FD Y=01 SP=EF N=0 V=1 D=0 I=1 Z=0 C=0 : FWA 00-82:70000000:00:00 = +1.75000000E+00 : FWB 09-FF:5A8100??:??:?? = ???????????????
A847 : A5 31    : LDA 31         : 3 : A=70 X=FD Y=01 SP=EF N=0 V=1 D=0 I=1 Z=0 C=0 : FWA 00-82:70000000:00:00 = +1.75000000E+00 : FWB 09-FF:5A8100??:??:?? = ???????????????
A849 : C5 3D    : CMP 3D         : 3 : A=70 X=FD Y=01 SP=EF N=0 V=1 D=0 I=1 Z=0 C=1 : FWA 00-82:70000000:00:00 = +1.75000000E+00 : FWB 09-FF:5A8100??:??:?? = ???????????????
A84B : D0 0A    : BNE A857       : 3 : A=70 X=FD Y=01 SP=EF N=0 V=1 D=0 I=1 Z=0 C=1 : FWA 00-82:70000000:00:00 = +1.75000000E+00 : FWB 09-FF:5A8100??:??:?? = ???????????????
A857 : 90 1C    : BCC A875       : 2 : A=70 X=FD Y=01 SP=EF N=0 V=1 D=0 I=1 Z=0 C=1 : FWA 00-82:70000000:00:00 = +1.75000000E+00 : FWB 09-FF:5A8100??:??:?? = ???????????????
A859 : A5 33    : LDA 33         : 3 : A=00 X=FD Y=01 SP=EF N=0 V=1 D=0 I=1 Z=1 C=1 : FWA 00-82:70000000:00:00 = +1.75000000E+00 : FWB 09-FF:5A8100??:??:?? = ???????????????
A85B : E5 3F    : SBC 3F         : 3 : A=00 X=FD Y=01 SP=EF N=0 V=0 D=0 I=1 Z=1 C=1 : FWA 00-82:70000000:00:00 = +1.75000000E+00 : FWB 09-FF:5A8100??:??:?? = ???????????????
A85D : 85 33    : STA 33         : 3 : A=00 X=FD Y=01 SP=EF N=0 V=0 D=0 I=1 Z=1 C=1 : FWA 00-82:70000000:00:00 = +1.75000000E+00 : FWB 09-FF:5A8100??:??:?? = ???????????????
A85F : A5 32    : LDA 32         : 3 : A=00 X=FD Y=01 SP=EF N=0 V=0 D=0 I=1 Z=1 C=1 : FWA 00-82:70000000:00:00 = +1.75000000E+00 : FWB 09-FF:5A8100??:??:?? = ???????????????
A861 : E5 3E    : SBC 3E         : 3 : A=7F X=FD Y=01 SP=EF N=0 V=0 D=0 I=1 Z=0 C=0 : FWA 00-82:70000000:00:00 = +1.75000000E+00 : FWB 09-FF:5A8100??:??:?? = ???????????????
A863 : 85 32    : STA 32         : 3 : A=7F X=FD Y=01 SP=EF N=0 V=0 D=0 I=1 Z=0 C=0 : FWA 00-82:707F0000:00:00 = +1.75775146E+00 : FWB 09-FF:5A8100??:??:?? = ???????????????
A865 : A5 31    : LDA 31         : 3 : A=70 X=FD Y=01 SP=EF N=0 V=0 D=0 I=1 Z=0 C=0 : FWA 00-82:707F0000:00:00 = +1.75775146E+00 : FWB 09-FF:5A8100??:??:?? = ???????????????
A867 : E5 3D    : SBC 3D         : 3 : A=15 X=FD Y=01 SP=EF N=0 V=0 D=0 I=1 Z=0 C=1 : FWA 00-82:707F0000:00:00 = +1.75775146E+00 : FWB 09-FF:5A8100??:??:?? = ???????????????
A869 : 85 31    : STA 31         : 3 : A=15 X=FD Y=01 SP=EF N=0 V=0 D=0 I=1 Z=0 C=1 : FWA 00-82:157F0000:00:00 = +3.35876465E-01 : FWB 09-FF:5A8100??:??:?? = ???????????????
A86B : 98       : TYA            : 2 : A=01 X=FD Y=01 SP=EF N=0 V=0 D=0 I=1 Z=0 C=1 : FWA 00-82:157F0000:00:00 = +3.35876465E-01 : FWB 09-FF:5A8100??:??:?? = ???????????????
A86C : 18       : CLC            : 2 : A=01 X=FD Y=01 SP=EF N=0 V=0 D=0 I=1 Z=0 C=0 : FWA 00-82:157F0000:00:00 = +3.35876465E-01 : FWB 09-FF:5A8100??:??:?? = ???????????????
A86D : 75 41    : ADC 41,X       : 4 : A=82 X=FD Y=01 SP=EF N=1 V=0 D=0 I=1 Z=0 C=0 : FWA 00-82:157F0000:00:00 = +3.35876465E-01 : FWB 09-FF:5A8100??:??:?? = ???????????????
A86F : 90 07    : BCC A878       : 3 : A=82 X=FD Y=01 SP=EF N=1 V=0 D=0 I=1 Z=0 C=0 : FWA 00-82:157F0000:00:00 = +3.35876465E-01 : FWB 09-FF:5A8100??:??:?? = ???????????????
A878 : 95 41    : STA 41,X       : 4 : A=82 X=FD Y=01 SP=EF N=1 V=0 D=0 I=1 Z=0 C=0 : FWA 00-82:157F0000:00:00 = +3.35876465E-01 : FWB 09-FF:5A8200??:??:?? = ???????????????
A87A : 98       : TYA            : 2 : A=01 X=FD Y=01 SP=EF N=0 V=0 D=0 I=1 Z=0 C=0 : FWA 00-82:157F0000:00:00 = +3.35876465E-01 : FWB 09-FF:5A8200??:??:?? = ???????????????
A87B : 4A       : LSR A          : 2 : A=00 X=FD Y=01 SP=EF N=0 V=0 D=0 I=1 Z=1 C=1 : FWA 00-82:157F0000:00:00 = +3.35876465E-01 : FWB 09-FF:5A8200??:??:?? = ???????????????
A87C : A8       : TAY            : 2 : A=00 X=FD Y=00 SP=EF N=0 V=0 D=0 I=1 Z=1 C=1 : FWA 00-82:157F0000:00:00 = +3.35876465E-01 : FWB 09-FF:5A8200??:??:?? = ???????????????
A87D : D0 C2    : BNE A841       : 2 : A=00 X=FD Y=00 SP=EF N=0 V=0 D=0 I=1 Z=1 C=1 : FWA 00-82:157F0000:00:00 = +3.35876465E-01 : FWB 09-FF:5A8200??:??:?? = ???????????????
A87F : B4 40    : LDY 40,X       : 4 : A=00 X=FD Y=5A SP=EF N=0 V=0 D=0 I=1 Z=0 C=1 : FWA 00-82:157F0000:00:00 = +3.35876465E-01 : FWB 09-FF:5A8200??:??:?? = ???????????????
A881 : 5A       : PHY            : 3 : A=00 X=FD Y=5A SP=EE N=0 V=0 D=0 I=1 Z=0 C=1 : FWA 00-82:157F0000:00:00 = +3.35876465E-01 : FWB 09-FF:5A8200??:??:?? = ???????????????
A882 : E0 FD    : CPX #FD        : 2 : A=00 X=FD Y=5A SP=EE N=0 V=0 D=0 I=1 Z=1 C=1 : FWA 00-82:157F0000:00:00 = +3.35876465E-01 : FWB 09-FF:5A8200??:??:?? = ???????????????
A884 : D0 04    : BNE A88A       : 2 : A=00 X=FD Y=5A SP=EE N=0 V=0 D=0 I=1 Z=1 C=1 : FWA 00-82:157F0000:00:00 = +3.35876465E-01 : FWB 09-FF:5A8200??:??:?? = ???????????????
A886 : A5 34    : LDA 34         : 3 : A=00 X=FD Y=5A SP=EE N=0 V=0 D=0 I=1 Z=1 C=1 : FWA 00-82:157F0000:00:00 = +3.35876465E-01 : FWB 09-FF:5A8200??:??:?? = ???????????????
A888 : 85 33    : STA 33         : 3 : A=00 X=FD Y=5A SP=EE N=0 V=0 D=0 I=1 Z=1 C=1 : FWA 00-82:157F0000:00:00 = +3.35876465E-01 : FWB 09-FF:5A8200??:??:?? = ???????????????
A88A : B0 0D    : BCS A899       : 3 : A=00 X=FD Y=5A SP=EE N=0 V=0 D=0 I=1 Z=1 C=1 : FWA 00-82:157F0000:00:00 = +3.35876465E-01 : FWB 09-FF:5A8200??:??:?? = ???????????????
A899 : A9 80    : LDA #80        : 2 : A=80 X=FD Y=5A SP=EE N=1 V=0 D=0 I=1 Z=0 C=1 : FWA 00-82:157F0000:00:00 = +3.35876465E-01 : FWB 09-FF:5A8200??:??:?? = ???????????????
A89B : A0 C0    : LDY #C0        : 2 : A=80 X=FD Y=C0 SP=EE N=1 V=0 D=0 I=1 Z=0 C=1 : FWA 00-82:157F0000:00:00 = +3.35876465E-01 : FWB 09-FF:5A8200??:??:?? = ???????????????
A89D : E8       : INX            : 2 : A=80 X=FE Y=C0 SP=EE N=1 V=0 D=0 I=1 Z=0 C=1 : FWA 00-82:157F0000:00:00 = +3.35876465E-01 : FWB 09-FF:5A8200??:??:?? = ???????????????
A89E : D0 9F    : BNE A83F       : 3 : A=80 X=FE Y=C0 SP=EE N=1 V=0 D=0 I=1 Z=0 C=1 : FWA 00-82:157F0000:00:00 = +3.35876465E-01 : FWB 09-FF:5A8200??:??:?? = ???????????????
A83F : 95 41    : STA 41,X       : 4 : A=80 X=FE Y=C0 SP=EE N=1 V=0 D=0 I=1 Z=0 C=1 : FWA 00-82:157F0000:00:00 = +3.35876465E-01 : FWB 09-FF:5A8280??:??:?? = ???????????????
A841 : 06 33    : ASL 33         : 5 : A=80 X=FE Y=C0 SP=EE N=0 V=0 D=0 I=1 Z=1 C=0 : FWA 00-82:157F0000:00:00 = +3.35876465E-01 : FWB 09-FF:5A8280??:??:?? = ???????????????
A843 : 26 32    : ROL 32         : 5 : A=80 X=FE Y=C0 SP=EE N=1 V=0 D=0 I=1 Z=0 C=0 : FWA 00-82:15FE0000:00:00 = +3.43627930E-01 : FWB 09-FF:5A8280??:??:?? = ???????????????
A845 : 26 31    : ROL 31         : 5 : A=80 X=FE Y=C0 SP=EE N=0 V=0 D=0 I=1 Z=0 C=0 : FWA 00-82:2AFE0000:00:00 = +6.71752930E-01 : FWB 09-FF:5A8280??:??:?? = ???????????????
A847 : A5 31    : LDA 31         : 3 : A=2A X=FE Y=C0 SP=EE N=0 V=0 D=0 I=1 Z=0 C=0 : FWA 00-82:2AFE0000:00:00 = +6.71752930E-01 : FWB 09-FF:5A8280??:??:?? = ???????????????
A849 : C5 3D    : CMP 3D         : 3 : A=2A X=FE Y=C0 SP=EE N=1 V=0 D=0 I=1 Z=0 C=0 : FWA 00-82:2AFE0000:00:00 = +6.71752930E-01 : FWB 09-FF:5A8280??:??:?? = ???????????????
A84B : D0 0A    : BNE A857       : 3 : A=2A X=FE Y=C0 SP=EE N=1 V=0 D=0 I=1 Z=0 C=0 : FWA 00-82:2AFE0000:00:00 = +6.71752930E-01 : FWB 09-FF:5A8280??:??:?? = ???????????????
A857 : 90 1C    : BCC A875       : 3 : A=2A X=FE Y=C0 SP=EE N=1 V=0 D=0 I=1 Z=0 C=0 : FWA 00-82:2AFE0000:00:00 = +6.71752930E-01 : FWB 09-FF:5A8280??:??:?? = ???????????????
A875 : 98       : TYA            : 2 : A=C0 X=FE Y=C0 SP=EE N=1 V=0 D=0 I=1 Z=0 C=0 : FWA 00-82:2AFE0000:00:00 = +6.71752930E-01 : FWB 09-FF:5A8280??:??:?? = ???????????????
A876 : 55 41    : EOR 41,X       : 4 : A=40 X=FE Y=C0 SP=EE N=0 V=0 D=0 I=1 Z=0 C=0 : FWA 00-82:2AFE0000:00:00 = +6.71752930E-01 : FWB 09-FF:5A8280??:??:?? = ???????????????
A878 : 95 41    : STA 41,X       : 4 : A=40 X=FE Y=C0 SP=EE N=0 V=0 D=0 I=1 Z=0 C=0 : FWA 00-82:2AFE0000:00:00 = +6.71752930E-01 : FWB 09-FF:5A8240??:??:?? = ???????????????
A87A : 98       : TYA            : 2 : A=C0 X=FE Y=C0 SP=EE N=1 V=0 D=0 I=1 Z=0 C=0 : FWA 00-82:2AFE0000:00:00 = +6.71752930E-01 : FWB 09-FF:5A8240??:??:?? = ???????????????
A87B : 4A       : LSR A          : 2 : A=60 X=FE Y=C0 SP=EE N=0 V=0 D=0 I=1 Z=0 C=0 : FWA 00-82:2AFE0000:00:00 = +6.71752930E-01 : FWB 09-FF:5A8240??:??:?? = ???????????????
A87C : A8       : TAY            : 2 : A=60 X=FE Y=60 SP=EE N=0 V=0 D=0 I=1 Z=0 C=0 : FWA 00-82:2AFE0000:00:00 = +6.71752930E-01 : FWB 09-FF:5A8240??:??:?? = ???????????????
A87D : D0 C2    : BNE A841       : 3 : A=60 X=FE Y=60 SP=EE N=0 V=0 D=0 I=1 Z=0 C=0 : FWA 00-82:2AFE0000:00:00 = +6.71752930E-01 : FWB 09-FF:5A8240??:??:?? = ???????????????
A841 : 06 33    : ASL 33         : 5 : A=60 X=FE Y=60 SP=EE N=0 V=0 D=0 I=1 Z=1 C=0 : FWA 00-82:2AFE0000:00:00 = +6.71752930E-01 : FWB 09-FF:5A8240??:??:?? = ???????????????
A843 : 26 32    : ROL 32         : 5 : A=60 X=FE Y=60 SP=EE N=1 V=0 D=0 I=1 Z=0 C=1 : FWA 00-82:2AFC0000:00:00 = +6.71630859E-01 : FWB 09-FF:5A8240??:??:?? = ???????????????
A845 : 26 31    : ROL 31         : 5 : A=60 X=FE Y=60 SP=EE N=0 V=0 D=0 I=1 Z=0 C=0 : FWA 00-82:55FC0000:00:00 = +1.34350586E+00 : FWB 09-FF:5A8240??:??:?? = ???????????????
A847 : A5 31    : LDA 31         : 3 : A=55 X=FE Y=60 SP=EE N=0 V=0 D=0 I=1 Z=0 C=0 : FWA 00-82:55FC0000:00:00 = +1.34350586E+00 : FWB 09-FF:5A8240??:??:?? = ???????????????
A849 : C5 3D    : CMP 3D         : 3 : A=55 X=FE Y=60 SP=EE N=1 V=0 D=0 I=1 Z=0 C=0 : FWA 00-82:55FC0000:00:00 = +1.34350586E+00 : FWB 09-FF:5A8240??:??:?? = ???????????????
A84B : D0 0A    : BNE A857       : 3 : A=55 X=FE Y=60 SP=EE N=1 V=0 D=0 I=1 Z=0 C=0 : FWA 00-82:55FC0000:00:00 = +1.34350586E+00 : FWB 09-FF:5A8240??:??:?? = ???????????????
A857 : 90 1C    : BCC A875       : 3 : A=55 X=FE Y=60 SP=EE N=1 V=0 D=0 I=1 Z=0 C=0 : FWA 00-82:55FC0000:00:00 = +1.34350586E+00 : FWB 09-FF:5A8240??:??:?? = ???????????????
A875 : 98       : TYA            : 2 : A=60 X=FE Y=60 SP=EE N=0 V=0 D=0 I=1 Z=0 C=0 : FWA 00-82:55FC0000:00:00 = +1.34350586E+00 : FWB 09-FF:5A8240??:??:?? = ???????????????
A876 : 55 41    : EOR 41,X       : 4 : A=20 X=FE Y=60 SP=EE N=0 V=0 D=0 I=1 Z=0 C=0 : FWA 00-82:55FC0000:00:00 = +1.34350586E+00 : FWB 09-FF:5A8240??:??:?? = ???????????????
A878 : 95 41    : STA 41,X       : 4 : A=20 X=FE Y=60 SP=EE N=0 V=0 D=0 I=1 Z=0 C=0 : FWA 00-82:55FC0000:00:00 = +1.34350586E+00 : FWB 09-FF:5A8220??:??:?? = ???????????????
A87A : 98       : TYA            : 2 : A=60 X=FE Y=60 SP=EE N=0 V=0 D=0 I=1 Z=0 C=0 : FWA 00-82:55FC0000:00:00 = +1.34350586E+00 : FWB 09-FF:5A8220??:??:?? = ???????????????
A87B : 4A       : LSR A          : 2 : A=30 X=FE Y=60 SP=EE N=0 V=0 D=0 I=1 Z=0 C=0 : FWA 00-82:55FC0000:00:00 = +1.34350586E+00 : FWB 09-FF:5A8220??:??:?? = ???????????????
A87C : A8       : TAY            : 2 : A=30 X=FE Y=30 SP=EE N=0 V=0 D=0 I=1 Z=0 C=0 : FWA 00-82:55FC0000:00:00 = +1.34350586E+00 : FWB 09-FF:5A8220??:??:?? = ???????????????
A87D : D0 C2    : BNE A841       : 3 : A=30 X=FE Y=30 SP=EE N=0 V=0 D=0 I=1 Z=0 C=0 : FWA 00-82:55FC0000:00:00 = +1.34350586E+00 : FWB 09-FF:5A8220??:??:?? = ???????????????
A841 : 06 33    : ASL 33         : 5 : A=30 X=FE Y=30 SP=EE N=0 V=0 D=0 I=1 Z=1 C=0 : FWA 00-82:55FC0000:00:00 = +1.34350586E+00 : FWB 09-FF:5A8220??:??:?? = ???????????????
A843 : 26 32    : ROL 32         : 5 : A=30 X=FE Y=30 SP=EE N=1 V=0 D=0 I=1 Z=0 C=1 : FWA 00-82:55F80000:00:00 = +1.34326172E+00 : FWB 09-FF:5A8220??:??:?? = ???????????????
A845 : 26 31    : ROL 31         : 5 : A=30 X=FE Y=30 SP=EE N=1 V=0 D=0 I=1 Z=0 C=0 : FWA 00-82:ABF80000:00:00 = +2.68701172E+00 : FWB 09-FF:5A8220??:??:?? = ???????????????
A847 : A5 31    : LDA 31         : 3 : A=AB X=FE Y=30 SP=EE N=1 V=0 D=0 I=1 Z=0 C=0 : FWA 00-82:ABF80000:00:00 = +2.68701172E+00 : FWB 09-FF:5A8220??:??:?? = ???????????????
A849 : C5 3D    : CMP 3D         : 3 : A=AB X=FE Y=30 SP=EE N=0 V=0 D=0 I=1 Z=0 C=1 : FWA 00-82:ABF80000:00:00 = +2.68701172E+00 : FWB 09-FF:5A8220??:??:?? = ???????????????
A84B : D0 0A    : BNE A857       : 3 : A=AB X=FE Y=30 SP=EE N=0 V=0 D=0 I=1 Z=0 C=1 : FWA 00-82:ABF80000:00:00 = +2.68701172E+00 : FWB 09-FF:5A8220??:??:?? = ???????????????
A857 : 90 1C    : BCC A875       : 2 : A=AB X=FE Y=30 SP=EE N=0 V=0 D=0 I=1 Z=0 C=1 : FWA 00-82:ABF80000:00:00 = +2.68701172E+00 : FWB 09-FF:5A8220??:??:?? = ???????????????
A859 : A5 33    : LDA 33         : 3 : A=00 X=FE Y=30 SP=EE N=0 V=0 D=0 I=1 Z=1 C=1 : FWA 00-82:ABF80000:00:00 = +2.68701172E+00 : FWB 09-FF:5A8220??:??:?? = ???????????????
A85B : E5 3F    : SBC 3F         : 3 : A=E0 X=FE Y=30 SP=EE N=1 V=0 D=0 I=1 Z=0 C=0 : FWA 00-82:ABF80000:00:00 = +2.68701172E+00 : FWB 09-FF:5A8220??:??:?? = ???????????????
A85D : 85 33    : STA 33         : 3 : A=E0 X=FE Y=30 SP=EE N=1 V=0 D=0 I=1 Z=0 C=0 : FWA 00-82:ABF8E000:00:00 = +2.68706512E+00 : FWB 09-FF:5A8220??:??:?? = ???????????????
A85F : A5 32    : LDA 32         : 3 : A=F8 X=FE Y=30 SP=EE N=1 V=0 D=0 I=1 Z=0 C=0 : FWA 00-82:ABF8E000:00:00 = +2.68706512E+00 : FWB 09-FF:5A8220??:??:?? = ???????????????
A861 : E5 3E    : SBC 3E         : 3 : A=75 X=FE Y=30 SP=EE N=0 V=0 D=0 I=1 Z=0 C=1 : FWA 00-82:ABF8E000:00:00 = +2.68706512E+00 : FWB 09-FF:5A8220??:??:?? = ???????????????
A863 : 85 32    : STA 32         : 3 : A=75 X=FE Y=30 SP=EE N=0 V=0 D=0 I=1 Z=0 C=1 : FWA 00-82:AB75E000:00:00 = +2.67906952E+00 : FWB 09-FF:5A8220??:??:?? = ???????????????
A865 : A5 31    : LDA 31         : 3 : A=AB X=FE Y=30 SP=EE N=1 V=0 D=0 I=1 Z=0 C=1 : FWA 00-82:AB75E000:00:00 = +2.67906952E+00 : FWB 09-FF:5A8220??:??:?? = ???????????????
A867 : E5 3D    : SBC 3D         : 3 : A=51 X=FE Y=30 SP=EE N=0 V=1 D=0 I=1 Z=0 C=1 : FWA 00-82:AB75E000:00:00 = +2.67906952E+00 : FWB 09-FF:5A8220??:??:?? = ???????????????
A869 : 85 31    : STA 31         : 3 : A=51 X=FE Y=30 SP=EE N=0 V=1 D=0 I=1 Z=0 C=1 : FWA 00-82:5175E000:00:00 = +1.27281952E+00 : FWB 09-FF:5A8220??:??:?? = ???????????????
A86B : 98       : TYA            : 2 : A=30 X=FE Y=30 SP=EE N=0 V=1 D=0 I=1 Z=0 C=1 : FWA 00-82:5175E000:00:00 = +1.27281952E+00 : FWB 09-FF:5A8220??:??:?? = ???????????????
A86C : 18       : CLC            : 2 : A=30 X=FE Y=30 SP=EE N=0 V=1 D=0 I=1 Z=0 C=0 : FWA 00-82:5175E000:00:00 = +1.27281952E+00 : FWB 09-FF:5A8220??:??:?? = ???????????????
A86D : 75 41    : ADC 41,X       : 4 : A=50 X=FE Y=30 SP=EE N=0 V=0 D=0 I=1 Z=0 C=0 : FWA 00-82:5175E000:00:00 = +1.27281952E+00 : FWB 09-FF:5A8220??:??:?? = ???????????????
A86F : 90 07    : BCC A878       : 3 : A=50 X=FE Y=30 SP=EE N=0 V=0 D=0 I=1 Z=0 C=0 : FWA 00-82:5175E000:00:00 = +1.27281952E+00 : FWB 09-FF:5A8220??:??:?? = ???????????????
A878 : 95 41    : STA 41,X       : 4 : A=50 X=FE Y=30 SP=EE N=0 V=0 D=0 I=1 Z=0 C=0 : FWA 00-82:5175E000:00:00 = +1.27281952E+00 : FWB 09-FF:5A8250??:??:?? = ???????????????
A87A : 98       : TYA            : 2 : A=30 X=FE Y=30 SP=EE N=0 V=0 D=0 I=1 Z=0 C=0 : FWA 00-82:5175E000:00:00 = +1.27281952E+00 : FWB 09-FF:5A8250??:??:?? = ???????????????
A87B : 4A       : LSR A          : 2 : A=18 X=FE Y=30 SP=EE N=0 V=0 D=0 I=1 Z=0 C=0 : FWA 00-82:5175E000:00:00 = +1.27281952E+00 : FWB 09-FF:5A8250??:??:?? = ???????????????
A87C : A8       : TAY            : 2 : A=18 X=FE Y=18 SP=EE N=0 V=0 D=0 I=1 Z=0 C=0 : FWA 00-82:5175E000:00:00 = +1.27281952E+00 : FWB 09-FF:5A8250??:??:?? = ???????????????
A87D : D0 C2    : BNE A841       : 3 : A=18 X=FE Y=18 SP=EE N=0 V=0 D=0 I=1 Z=0 C=0 : FWA 00-82:5175E000:00:00 = +1.27281952E+00 : FWB 09-FF:5A8250??:??:?? = ???????????????
A841 : 06 33    : ASL 33         : 5 : A=18 X=FE Y=18 SP=EE N=1 V=0 D=0 I=1 Z=0 C=1 : FWA 00-82:5175C000:00:00 = +1.27281189E+00 : FWB 09-FF:5A8250??:??:?? = ???????????????
A843 : 26 32    : ROL 32         : 5 : A=18 X=FE Y=18 SP=EE N=1 V=0 D=0 I=1 Z=0 C=0 : FWA 00-82:51EBC000:00:00 = +1.28001404E+00 : FWB 09-FF:5A8250??:??:?? = ???????????????
A845 : 26 31    : ROL 31         : 5 : A=18 X=FE Y=18 SP=EE N=1 V=0 D=0 I=1 Z=0 C=0 : FWA 00-82:A2EBC000:00:00 = +2.54563904E+00 : FWB 09-FF:5A8250??:??:?? = ???????????????
A847 : A5 31    : LDA 31         : 3 : A=A2 X=FE Y=18 SP=EE N=1 V=0 D=0 I=1 Z=0 C=0 : FWA 00-82:A2EBC000:00:00 = +2.54563904E+00 : FWB 09-FF:5A8250??:??:?? = ???????????????
A849 : C5 3D    : CMP 3D         : 3 : A=A2 X=FE Y=18 SP=EE N=0 V=0 D=0 I=1 Z=0 C=1 : FWA 00-82:A2EBC000:00:00 = +2.54563904E+00 : FWB 09-FF:5A8250??:??:?? = ???????????????
A84B : D0 0A    : BNE A857       : 3 : A=A2 X=FE Y=18 SP=EE N=0 V=0 D=0 I=1 Z=0 C=1 : FWA 00-82:A2EBC000:00:00 = +2.54563904E+00 : FWB 09-FF:5A8250??:??:?? = ???????????????
A857 : 90 1C    : BCC A875       : 2 : A=A2 X=FE Y=18 SP=EE N=0 V=0 D=0 I=1 Z=0 C=1 : FWA 00-82:A2EBC000:00:00 = +2.54563904E+00 : FWB 09-FF:5A8250??:??:?? = ???????????????
A859 : A5 33    : LDA 33         : 3 : A=C0 X=FE Y=18 SP=EE N=1 V=0 D=0 I=1 Z=0 C=1 : FWA 00-82:A2EBC000:00:00 = +2.54563904E+00 : FWB 09-FF:5A8250??:??:?? = ???????????????
A85B : E5 3F    : SBC 3F         : 3 : A=70 X=FE Y=18 SP=EE N=0 V=1 D=0 I=1 Z=0 C=1 : FWA 00-82:A2EBC000:00:00 = +2.54563904E+00 : FWB 09-FF:5A8250??:??:?? = ???????????????
A85D : 85 33    : STA 33         : 3 : A=70 X=FE Y=18 SP=EE N=0 V=1 D=0 I=1 Z=0 C=1 : FWA 00-82:A2EB7000:00:00 = +2.54561996E+00 : FWB 09-FF:5A8250??:??:?? = ???????????????
A85F : A5 32    : LDA 32         : 3 : A=EB X=FE Y=18 SP=EE N=1 V=1 D=0 I=1 Z=0 C=1 : FWA 00-82:A2EB7000:00:00 = +2.54561996E+00 : FWB 09-FF:5A8250??:??:?? = ???????????????
A861 : E5 3E    : SBC 3E         : 3 : A=69 X=FE Y=18 SP=EE N=0 V=0 D=0 I=1 Z=0 C=1 : FWA 00-82:A2EB7000:00:00 = +2.54561996E+00 : FWB 09-FF:5A8250??:??:?? = ???????????????
A863 : 85 32    : STA 32         : 3 : A=69 X=FE Y=18 SP=EE N=0 V=0 D=0 I=1 Z=0 C=1 : FWA 00-82:A2697000:00:00 = +2.53768539E+00 : FWB 09-FF:5A8250??:??:?? = ???????????????
A865 : A5 31    : LDA 31         : 3 : A=A2 X=FE Y=18 SP=EE N=1 V=0 D=0 I=1 Z=0 C=1 : FWA 00-82:A2697000:00:00 = +2.53768539E+00 : FWB 09-FF:5A8250??:??:?? = ???????????????
A867 : E5 3D    : SBC 3D         : 3 : A=48 X=FE Y=18 SP=EE N=0 V=1 D=0 I=1 Z=0 C=1 : FWA 00-82:A2697000:00:00 = +2.53768539E+00 : FWB 09-FF:5A8250??:??:?? = ???????????????
A869 : 85 31    : STA 31         : 3 : A=48 X=FE Y=18 SP=EE N=0 V=1 D=0 I=1 Z=0 C=1 : FWA 00-82:48697000:00:00 = +1.13143539E+00 : FWB 09-FF:5A8250??:??:?? = ???????????????
A86B : 98       : TYA            : 2 : A=18 X=FE Y=18 SP=EE N=0 V=1 D=0 I=1 Z=0 C=1 : FWA 00-82:48697000:00:00 = +1.13143539E+00 : FWB 09-FF:5A8250??:??:?? = ???????????????
A86C : 18       : CLC            : 2 : A=18 X=FE Y=18 SP=EE N=0 V=1 D=0 I=1 Z=0 C=0 : FWA 00-82:48697000:00:00 = +1.13143539E+00 : FWB 09-FF:5A8250??:??:?? = ???????????????
A86D : 75 41    : ADC 41,X       : 4 : A=68 X=FE Y=18 SP=EE N=0 V=0 D=0 I=1 Z=0 C=0 : FWA 00-82:48697000:00:00 = +1.13143539E+00 : FWB 09-FF:5A8250??:??:?? = ???????????????
A86F : 90 07    : BCC A878       : 3 : A=68 X=FE Y=18 SP=EE N=0 V=0 D=0 I=1 Z=0 C=0 : FWA 00-82:48697000:00:00 = +1.13143539E+00 : FWB 09-FF:5A8250??:??:?? = ???????????????
A878 : 95 41    : STA 41,X       : 4 : A=68 X=FE Y=18 SP=EE N=0 V=0 D=0 I=1 Z=0 C=0 : FWA 00-82:48697000:00:00 = +1.13143539E+00 : FWB 09-FF:5A8268??:??:?? = ???????????????
A87A : 98       : TYA            : 2 : A=18 X=FE Y=18 SP=EE N=0 V=0 D=0 I=1 Z=0 C=0 : FWA 00-82:48697000:00:00 = +1.13143539E+00 : FWB 09-FF:5A8268??:??:?? = ???????????????
A87B : 4A       : LSR A          : 2 : A=0C X=FE Y=18 SP=EE N=0 V=0 D=0 I=1 Z=0 C=0 : FWA 00-82:48697000:00:00 = +1.13143539E+00 : FWB 09-FF:5A8268??:??:?? = ???????????????
A87C : A8       : TAY            : 2 : A=0C X=FE Y=0C SP=EE N=0 V=0 D=0 I=1 Z=0 C=0 : FWA 00-82:48697000:00:00 = +1.13143539E+00 : FWB 09-FF:5A8268??:??:?? = ???????????????
A87D : D0 C2    : BNE A841       : 3 : A=0C X=FE Y=0C SP=EE N=0 V=0 D=0 I=1 Z=0 C=0 : FWA 00-82:48697000:00:00 = +1.13143539E+00 : FWB 09-FF:5A8268??:??:?? = ???????????????
A841 : 06 33    : ASL 33         : 5 : A=0C X=FE Y=0C SP=EE N=1 V=0 D=0 I=1 Z=0 C=0 : FWA 00-82:4869E000:00:00 = +1.13146210E+00 : FWB 09-FF:5A8268??:??:?? = ???????????????
A843 : 26 32    : ROL 32         : 5 : A=0C X=FE Y=0C SP=EE N=1 V=0 D=0 I=1 Z=0 C=0 : FWA 00-82:48D2E000:00:00 = +1.13787079E+00 : FWB 09-FF:5A8268??:??:?? = ???????????????
A845 : 26 31    : ROL 31         : 5 : A=0C X=FE Y=0C SP=EE N=1 V=0 D=0 I=1 Z=0 C=0 : FWA 00-82:90D2E000:00:00 = +2.26287079E+00 : FWB 09-FF:5A8268??:??:?? = ???????????????
A847 : A5 31    : LDA 31         : 3 : A=90 X=FE Y=0C SP=EE N=1 V=0 D=0 I=1 Z=0 C=0 : FWA 00-82:90D2E000:00:00 = +2.26287079E+00 : FWB 09-FF:5A8268??:??:?? = ???????????????
A849 : C5 3D    : CMP 3D         : 3 : A=90 X=FE Y=0C SP=EE N=0 V=0 D=0 I=1 Z=0 C=1 : FWA 00-82:90D2E000:00:00 = +2.26287079E+00 : FWB 09-FF:5A8268??:??:?? = ???????????????
A84B : D0 0A    : BNE A857       : 3 : A=90 X=FE Y=0C SP=EE N=0 V=0 D=0 I=1 Z=0 C=1 : FWA 00-82:90D2E000:00:00 = +2.26287079E+00 : FWB 09-FF:5A8268??:??:?? = ???????????????
A857 : 90 1C    : BCC A875       : 2 : A=90 X=FE Y=0C SP=EE N=0 V=0 D=0 I=1 Z=0 C=1 : FWA 00-82:90D2E000:00:00 = +2.26287079E+00 : FWB 09-FF:5A8268??:??:?? = ???????????????
A859 : A5 33    : LDA 33         : 3 : A=E0 X=FE Y=0C SP=EE N=1 V=0 D=0 I=1 Z=0 C=1 : FWA 00-82:90D2E000:00:00 = +2.26287079E+00 : FWB 09-FF:5A8268??:??:?? = ???????????????
A85B : E5 3F    : SBC 3F         : 3 : A=78 X=FE Y=0C SP=EE N=0 V=1 D=0 I=1 Z=0 C=1 : FWA 00-82:90D2E000:00:00 = +2.26287079E+00 : FWB 09-FF:5A8268??:??:?? = ???????????????
A85D : 85 33    : STA 33         : 3 : A=78 X=FE Y=0C SP=EE N=0 V=1 D=0 I=1 Z=0 C=1 : FWA 00-82:90D27800:00:00 = +2.26284599E+00 : FWB 09-FF:5A8268??:??:?? = ???????????????
A85F : A5 32    : LDA 32         : 3 : A=D2 X=FE Y=0C SP=EE N=1 V=1 D=0 I=1 Z=0 C=1 : FWA 00-82:90D27800:00:00 = +2.26284599E+00 : FWB 09-FF:5A8268??:??:?? = ???????????????
A861 : E5 3E    : SBC 3E         : 3 : A=50 X=FE Y=0C SP=EE N=0 V=0 D=0 I=1 Z=0 C=1 : FWA 00-82:90D27800:00:00 = +2.26284599E+00 : FWB 09-FF:5A8268??:??:?? = ???????????????
A863 : 85 32    : STA 32         : 3 : A=50 X=FE Y=0C SP=EE N=0 V=0 D=0 I=1 Z=0 C=1 : FWA 00-82:90507800:00:00 = +2.25491142E+00 : FWB 09-FF:5A8268??:??:?? = ???????????????
A865 : A5 31    : LDA 31         : 3 : A=90 X=FE Y=0C SP=EE N=1 V=0 D=0 I=1 Z=0 C=1 : FWA 00-82:90507800:00:00 = +2.25491142E+00 : FWB 09-FF:5A8268??:??:?? = ???????????????
A867 : E5 3D    : SBC 3D         : 3 : A=36 X=FE Y=0C SP=EE N=0 V=1 D=0 I=1 Z=0 C=1 : FWA 00-82:90507800:00:00 = +2.25491142E+00 : FWB 09-FF:5A8268??:??:?? = ???????????????
A869 : 85 31    : STA 31         : 3 : A=36 X=FE Y=0C SP=EE N=0 V=1 D=0 I=1 Z=0 C=1 : FWA 00-82:36507800:00:00 = +8.48661423E-01 : FWB 09-FF:5A8268??:??:?? = ???????????????
A86B : 98       : TYA            : 2 : A=0C X=FE Y=0C SP=EE N=0 V=1 D=0 I=1 Z=0 C=1 : FWA 00-82:36507800:00:00 = +8.48661423E-01 : FWB 09-FF:5A8268??:??:?? = ???????????????
A86C : 18       : CLC            : 2 : A=0C X=FE Y=0C SP=EE N=0 V=1 D=0 I=1 Z=0 C=0 : FWA 00-82:36507800:00:00 = +8.48661423E-01 : FWB 09-FF:5A8268??:??:?? = ???????????????
A86D : 75 41    : ADC 41,X       : 4 : A=74 X=FE Y=0C SP=EE N=0 V=0 D=0 I=1 Z=0 C=0 : FWA 00-82:36507800:00:00 = +8.48661423E-01 : FWB 09-FF:5A8268??:??:?? = ???????????????
A86F : 90 07    : BCC A878       : 3 : A=74 X=FE Y=0C SP=EE N=0 V=0 D=0 I=1 Z=0 C=0 : FWA 00-82:36507800:00:00 = +8.48661423E-01 : FWB 09-FF:5A8268??:??:?? = ???????????????
A878 : 95 41    : STA 41,X       : 4 : A=74 X=FE Y=0C SP=EE N=0 V=0 D=0 I=1 Z=0 C=0 : FWA 00-82:36507800:00:00 = +8.48661423E-01 : FWB 09-FF:5A8274??:??:?? = ???????????????
A87A : 98       : TYA            : 2 : A=0C X=FE Y=0C SP=EE N=0 V=0 D=0 I=1 Z=0 C=0 : FWA 00-82:36507800:00:00 = +8.48661423E-01 : FWB 09-FF:5A8274??:??:?? = ???????????????
A87B : 4A       : LSR A          : 2 : A=06 X=FE Y=0C SP=EE N=0 V=0 D=0 I=1 Z=0 C=0 : FWA 00-82:36507800:00:00 = +8.48661423E-01 : FWB 09-FF:5A8274??:??:?? = ???????????????
A87C : A8       : TAY            : 2 : A=06 X=FE Y=06 SP=EE N=0 V=0 D=0 I=1 Z=0 C=0 : FWA 00-82:36507800:00:00 = +8.48661423E-01 : FWB 09-FF:5A8274??:??:?? = ???????????????
A87D : D0 C2    : BNE A841       : 3 : A=06 X=FE Y=06 SP=EE N=0 V=0 D=0 I=1 Z=0 C=0 : FWA 00-82:36507800:00:00 = +8.48661423E-01 : FWB 09-FF:5A8274??:??:?? = ???????????????
A841 : 06 33    : ASL 33         : 5 : A=06 X=FE Y=06 SP=EE N=1 V=0 D=0 I=1 Z=0 C=0 : FWA 00-82:3650F000:00:00 = +8.48690033E-01 : FWB 09-FF:5A8274??:??:?? = ???????????????
A843 : 26 32    : ROL 32         : 5 : A=06 X=FE Y=06 SP=EE N=1 V=0 D=0 I=1 Z=0 C=0 : FWA 00-82:36A0F000:00:00 = +8.53572845E-01 : FWB 09-FF:5A8274??:??:?? = ???????????????
A845 : 26 31    : ROL 31         : 5 : A=06 X=FE Y=06 SP=EE N=0 V=0 D=0 I=1 Z=0 C=0 : FWA 00-82:6CA0F000:00:00 = +1.69732285E+00 : FWB 09-FF:5A8274??:??:?? = ???????????????
A847 : A5 31    : LDA 31         : 3 : A=6C X=FE Y=06 SP=EE N=0 V=0 D=0 I=1 Z=0 C=0 : FWA 00-82:6CA0F000:00:00 = +1.69732285E+00 : FWB 09-FF:5A8274??:??:?? = ???????????????
A849 : C5 3D    : CMP 3D         : 3 : A=6C X=FE Y=06 SP=EE N=0 V=0 D=0 I=1 Z=0 C=1 : FWA 00-82:6CA0F000:00:00 = +1.69732285E+00 : FWB 09-FF:5A8274??:??:?? = ???????????????
A84B : D0 0A    : BNE A857       : 3 : A=6C X=FE Y=06 SP=EE N=0 V=0 D=0 I=1 Z=0 C=1 : FWA 00-82:6CA0F000:00:00 = +1.69732285E+00 : FWB 09-FF:5A8274??:??:?? = ???????????????
A857 : 90 1C    : BCC A875       : 2 : A=6C X=FE Y=06 SP=EE N=0 V=0 D=0 I=1 Z=0 C=1 : FWA 00-82:6CA0F000:00:00 = +1.69732285E+00 : FWB 09-FF:5A8274??:??:?? = ???????????????
A859 : A5 33    : LDA 33         : 3 : A=F0 X=FE Y=06 SP=EE N=1 V=0 D=0 I=1 Z=0 C=1 : FWA 00-82:6CA0F000:00:00 = +1.69732285E+00 : FWB 09-FF:5A8274??:??:?? = ???????????????
A85B : E5 3F    : SBC 3F         : 3 : A=7C X=FE Y=06 SP=EE N=0 V=1 D=0 I=1 Z=0 C=1 : FWA 00-82:6CA0F000:00:00 = +1.69732285E+00 : FWB 09-FF:5A8274??:??:?? = ???????????????
A85D : 85 33    : STA 33         : 3 : A=7C X=FE Y=06 SP=EE N=0 V=1 D=0 I=1 Z=0 C=1 : FWA 00-82:6CA07C00:00:00 = +1.69729519E+00 : FWB 09-FF:5A8274??:??:?? = ???????????????
A85F : A5 32    : LDA 32         : 3 : A=A0 X=FE Y=06 SP=EE N=1 V=1 D=0 I=1 Z=0 C=1 : FWA 00-82:6CA07C00:00:00 = +1.69729519E+00 : FWB 09-FF:5A8274??:??:?? = ???????????????
A861 : E5 3E    : SBC 3E         : 3 : A=1E X=FE Y=06 SP=EE N=0 V=0 D=0 I=1 Z=0 C=1 : FWA 00-82:6CA07C00:00:00 = +1.69729519E+00 : FWB 09-FF:5A8274??:??:?? = ???????????????
A863 : 85 32    : STA 32         : 3 : A=1E X=FE Y=06 SP=EE N=0 V=0 D=0 I=1 Z=0 C=1 : FWA 00-82:6C1E7C00:00:00 = +1.68936062E+00 : FWB 09-FF:5A8274??:??:?? = ???????????????
A865 : A5 31    : LDA 31         : 3 : A=6C X=FE Y=06 SP=EE N=0 V=0 D=0 I=1 Z=0 C=1 : FWA 00-82:6C1E7C00:00:00 = +1.68936062E+00 : FWB 09-FF:5A8274??:??:?? = ???????????????
A867 : E5 3D    : SBC 3D         : 3 : A=12 X=FE Y=06 SP=EE N=0 V=0 D=0 I=1 Z=0 C=1 : FWA 00-82:6C1E7C00:00:00 = +1.68936062E+00 : FWB 09-FF:5A8274??:??:?? = ???????????????
A869 : 85 31    : STA 31         : 3 : A=12 X=FE Y=06 SP=EE N=0 V=0 D=0 I=1 Z=0 C=1 : FWA 00-82:121E7C00:00:00 = +2.83110619E-01 : FWB 09-FF:5A8274??:??:?? = ???????????????
A86B : 98       : TYA            : 2 : A=06 X=FE Y=06 SP=EE N=0 V=0 D=0 I=1 Z=0 C=1 : FWA 00-82:121E7C00:00:00 = +2.83110619E-01 : FWB 09-FF:5A8274??:??:?? = ???????????????
A86C : 18       : CLC            : 2 : A=06 X=FE Y=06 SP=EE N=0 V=0 D=0 I=1 Z=0 C=0 : FWA 00-82:121E7C00:00:00 = +2.83110619E-01 : FWB 09-FF:5A8274??:??:?? = ???????????????
A86D : 75 41    : ADC 41,X       : 4 : A=7A X=FE Y=06 SP=EE N=0 V=0 D=0 I=1 Z=0 C=0 : FWA 00-82:121E7C00:00:00 = +2.83110619E-01 : FWB 09-FF:5A8274??:??:?? = ???????????????
A86F : 90 07    : BCC A878       : 3 : A=7A X=FE Y=06 SP=EE N=0 V=0 D=0 I=1 Z=0 C=0 : FWA 00-82:121E7C00:00:00 = +2.83110619E-01 : FWB 09-FF:5A8274??:??:?? = ???????????????
A878 : 95 41    : STA 41,X       : 4 : A=7A X=FE Y=06 SP=EE N=0 V=0 D=0 I=1 Z=0 C=0 : FWA 00-82:121E7C00:00:00 = +2.83110619E-01 : FWB 09-FF:5A827A??:??:?? = ???????????????
A87A : 98       : TYA            : 2 : A=06 X=FE Y=06 SP=EE N=0 V=0 D=0 I=1 Z=0 C=0 : FWA 00-82:121E7C00:00:00 = +2.83110619E-01 : FWB 09-FF:5A827A??:??:?? = ???????????????
A87B : 4A       : LSR A          : 2 : A=03 X=FE Y=06 SP=EE N=0 V=0 D=0 I=1 Z=0 C=0 : FWA 00-82:121E7C00:00:00 = +2.83110619E-01 : FWB 09-FF:5A827A??:??:?? = ???????????????
A87C : A8       : TAY            : 2 : A=03 X=FE Y=03 SP=EE N=0 V=0 D=0 I=1 Z=0 C=0 : FWA 00-82:121E7C00:00:00 = +2.83110619E-01 : FWB 09-FF:5A827A??:??:?? = ???????????????
A87D : D0 C2    : BNE A841       : 3 : A=03 X=FE Y=03 SP=EE N=0 V=0 D=0 I=1 Z=0 C=0 : FWA 00-82:121E7C00:00:00 = +2.83110619E-01 : FWB 09-FF:5A827A??:??:?? = ???????????????
A841 : 06 33    : ASL 33         : 5 : A=03 X=FE Y=03 SP=EE N=1 V=0 D=0 I=1 Z=0 C=0 : FWA 00-82:121EF800:00:00 = +2.83140182E-01 : FWB 09-FF:5A827A??:??:?? = ???????????????
A843 : 26 32    : ROL 32         : 5 : A=03 X=FE Y=03 SP=EE N=0 V=0 D=0 I=1 Z=0 C=0 : FWA 00-82:123CF800:00:00 = +2.84971237E-01 : FWB 09-FF:5A827A??:??:?? = ???????????????
A845 : 26 31    : ROL 31         : 5 : A=03 X=FE Y=03 SP=EE N=0 V=0 D=0 I=1 Z=0 C=0 : FWA 00-82:243CF800:00:00 = +5.66221237E-01 : FWB 09-FF:5A827A??:??:?? = ???????????????
A847 : A5 31    : LDA 31         : 3 : A=24 X=FE Y=03 SP=EE N=0 V=0 D=0 I=1 Z=0 C=0 : FWA 00-82:243CF800:00:00 = +5.66221237E-01 : FWB 09-FF:5A827A??:??:?? = ???????????????
A849 : C5 3D    : CMP 3D         : 3 : A=24 X=FE Y=03 SP=EE N=1 V=0 D=0 I=1 Z=0 C=0 : FWA 00-82:243CF800:00:00 = +5.66221237E-01 : FWB 09-FF:5A827A??:??:?? = ???????????????
A84B : D0 0A    : BNE A857       : 3 : A=24 X=FE Y=03 SP=EE N=1 V=0 D=0 I=1 Z=0 C=0 : FWA 00-82:243CF800:00:00 = +5.66221237E-01 : FWB 09-FF:5A827A??:??:?? = ???????????????
A857 : 90 1C    : BCC A875       : 3 : A=24 X=FE Y=03 SP=EE N=1 V=0 D=0 I=1 Z=0 C=0 : FWA 00-82:243CF800:00:00 = +5.66221237E-01 : FWB 09-FF:5A827A??:??:?? = ???????????????
A875 : 98       : TYA            : 2 : A=03 X=FE Y=03 SP=EE N=0 V=0 D=0 I=1 Z=0 C=0 : FWA 00-82:243CF800:00:00 = +5.66221237E-01 : FWB 09-FF:5A827A??:??:?? = ???????????????
A876 : 55 41    : EOR 41,X       : 4 : A=79 X=FE Y=03 SP=EE N=0 V=0 D=0 I=1 Z=0 C=0 : FWA 00-82:243CF800:00:00 = +5.66221237E-01 : FWB 09-FF:5A827A??:??:?? = ???????????????
A878 : 95 41    : STA 41,X       : 4 : A=79 X=FE Y=03 SP=EE N=0 V=0 D=0 I=1 Z=0 C=0 : FWA 00-82:243CF800:00:00 = +5.66221237E-01 : FWB 09-FF:5A8279??:??:?? = ???????????????
A87A : 98       : TYA            : 2 : A=03 X=FE Y=03 SP=EE N=0 V=0 D=0 I=1 Z=0 C=0 : FWA 00-82:243CF800:00:00 = +5.66221237E-01 : FWB 09-FF:5A8279??:??:?? = ???????????????
A87B : 4A       : LSR A          : 2 : A=01 X=FE Y=03 SP=EE N=0 V=0 D=0 I=1 Z=0 C=1 : FWA 00-82:243CF800:00:00 = +5.66221237E-01 : FWB 09-FF:5A8279??:??:?? = ???????????????
A87C : A8       : TAY            : 2 : A=01 X=FE Y=01 SP=EE N=0 V=0 D=0 I=1 Z=0 C=1 : FWA 00-82:243CF800:00:00 = +5.66221237E-01 : FWB 09-FF:5A8279??:??:?? = ???????????????
A87D : D0 C2    : BNE A841       : 3 : A=01 X=FE Y=01 SP=EE N=0 V=0 D=0 I=1 Z=0 C=1 : FWA 00-82:243CF800:00:00 = +5.66221237E-01 : FWB 09-FF:5A8279??:??:?? = ???????????????
A841 : 06 33    : ASL 33         : 5 : A=01 X=FE Y=01 SP=EE N=1 V=0 D=0 I=1 Z=0 C=1 : FWA 00-82:243CF000:00:00 = +5.66219330E-01 : FWB 09-FF:5A8279??:??:?? = ???????????????
A843 : 26 32    : ROL 32         : 5 : A=01 X=FE Y=01 SP=EE N=0 V=0 D=0 I=1 Z=0 C=0 : FWA 00-82:2479F000:00:00 = +5.69942474E-01 : FWB 09-FF:5A8279??:??:?? = ???????????????
A845 : 26 31    : ROL 31         : 5 : A=01 X=FE Y=01 SP=EE N=0 V=0 D=0 I=1 Z=0 C=0 : FWA 00-82:4879F000:00:00 = +1.13244247E+00 : FWB 09-FF:5A8279??:??:?? = ???????????????
A847 : A5 31    : LDA 31         : 3 : A=48 X=FE Y=01 SP=EE N=0 V=0 D=0 I=1 Z=0 C=0 : FWA 00-82:4879F000:00:00 = +1.13244247E+00 : FWB 09-FF:5A8279??:??:?? = ???????????????
A849 : C5 3D    : CMP 3D         : 3 : A=48 X=FE Y=01 SP=EE N=1 V=0 D=0 I=1 Z=0 C=0 : FWA 00-82:4879F000:00:00 = +1.13244247E+00 : FWB 09-FF:5A8279??:??:?? = ???????????????
A84B : D0 0A    : BNE A857       : 3 : A=48 X=FE Y=01 SP=EE N=1 V=0 D=0 I=1 Z=0 C=0 : FWA 00-82:4879F000:00:00 = +1.13244247E+00 : FWB 09-FF:5A8279??:??:?? = ???????????????
A857 : 90 1C    : BCC A875       : 3 : A=48 X=FE Y=01 SP=EE N=1 V=0 D=0 I=1 Z=0 C=0 : FWA 00-82:4879F000:00:00 = +1.13244247E+00 : FWB 09-FF:5A8279??:??:?? = ???????????????
A875 : 98       : TYA            : 2 : A=01 X=FE Y=01 SP=EE N=0 V=0 D=0 I=1 Z=0 C=0 : FWA 00-82:4879F000:00:00 = +1.13244247E+00 : FWB 09-FF:5A8279??:??:?? = ???????????????
A876 : 55 41    : EOR 41,X       : 4 : A=78 X=FE Y=01 SP=EE N=0 V=0 D=0 I=1 Z=0 C=0 : FWA 00-82:4879F000:00:00 = +1.13244247E+00 : FWB 09-FF:5A8279??:??:?? = ???????????????
A878 : 95 41    : STA 41,X       : 4 : A=78 X=FE Y=01 SP=EE N=0 V=0 D=0 I=1 Z=0 C=0 : FWA 00-82:4879F000:00:00 = +1.13244247E+00 : FWB 09-FF:5A8278??:??:?? = ???????????????
A87A : 98       : TYA            : 2 : A=01 X=FE Y=01 SP=EE N=0 V=0 D=0 I=1 Z=0 C=0 : FWA 00-82:4879F000:00:00 = +1.13244247E+00 : FWB 09-FF:5A8278??:??:?? = ???????????????
A87B : 4A       : LSR A          : 2 : A=00 X=FE Y=01 SP=EE N=0 V=0 D=0 I=1 Z=1 C=1 : FWA 00-82:4879F000:00:00 = +1.13244247E+00 : FWB 09-FF:5A8278??:??:?? = ???????????????
A87C : A8       : TAY            : 2 : A=00 X=FE Y=00 SP=EE N=0 V=0 D=0 I=1 Z=1 C=1 : FWA 00-82:4879F000:00:00 = +1.13244247E+00 : FWB 09-FF:5A8278??:??:?? = ???????????????
A87D : D0 C2    : BNE A841       : 2 : A=00 X=FE Y=00 SP=EE N=0 V=0 D=0 I=1 Z=1 C=1 : FWA 00-82:4879F000:00:00 = +1.13244247E+00 : FWB 09-FF:5A8278??:??:?? = ???????????????
A87F : B4 40    : LDY 40,X       : 4 : A=00 X=FE Y=82 SP=EE N=1 V=0 D=0 I=1 Z=0 C=1 : FWA 00-82:4879F000:00:00 = +1.13244247E+00 : FWB 09-FF:5A8278??:??:?? = ???????????????
A881 : 5A       : PHY            : 3 : A=00 X=FE Y=82 SP=ED N=1 V=0 D=0 I=1 Z=0 C=1 : FWA 00-82:4879F000:00:00 = +1.13244247E+00 : FWB 09-FF:5A8278??:??:?? = ???????????????
A882 : E0 FD    : CPX #FD        : 2 : A=00 X=FE Y=82 SP=ED N=0 V=0 D=0 I=1 Z=0 C=1 : FWA 00-82:4879F000:00:00 = +1.13244247E+00 : FWB 09-FF:5A8278??:??:?? = ???????????????
A884 : D0 04    : BNE A88A       : 3 : A=00 X=FE Y=82 SP=ED N=0 V=0 D=0 I=1 Z=0 C=1 : FWA 00-82:4879F000:00:00 = +1.13244247E+00 : FWB 09-FF:5A8278??:??:?? = ???????????????
A88A : B0 0D    : BCS A899       : 3 : A=00 X=FE Y=82 SP=ED N=0 V=0 D=0 I=1 Z=0 C=1 : FWA 00-82:4879F000:00:00 = +1.13244247E+00 : FWB 09-FF:5A8278??:??:?? = ???????????????
A899 : A9 80    : LDA #80        : 2 : A=80 X=FE Y=82 SP=ED N=1 V=0 D=0 I=1 Z=0 C=1 : FWA 00-82:4879F000:00:00 = +1.13244247E+00 : FWB 09-FF:5A8278??:??:?? = ???????????????
A89B : A0 C0    : LDY #C0        : 2 : A=80 X=FE Y=C0 SP=ED N=1 V=0 D=0 I=1 Z=0 C=1 : FWA 00-82:4879F000:00:00 = +1.13244247E+00 : FWB 09-FF:5A8278??:??:?? = ???????????????
A89D : E8       : INX            : 2 : A=80 X=FF Y=C0 SP=ED N=1 V=0 D=0 I=1 Z=0 C=1 : FWA 00-82:4879F000:00:00 = +1.13244247E+00 : FWB 09-FF:5A8278??:??:?? = ???????????????
A89E : D0 9F    : BNE A83F       : 3 : A=80 X=FF Y=C0 SP=ED N=1 V=0 D=0 I=1 Z=0 C=1 : FWA 00-82:4879F000:00:00 = +1.13244247E+00 : FWB 09-FF:5A8278??:??:?? = ???????????????
A83F : 95 41    : STA 41,X       : 4 : A=80 X=FF Y=C0 SP=ED N=1 V=0 D=0 I=1 Z=0 C=1 : FWA 00-82:4879F000:00:00 = +1.13244247E+00 : FWB 09-FF:5A827880:??:?? = ???????????????
A841 : 06 33    : ASL 33         : 5 : A=80 X=FF Y=C0 SP=ED N=1 V=0 D=0 I=1 Z=0 C=1 : FWA 00-82:4879E000:00:00 = +1.13243866E+00 : FWB 09-FF:5A827880:??:?? = ???????????????
A843 : 26 32    : ROL 32         : 5 : A=80 X=FF Y=C0 SP=ED N=1 V=0 D=0 I=1 Z=0 C=0 : FWA 00-82:48F3E000:00:00 = +1.13988495E+00 : FWB 09-FF:5A827880:??:?? = ???????????????
A845 : 26 31    : ROL 31         : 5 : A=80 X=FF Y=C0 SP=ED N=1 V=0 D=0 I=1 Z=0 C=0 : FWA 00-82:90F3E000:00:00 = +2.26488495E+00 : FWB 09-FF:5A827880:??:?? = ???????????????
A847 : A5 31    : LDA 31         : 3 : A=90 X=FF Y=C0 SP=ED N=1 V=0 D=0 I=1 Z=0 C=0 : FWA 00-82:90F3E000:00:00 = +2.26488495E+00 : FWB 09-FF:5A827880:??:?? = ???????????????
A849 : C5 3D    : CMP 3D         : 3 : A=90 X=FF Y=C0 SP=ED N=0 V=0 D=0 I=1 Z=0 C=1 : FWA 00-82:90F3E000:00:00 = +2.26488495E+00 : FWB 09-FF:5A827880:??:?? = ???????????????
A84B : D0 0A    : BNE A857       : 3 : A=90 X=FF Y=C0 SP=ED N=0 V=0 D=0 I=1 Z=0 C=1 : FWA 00-82:90F3E000:00:00 = +2.26488495E+00 : FWB 09-FF:5A827880:??:?? = ???????????????
A857 : 90 1C    : BCC A875       : 2 : A=90 X=FF Y=C0 SP=ED N=0 V=0 D=0 I=1 Z=0 C=1 : FWA 00-82:90F3E000:00:00 = +2.26488495E+00 : FWB 09-FF:5A827880:??:?? = ???????????????
A859 : A5 33    : LDA 33         : 3 : A=E0 X=FF Y=C0 SP=ED N=1 V=0 D=0 I=1 Z=0 C=1 : FWA 00-82:90F3E000:00:00 = +2.26488495E+00 : FWB 09-FF:5A827880:??:?? = ???????????????
A85B : E5 3F    : SBC 3F         : 3 : A=68 X=FF Y=C0 SP=ED N=0 V=1 D=0 I=1 Z=0 C=1 : FWA 00-82:90F3E000:00:00 = +2.26488495E+00 : FWB 09-FF:5A827880:??:?? = ???????????????
A85D : 85 33    : STA 33         : 3 : A=68 X=FF Y=C0 SP=ED N=0 V=1 D=0 I=1 Z=0 C=1 : FWA 00-82:90F36800:00:00 = +2.26485634E+00 : FWB 09-FF:5A827880:??:?? = ???????????????
A85F : A5 32    : LDA 32         : 3 : A=F3 X=FF Y=C0 SP=ED N=1 V=1 D=0 I=1 Z=0 C=1 : FWA 00-82:90F36800:00:00 = +2.26485634E+00 : FWB 09-FF:5A827880:??:?? = ???????????????
A861 : E5 3E    : SBC 3E         : 3 : A=71 X=FF Y=C0 SP=ED N=0 V=0 D=0 I=1 Z=0 C=1 : FWA 00-82:90F36800:00:00 = +2.26485634E+00 : FWB 09-FF:5A827880:??:?? = ???????????????
A863 : 85 32    : STA 32         : 3 : A=71 X=FF Y=C0 SP=ED N=0 V=0 D=0 I=1 Z=0 C=1 : FWA 00-82:90716800:00:00 = +2.25692177E+00 : FWB 09-FF:5A827880:??:?? = ???????????????
A865 : A5 31    : LDA 31         : 3 : A=90 X=FF Y=C0 SP=ED N=1 V=0 D=0 I=1 Z=0 C=1 : FWA 00-82:90716800:00:00 = +2.25692177E+00 : FWB 09-FF:5A827880:??:?? = ???????????????
A867 : E5 3D    : SBC 3D         : 3 : A=36 X=FF Y=C0 SP=ED N=0 V=1 D=0 I=1 Z=0 C=1 : FWA 00-82:90716800:00:00 = +2.25692177E+00 : FWB 09-FF:5A827880:??:?? = ???????????????
A869 : 85 31    : STA 31         : 3 : A=36 X=FF Y=C0 SP=ED N=0 V=1 D=0 I=1 Z=0 C=1 : FWA 00-82:36716800:00:00 = +8.50671768E-01 : FWB 09-FF:5A827880:??:?? = ???????????????
A86B : 98       : TYA            : 2 : A=C0 X=FF Y=C0 SP=ED N=1 V=1 D=0 I=1 Z=0 C=1 : FWA 00-82:36716800:00:00 = +8.50671768E-01 : FWB 09-FF:5A827880:??:?? = ???????????????
A86C : 18       : CLC            : 2 : A=C0 X=FF Y=C0 SP=ED N=1 V=1 D=0 I=1 Z=0 C=0 : FWA 00-82:36716800:00:00 = +8.50671768E-01 : FWB 09-FF:5A827880:??:?? = ???????????????
A86D : 75 41    : ADC 41,X       : 4 : A=40 X=FF Y=C0 SP=ED N=0 V=1 D=0 I=1 Z=0 C=1 : FWA 00-82:36716800:00:00 = +8.50671768E-01 : FWB 09-FF:5A827880:??:?? = ???????????????
A86F : 90 07    : BCC A878       : 2 : A=40 X=FF Y=C0 SP=ED N=0 V=1 D=0 I=1 Z=0 C=1 : FWA 00-82:36716800:00:00 = +8.50671768E-01 : FWB 09-FF:5A827880:??:?? = ???????????????
A871 : F6 40    : INC 40,X       : 6 : A=40 X=FF Y=C0 SP=ED N=0 V=1 D=0 I=1 Z=0 C=1 : FWA 00-82:36716800:00:00 = +8.50671768E-01 : FWB 09-FF:5A827980:??:?? = ???????????????
A873 : 80 03    : BRA A878       : 3 : A=40 X=FF Y=C0 SP=ED N=0 V=1 D=0 I=1 Z=0 C=1 : FWA 00-82:36716800:00:00 = +8.50671768E-01 : FWB 09-FF:5A827980:??:?? = ???????????????
A878 : 95 41    : STA 41,X       : 4 : A=40 X=FF Y=C0 SP=ED N=0 V=1 D=0 I=1 Z=0 C=1 : FWA 00-82:36716800:00:00 = +8.50671768E-01 : FWB 09-FF:5A827940:??:?? = ???????????????
A87A : 98       : TYA            : 2 : A=C0 X=FF Y=C0 SP=ED N=1 V=1 D=0 I=1 Z=0 C=1 : FWA 00-82:36716800:00:00 = +8.50671768E-01 : FWB 09-FF:5A827940:??:?? = ???????????????
A87B : 4A       : LSR A          : 2 : A=60 X=FF Y=C0 SP=ED N=0 V=1 D=0 I=1 Z=0 C=0 : FWA 00-82:36716800:00:00 = +8.50671768E-01 : FWB 09-FF:5A827940:??:?? = ???????????????
A87C : A8       : TAY            : 2 : A=60 X=FF Y=60 SP=ED N=0 V=1 D=0 I=1 Z=0 C=0 : FWA 00-82:36716800:00:00 = +8.50671768E-01 : FWB 09-FF:5A827940:??:?? = ???????????????
A87D : D0 C2    : BNE A841       : 3 : A=60 X=FF Y=60 SP=ED N=0 V=1 D=0 I=1 Z=0 C=0 : FWA 00-82:36716800:00:00 = +8.50671768E-01 : FWB 09-FF:5A827940:??:?? = ???????????????
A841 : 06 33    : ASL 33         : 5 : A=60 X=FF Y=60 SP=ED N=1 V=1 D=0 I=1 Z=0 C=0 : FWA 00-82:3671D000:00:00 = +8.50696564E-01 : FWB 09-FF:5A827940:??:?? = ???????????????
A843 : 26 32    : ROL 32         : 5 : A=60 X=FF Y=60 SP=ED N=1 V=1 D=0 I=1 Z=0 C=0 : FWA 00-82:36E2D000:00:00 = +8.57593536E-01 : FWB 09-FF:5A827940:??:?? = ???????????????
A845 : 26 31    : ROL 31         : 5 : A=60 X=FF Y=60 SP=ED N=0 V=1 D=0 I=1 Z=0 C=0 : FWA 00-82:6CE2D000:00:00 = +1.70134354E+00 : FWB 09-FF:5A827940:??:?? = ???????????????
A847 : A5 31    : LDA 31         : 3 : A=6C X=FF Y=60 SP=ED N=0 V=1 D=0 I=1 Z=0 C=0 : FWA 00-82:6CE2D000:00:00 = +1.70134354E+00 : FWB 09-FF:5A827940:??:?? = ???????????????
A849 : C5 3D    : CMP 3D         : 3 : A=6C X=FF Y=60 SP=ED N=0 V=1 D=0 I=1 Z=0 C=1 : FWA 00-82:6CE2D000:00:00 = +1.70134354E+00 : FWB 09-FF:5A827940:??:?? = ???????????????
A84B : D0 0A    : BNE A857       : 3 : A=6C X=FF Y=60 SP=ED N=0 V=1 D=0 I=1 Z=0 C=1 : FWA 00-82:6CE2D000:00:00 = +1.70134354E+00 : FWB 09-FF:5A827940:??:?? = ???????????????
A857 : 90 1C    : BCC A875       : 2 : A=6C X=FF Y=60 SP=ED N=0 V=1 D=0 I=1 Z=0 C=1 : FWA 00-82:6CE2D000:00:00 = +1.70134354E+00 : FWB 09-FF:5A827940:??:?? = ???????????????
A859 : A5 33    : LDA 33         : 3 : A=D0 X=FF Y=60 SP=ED N=1 V=1 D=0 I=1 Z=0 C=1 : FWA 00-82:6CE2D000:00:00 = +1.70134354E+00 : FWB 09-FF:5A827940:??:?? = ???????????????
A85B : E5 3F    : SBC 3F         : 3 : A=57 X=FF Y=60 SP=ED N=0 V=1 D=0 I=1 Z=0 C=1 : FWA 00-82:6CE2D000:00:00 = +1.70134354E+00 : FWB 09-FF:5A827940:??:?? = ???????????????
A85D : 85 33    : STA 33         : 3 : A=57 X=FF Y=60 SP=ED N=0 V=1 D=0 I=1 Z=0 C=1 : FWA 00-82:6CE25700:00:00 = +1.70131469E+00 : FWB 09-FF:5A827940:??:?? = ???????????????
A85F : A5 32    : LDA 32         : 3 : A=E2 X=FF Y=60 SP=ED N=1 V=1 D=0 I=1 Z=0 C=1 : FWA 00-82:6CE25700:00:00 = +1.70131469E+00 : FWB 09-FF:5A827940:??:?? = ???????????????
A861 : E5 3E    : SBC 3E         : 3 : A=60 X=FF Y=60 SP=ED N=0 V=0 D=0 I=1 Z=0 C=1 : FWA 00-82:6CE25700:00:00 = +1.70131469E+00 : FWB 09-FF:5A827940:??:?? = ???????????????
A863 : 85 32    : STA 32         : 3 : A=60 X=FF Y=60 SP=ED N=0 V=0 D=0 I=1 Z=0 C=1 : FWA 00-82:6C605700:00:00 = +1.69338012E+00 : FWB 09-FF:5A827940:??:?? = ???????????????
A865 : A5 31    : LDA 31         : 3 : A=6C X=FF Y=60 SP=ED N=0 V=0 D=0 I=1 Z=0 C=1 : FWA 00-82:6C605700:00:00 = +1.69338012E+00 : FWB 09-FF:5A827940:??:?? = ???????????????
A867 : E5 3D    : SBC 3D         : 3 : A=12 X=FF Y=60 SP=ED N=0 V=0 D=0 I=1 Z=0 C=1 : FWA 00-82:6C605700:00:00 = +1.69338012E+00 : FWB 09-FF:5A827940:??:?? = ???????????????
A869 : 85 31    : STA 31         : 3 : A=12 X=FF Y=60 SP=ED N=0 V=0 D=0 I=1 Z=0 C=1 : FWA 00-82:12605700:00:00 = +2.87130117E-01 : FWB 09-FF:5A827940:??:?? = ???????????????
A86B : 98       : TYA            : 2 : A=60 X=FF Y=60 SP=ED N=0 V=0 D=0 I=1 Z=0 C=1 : FWA 00-82:12605700:00:00 = +2.87130117E-01 : FWB 09-FF:5A827940:??:?? = ???????????????
A86C : 18       : CLC            : 2 : A=60 X=FF Y=60 SP=ED N=0 V=0 D=0 I=1 Z=0 C=0 : FWA 00-82:12605700:00:00 = +2.87130117E-01 : FWB 09-FF:5A827940:??:?? = ???????????????
A86D : 75 41    : ADC 41,X       : 4 : A=A0 X=FF Y=60 SP=ED N=1 V=1 D=0 I=1 Z=0 C=0 : FWA 00-82:12605700:00:00 = +2.87130117E-01 : FWB 09-FF:5A827940:??:?? = ???????????????
A86F : 90 07    : BCC A878       : 3 : A=A0 X=FF Y=60 SP=ED N=1 V=1 D=0 I=1 Z=0 C=0 : FWA 00-82:12605700:00:00 = +2.87130117E-01 : FWB 09-FF:5A827940:??:?? = ???????????????
A878 : 95 41    : STA 41,X       : 4 : A=A0 X=FF Y=60 SP=ED N=1 V=1 D=0 I=1 Z=0 C=0 : FWA 00-82:12605700:00:00 = +2.87130117E-01 : FWB 09-FF:5A8279A0:??:?? = ???????????????
A87A : 98       : TYA            : 2 : A=60 X=FF Y=60 SP=ED N=0 V=1 D=0 I=1 Z=0 C=0 : FWA 00-82:12605700:00:00 = +2.87130117E-01 : FWB 09-FF:5A8279A0:??:?? = ???????????????
A87B : 4A       : LSR A          : 2 : A=30 X=FF Y=60 SP=ED N=0 V=1 D=0 I=1 Z=0 C=0 : FWA 00-82:12605700:00:00 = +2.87130117E-01 : FWB 09-FF:5A8279A0:??:?? = ???????????????
A87C : A8       : TAY            : 2 : A=30 X=FF Y=30 SP=ED N=0 V=1 D=0 I=1 Z=0 C=0 : FWA 00-82:12605700:00:00 = +2.87130117E-01 : FWB 09-FF:5A8279A0:??:?? = ???????????????
A87D : D0 C2    : BNE A841       : 3 : A=30 X=FF Y=30 SP=ED N=0 V=1 D=0 I=1 Z=0 C=0 : FWA 00-82:12605700:00:00 = +2.87130117E-01 : FWB 09-FF:5A8279A0:??:?? = ???????????????
A841 : 06 33    : ASL 33         : 5 : A=30 X=FF Y=30 SP=ED N=1 V=1 D=0 I=1 Z=0 C=0 : FWA 00-82:1260AE00:00:00 = +2.87150860E-01 : FWB 09-FF:5A8279A0:??:?? = ???????????????
A843 : 26 32    : ROL 32         : 5 : A=30 X=FF Y=30 SP=ED N=1 V=1 D=0 I=1 Z=0 C=0 : FWA 00-82:12C0AE00:00:00 = +2.93010235E-01 : FWB 09-FF:5A8279A0:??:?? = ???????????????
A845 : 26 31    : ROL 31         : 5 : A=30 X=FF Y=30 SP=ED N=0 V=1 D=0 I=1 Z=0 C=0 : FWA 00-82:24C0AE00:00:00 = +5.74260235E-01 : FWB 09-FF:5A8279A0:??:?? = ???????????????
A847 : A5 31    : LDA 31         : 3 : A=24 X=FF Y=30 SP=ED N=0 V=1 D=0 I=1 Z=0 C=0 : FWA 00-82:24C0AE00:00:00 = +5.74260235E-01 : FWB 09-FF:5A8279A0:??:?? = ???????????????
A849 : C5 3D    : CMP 3D         : 3 : A=24 X=FF Y=30 SP=ED N=1 V=1 D=0 I=1 Z=0 C=0 : FWA 00-82:24C0AE00:00:00 = +5.74260235E-01 : FWB 09-FF:5A8279A0:??:?? = ???????????????
A84B : D0 0A    : BNE A857       : 3 : A=24 X=FF Y=30 SP=ED N=1 V=1 D=0 I=1 Z=0 C=0 : FWA 00-82:24C0AE00:00:00 = +5.74260235E-01 : FWB 09-FF:5A8279A0:??:?? = ???????????????
A857 : 90 1C    : BCC A875       : 3 : A=24 X=FF Y=30 SP=ED N=1 V=1 D=0 I=1 Z=0 C=0 : FWA 00-82:24C0AE00:00:00 = +5.74260235E-01 : FWB 09-FF:5A8279A0:??:?? = ???????????????
A875 : 98       : TYA            : 2 : A=30 X=FF Y=30 SP=ED N=0 V=1 D=0 I=1 Z=0 C=0 : FWA 00-82:24C0AE00:00:00 = +5.74260235E-01 : FWB 09-FF:5A8279A0:??:?? = ???????????????
A876 : 55 41    : EOR 41,X       : 4 : A=90 X=FF Y=30 SP=ED N=1 V=1 D=0 I=1 Z=0 C=0 : FWA 00-82:24C0AE00:00:00 = +5.74260235E-01 : FWB 09-FF:5A8279A0:??:?? = ???????????????
A878 : 95 41    : STA 41,X       : 4 : A=90 X=FF Y=30 SP=ED N=1 V=1 D=0 I=1 Z=0 C=0 : FWA 00-82:24C0AE00:00:00 = +5.74260235E-01 : FWB 09-FF:5A827990:??:?? = ???????????????
A87A : 98       : TYA            : 2 : A=30 X=FF Y=30 SP=ED N=0 V=1 D=0 I=1 Z=0 C=0 : FWA 00-82:24C0AE00:00:00 = +5.74260235E-01 : FWB 09-FF:5A827990:??:?? = ???????????????
A87B : 4A       : LSR A          : 2 : A=18 X=FF Y=30 SP=ED N=0 V=1 D=0 I=1 Z=0 C=0 : FWA 00-82:24C0AE00:00:00 = +5.74260235E-01 : FWB 09-FF:5A827990:??:?? = ???????????????
A87C : A8       : TAY            : 2 : A=18 X=FF Y=18 SP=ED N=0 V=1 D=0 I=1 Z=0 C=0 : FWA 00-82:24C0AE00:00:00 = +5.74260235E-01 : FWB 09-FF:5A827990:??:?? = ???????????????
A87D : D0 C2    : BNE A841       : 3 : A=18 X=FF Y=18 SP=ED N=0 V=1 D=0 I=1 Z=0 C=0 : FWA 00-82:24C0AE00:00:00 = +5.74260235E-01 : FWB 09-FF:5A827990:??:?? = ???????????????
A841 : 06 33    : ASL 33         : 5 : A=18 X=FF Y=18 SP=ED N=0 V=1 D=0 I=1 Z=0 C=1 : FWA 00-82:24C05C00:00:00 = +5.74240685E-01 : FWB 09-FF:5A827990:??:?? = ???????????????
A843 : 26 32    : ROL 32         : 5 : A=18 X=FF Y=18 SP=ED N=1 V=1 D=0 I=1 Z=0 C=1 : FWA 00-82:24815C00:00:00 = +5.70395470E-01 : FWB 09-FF:5A827990:??:?? = ???????????????
A845 : 26 31    : ROL 31         : 5 : A=18 X=FF Y=18 SP=ED N=0 V=1 D=0 I=1 Z=0 C=0 : FWA 00-82:49815C00:00:00 = +1.14852047E+00 : FWB 09-FF:5A827990:??:?? = ???????????????
A847 : A5 31    : LDA 31         : 3 : A=49 X=FF Y=18 SP=ED N=0 V=1 D=0 I=1 Z=0 C=0 : FWA 00-82:49815C00:00:00 = +1.14852047E+00 : FWB 09-FF:5A827990:??:?? = ???????????????
A849 : C5 3D    : CMP 3D         : 3 : A=49 X=FF Y=18 SP=ED N=1 V=1 D=0 I=1 Z=0 C=0 : FWA 00-82:49815C00:00:00 = +1.14852047E+00 : FWB 09-FF:5A827990:??:?? = ???????????????
A84B : D0 0A    : BNE A857       : 3 : A=49 X=FF Y=18 SP=ED N=1 V=1 D=0 I=1 Z=0 C=0 : FWA 00-82:49815C00:00:00 = +1.14852047E+00 : FWB 09-FF:5A827990:??:?? = ???????????????
A857 : 90 1C    : BCC A875       : 3 : A=49 X=FF Y=18 SP=ED N=1 V=1 D=0 I=1 Z=0 C=0 : FWA 00-82:49815C00:00:00 = +1.14852047E+00 : FWB 09-FF:5A827990:??:?? = ???????????????
A875 : 98       : TYA            : 2 : A=18 X=FF Y=18 SP=ED N=0 V=1 D=0 I=1 Z=0 C=0 : FWA 00-82:49815C00:00:00 = +1.14852047E+00 : FWB 09-FF:5A827990:??:?? = ???????????????
A876 : 55 41    : EOR 41,X       : 4 : A=88 X=FF Y=18 SP=ED N=1 V=1 D=0 I=1 Z=0 C=0 : FWA 00-82:49815C00:00:00 = +1.14852047E+00 : FWB 09-FF:5A827990:??:?? = ???????????????
A878 : 95 41    : STA 41,X       : 4 : A=88 X=FF Y=18 SP=ED N=1 V=1 D=0 I=1 Z=0 C=0 : FWA 00-82:49815C00:00:00 = +1.14852047E+00 : FWB 09-FF:5A827988:??:?? = ???????????????
A87A : 98       : TYA            : 2 : A=18 X=FF Y=18 SP=ED N=0 V=1 D=0 I=1 Z=0 C=0 : FWA 00-82:49815C00:00:00 = +1.14852047E+00 : FWB 09-FF:5A827988:??:?? = ???????????????
A87B : 4A       : LSR A          : 2 : A=0C X=FF Y=18 SP=ED N=0 V=1 D=0 I=1 Z=0 C=0 : FWA 00-82:49815C00:00:00 = +1.14852047E+00 : FWB 09-FF:5A827988:??:?? = ???????????????
A87C : A8       : TAY            : 2 : A=0C X=FF Y=0C SP=ED N=0 V=1 D=0 I=1 Z=0 C=0 : FWA 00-82:49815C00:00:00 = +1.14852047E+00 : FWB 09-FF:5A827988:??:?? = ???????????????
A87D : D0 C2    : BNE A841       : 3 : A=0C X=FF Y=0C SP=ED N=0 V=1 D=0 I=1 Z=0 C=0 : FWA 00-82:49815C00:00:00 = +1.14852047E+00 : FWB 09-FF:5A827988:??:?? = ???????????????
A841 : 06 33    : ASL 33         : 5 : A=0C X=FF Y=0C SP=ED N=1 V=1 D=0 I=1 Z=0 C=0 : FWA 00-82:4981B800:00:00 = +1.14854240E+00 : FWB 09-FF:5A827988:??:?? = ???????????????
A843 : 26 32    : ROL 32         : 5 : A=0C X=FF Y=0C SP=ED N=0 V=1 D=0 I=1 Z=0 C=1 : FWA 00-82:4902B800:00:00 = +1.14079094E+00 : FWB 09-FF:5A827988:??:?? = ???????????????
A845 : 26 31    : ROL 31         : 5 : A=0C X=FF Y=0C SP=ED N=1 V=1 D=0 I=1 Z=0 C=0 : FWA 00-82:9302B800:00:00 = +2.29704094E+00 : FWB 09-FF:5A827988:??:?? = ???????????????
A847 : A5 31    : LDA 31         : 3 : A=93 X=FF Y=0C SP=ED N=1 V=1 D=0 I=1 Z=0 C=0 : FWA 00-82:9302B800:00:00 = +2.29704094E+00 : FWB 09-FF:5A827988:??:?? = ???????????????
A849 : C5 3D    : CMP 3D         : 3 : A=93 X=FF Y=0C SP=ED N=0 V=1 D=0 I=1 Z=0 C=1 : FWA 00-82:9302B800:00:00 = +2.29704094E+00 : FWB 09-FF:5A827988:??:?? = ???????????????
A84B : D0 0A    : BNE A857       : 3 : A=93 X=FF Y=0C SP=ED N=0 V=1 D=0 I=1 Z=0 C=1 : FWA 00-82:9302B800:00:00 = +2.29704094E+00 : FWB 09-FF:5A827988:??:?? = ???????????????
A857 : 90 1C    : BCC A875       : 2 : A=93 X=FF Y=0C SP=ED N=0 V=1 D=0 I=1 Z=0 C=1 : FWA 00-82:9302B800:00:00 = +2.29704094E+00 : FWB 09-FF:5A827988:??:?? = ???????????????
A859 : A5 33    : LDA 33         : 3 : A=B8 X=FF Y=0C SP=ED N=1 V=1 D=0 I=1 Z=0 C=1 : FWA 00-82:9302B800:00:00 = +2.29704094E+00 : FWB 09-FF:5A827988:??:?? = ???????????????
A85B : E5 3F    : SBC 3F         : 3 : A=3F X=FF Y=0C SP=ED N=0 V=1 D=0 I=1 Z=0 C=1 : FWA 00-82:9302B800:00:00 = +2.29704094E+00 : FWB 09-FF:5A827988:??:?? = ???????????????
A85D : 85 33    : STA 33         : 3 : A=3F X=FF Y=0C SP=ED N=0 V=1 D=0 I=1 Z=0 C=1 : FWA 00-82:93023F00:00:00 = +2.29701209E+00 : FWB 09-FF:5A827988:??:?? = ???????????????
A85F : A5 32    : LDA 32         : 3 : A=02 X=FF Y=0C SP=ED N=0 V=1 D=0 I=1 Z=0 C=1 : FWA 00-82:93023F00:00:00 = +2.29701209E+00 : FWB 09-FF:5A827988:??:?? = ???????????????
A861 : E5 3E    : SBC 3E         : 3 : A=80 X=FF Y=0C SP=ED N=1 V=1 D=0 I=1 Z=0 C=0 : FWA 00-82:93023F00:00:00 = +2.29701209E+00 : FWB 09-FF:5A827988:??:?? = ???????????????
A863 : 85 32    : STA 32         : 3 : A=80 X=FF Y=0C SP=ED N=1 V=1 D=0 I=1 Z=0 C=0 : FWA 00-82:93803F00:00:00 = +2.30470252E+00 : FWB 09-FF:5A827988:??:?? = ???????????????
A865 : A5 31    : LDA 31         : 3 : A=93 X=FF Y=0C SP=ED N=1 V=1 D=0 I=1 Z=0 C=0 : FWA 00-82:93803F00:00:00 = +2.30470252E+00 : FWB 09-FF:5A827988:??:?? = ???????????????
A867 : E5 3D    : SBC 3D         : 3 : A=38 X=FF Y=0C SP=ED N=0 V=1 D=0 I=1 Z=0 C=1 : FWA 00-82:93803F00:00:00 = +2.30470252E+00 : FWB 09-FF:5A827988:??:?? = ???????????????
A869 : 85 31    : STA 31         : 3 : A=38 X=FF Y=0C SP=ED N=0 V=1 D=0 I=1 Z=0 C=1 : FWA 00-82:38803F00:00:00 = +8.82827520E-01 : FWB 09-FF:5A827988:??:?? = ???????????????
A86B : 98       : TYA            : 2 : A=0C X=FF Y=0C SP=ED N=0 V=1 D=0 I=1 Z=0 C=1 : FWA 00-82:38803F00:00:00 = +8.82827520E-01 : FWB 09-FF:5A827988:??:?? = ???????????????
A86C : 18       : CLC            : 2 : A=0C X=FF Y=0C SP=ED N=0 V=1 D=0 I=1 Z=0 C=0 : FWA 00-82:38803F00:00:00 = +8.82827520E-01 : FWB 09-FF:5A827988:??:?? = ???????????????
A86D : 75 41    : ADC 41,X       : 4 : A=94 X=FF Y=0C SP=ED N=1 V=0 D=0 I=1 Z=0 C=0 : FWA 00-82:38803F00:00:00 = +8.82827520E-01 : FWB 09-FF:5A827988:??:?? = ???????????????
A86F : 90 07    : BCC A878       : 3 : A=94 X=FF Y=0C SP=ED N=1 V=0 D=0 I=1 Z=0 C=0 : FWA 00-82:38803F00:00:00 = +8.82827520E-01 : FWB 09-FF:5A827988:??:?? = ???????????????
A878 : 95 41    : STA 41,X       : 4 : A=94 X=FF Y=0C SP=ED N=1 V=0 D=0 I=1 Z=0 C=0 : FWA 00-82:38803F00:00:00 = +8.82827520E-01 : FWB 09-FF:5A827994:??:?? = ???????????????
A87A : 98       : TYA            : 2 : A=0C X=FF Y=0C SP=ED N=0 V=0 D=0 I=1 Z=0 C=0 : FWA 00-82:38803F00:00:00 = +8.82827520E-01 : FWB 09-FF:5A827994:??:?? = ???????????????
A87B : 4A       : LSR A          : 2 : A=06 X=FF Y=0C SP=ED N=0 V=0 D=0 I=1 Z=0 C=0 : FWA 00-82:38803F00:00:00 = +8.82827520E-01 : FWB 09-FF:5A827994:??:?? = ???????????????
A87C : A8       : TAY            : 2 : A=06 X=FF Y=06 SP=ED N=0 V=0 D=0 I=1 Z=0 C=0 : FWA 00-82:38803F00:00:00 = +8.82827520E-01 : FWB 09-FF:5A827994:??:?? = ???????????????
A87D : D0 C2    : BNE A841       : 3 : A=06 X=FF Y=06 SP=ED N=0 V=0 D=0 I=1 Z=0 C=0 : FWA 00-82:38803F00:00:00 = +8.82827520E-01 : FWB 09-FF:5A827994:??:?? = ???????????????
A841 : 06 33    : ASL 33         : 5 : A=06 X=FF Y=06 SP=ED N=0 V=0 D=0 I=1 Z=0 C=0 : FWA 00-82:38807E00:00:00 = +8.82842541E-01 : FWB 09-FF:5A827994:??:?? = ???????????????
A843 : 26 32    : ROL 32         : 5 : A=06 X=FF Y=06 SP=ED N=0 V=0 D=0 I=1 Z=1 C=1 : FWA 00-82:38007E00:00:00 = +8.75030041E-01 : FWB 09-FF:5A827994:??:?? = ???????????????
A845 : 26 31    : ROL 31         : 5 : A=06 X=FF Y=06 SP=ED N=0 V=0 D=0 I=1 Z=0 C=0 : FWA 00-82:71007E00:00:00 = +1.76565504E+00 : FWB 09-FF:5A827994:??:?? = ???????????????
A847 : A5 31    : LDA 31         : 3 : A=71 X=FF Y=06 SP=ED N=0 V=0 D=0 I=1 Z=0 C=0 : FWA 00-82:71007E00:00:00 = +1.76565504E+00 : FWB 09-FF:5A827994:??:?? = ???????????????
A849 : C5 3D    : CMP 3D         : 3 : A=71 X=FF Y=06 SP=ED N=0 V=0 D=0 I=1 Z=0 C=1 : FWA 00-82:71007E00:00:00 = +1.76565504E+00 : FWB 09-FF:5A827994:??:?? = ???????????????
A84B : D0 0A    : BNE A857       : 3 : A=71 X=FF Y=06 SP=ED N=0 V=0 D=0 I=1 Z=0 C=1 : FWA 00-82:71007E00:00:00 = +1.76565504E+00 : FWB 09-FF:5A827994:??:?? = ???????????????
A857 : 90 1C    : BCC A875       : 2 : A=71 X=FF Y=06 SP=ED N=0 V=0 D=0 I=1 Z=0 C=1 : FWA 00-82:71007E00:00:00 = +1.76565504E+00 : FWB 09-FF:5A827994:??:?? = ???????????????
A859 : A5 33    : LDA 33         : 3 : A=7E X=FF Y=06 SP=ED N=0 V=0 D=0 I=1 Z=0 C=1 : FWA 00-82:71007E00:00:00 = +1.76565504E+00 : FWB 09-FF:5A827994:??:?? = ???????????????
A85B : E5 3F    : SBC 3F         : 3 : A=05 X=FF Y=06 SP=ED N=0 V=0 D=0 I=1 Z=0 C=1 : FWA 00-82:71007E00:00:00 = +1.76565504E+00 : FWB 09-FF:5A827994:??:?? = ???????????????
A85D : 85 33    : STA 33         : 3 : A=05 X=FF Y=06 SP=ED N=0 V=0 D=0 I=1 Z=0 C=1 : FWA 00-82:71000500:00:00 = +1.76562619E+00 : FWB 09-FF:5A827994:??:?? = ???????????????
A85F : A5 32    : LDA 32         : 3 : A=00 X=FF Y=06 SP=ED N=0 V=0 D=0 I=1 Z=1 C=1 : FWA 00-82:71000500:00:00 = +1.76562619E+00 : FWB 09-FF:5A827994:??:?? = ???????????????
A861 : E5 3E    : SBC 3E         : 3 : A=7E X=FF Y=06 SP=ED N=0 V=0 D=0 I=1 Z=0 C=0 : FWA 00-82:71000500:00:00 = +1.76562619E+00 : FWB 09-FF:5A827994:??:?? = ???????????????
A863 : 85 32    : STA 32         : 3 : A=7E X=FF Y=06 SP=ED N=0 V=0 D=0 I=1 Z=0 C=0 : FWA 00-82:717E0500:00:00 = +1.77331662E+00 : FWB 09-FF:5A827994:??:?? = ???????????????
A865 : A5 31    : LDA 31         : 3 : A=71 X=FF Y=06 SP=ED N=0 V=0 D=0 I=1 Z=0 C=0 : FWA 00-82:717E0500:00:00 = +1.77331662E+00 : FWB 09-FF:5A827994:??:?? = ???????????????
A867 : E5 3D    : SBC 3D         : 3 : A=16 X=FF Y=06 SP=ED N=0 V=0 D=0 I=1 Z=0 C=1 : FWA 00-82:717E0500:00:00 = +1.77331662E+00 : FWB 09-FF:5A827994:??:?? = ???????????????
A869 : 85 31    : STA 31         : 3 : A=16 X=FF Y=06 SP=ED N=0 V=0 D=0 I=1 Z=0 C=1 : FWA 00-82:167E0500:00:00 = +3.51441622E-01 : FWB 09-FF:5A827994:??:?? = ???????????????
A86B : 98       : TYA            : 2 : A=06 X=FF Y=06 SP=ED N=0 V=0 D=0 I=1 Z=0 C=1 : FWA 00-82:167E0500:00:00 = +3.51441622E-01 : FWB 09-FF:5A827994:??:?? = ???????????????
A86C : 18       : CLC            : 2 : A=06 X=FF Y=06 SP=ED N=0 V=0 D=0 I=1 Z=0 C=0 : FWA 00-82:167E0500:00:00 = +3.51441622E-01 : FWB 09-FF:5A827994:??:?? = ???????????????
A86D : 75 41    : ADC 41,X       : 4 : A=9A X=FF Y=06 SP=ED N=1 V=0 D=0 I=1 Z=0 C=0 : FWA 00-82:167E0500:00:00 = +3.51441622E-01 : FWB 09-FF:5A827994:??:?? = ???????????????
A86F : 90 07    : BCC A878       : 3 : A=9A X=FF Y=06 SP=ED N=1 V=0 D=0 I=1 Z=0 C=0 : FWA 00-82:167E0500:00:00 = +3.51441622E-01 : FWB 09-FF:5A827994:??:?? = ???????????????
A878 : 95 41    : STA 41,X       : 4 : A=9A X=FF Y=06 SP=ED N=1 V=0 D=0 I=1 Z=0 C=0 : FWA 00-82:167E0500:00:00 = +3.51441622E-01 : FWB 09-FF:5A82799A:??:?? = ???????????????
A87A : 98       : TYA            : 2 : A=06 X=FF Y=06 SP=ED N=0 V=0 D=0 I=1 Z=0 C=0 : FWA 00-82:167E0500:00:00 = +3.51441622E-01 : FWB 09-FF:5A82799A:??:?? = ???????????????
A87B : 4A       : LSR A          : 2 : A=03 X=FF Y=06 SP=ED N=0 V=0 D=0 I=1 Z=0 C=0 : FWA 00-82:167E0500:00:00 = +3.51441622E-01 : FWB 09-FF:5A82799A:??:?? = ???????????????
A87C : A8       : TAY            : 2 : A=03 X=FF Y=03 SP=ED N=0 V=0 D=0 I=1 Z=0 C=0 : FWA 00-82:167E0500:00:00 = +3.51441622E-01 : FWB 09-FF:5A82799A:??:?? = ???????????????
A87D : D0 C2    : BNE A841       : 3 : A=03 X=FF Y=03 SP=ED N=0 V=0 D=0 I=1 Z=0 C=0 : FWA 00-82:167E0500:00:00 = +3.51441622E-01 : FWB 09-FF:5A82799A:??:?? = ???????????????
A841 : 06 33    : ASL 33         : 5 : A=03 X=FF Y=03 SP=ED N=0 V=0 D=0 I=1 Z=0 C=0 : FWA 00-82:167E0A00:00:00 = +3.51442814E-01 : FWB 09-FF:5A82799A:??:?? = ???????????????
A843 : 26 32    : ROL 32         : 5 : A=03 X=FF Y=03 SP=ED N=1 V=0 D=0 I=1 Z=0 C=0 : FWA 00-82:16FC0A00:00:00 = +3.59133244E-01 : FWB 09-FF:5A82799A:??:?? = ???????????????
A845 : 26 31    : ROL 31         : 5 : A=03 X=FF Y=03 SP=ED N=0 V=0 D=0 I=1 Z=0 C=0 : FWA 00-82:2CFC0A00:00:00 = +7.02883244E-01 : FWB 09-FF:5A82799A:??:?? = ???????????????
A847 : A5 31    : LDA 31         : 3 : A=2C X=FF Y=03 SP=ED N=0 V=0 D=0 I=1 Z=0 C=0 : FWA 00-82:2CFC0A00:00:00 = +7.02883244E-01 : FWB 09-FF:5A82799A:??:?? = ???????????????
A849 : C5 3D    : CMP 3D         : 3 : A=2C X=FF Y=03 SP=ED N=1 V=0 D=0 I=1 Z=0 C=0 : FWA 00-82:2CFC0A00:00:00 = +7.02883244E-01 : FWB 09-FF:5A82799A:??:?? = ???????????????
A84B : D0 0A    : BNE A857       : 3 : A=2C X=FF Y=03 SP=ED N=1 V=0 D=0 I=1 Z=0 C=0 : FWA 00-82:2CFC0A00:00:00 = +7.02883244E-01 : FWB 09-FF:5A82799A:??:?? = ???????????????
A857 : 90 1C    : BCC A875       : 3 : A=2C X=FF Y=03 SP=ED N=1 V=0 D=0 I=1 Z=0 C=0 : FWA 00-82:2CFC0A00:00:00 = +7.02883244E-01 : FWB 09-FF:5A82799A:??:?? = ???????????????
A875 : 98       : TYA            : 2 : A=03 X=FF Y=03 SP=ED N=0 V=0 D=0 I=1 Z=0 C=0 : FWA 00-82:2CFC0A00:00:00 = +7.02883244E-01 : FWB 09-FF:5A82799A:??:?? = ???????????????
A876 : 55 41    : EOR 41,X       : 4 : A=99 X=FF Y=03 SP=ED N=1 V=0 D=0 I=1 Z=0 C=0 : FWA 00-82:2CFC0A00:00:00 = +7.02883244E-01 : FWB 09-FF:5A82799A:??:?? = ???????????????
A878 : 95 41    : STA 41,X       : 4 : A=99 X=FF Y=03 SP=ED N=1 V=0 D=0 I=1 Z=0 C=0 : FWA 00-82:2CFC0A00:00:00 = +7.02883244E-01 : FWB 09-FF:5A827999:??:?? = ???????????????
A87A : 98       : TYA            : 2 : A=03 X=FF Y=03 SP=ED N=0 V=0 D=0 I=1 Z=0 C=0 : FWA 00-82:2CFC0A00:00:00 = +7.02883244E-01 : FWB 09-FF:5A827999:??:?? = ???????????????
A87B : 4A       : LSR A          : 2 : A=01 X=FF Y=03 SP=ED N=0 V=0 D=0 I=1 Z=0 C=1 : FWA 00-82:2CFC0A00:00:00 = +7.02883244E-01 : FWB 09-FF:5A827999:??:?? = ???????????????
A87C : A8       : TAY            : 2 : A=01 X=FF Y=01 SP=ED N=0 V=0 D=0 I=1 Z=0 C=1 : FWA 00-82:2CFC0A00:00:00 = +7.02883244E-01 : FWB 09-FF:5A827999:??:?? = ???????????????
A87D : D0 C2    : BNE A841       : 3 : A=01 X=FF Y=01 SP=ED N=0 V=0 D=0 I=1 Z=0 C=1 : FWA 00-82:2CFC0A00:00:00 = +7.02883244E-01 : FWB 09-FF:5A827999:??:?? = ???????????????
A841 : 06 33    : ASL 33         : 5 : A=01 X=FF Y=01 SP=ED N=0 V=0 D=0 I=1 Z=0 C=0 : FWA 00-82:2CFC1400:00:00 = +7.02885628E-01 : FWB 09-FF:5A827999:??:?? = ???????????????
A843 : 26 32    : ROL 32         : 5 : A=01 X=FF Y=01 SP=ED N=1 V=0 D=0 I=1 Z=0 C=1 : FWA 00-82:2CF81400:00:00 = +7.02641487E-01 : FWB 09-FF:5A827999:??:?? = ???????????????
A845 : 26 31    : ROL 31         : 5 : A=01 X=FF Y=01 SP=ED N=0 V=0 D=0 I=1 Z=0 C=0 : FWA 00-82:59F81400:00:00 = +1.40576649E+00 : FWB 09-FF:5A827999:??:?? = ???????????????
A847 : A5 31    : LDA 31         : 3 : A=59 X=FF Y=01 SP=ED N=0 V=0 D=0 I=1 Z=0 C=0 : FWA 00-82:59F81400:00:00 = +1.40576649E+00 : FWB 09-FF:5A827999:??:?? = ???????????????
A849 : C5 3D    : CMP 3D         : 3 : A=59 X=FF Y=01 SP=ED N=1 V=0 D=0 I=1 Z=0 C=0 : FWA 00-82:59F81400:00:00 = +1.40576649E+00 : FWB 09-FF:5A827999:??:?? = ???????????????
A84B : D0 0A    : BNE A857       : 3 : A=59 X=FF Y=01 SP=ED N=1 V=0 D=0 I=1 Z=0 C=0 : FWA 00-82:59F81400:00:00 = +1.40576649E+00 : FWB 09-FF:5A827999:??:?? = ???????????????
A857 : 90 1C    : BCC A875       : 3 : A=59 X=FF Y=01 SP=ED N=1 V=0 D=0 I=1 Z=0 C=0 : FWA 00-82:59F81400:00:00 = +1.40576649E+00 : FWB 09-FF:5A827999:??:?? = ???????????????
A875 : 98       : TYA            : 2 : A=01 X=FF Y=01 SP=ED N=0 V=0 D=0 I=1 Z=0 C=0 : FWA 00-82:59F81400:00:00 = +1.40576649E+00 : FWB 09-FF:5A827999:??:?? = ???????????????
A876 : 55 41    : EOR 41,X       : 4 : A=98 X=FF Y=01 SP=ED N=1 V=0 D=0 I=1 Z=0 C=0 : FWA 00-82:59F81400:00:00 = +1.40576649E+00 : FWB 09-FF:5A827999:??:?? = ???????????????
A878 : 95 41    : STA 41,X       : 4 : A=98 X=FF Y=01 SP=ED N=1 V=0 D=0 I=1 Z=0 C=0 : FWA 00-82:59F81400:00:00 = +1.40576649E+00 : FWB 09-FF:5A827998:??:?? = ???????????????
A87A : 98       : TYA            : 2 : A=01 X=FF Y=01 SP=ED N=0 V=0 D=0 I=1 Z=0 C=0 : FWA 00-82:59F81400:00:00 = +1.40576649E+00 : FWB 09-FF:5A827998:??:?? = ???????????????
A87B : 4A       : LSR A          : 2 : A=00 X=FF Y=01 SP=ED N=0 V=0 D=0 I=1 Z=1 C=1 : FWA 00-82:59F81400:00:00 = +1.40576649E+00 : FWB 09-FF:5A827998:??:?? = ???????????????
A87C : A8       : TAY            : 2 : A=00 X=FF Y=00 SP=ED N=0 V=0 D=0 I=1 Z=1 C=1 : FWA 00-82:59F81400:00:00 = +1.40576649E+00 : FWB 09-FF:5A827998:??:?? = ???????????????
A87D : D0 C2    : BNE A841       : 2 : A=00 X=FF Y=00 SP=ED N=0 V=0 D=0 I=1 Z=1 C=1 : FWA 00-82:59F81400:00:00 = +1.40576649E+00 : FWB 09-FF:5A827998:??:?? = ???????????????
A87F : B4 40    : LDY 40,X       : 4 : A=00 X=FF Y=79 SP=ED N=0 V=0 D=0 I=1 Z=0 C=1 : FWA 00-82:59F81400:00:00 = +1.40576649E+00 : FWB 09-FF:5A827998:??:?? = ???????????????
A881 : 5A       : PHY            : 3 : A=00 X=FF Y=79 SP=EC N=0 V=0 D=0 I=1 Z=0 C=1 : FWA 00-82:59F81400:00:00 = +1.40576649E+00 : FWB 09-FF:5A827998:??:?? = ???????????????
A882 : E0 FD    : CPX #FD        : 2 : A=00 X=FF Y=79 SP=EC N=0 V=0 D=0 I=1 Z=0 C=1 : FWA 00-82:59F81400:00:00 = +1.40576649E+00 : FWB 09-FF:5A827998:??:?? = ???????????????
A884 : D0 04    : BNE A88A       : 3 : A=00 X=FF Y=79 SP=EC N=0 V=0 D=0 I=1 Z=0 C=1 : FWA 00-82:59F81400:00:00 = +1.40576649E+00 : FWB 09-FF:5A827998:??:?? = ???????????????
A88A : B0 0D    : BCS A899       : 3 : A=00 X=FF Y=79 SP=EC N=0 V=0 D=0 I=1 Z=0 C=1 : FWA 00-82:59F81400:00:00 = +1.40576649E+00 : FWB 09-FF:5A827998:??:?? = ???????????????
A899 : A9 80    : LDA #80        : 2 : A=80 X=FF Y=79 SP=EC N=1 V=0 D=0 I=1 Z=0 C=1 : FWA 00-82:59F81400:00:00 = +1.40576649E+00 : FWB 09-FF:5A827998:??:?? = ???????????????
A89B : A0 C0    : LDY #C0        : 2 : A=80 X=FF Y=C0 SP=EC N=1 V=0 D=0 I=1 Z=0 C=1 : FWA 00-82:59F81400:00:00 = +1.40576649E+00 : FWB 09-FF:5A827998:??:?? = ???????????????
A89D : E8       : INX            : 2 : A=80 X=00 Y=C0 SP=EC N=0 V=0 D=0 I=1 Z=1 C=1 : FWA 00-82:59F81400:00:00 = +1.40576649E+00 : FWB 09-FF:5A827998:??:?? = ???????????????
A89E : D0 9F    : BNE A83F       : 2 : A=80 X=00 Y=C0 SP=EC N=0 V=0 D=0 I=1 Z=1 C=1 : FWA 00-82:59F81400:00:00 = +1.40576649E+00 : FWB 09-FF:5A827998:??:?? = ???????????????
A8A0 : A6 3D    : LDX 3D         : 3 : A=80 X=5A Y=C0 SP=EC N=0 V=0 D=0 I=1 Z=0 C=1 : FWA 00-82:59F81400:00:00 = +1.40576649E+00 : FWB 09-FF:5A827998:??:?? = ???????????????
A8A2 : A5 31    : LDA 31         : 3 : A=59 X=5A Y=C0 SP=EC N=0 V=0 D=0 I=1 Z=0 C=1 : FWA 00-82:59F81400:00:00 = +1.40576649E+00 : FWB 09-FF:5A827998:??:?? = ???????????????
A8A4 : 86 31    : STX 31         : 3 : A=59 X=5A Y=C0 SP=EC N=0 V=0 D=0 I=1 Z=0 C=1 : FWA 00-82:5AF81400:00:00 = +1.42139149E+00 : FWB 09-FF:5A827998:??:?? = ???????????????
A8A6 : A6 40    : LDX 40         : 3 : A=59 X=98 Y=C0 SP=EC N=1 V=0 D=0 I=1 Z=0 C=1 : FWA 00-82:5AF81400:00:00 = +1.42139149E+00 : FWB 09-FF:5A827998:??:?? = ???????????????
A8A8 : 0A       : ASL A          : 2 : A=B2 X=98 Y=C0 SP=EC N=1 V=0 D=0 I=1 Z=0 C=0 : FWA 00-82:5AF81400:00:00 = +1.42139149E+00 : FWB 09-FF:5A827998:??:?? = ???????????????
A8A9 : C5 31    : CMP 31         : 3 : A=B2 X=98 Y=C0 SP=EC N=0 V=0 D=0 I=1 Z=0 C=1 : FWA 00-82:5AF81400:00:00 = +1.42139149E+00 : FWB 09-FF:5A827998:??:?? = ???????????????
A8AB : 90 03    : BCC A8B0       : 2 : A=B2 X=98 Y=C0 SP=EC N=0 V=0 D=0 I=1 Z=0 C=1 : FWA 00-82:5AF81400:00:00 = +1.42139149E+00 : FWB 09-FF:5A827998:??:?? = ???????????????
A8AD : E5 31    : SBC 31         : 3 : A=58 X=98 Y=C0 SP=EC N=0 V=1 D=0 I=1 Z=0 C=1 : FWA 00-82:5AF81400:00:00 = +1.42139149E+00 : FWB 09-FF:5A827998:??:?? = ???????????????
A8AF : E8       : INX            : 2 : A=58 X=99 Y=C0 SP=EC N=1 V=1 D=0 I=1 Z=0 C=1 : FWA 00-82:5AF81400:00:00 = +1.42139149E+00 : FWB 09-FF:5A827998:??:?? = ???????????????
A8B0 : 4C A2 A6 : JMP A6A2       : 3 : A=58 X=99 Y=C0 SP=EC N=1 V=1 D=0 I=1 Z=0 C=1 : FWA 00-82:5AF81400:00:00 = +1.42139149E+00 : FWB 09-FF:5A827998:??:?? = ???????????????
A6A2 : 46 31    : LSR 31         : 5 : A=58 X=99 Y=C0 SP=EC N=0 V=1 D=0 I=1 Z=0 C=0 : FWA 00-82:2DF81400:00:00 = +7.18266487E-01 : FWB 09-FF:5A827998:??:?? = ???????????????
A6A4 : 86 34    : STX 34         : 3 : A=58 X=99 Y=C0 SP=EC N=0 V=1 D=0 I=1 Z=0 C=0 : FWA 00-82:2DF81499:00:00 = +7.18266630E-01 : FWB 09-FF:5A827998:??:?? = ???????????????
A6A6 : A2 03    : LDX #03        : 2 : A=58 X=03 Y=C0 SP=EC N=0 V=1 D=0 I=1 Z=0 C=0 : FWA 00-82:2DF81499:00:00 = +7.18266630E-01 : FWB 09-FF:5A827998:??:?? = ???????????????
A6A8 : C5 31    : CMP 31         : 3 : A=58 X=03 Y=C0 SP=EC N=0 V=1 D=0 I=1 Z=0 C=1 : FWA 00-82:2DF81499:00:00 = +7.18266630E-01 : FWB 09-FF:5A827998:??:?? = ???????????????
A6AA : 90 02    : BCC A6AE       : 2 : A=58 X=03 Y=C0 SP=EC N=0 V=1 D=0 I=1 Z=0 C=1 : FWA 00-82:2DF81499:00:00 = +7.18266630E-01 : FWB 09-FF:5A827998:??:?? = ???????????????
A6AC : E5 31    : SBC 31         : 3 : A=2B X=03 Y=C0 SP=EC N=0 V=0 D=0 I=1 Z=0 C=1 : FWA 00-82:2DF81499:00:00 = +7.18266630E-01 : FWB 09-FF:5A827998:??:?? = ???????????????
A6AE : 08       : PHP            : 3 : A=2B X=03 Y=C0 SP=EB N=0 V=0 D=0 I=1 Z=0 C=1 : FWA 00-82:2DF81499:00:00 = +7.18266630E-01 : FWB 09-FF:5A827998:??:?? = ???????????????
A6AF : 0A       : ASL A          : 2 : A=56 X=03 Y=C0 SP=EB N=0 V=0 D=0 I=1 Z=0 C=0 : FWA 00-82:2DF81499:00:00 = +7.18266630E-01 : FWB 09-FF:5A827998:??:?? = ???????????????
A6B0 : CA       : DEX            : 2 : A=56 X=02 Y=C0 SP=EB N=0 V=0 D=0 I=1 Z=0 C=0 : FWA 00-82:2DF81499:00:00 = +7.18266630E-01 : FWB 09-FF:5A827998:??:?? = ???????????????
A6B1 : D0 F5    : BNE A6A8       : 3 : A=56 X=02 Y=C0 SP=EB N=0 V=0 D=0 I=1 Z=0 C=0 : FWA 00-82:2DF81499:00:00 = +7.18266630E-01 : FWB 09-FF:5A827998:??:?? = ???????????????
A6A8 : C5 31    : CMP 31         : 3 : A=56 X=02 Y=C0 SP=EB N=0 V=0 D=0 I=1 Z=0 C=1 : FWA 00-82:2DF81499:00:00 = +7.18266630E-01 : FWB 09-FF:5A827998:??:?? = ???????????????
A6AA : 90 02    : BCC A6AE       : 2 : A=56 X=02 Y=C0 SP=EB N=0 V=0 D=0 I=1 Z=0 C=1 : FWA 00-82:2DF81499:00:00 = +7.18266630E-01 : FWB 09-FF:5A827998:??:?? = ???????????????
A6AC : E5 31    : SBC 31         : 3 : A=29 X=02 Y=C0 SP=EB N=0 V=0 D=0 I=1 Z=0 C=1 : FWA 00-82:2DF81499:00:00 = +7.18266630E-01 : FWB 09-FF:5A827998:??:?? = ???????????????
A6AE : 08       : PHP            : 3 : A=29 X=02 Y=C0 SP=EA N=0 V=0 D=0 I=1 Z=0 C=1 : FWA 00-82:2DF81499:00:00 = +7.18266630E-01 : FWB 09-FF:5A827998:??:?? = ???????????????
A6AF : 0A       : ASL A          : 2 : A=52 X=02 Y=C0 SP=EA N=0 V=0 D=0 I=1 Z=0 C=0 : FWA 00-82:2DF81499:00:00 = +7.18266630E-01 : FWB 09-FF:5A827998:??:?? = ???????????????
A6B0 : CA       : DEX            : 2 : A=52 X=01 Y=C0 SP=EA N=0 V=0 D=0 I=1 Z=0 C=0 : FWA 00-82:2DF81499:00:00 = +7.18266630E-01 : FWB 09-FF:5A827998:??:?? = ???????????????
A6B1 : D0 F5    : BNE A6A8       : 3 : A=52 X=01 Y=C0 SP=EA N=0 V=0 D=0 I=1 Z=0 C=0 : FWA 00-82:2DF81499:00:00 = +7.18266630E-01 : FWB 09-FF:5A827998:??:?? = ???????????????
A6A8 : C5 31    : CMP 31         : 3 : A=52 X=01 Y=C0 SP=EA N=0 V=0 D=0 I=1 Z=0 C=1 : FWA 00-82:2DF81499:00:00 = +7.18266630E-01 : FWB 09-FF:5A827998:??:?? = ???????????????
A6AA : 90 02    : BCC A6AE       : 2 : A=52 X=01 Y=C0 SP=EA N=0 V=0 D=0 I=1 Z=0 C=1 : FWA 00-82:2DF81499:00:00 = +7.18266630E-01 : FWB 09-FF:5A827998:??:?? = ???????????????
A6AC : E5 31    : SBC 31         : 3 : A=25 X=01 Y=C0 SP=EA N=0 V=0 D=0 I=1 Z=0 C=1 : FWA 00-82:2DF81499:00:00 = +7.18266630E-01 : FWB 09-FF:5A827998:??:?? = ???????????????
A6AE : 08       : PHP            : 3 : A=25 X=01 Y=C0 SP=E9 N=0 V=0 D=0 I=1 Z=0 C=1 : FWA 00-82:2DF81499:00:00 = +7.18266630E-01 : FWB 09-FF:5A827998:??:?? = ???????????????
A6AF : 0A       : ASL A          : 2 : A=4A X=01 Y=C0 SP=E9 N=0 V=0 D=0 I=1 Z=0 C=0 : FWA 00-82:2DF81499:00:00 = +7.18266630E-01 : FWB 09-FF:5A827998:??:?? = ???????????????
A6B0 : CA       : DEX            : 2 : A=4A X=00 Y=C0 SP=E9 N=0 V=0 D=0 I=1 Z=1 C=0 : FWA 00-82:2DF81499:00:00 = +7.18266630E-01 : FWB 09-FF:5A827998:??:?? = ???????????????
A6B1 : D0 F5    : BNE A6A8       : 2 : A=4A X=00 Y=C0 SP=E9 N=0 V=0 D=0 I=1 Z=1 C=0 : FWA 00-82:2DF81499:00:00 = +7.18266630E-01 : FWB 09-FF:5A827998:??:?? = ???????????????
A6B3 : 28       : PLP            : 4 : A=4A X=00 Y=C0 SP=EA N=0 V=0 D=0 I=1 Z=0 C=1 : FWA 00-82:2DF81499:00:00 = +7.18266630E-01 : FWB 09-FF:5A827998:??:?? = ???????????????
A6B4 : 6A       : ROR A          : 2 : A=A5 X=00 Y=C0 SP=EA N=1 V=0 D=0 I=1 Z=0 C=0 : FWA 00-82:2DF81499:00:00 = +7.18266630E-01 : FWB 09-FF:5A827998:??:?? = ???????????????
A6B5 : 28       : PLP            : 4 : A=A5 X=00 Y=C0 SP=EB N=0 V=0 D=0 I=1 Z=0 C=1 : FWA 00-82:2DF81499:00:00 = +7.18266630E-01 : FWB 09-FF:5A827998:??:?? = ???????????????
A6B6 : 6A       : ROR A          : 2 : A=D2 X=00 Y=C0 SP=EB N=1 V=0 D=0 I=1 Z=0 C=1 : FWA 00-82:2DF81499:00:00 = +7.18266630E-01 : FWB 09-FF:5A827998:??:?? = ???????????????
A6B7 : 28       : PLP            : 4 : A=D2 X=00 Y=C0 SP=EC N=0 V=0 D=0 I=1 Z=0 C=1 : FWA 00-82:2DF81499:00:00 = +7.18266630E-01 : FWB 09-FF:5A827998:??:?? = ???????????????
A6B8 : 6A       : ROR A          : 2 : A=E9 X=00 Y=C0 SP=EC N=1 V=0 D=0 I=1 Z=0 C=0 : FWA 00-82:2DF81499:00:00 = +7.18266630E-01 : FWB 09-FF:5A827998:??:?? = ???????????????
A6B9 : 85 35    : STA 35         : 3 : A=E9 X=00 Y=C0 SP=EC N=1 V=0 D=0 I=1 Z=0 C=0 : FWA 00-82:2DF81499:E9:00 = +7.18266630E-01 : FWB 09-FF:5A827998:??:?? = ???????????????
A6BB : 68       : PLA            : 4 : A=79 X=00 Y=C0 SP=ED N=0 V=0 D=0 I=1 Z=0 C=0 : FWA 00-82:2DF81499:E9:00 = +7.18266630E-01 : FWB 09-FF:5A827998:??:?? = ???????????????
A6BC : 85 33    : STA 33         : 3 : A=79 X=00 Y=C0 SP=ED N=0 V=0 D=0 I=1 Z=0 C=0 : FWA 00-82:2DF87999:E9:00 = +7.18290711E-01 : FWB 09-FF:5A827998:??:?? = ???????????????
A6BE : 68       : PLA            : 4 : A=82 X=00 Y=C0 SP=EE N=1 V=0 D=0 I=1 Z=0 C=0 : FWA 00-82:2DF87999:E9:00 = +7.18290711E-01 : FWB 09-FF:5A827998:??:?? = ???????????????
A6BF : 85 32    : STA 32         : 3 : A=82 X=00 Y=C0 SP=EE N=1 V=0 D=0 I=1 Z=0 C=0 : FWA 00-82:2D827999:E9:00 = +7.11088562E-01 : FWB 09-FF:5A827998:??:?? = ???????????????
A6C1 : 68       : PLA            : 4 : A=5A X=00 Y=C0 SP=EF N=0 V=0 D=0 I=1 Z=0 C=0 : FWA 00-82:2D827999:E9:00 = +7.11088562E-01 : FWB 09-FF:5A827998:??:?? = ???????????????
A6C2 : 85 31    : STA 31         : 3 : A=5A X=00 Y=C0 SP=EF N=0 V=0 D=0 I=1 Z=0 C=0 : FWA 00-82:5A827999:E9:00 = +1.41421356E+00 : FWB 09-FF:5A827998:??:?? = ???????????????
A6C4 : 30 4C    : BMI A712       : 2 : A=5A X=00 Y=C0 SP=EF N=0 V=0 D=0 I=1 Z=0 C=0 : FWA 00-82:5A827999:E9:00 = +1.41421356E+00 : FWB 09-FF:5A827998:??:?? = ???????????????
A6C6 : 20 06 83 : JSR 8306       : 6 : A=5A X=00 Y=C0 SP=ED N=0 V=0 D=0 I=1 Z=0 C=0 : FWA 00-82:5A827999:E9:00 = +1.41421356E+00 : FWB 09-FF:5A827998:??:?? = ???????????????
8306 : D0 27    : BNE 832F       : 3 : A=5A X=00 Y=C0 SP=ED N=0 V=0 D=0 I=1 Z=0 C=0 : FWA 00-82:5A827999:E9:00 = +1.41421356E+00 : FWB 09-FF:5A827998:??:?? = ???????????????
832F : A4 30    : LDY 30         : 3 : A=5A X=00 Y=82 SP=ED N=1 V=0 D=0 I=1 Z=0 C=0 : FWA 00-82:5A827999:E9:00 = +1.41421356E+00 : FWB 09-FF:5A827998:??:?? = ???????????????
8331 : 88       : DEY            : 2 : A=5A X=00 Y=81 SP=ED N=1 V=0 D=0 I=1 Z=0 C=0 : FWA 00-82:5A827999:E9:00 = +1.41421356E+00 : FWB 09-FF:5A827998:??:?? = ???????????????
8332 : 06 35    : ASL 35         : 5 : A=5A X=00 Y=81 SP=ED N=1 V=0 D=0 I=1 Z=0 C=1 : FWA 00-82:5A827999:D2:00 = +1.41421356E+00 : FWB 09-FF:5A827998:??:?? = ???????????????
8334 : 26 34    : ROL 34         : 5 : A=5A X=00 Y=81 SP=ED N=0 V=0 D=0 I=1 Z=0 C=1 : FWA 00-82:5A827933:D2:00 = +1.41421347E+00 : FWB 09-FF:5A827998:??:?? = ???????????????
8336 : 26 33    : ROL 33         : 5 : A=5A X=00 Y=81 SP=ED N=1 V=0 D=0 I=1 Z=0 C=0 : FWA 00-82:5A82F333:D2:00 = +1.41424255E+00 : FWB 09-FF:5A827998:??:?? = ???????????????
8338 : 26 32    : ROL 32         : 5 : A=5A X=00 Y=81 SP=ED N=0 V=0 D=0 I=1 Z=0 C=1 : FWA 00-82:5A04F333:D2:00 = +1.40655212E+00 : FWB 09-FF:5A827998:??:?? = ???????????????
833A : 2A       : ROL A          : 2 : A=B5 X=00 Y=81 SP=ED N=1 V=0 D=0 I=1 Z=0 C=0 : FWA 00-82:5A04F333:D2:00 = +1.40655212E+00 : FWB 09-FF:5A827998:??:?? = ???????????????
833B : 10 F4    : BPL 8331       : 2 : A=B5 X=00 Y=81 SP=ED N=1 V=0 D=0 I=1 Z=0 C=0 : FWA 00-82:5A04F333:D2:00 = +1.40655212E+00 : FWB 09-FF:5A827998:??:?? = ???????????????
833D : C4 30    : CPY 30         : 3 : A=B5 X=00 Y=81 SP=ED N=1 V=0 D=0 I=1 Z=0 C=0 : FWA 00-82:5A04F333:D2:00 = +1.40655212E+00 : FWB 09-FF:5A827998:??:?? = ???????????????
833F : 84 30    : STY 30         : 3 : A=B5 X=00 Y=81 SP=ED N=1 V=0 D=0 I=1 Z=0 C=0 : FWA 00-81:5A04F333:D2:00 = +7.03276062E-01 : FWB 09-FF:5A827998:??:?? = ???????????????
8341 : 90 02    : BCC 8345       : 3 : A=B5 X=00 Y=81 SP=ED N=1 V=0 D=0 I=1 Z=0 C=0 : FWA 00-81:5A04F333:D2:00 = +7.03276062E-01 : FWB 09-FF:5A827998:??:?? = ???????????????
8345 : A8       : TAY            : 2 : A=B5 X=00 Y=B5 SP=ED N=1 V=0 D=0 I=1 Z=0 C=0 : FWA 00-81:5A04F333:D2:00 = +7.03276062E-01 : FWB 09-FF:5A827998:??:?? = ???????????????
8346 : 85 31    : STA 31         : 3 : A=B5 X=00 Y=B5 SP=ED N=1 V=0 D=0 I=1 Z=0 C=0 : FWA 00-81:B504F333:D2:00 = +1.41421356E+00 : FWB 09-FF:5A827998:??:?? = ???????????????
8348 : 60       : RTS            : 6 : A=B5 X=00 Y=B5 SP=EF N=1 V=0 D=0 I=1 Z=0 C=0 : FWA 00-81:B504F333:D2:00 = +1.41421356E+00 : FWB 09-FF:5A827998:??:?? = ???????????????
A6C9 : 80 47    : BRA A712       : 4 : A=B5 X=00 Y=B5 SP=EF N=1 V=0 D=0 I=1 Z=0 C=0 : FWA 00-81:B504F333:D2:00 = +1.41421356E+00 : FWB 09-FF:5A827998:??:?? = ???????????????
A712 : A5 35    : LDA 35         : 3 : A=D2 X=00 Y=B5 SP=EF N=1 V=0 D=0 I=1 Z=0 C=0 : FWA 00-81:B504F333:D2:00 = +1.41421356E+00 : FWB 09-FF:5A827998:??:?? = ???????????????
A714 : 10 0F    : BPL A725       : 2 : A=D2 X=00 Y=B5 SP=EF N=1 V=0 D=0 I=1 Z=0 C=0 : FWA 00-81:B504F333:D2:00 = +1.41421356E+00 : FWB 09-FF:5A827998:??:?? = ???????????????
A716 : 0A       : ASL A          : 2 : A=A4 X=00 Y=B5 SP=EF N=1 V=0 D=0 I=1 Z=0 C=1 : FWA 00-81:B504F333:D2:00 = +1.41421356E+00 : FWB 09-FF:5A827998:??:?? = ???????????????
A717 : D0 05    : BNE A71E       : 3 : A=A4 X=00 Y=B5 SP=EF N=1 V=0 D=0 I=1 Z=0 C=1 : FWA 00-81:B504F333:D2:00 = +1.41421356E+00 : FWB 09-FF:5A827998:??:?? = ???????????????
A71E : E6 34    : INC 34         : 5 : A=A4 X=00 Y=B5 SP=EF N=0 V=0 D=0 I=1 Z=0 C=1 : FWA 00-81:B504F334:D2:00 = +1.41421356E+00 : FWB 09-FF:5A827998:??:?? = ???????????????
A720 : D0 03    : BNE A725       : 3 : A=A4 X=00 Y=B5 SP=EF N=0 V=0 D=0 I=1 Z=0 C=1 : FWA 00-81:B504F334:D2:00 = +1.41421356E+00 : FWB 09-FF:5A827998:??:?? = ???????????????
A725 : A5 2F    : LDA 2F         : 3 : A=00 X=00 Y=B5 SP=EF N=0 V=0 D=0 I=1 Z=1 C=1 : FWA 00-81:B504F334:D2:00 = +1.41421356E+00 : FWB 09-FF:5A827998:??:?? = ???????????????
A727 : F0 10    : BEQ A739       : 3 : A=00 X=00 Y=B5 SP=EF N=0 V=0 D=0 I=1 Z=1 C=1 : FWA 00-81:B504F334:D2:00 = +1.41421356E+00 : FWB 09-FF:5A827998:??:?? = ???????????????
A739 : 64 35    : STZ 35         : 3 : A=00 X=00 Y=B5 SP=EF N=0 V=0 D=0 I=1 Z=1 C=1 : FWA 00-81:B504F334:00:00 = +1.41421356E+00 : FWB 09-FF:5A827998:??:?? = ???????????????
A73B : A9 FF    : LDA #FF        : 2 : A=FF X=00 Y=B5 SP=EF N=1 V=0 D=0 I=1 Z=0 C=1 : FWA 00-81:B504F334:00:00 = +1.41421356E+00 : FWB 09-FF:5A827998:??:?? = ???????????????
A73D : 60       : RTS            : 6 : A=FF X=00 Y=B5 SP=F1 N=1 V=0 D=0 I=1 Z=0 C=1 : FWA 00-81:B504F334:00:00 = +1.41421356E+00 : FWB 09-FF:5A827998:??:?? = ???????????????
