0000a888 e3300000 teq r0, #0                         R0=80000000 R1=00000082 R2=02000000 R3=00000000 R4=00000690 R5=00000000 R6=400010fc R7=0000003d
0000a88c 01a0f00e moveq pc, lr                       R0=80000000 R1=00000082 R2=02000000 R3=00000000 R4=00000690 R5=00000000 R6=400010fc R7=0000003d
0000a890 e3330000 teq r3, #0                         R0=80000000 R1=00000082 R2=02000000 R3=00000000 R4=00000690 R5=00000000 R6=400010fc R7=0000003d
0000a894 4a000559 bmi &be00                          R0=80000000 R1=00000082 R2=02000000 R3=00000000 R4=00000690 R5=00000000 R6=400010fc R7=0000003d
0000a898 e3a04101 mov r4, #&40000000                 R0=80000000 R1=00000082 R2=02000000 R3=00000000 R4=00000690 R5=00000000 R6=400010fc R7=0000003d
0000a89c e1b010a1 lsrs r1, r1, #1                    R0=80000000 R1=00000082 R2=02000000 R3=00000000 R4=40000000 R5=00000000 R6=400010fc R7=0000003d
0000a8a0 e2a11040 adc r1, r1, #64                    R0=80000000 R1=00000041 R2=02000000 R3=00000000 R4=40000000 R5=00000000 R6=400010fc R7=0000003d
0000a8a4 32400101 subcc r0, r0, #&40000000           R0=80000000 R1=00000081 R2=02000000 R3=00000000 R4=40000000 R5=00000000 R6=400010fc R7=0000003d
0000a8a8 22400102 subcs r0, r0, #&80000000           R0=40000000 R1=00000081 R2=02000000 R3=00000000 R4=40000000 R5=00000000 R6=400010fc R7=0000003d
0000a8ac 33a07201 movcc r7, #&10000000               R0=40000000 R1=00000081 R2=02000000 R3=00000000 R4=40000000 R5=00000000 R6=400010fc R7=0000003d
0000a8b0 23a07302 movcs r7, #&8000000                R0=40000000 R1=00000081 R2=02000000 R3=00000000 R4=40000000 R5=00000000 R6=400010fc R7=10000000
0000a8b4 e0244007 eor r4, r4, r7                     R0=40000000 R1=00000081 R2=02000000 R3=00000000 R4=40000000 R5=00000000 R6=400010fc R7=10000000
0000a8b8 e1500004 cmp r0, r4                         R0=40000000 R1=00000081 R2=02000000 R3=00000000 R4=50000000 R5=00000000 R6=400010fc R7=10000000
0000a8bc 20400004 subcs r0, r0, r4                   R0=40000000 R1=00000081 R2=02000000 R3=00000000 R4=50000000 R5=00000000 R6=400010fc R7=10000000
0000a8c0 20244087 eorcs r4, r4, r7, lsl #1           R0=40000000 R1=00000081 R2=02000000 R3=00000000 R4=50000000 R5=00000000 R6=400010fc R7=10000000
0000a8c4 e0244007 eor r4, r4, r7                     R0=40000000 R1=00000081 R2=02000000 R3=00000000 R4=50000000 R5=00000000 R6=400010fc R7=10000000
0000a8c8 e0800000 add r0, r0, r0                     R0=40000000 R1=00000081 R2=02000000 R3=00000000 R4=40000000 R5=00000000 R6=400010fc R7=10000000
0000a8cc e1b070e7 rors r7, r7, #1                    R0=80000000 R1=00000081 R2=02000000 R3=00000000 R4=40000000 R5=00000000 R6=400010fc R7=10000000
0000a8d0 5afffff7 bpl &a8b4                          R0=80000000 R1=00000081 R2=02000000 R3=00000000 R4=40000000 R5=00000000 R6=400010fc R7=08000000
0000a8b4 e0244007 eor r4, r4, r7                     R0=80000000 R1=00000081 R2=02000000 R3=00000000 R4=40000000 R5=00000000 R6=400010fc R7=08000000
0000a8b8 e1500004 cmp r0, r4                         R0=80000000 R1=00000081 R2=02000000 R3=00000000 R4=48000000 R5=00000000 R6=400010fc R7=08000000
0000a8bc 20400004 subcs r0, r0, r4                   R0=80000000 R1=00000081 R2=02000000 R3=00000000 R4=48000000 R5=00000000 R6=400010fc R7=08000000
0000a8c0 20244087 eorcs r4, r4, r7, lsl #1           R0=38000000 R1=00000081 R2=02000000 R3=00000000 R4=48000000 R5=00000000 R6=400010fc R7=08000000
0000a8c4 e0244007 eor r4, r4, r7                     R0=38000000 R1=00000081 R2=02000000 R3=00000000 R4=58000000 R5=00000000 R6=400010fc R7=08000000
0000a8c8 e0800000 add r0, r0, r0                     R0=38000000 R1=00000081 R2=02000000 R3=00000000 R4=50000000 R5=00000000 R6=400010fc R7=08000000
0000a8cc e1b070e7 rors r7, r7, #1                    R0=70000000 R1=00000081 R2=02000000 R3=00000000 R4=50000000 R5=00000000 R6=400010fc R7=08000000
0000a8d0 5afffff7 bpl &a8b4                          R0=70000000 R1=00000081 R2=02000000 R3=00000000 R4=50000000 R5=00000000 R6=400010fc R7=04000000
0000a8b4 e0244007 eor r4, r4, r7                     R0=70000000 R1=00000081 R2=02000000 R3=00000000 R4=50000000 R5=00000000 R6=400010fc R7=04000000
0000a8b8 e1500004 cmp r0, r4                         R0=70000000 R1=00000081 R2=02000000 R3=00000000 R4=54000000 R5=00000000 R6=400010fc R7=04000000
0000a8bc 20400004 subcs r0, r0, r4                   R0=70000000 R1=00000081 R2=02000000 R3=00000000 R4=54000000 R5=00000000 R6=400010fc R7=04000000
0000a8c0 20244087 eorcs r4, r4, r7, lsl #1           R0=1c000000 R1=00000081 R2=02000000 R3=00000000 R4=54000000 R5=00000000 R6=400010fc R7=04000000
0000a8c4 e0244007 eor r4, r4, r7                     R0=1c000000 R1=00000081 R2=02000000 R3=00000000 R4=5c000000 R5=00000000 R6=400010fc R7=04000000
0000a8c8 e0800000 add r0, r0, r0                     R0=1c000000 R1=00000081 R2=02000000 R3=00000000 R4=58000000 R5=00000000 R6=400010fc R7=04000000
0000a8cc e1b070e7 rors r7, r7, #1                    R0=38000000 R1=00000081 R2=02000000 R3=00000000 R4=58000000 R5=00000000 R6=400010fc R7=04000000
0000a8d0 5afffff7 bpl &a8b4                          R0=38000000 R1=00000081 R2=02000000 R3=00000000 R4=58000000 R5=00000000 R6=400010fc R7=02000000
0000a8b4 e0244007 eor r4, r4, r7                     R0=38000000 R1=00000081 R2=02000000 R3=00000000 R4=58000000 R5=00000000 R6=400010fc R7=02000000
0000a8b8 e1500004 cmp r0, r4                         R0=38000000 R1=00000081 R2=02000000 R3=00000000 R4=5a000000 R5=00000000 R6=400010fc R7=02000000
0000a8bc 20400004 subcs r0, r0, r4                   R0=38000000 R1=00000081 R2=02000000 R3=00000000 R4=5a000000 R5=00000000 R6=400010fc R7=02000000
0000a8c0 20244087 eorcs r4, r4, r7, lsl #1           R0=38000000 R1=00000081 R2=02000000 R3=00000000 R4=5a000000 R5=00000000 R6=400010fc R7=02000000
0000a8c4 e0244007 eor r4, r4, r7                     R0=38000000 R1=00000081 R2=02000000 R3=00000000 R4=5a000000 R5=00000000 R6=400010fc R7=02000000
0000a8c8 e0800000 add r0, r0, r0                     R0=38000000 R1=00000081 R2=02000000 R3=00000000 R4=58000000 R5=00000000 R6=400010fc R7=02000000
0000a8cc e1b070e7 rors r7, r7, #1                    R0=70000000 R1=00000081 R2=02000000 R3=00000000 R4=58000000 R5=00000000 R6=400010fc R7=02000000
0000a8d0 5afffff7 bpl &a8b4                          R0=70000000 R1=00000081 R2=02000000 R3=00000000 R4=58000000 R5=00000000 R6=400010fc R7=01000000
0000a8b4 e0244007 eor r4, r4, r7                     R0=70000000 R1=00000081 R2=02000000 R3=00000000 R4=58000000 R5=00000000 R6=400010fc R7=01000000
0000a8b8 e1500004 cmp r0, r4                         R0=70000000 R1=00000081 R2=02000000 R3=00000000 R4=59000000 R5=00000000 R6=400010fc R7=01000000
0000a8bc 20400004 subcs r0, r0, r4                   R0=70000000 R1=00000081 R2=02000000 R3=00000000 R4=59000000 R5=00000000 R6=400010fc R7=01000000
0000a8c0 20244087 eorcs r4, r4, r7, lsl #1           R0=17000000 R1=00000081 R2=02000000 R3=00000000 R4=59000000 R5=00000000 R6=400010fc R7=01000000
0000a8c4 e0244007 eor r4, r4, r7                     R0=17000000 R1=00000081 R2=02000000 R3=00000000 R4=5b000000 R5=00000000 R6=400010fc R7=01000000
0000a8c8 e0800000 add r0, r0, r0                     R0=17000000 R1=00000081 R2=02000000 R3=00000000 R4=5a000000 R5=00000000 R6=400010fc R7=01000000
0000a8cc e1b070e7 rors r7, r7, #1                    R0=2e000000 R1=00000081 R2=02000000 R3=00000000 R4=5a000000 R5=00000000 R6=400010fc R7=01000000
0000a8d0 5afffff7 bpl &a8b4                          R0=2e000000 R1=00000081 R2=02000000 R3=00000000 R4=5a000000 R5=00000000 R6=400010fc R7=00800000
0000a8b4 e0244007 eor r4, r4, r7                     R0=2e000000 R1=00000081 R2=02000000 R3=00000000 R4=5a000000 R5=00000000 R6=400010fc R7=00800000
0000a8b8 e1500004 cmp r0, r4                         R0=2e000000 R1=00000081 R2=02000000 R3=00000000 R4=5a800000 R5=00000000 R6=400010fc R7=00800000
0000a8bc 20400004 subcs r0, r0, r4                   R0=2e000000 R1=00000081 R2=02000000 R3=00000000 R4=5a800000 R5=00000000 R6=400010fc R7=00800000
0000a8c0 20244087 eorcs r4, r4, r7, lsl #1           R0=2e000000 R1=00000081 R2=02000000 R3=00000000 R4=5a800000 R5=00000000 R6=400010fc R7=00800000
0000a8c4 e0244007 eor r4, r4, r7                     R0=2e000000 R1=00000081 R2=02000000 R3=00000000 R4=5a800000 R5=00000000 R6=400010fc R7=00800000
0000a8c8 e0800000 add r0, r0, r0                     R0=2e000000 R1=00000081 R2=02000000 R3=00000000 R4=5a000000 R5=00000000 R6=400010fc R7=00800000
0000a8cc e1b070e7 rors r7, r7, #1                    R0=5c000000 R1=00000081 R2=02000000 R3=00000000 R4=5a000000 R5=00000000 R6=400010fc R7=00800000
0000a8d0 5afffff7 bpl &a8b4                          R0=5c000000 R1=00000081 R2=02000000 R3=00000000 R4=5a000000 R5=00000000 R6=400010fc R7=00400000
0000a8b4 e0244007 eor r4, r4, r7                     R0=5c000000 R1=00000081 R2=02000000 R3=00000000 R4=5a000000 R5=00000000 R6=400010fc R7=00400000
0000a8b8 e1500004 cmp r0, r4                         R0=5c000000 R1=00000081 R2=02000000 R3=00000000 R4=5a400000 R5=00000000 R6=400010fc R7=00400000
0000a8bc 20400004 subcs r0, r0, r4                   R0=5c000000 R1=00000081 R2=02000000 R3=00000000 R4=5a400000 R5=00000000 R6=400010fc R7=00400000
0000a8c0 20244087 eorcs r4, r4, r7, lsl #1           R0=01c00000 R1=00000081 R2=02000000 R3=00000000 R4=5a400000 R5=00000000 R6=400010fc R7=00400000
0000a8c4 e0244007 eor r4, r4, r7                     R0=01c00000 R1=00000081 R2=02000000 R3=00000000 R4=5ac00000 R5=00000000 R6=400010fc R7=00400000
0000a8c8 e0800000 add r0, r0, r0                     R0=01c00000 R1=00000081 R2=02000000 R3=00000000 R4=5a800000 R5=00000000 R6=400010fc R7=00400000
0000a8cc e1b070e7 rors r7, r7, #1                    R0=03800000 R1=00000081 R2=02000000 R3=00000000 R4=5a800000 R5=00000000 R6=400010fc R7=00400000
0000a8d0 5afffff7 bpl &a8b4                          R0=03800000 R1=00000081 R2=02000000 R3=00000000 R4=5a800000 R5=00000000 R6=400010fc R7=00200000
0000a8b4 e0244007 eor r4, r4, r7                     R0=03800000 R1=00000081 R2=02000000 R3=00000000 R4=5a800000 R5=00000000 R6=400010fc R7=00200000
0000a8b8 e1500004 cmp r0, r4                         R0=03800000 R1=00000081 R2=02000000 R3=00000000 R4=5aa00000 R5=00000000 R6=400010fc R7=00200000
0000a8bc 20400004 subcs r0, r0, r4                   R0=03800000 R1=00000081 R2=02000000 R3=00000000 R4=5aa00000 R5=00000000 R6=400010fc R7=00200000
0000a8c0 20244087 eorcs r4, r4, r7, lsl #1           R0=03800000 R1=00000081 R2=02000000 R3=00000000 R4=5aa00000 R5=00000000 R6=400010fc R7=00200000
0000a8c4 e0244007 eor r4, r4, r7                     R0=03800000 R1=00000081 R2=02000000 R3=00000000 R4=5aa00000 R5=00000000 R6=400010fc R7=00200000
0000a8c8 e0800000 add r0, r0, r0                     R0=03800000 R1=00000081 R2=02000000 R3=00000000 R4=5a800000 R5=00000000 R6=400010fc R7=00200000
0000a8cc e1b070e7 rors r7, r7, #1                    R0=07000000 R1=00000081 R2=02000000 R3=00000000 R4=5a800000 R5=00000000 R6=400010fc R7=00200000
0000a8d0 5afffff7 bpl &a8b4                          R0=07000000 R1=00000081 R2=02000000 R3=00000000 R4=5a800000 R5=00000000 R6=400010fc R7=00100000
0000a8b4 e0244007 eor r4, r4, r7                     R0=07000000 R1=00000081 R2=02000000 R3=00000000 R4=5a800000 R5=00000000 R6=400010fc R7=00100000
0000a8b8 e1500004 cmp r0, r4                         R0=07000000 R1=00000081 R2=02000000 R3=00000000 R4=5a900000 R5=00000000 R6=400010fc R7=00100000
0000a8bc 20400004 subcs r0, r0, r4                   R0=07000000 R1=00000081 R2=02000000 R3=00000000 R4=5a900000 R5=00000000 R6=400010fc R7=00100000
0000a8c0 20244087 eorcs r4, r4, r7, lsl #1           R0=07000000 R1=00000081 R2=02000000 R3=00000000 R4=5a900000 R5=00000000 R6=400010fc R7=00100000
0000a8c4 e0244007 eor r4, r4, r7                     R0=07000000 R1=00000081 R2=02000000 R3=00000000 R4=5a900000 R5=00000000 R6=400010fc R7=00100000
0000a8c8 e0800000 add r0, r0, r0                     R0=07000000 R1=00000081 R2=02000000 R3=00000000 R4=5a800000 R5=00000000 R6=400010fc R7=00100000
0000a8cc e1b070e7 rors r7, r7, #1                    R0=0e000000 R1=00000081 R2=02000000 R3=00000000 R4=5a800000 R5=00000000 R6=400010fc R7=00100000
0000a8d0 5afffff7 bpl &a8b4                          R0=0e000000 R1=00000081 R2=02000000 R3=00000000 R4=5a800000 R5=00000000 R6=400010fc R7=00080000
0000a8b4 e0244007 eor r4, r4, r7                     R0=0e000000 R1=00000081 R2=02000000 R3=00000000 R4=5a800000 R5=00000000 R6=400010fc R7=00080000
0000a8b8 e1500004 cmp r0, r4                         R0=0e000000 R1=00000081 R2=02000000 R3=00000000 R4=5a880000 R5=00000000 R6=400010fc R7=00080000
0000a8bc 20400004 subcs r0, r0, r4                   R0=0e000000 R1=00000081 R2=02000000 R3=00000000 R4=5a880000 R5=00000000 R6=400010fc R7=00080000
0000a8c0 20244087 eorcs r4, r4, r7, lsl #1           R0=0e000000 R1=00000081 R2=02000000 R3=00000000 R4=5a880000 R5=00000000 R6=400010fc R7=00080000
0000a8c4 e0244007 eor r4, r4, r7                     R0=0e000000 R1=00000081 R2=02000000 R3=00000000 R4=5a880000 R5=00000000 R6=400010fc R7=00080000
0000a8c8 e0800000 add r0, r0, r0                     R0=0e000000 R1=00000081 R2=02000000 R3=00000000 R4=5a800000 R5=00000000 R6=400010fc R7=00080000
0000a8cc e1b070e7 rors r7, r7, #1                    R0=1c000000 R1=00000081 R2=02000000 R3=00000000 R4=5a800000 R5=00000000 R6=400010fc R7=00080000
0000a8d0 5afffff7 bpl &a8b4                          R0=1c000000 R1=00000081 R2=02000000 R3=00000000 R4=5a800000 R5=00000000 R6=400010fc R7=00040000
0000a8b4 e0244007 eor r4, r4, r7                     R0=1c000000 R1=00000081 R2=02000000 R3=00000000 R4=5a800000 R5=00000000 R6=400010fc R7=00040000
0000a8b8 e1500004 cmp r0, r4                         R0=1c000000 R1=00000081 R2=02000000 R3=00000000 R4=5a840000 R5=00000000 R6=400010fc R7=00040000
0000a8bc 20400004 subcs r0, r0, r4                   R0=1c000000 R1=00000081 R2=02000000 R3=00000000 R4=5a840000 R5=00000000 R6=400010fc R7=00040000
0000a8c0 20244087 eorcs r4, r4, r7, lsl #1           R0=1c000000 R1=00000081 R2=02000000 R3=00000000 R4=5a840000 R5=00000000 R6=400010fc R7=00040000
0000a8c4 e0244007 eor r4, r4, r7                     R0=1c000000 R1=00000081 R2=02000000 R3=00000000 R4=5a840000 R5=00000000 R6=400010fc R7=00040000
0000a8c8 e0800000 add r0, r0, r0                     R0=1c000000 R1=00000081 R2=02000000 R3=00000000 R4=5a800000 R5=00000000 R6=400010fc R7=00040000
0000a8cc e1b070e7 rors r7, r7, #1                    R0=38000000 R1=00000081 R2=02000000 R3=00000000 R4=5a800000 R5=00000000 R6=400010fc R7=00040000
0000a8d0 5afffff7 bpl &a8b4                          R0=38000000 R1=00000081 R2=02000000 R3=00000000 R4=5a800000 R5=00000000 R6=400010fc R7=00020000
0000a8b4 e0244007 eor r4, r4, r7                     R0=38000000 R1=00000081 R2=02000000 R3=00000000 R4=5a800000 R5=00000000 R6=400010fc R7=00020000
0000a8b8 e1500004 cmp r0, r4                         R0=38000000 R1=00000081 R2=02000000 R3=00000000 R4=5a820000 R5=00000000 R6=400010fc R7=00020000
0000a8bc 20400004 subcs r0, r0, r4                   R0=38000000 R1=00000081 R2=02000000 R3=00000000 R4=5a820000 R5=00000000 R6=400010fc R7=00020000
0000a8c0 20244087 eorcs r4, r4, r7, lsl #1           R0=38000000 R1=00000081 R2=02000000 R3=00000000 R4=5a820000 R5=00000000 R6=400010fc R7=00020000
0000a8c4 e0244007 eor r4, r4, r7                     R0=38000000 R1=00000081 R2=02000000 R3=00000000 R4=5a820000 R5=00000000 R6=400010fc R7=00020000
0000a8c8 e0800000 add r0, r0, r0                     R0=38000000 R1=00000081 R2=02000000 R3=00000000 R4=5a800000 R5=00000000 R6=400010fc R7=00020000
0000a8cc e1b070e7 rors r7, r7, #1                    R0=70000000 R1=00000081 R2=02000000 R3=00000000 R4=5a800000 R5=00000000 R6=400010fc R7=00020000
0000a8d0 5afffff7 bpl &a8b4                          R0=70000000 R1=00000081 R2=02000000 R3=00000000 R4=5a800000 R5=00000000 R6=400010fc R7=00010000
0000a8b4 e0244007 eor r4, r4, r7                     R0=70000000 R1=00000081 R2=02000000 R3=00000000 R4=5a800000 R5=00000000 R6=400010fc R7=00010000
0000a8b8 e1500004 cmp r0, r4                         R0=70000000 R1=00000081 R2=02000000 R3=00000000 R4=5a810000 R5=00000000 R6=400010fc R7=00010000
0000a8bc 20400004 subcs r0, r0, r4                   R0=70000000 R1=00000081 R2=02000000 R3=00000000 R4=5a810000 R5=00000000 R6=400010fc R7=00010000
0000a8c0 20244087 eorcs r4, r4, r7, lsl #1           R0=157f0000 R1=00000081 R2=02000000 R3=00000000 R4=5a810000 R5=00000000 R6=400010fc R7=00010000
0000a8c4 e0244007 eor r4, r4, r7                     R0=157f0000 R1=00000081 R2=02000000 R3=00000000 R4=5a830000 R5=00000000 R6=400010fc R7=00010000
0000a8c8 e0800000 add r0, r0, r0                     R0=157f0000 R1=00000081 R2=02000000 R3=00000000 R4=5a820000 R5=00000000 R6=400010fc R7=00010000
0000a8cc e1b070e7 rors r7, r7, #1                    R0=2afe0000 R1=00000081 R2=02000000 R3=00000000 R4=5a820000 R5=00000000 R6=400010fc R7=00010000
0000a8d0 5afffff7 bpl &a8b4                          R0=2afe0000 R1=00000081 R2=02000000 R3=00000000 R4=5a820000 R5=00000000 R6=400010fc R7=00008000
0000a8b4 e0244007 eor r4, r4, r7                     R0=2afe0000 R1=00000081 R2=02000000 R3=00000000 R4=5a820000 R5=00000000 R6=400010fc R7=00008000
0000a8b8 e1500004 cmp r0, r4                         R0=2afe0000 R1=00000081 R2=02000000 R3=00000000 R4=5a828000 R5=00000000 R6=400010fc R7=00008000
0000a8bc 20400004 subcs r0, r0, r4                   R0=2afe0000 R1=00000081 R2=02000000 R3=00000000 R4=5a828000 R5=00000000 R6=400010fc R7=00008000
0000a8c0 20244087 eorcs r4, r4, r7, lsl #1           R0=2afe0000 R1=00000081 R2=02000000 R3=00000000 R4=5a828000 R5=00000000 R6=400010fc R7=00008000
0000a8c4 e0244007 eor r4, r4, r7                     R0=2afe0000 R1=00000081 R2=02000000 R3=00000000 R4=5a828000 R5=00000000 R6=400010fc R7=00008000
0000a8c8 e0800000 add r0, r0, r0                     R0=2afe0000 R1=00000081 R2=02000000 R3=00000000 R4=5a820000 R5=00000000 R6=400010fc R7=00008000
0000a8cc e1b070e7 rors r7, r7, #1                    R0=55fc0000 R1=00000081 R2=02000000 R3=00000000 R4=5a820000 R5=00000000 R6=400010fc R7=00008000
0000a8d0 5afffff7 bpl &a8b4                          R0=55fc0000 R1=00000081 R2=02000000 R3=00000000 R4=5a820000 R5=00000000 R6=400010fc R7=00004000
0000a8b4 e0244007 eor r4, r4, r7                     R0=55fc0000 R1=00000081 R2=02000000 R3=00000000 R4=5a820000 R5=00000000 R6=400010fc R7=00004000
0000a8b8 e1500004 cmp r0, r4                         R0=55fc0000 R1=00000081 R2=02000000 R3=00000000 R4=5a824000 R5=00000000 R6=400010fc R7=00004000
0000a8bc 20400004 subcs r0, r0, r4                   R0=55fc0000 R1=00000081 R2=02000000 R3=00000000 R4=5a824000 R5=00000000 R6=400010fc R7=00004000
0000a8c0 20244087 eorcs r4, r4, r7, lsl #1           R0=55fc0000 R1=00000081 R2=02000000 R3=00000000 R4=5a824000 R5=00000000 R6=400010fc R7=00004000
0000a8c4 e0244007 eor r4, r4, r7                     R0=55fc0000 R1=00000081 R2=02000000 R3=00000000 R4=5a824000 R5=00000000 R6=400010fc R7=00004000
0000a8c8 e0800000 add r0, r0, r0                     R0=55fc0000 R1=00000081 R2=02000000 R3=00000000 R4=5a820000 R5=00000000 R6=400010fc R7=00004000
0000a8cc e1b070e7 rors r7, r7, #1                    R0=abf80000 R1=00000081 R2=02000000 R3=00000000 R4=5a820000 R5=00000000 R6=400010fc R7=00004000
0000a8d0 5afffff7 bpl &a8b4                          R0=abf80000 R1=00000081 R2=02000000 R3=00000000 R4=5a820000 R5=00000000 R6=400010fc R7=00002000
0000a8b4 e0244007 eor r4, r4, r7                     R0=abf80000 R1=00000081 R2=02000000 R3=00000000 R4=5a820000 R5=00000000 R6=400010fc R7=00002000
0000a8b8 e1500004 cmp r0, r4                         R0=abf80000 R1=00000081 R2=02000000 R3=00000000 R4=5a822000 R5=00000000 R6=400010fc R7=00002000
0000a8bc 20400004 subcs r0, r0, r4                   R0=abf80000 R1=00000081 R2=02000000 R3=00000000 R4=5a822000 R5=00000000 R6=400010fc R7=00002000
0000a8c0 20244087 eorcs r4, r4, r7, lsl #1           R0=5175e000 R1=00000081 R2=02000000 R3=00000000 R4=5a822000 R5=00000000 R6=400010fc R7=00002000
0000a8c4 e0244007 eor r4, r4, r7                     R0=5175e000 R1=00000081 R2=02000000 R3=00000000 R4=5a826000 R5=00000000 R6=400010fc R7=00002000
0000a8c8 e0800000 add r0, r0, r0                     R0=5175e000 R1=00000081 R2=02000000 R3=00000000 R4=5a824000 R5=00000000 R6=400010fc R7=00002000
0000a8cc e1b070e7 rors r7, r7, #1                    R0=a2ebc000 R1=00000081 R2=02000000 R3=00000000 R4=5a824000 R5=00000000 R6=400010fc R7=00002000
0000a8d0 5afffff7 bpl &a8b4                          R0=a2ebc000 R1=00000081 R2=02000000 R3=00000000 R4=5a824000 R5=00000000 R6=400010fc R7=00001000
0000a8b4 e0244007 eor r4, r4, r7                     R0=a2ebc000 R1=00000081 R2=02000000 R3=00000000 R4=5a824000 R5=00000000 R6=400010fc R7=00001000
0000a8b8 e1500004 cmp r0, r4                         R0=a2ebc000 R1=00000081 R2=02000000 R3=00000000 R4=5a825000 R5=00000000 R6=400010fc R7=00001000
0000a8bc 20400004 subcs r0, r0, r4                   R0=a2ebc000 R1=00000081 R2=02000000 R3=00000000 R4=5a825000 R5=00000000 R6=400010fc R7=00001000
0000a8c0 20244087 eorcs r4, r4, r7, lsl #1           R0=48697000 R1=00000081 R2=02000000 R3=00000000 R4=5a825000 R5=00000000 R6=400010fc R7=00001000
0000a8c4 e0244007 eor r4, r4, r7                     R0=48697000 R1=00000081 R2=02000000 R3=00000000 R4=5a827000 R5=00000000 R6=400010fc R7=00001000
0000a8c8 e0800000 add r0, r0, r0                     R0=48697000 R1=00000081 R2=02000000 R3=00000000 R4=5a826000 R5=00000000 R6=400010fc R7=00001000
0000a8cc e1b070e7 rors r7, r7, #1                    R0=90d2e000 R1=00000081 R2=02000000 R3=00000000 R4=5a826000 R5=00000000 R6=400010fc R7=00001000
0000a8d0 5afffff7 bpl &a8b4                          R0=90d2e000 R1=00000081 R2=02000000 R3=00000000 R4=5a826000 R5=00000000 R6=400010fc R7=00000800
0000a8b4 e0244007 eor r4, r4, r7                     R0=90d2e000 R1=00000081 R2=02000000 R3=00000000 R4=5a826000 R5=00000000 R6=400010fc R7=00000800
0000a8b8 e1500004 cmp r0, r4                         R0=90d2e000 R1=00000081 R2=02000000 R3=00000000 R4=5a826800 R5=00000000 R6=400010fc R7=00000800
0000a8bc 20400004 subcs r0, r0, r4                   R0=90d2e000 R1=00000081 R2=02000000 R3=00000000 R4=5a826800 R5=00000000 R6=400010fc R7=00000800
0000a8c0 20244087 eorcs r4, r4, r7, lsl #1           R0=36507800 R1=00000081 R2=02000000 R3=00000000 R4=5a826800 R5=00000000 R6=400010fc R7=00000800
0000a8c4 e0244007 eor r4, r4, r7                     R0=36507800 R1=00000081 R2=02000000 R3=00000000 R4=5a827800 R5=00000000 R6=400010fc R7=00000800
0000a8c8 e0800000 add r0, r0, r0                     R0=36507800 R1=00000081 R2=02000000 R3=00000000 R4=5a827000 R5=00000000 R6=400010fc R7=00000800
0000a8cc e1b070e7 rors r7, r7, #1                    R0=6ca0f000 R1=00000081 R2=02000000 R3=00000000 R4=5a827000 R5=00000000 R6=400010fc R7=00000800
0000a8d0 5afffff7 bpl &a8b4                          R0=6ca0f000 R1=00000081 R2=02000000 R3=00000000 R4=5a827000 R5=00000000 R6=400010fc R7=00000400
0000a8b4 e0244007 eor r4, r4, r7                     R0=6ca0f000 R1=00000081 R2=02000000 R3=00000000 R4=5a827000 R5=00000000 R6=400010fc R7=00000400
0000a8b8 e1500004 cmp r0, r4                         R0=6ca0f000 R1=00000081 R2=02000000 R3=00000000 R4=5a827400 R5=00000000 R6=400010fc R7=00000400
0000a8bc 20400004 subcs r0, r0, r4                   R0=6ca0f000 R1=00000081 R2=02000000 R3=00000000 R4=5a827400 R5=00000000 R6=400010fc R7=00000400
0000a8c0 20244087 eorcs r4, r4, r7, lsl #1           R0=121e7c00 R1=00000081 R2=02000000 R3=00000000 R4=5a827400 R5=00000000 R6=400010fc R7=00000400
0000a8c4 e0244007 eor r4, r4, r7                     R0=121e7c00 R1=00000081 R2=02000000 R3=00000000 R4=5a827c00 R5=00000000 R6=400010fc R7=00000400
0000a8c8 e0800000 add r0, r0, r0                     R0=121e7c00 R1=00000081 R2=02000000 R3=00000000 R4=5a827800 R5=00000000 R6=400010fc R7=00000400
0000a8cc e1b070e7 rors r7, r7, #1                    R0=243cf800 R1=00000081 R2=02000000 R3=00000000 R4=5a827800 R5=00000000 R6=400010fc R7=00000400
0000a8d0 5afffff7 bpl &a8b4                          R0=243cf800 R1=00000081 R2=02000000 R3=00000000 R4=5a827800 R5=00000000 R6=400010fc R7=00000200
0000a8b4 e0244007 eor r4, r4, r7                     R0=243cf800 R1=00000081 R2=02000000 R3=00000000 R4=5a827800 R5=00000000 R6=400010fc R7=00000200
0000a8b8 e1500004 cmp r0, r4                         R0=243cf800 R1=00000081 R2=02000000 R3=00000000 R4=5a827a00 R5=00000000 R6=400010fc R7=00000200
0000a8bc 20400004 subcs r0, r0, r4                   R0=243cf800 R1=00000081 R2=02000000 R3=00000000 R4=5a827a00 R5=00000000 R6=400010fc R7=00000200
0000a8c0 20244087 eorcs r4, r4, r7, lsl #1           R0=243cf800 R1=00000081 R2=02000000 R3=00000000 R4=5a827a00 R5=00000000 R6=400010fc R7=00000200
0000a8c4 e0244007 eor r4, r4, r7                     R0=243cf800 R1=00000081 R2=02000000 R3=00000000 R4=5a827a00 R5=00000000 R6=400010fc R7=00000200
0000a8c8 e0800000 add r0, r0, r0                     R0=243cf800 R1=00000081 R2=02000000 R3=00000000 R4=5a827800 R5=00000000 R6=400010fc R7=00000200
0000a8cc e1b070e7 rors r7, r7, #1                    R0=4879f000 R1=00000081 R2=02000000 R3=00000000 R4=5a827800 R5=00000000 R6=400010fc R7=00000200
0000a8d0 5afffff7 bpl &a8b4                          R0=4879f000 R1=00000081 R2=02000000 R3=00000000 R4=5a827800 R5=00000000 R6=400010fc R7=00000100
0000a8b4 e0244007 eor r4, r4, r7                     R0=4879f000 R1=00000081 R2=02000000 R3=00000000 R4=5a827800 R5=00000000 R6=400010fc R7=00000100
0000a8b8 e1500004 cmp r0, r4                         R0=4879f000 R1=00000081 R2=02000000 R3=00000000 R4=5a827900 R5=00000000 R6=400010fc R7=00000100
0000a8bc 20400004 subcs r0, r0, r4                   R0=4879f000 R1=00000081 R2=02000000 R3=00000000 R4=5a827900 R5=00000000 R6=400010fc R7=00000100
0000a8c0 20244087 eorcs r4, r4, r7, lsl #1           R0=4879f000 R1=00000081 R2=02000000 R3=00000000 R4=5a827900 R5=00000000 R6=400010fc R7=00000100
0000a8c4 e0244007 eor r4, r4, r7                     R0=4879f000 R1=00000081 R2=02000000 R3=00000000 R4=5a827900 R5=00000000 R6=400010fc R7=00000100
0000a8c8 e0800000 add r0, r0, r0                     R0=4879f000 R1=00000081 R2=02000000 R3=00000000 R4=5a827800 R5=00000000 R6=400010fc R7=00000100
0000a8cc e1b070e7 rors r7, r7, #1                    R0=90f3e000 R1=00000081 R2=02000000 R3=00000000 R4=5a827800 R5=00000000 R6=400010fc R7=00000100
0000a8d0 5afffff7 bpl &a8b4                          R0=90f3e000 R1=00000081 R2=02000000 R3=00000000 R4=5a827800 R5=00000000 R6=400010fc R7=00000080
0000a8b4 e0244007 eor r4, r4, r7                     R0=90f3e000 R1=00000081 R2=02000000 R3=00000000 R4=5a827800 R5=00000000 R6=400010fc R7=00000080
0000a8b8 e1500004 cmp r0, r4                         R0=90f3e000 R1=00000081 R2=02000000 R3=00000000 R4=5a827880 R5=00000000 R6=400010fc R7=00000080
0000a8bc 20400004 subcs r0, r0, r4                   R0=90f3e000 R1=00000081 R2=02000000 R3=00000000 R4=5a827880 R5=00000000 R6=400010fc R7=00000080
0000a8c0 20244087 eorcs r4, r4, r7, lsl #1           R0=36716780 R1=00000081 R2=02000000 R3=00000000 R4=5a827880 R5=00000000 R6=400010fc R7=00000080
0000a8c4 e0244007 eor r4, r4, r7                     R0=36716780 R1=00000081 R2=02000000 R3=00000000 R4=5a827980 R5=00000000 R6=400010fc R7=00000080
0000a8c8 e0800000 add r0, r0, r0                     R0=36716780 R1=00000081 R2=02000000 R3=00000000 R4=5a827900 R5=00000000 R6=400010fc R7=00000080
0000a8cc e1b070e7 rors r7, r7, #1                    R0=6ce2cf00 R1=00000081 R2=02000000 R3=00000000 R4=5a827900 R5=00000000 R6=400010fc R7=00000080
0000a8d0 5afffff7 bpl &a8b4                          R0=6ce2cf00 R1=00000081 R2=02000000 R3=00000000 R4=5a827900 R5=00000000 R6=400010fc R7=00000040
0000a8b4 e0244007 eor r4, r4, r7                     R0=6ce2cf00 R1=00000081 R2=02000000 R3=00000000 R4=5a827900 R5=00000000 R6=400010fc R7=00000040
0000a8b8 e1500004 cmp r0, r4                         R0=6ce2cf00 R1=00000081 R2=02000000 R3=00000000 R4=5a827940 R5=00000000 R6=400010fc R7=00000040
0000a8bc 20400004 subcs r0, r0, r4                   R0=6ce2cf00 R1=00000081 R2=02000000 R3=00000000 R4=5a827940 R5=00000000 R6=400010fc R7=00000040
0000a8c0 20244087 eorcs r4, r4, r7, lsl #1           R0=126055c0 R1=00000081 R2=02000000 R3=00000000 R4=5a827940 R5=00000000 R6=400010fc R7=00000040
0000a8c4 e0244007 eor r4, r4, r7                     R0=126055c0 R1=00000081 R2=02000000 R3=00000000 R4=5a8279c0 R5=00000000 R6=400010fc R7=00000040
0000a8c8 e0800000 add r0, r0, r0                     R0=126055c0 R1=00000081 R2=02000000 R3=00000000 R4=5a827980 R5=00000000 R6=400010fc R7=00000040
0000a8cc e1b070e7 rors r7, r7, #1                    R0=24c0ab80 R1=00000081 R2=02000000 R3=00000000 R4=5a827980 R5=00000000 R6=400010fc R7=00000040
0000a8d0 5afffff7 bpl &a8b4                          R0=24c0ab80 R1=00000081 R2=02000000 R3=00000000 R4=5a827980 R5=00000000 R6=400010fc R7=00000020
0000a8b4 e0244007 eor r4, r4, r7                     R0=24c0ab80 R1=00000081 R2=02000000 R3=00000000 R4=5a827980 R5=00000000 R6=400010fc R7=00000020
0000a8b8 e1500004 cmp r0, r4                         R0=24c0ab80 R1=00000081 R2=02000000 R3=00000000 R4=5a8279a0 R5=00000000 R6=400010fc R7=00000020
0000a8bc 20400004 subcs r0, r0, r4                   R0=24c0ab80 R1=00000081 R2=02000000 R3=00000000 R4=5a8279a0 R5=00000000 R6=400010fc R7=00000020
0000a8c0 20244087 eorcs r4, r4, r7, lsl #1           R0=24c0ab80 R1=00000081 R2=02000000 R3=00000000 R4=5a8279a0 R5=00000000 R6=400010fc R7=00000020
0000a8c4 e0244007 eor r4, r4, r7                     R0=24c0ab80 R1=00000081 R2=02000000 R3=00000000 R4=5a8279a0 R5=00000000 R6=400010fc R7=00000020
0000a8c8 e0800000 add r0, r0, r0                     R0=24c0ab80 R1=00000081 R2=02000000 R3=00000000 R4=5a827980 R5=00000000 R6=400010fc R7=00000020
0000a8cc e1b070e7 rors r7, r7, #1                    R0=49815700 R1=00000081 R2=02000000 R3=00000000 R4=5a827980 R5=00000000 R6=400010fc R7=00000020
0000a8d0 5afffff7 bpl &a8b4                          R0=49815700 R1=00000081 R2=02000000 R3=00000000 R4=5a827980 R5=00000000 R6=400010fc R7=00000010
0000a8b4 e0244007 eor r4, r4, r7                     R0=49815700 R1=00000081 R2=02000000 R3=00000000 R4=5a827980 R5=00000000 R6=400010fc R7=00000010
0000a8b8 e1500004 cmp r0, r4                         R0=49815700 R1=00000081 R2=02000000 R3=00000000 R4=5a827990 R5=00000000 R6=400010fc R7=00000010
0000a8bc 20400004 subcs r0, r0, r4                   R0=49815700 R1=00000081 R2=02000000 R3=00000000 R4=5a827990 R5=00000000 R6=400010fc R7=00000010
0000a8c0 20244087 eorcs r4, r4, r7, lsl #1           R0=49815700 R1=00000081 R2=02000000 R3=00000000 R4=5a827990 R5=00000000 R6=400010fc R7=00000010
0000a8c4 e0244007 eor r4, r4, r7                     R0=49815700 R1=00000081 R2=02000000 R3=00000000 R4=5a827990 R5=00000000 R6=400010fc R7=00000010
0000a8c8 e0800000 add r0, r0, r0                     R0=49815700 R1=00000081 R2=02000000 R3=00000000 R4=5a827980 R5=00000000 R6=400010fc R7=00000010
0000a8cc e1b070e7 rors r7, r7, #1                    R0=9302ae00 R1=00000081 R2=02000000 R3=00000000 R4=5a827980 R5=00000000 R6=400010fc R7=00000010
0000a8d0 5afffff7 bpl &a8b4                          R0=9302ae00 R1=00000081 R2=02000000 R3=00000000 R4=5a827980 R5=00000000 R6=400010fc R7=00000008
0000a8b4 e0244007 eor r4, r4, r7                     R0=9302ae00 R1=00000081 R2=02000000 R3=00000000 R4=5a827980 R5=00000000 R6=400010fc R7=00000008
0000a8b8 e1500004 cmp r0, r4                         R0=9302ae00 R1=00000081 R2=02000000 R3=00000000 R4=5a827988 R5=00000000 R6=400010fc R7=00000008
0000a8bc 20400004 subcs r0, r0, r4                   R0=9302ae00 R1=00000081 R2=02000000 R3=00000000 R4=5a827988 R5=00000000 R6=400010fc R7=00000008
0000a8c0 20244087 eorcs r4, r4, r7, lsl #1           R0=38803478 R1=00000081 R2=02000000 R3=00000000 R4=5a827988 R5=00000000 R6=400010fc R7=00000008
0000a8c4 e0244007 eor r4, r4, r7                     R0=38803478 R1=00000081 R2=02000000 R3=00000000 R4=5a827998 R5=00000000 R6=400010fc R7=00000008
0000a8c8 e0800000 add r0, r0, r0                     R0=38803478 R1=00000081 R2=02000000 R3=00000000 R4=5a827990 R5=00000000 R6=400010fc R7=00000008
0000a8cc e1b070e7 rors r7, r7, #1                    R0=710068f0 R1=00000081 R2=02000000 R3=00000000 R4=5a827990 R5=00000000 R6=400010fc R7=00000008
0000a8d0 5afffff7 bpl &a8b4                          R0=710068f0 R1=00000081 R2=02000000 R3=00000000 R4=5a827990 R5=00000000 R6=400010fc R7=00000004
0000a8b4 e0244007 eor r4, r4, r7                     R0=710068f0 R1=00000081 R2=02000000 R3=00000000 R4=5a827990 R5=00000000 R6=400010fc R7=00000004
0000a8b8 e1500004 cmp r0, r4                         R0=710068f0 R1=00000081 R2=02000000 R3=00000000 R4=5a827994 R5=00000000 R6=400010fc R7=00000004
0000a8bc 20400004 subcs r0, r0, r4                   R0=710068f0 R1=00000081 R2=02000000 R3=00000000 R4=5a827994 R5=00000000 R6=400010fc R7=00000004
0000a8c0 20244087 eorcs r4, r4, r7, lsl #1           R0=167def5c R1=00000081 R2=02000000 R3=00000000 R4=5a827994 R5=00000000 R6=400010fc R7=00000004
0000a8c4 e0244007 eor r4, r4, r7                     R0=167def5c R1=00000081 R2=02000000 R3=00000000 R4=5a82799c R5=00000000 R6=400010fc R7=00000004
0000a8c8 e0800000 add r0, r0, r0                     R0=167def5c R1=00000081 R2=02000000 R3=00000000 R4=5a827998 R5=00000000 R6=400010fc R7=00000004
0000a8cc e1b070e7 rors r7, r7, #1                    R0=2cfbdeb8 R1=00000081 R2=02000000 R3=00000000 R4=5a827998 R5=00000000 R6=400010fc R7=00000004
0000a8d0 5afffff7 bpl &a8b4                          R0=2cfbdeb8 R1=00000081 R2=02000000 R3=00000000 R4=5a827998 R5=00000000 R6=400010fc R7=00000002
0000a8b4 e0244007 eor r4, r4, r7                     R0=2cfbdeb8 R1=00000081 R2=02000000 R3=00000000 R4=5a827998 R5=00000000 R6=400010fc R7=00000002
0000a8b8 e1500004 cmp r0, r4                         R0=2cfbdeb8 R1=00000081 R2=02000000 R3=00000000 R4=5a82799a R5=00000000 R6=400010fc R7=00000002
0000a8bc 20400004 subcs r0, r0, r4                   R0=2cfbdeb8 R1=00000081 R2=02000000 R3=00000000 R4=5a82799a R5=00000000 R6=400010fc R7=00000002
0000a8c0 20244087 eorcs r4, r4, r7, lsl #1           R0=2cfbdeb8 R1=00000081 R2=02000000 R3=00000000 R4=5a82799a R5=00000000 R6=400010fc R7=00000002
0000a8c4 e0244007 eor r4, r4, r7                     R0=2cfbdeb8 R1=00000081 R2=02000000 R3=00000000 R4=5a82799a R5=00000000 R6=400010fc R7=00000002
0000a8c8 e0800000 add r0, r0, r0                     R0=2cfbdeb8 R1=00000081 R2=02000000 R3=00000000 R4=5a827998 R5=00000000 R6=400010fc R7=00000002
0000a8cc e1b070e7 rors r7, r7, #1                    R0=59f7bd70 R1=00000081 R2=02000000 R3=00000000 R4=5a827998 R5=00000000 R6=400010fc R7=00000002
0000a8d0 5afffff7 bpl &a8b4                          R0=59f7bd70 R1=00000081 R2=02000000 R3=00000000 R4=5a827998 R5=00000000 R6=400010fc R7=00000001
0000a8b4 e0244007 eor r4, r4, r7                     R0=59f7bd70 R1=00000081 R2=02000000 R3=00000000 R4=5a827998 R5=00000000 R6=400010fc R7=00000001
0000a8b8 e1500004 cmp r0, r4                         R0=59f7bd70 R1=00000081 R2=02000000 R3=00000000 R4=5a827999 R5=00000000 R6=400010fc R7=00000001
0000a8bc 20400004 subcs r0, r0, r4                   R0=59f7bd70 R1=00000081 R2=02000000 R3=00000000 R4=5a827999 R5=00000000 R6=400010fc R7=00000001
0000a8c0 20244087 eorcs r4, r4, r7, lsl #1           R0=59f7bd70 R1=00000081 R2=02000000 R3=00000000 R4=5a827999 R5=00000000 R6=400010fc R7=00000001
0000a8c4 e0244007 eor r4, r4, r7                     R0=59f7bd70 R1=00000081 R2=02000000 R3=00000000 R4=5a827999 R5=00000000 R6=400010fc R7=00000001
0000a8c8 e0800000 add r0, r0, r0                     R0=59f7bd70 R1=00000081 R2=02000000 R3=00000000 R4=5a827998 R5=00000000 R6=400010fc R7=00000001
0000a8cc e1b070e7 rors r7, r7, #1                    R0=b3ef7ae0 R1=00000081 R2=02000000 R3=00000000 R4=5a827998 R5=00000000 R6=400010fc R7=00000001
0000a8d0 5afffff7 bpl &a8b4                          R0=b3ef7ae0 R1=00000081 R2=02000000 R3=00000000 R4=5a827998 R5=00000000 R6=400010fc R7=80000000
0000a8d4 e3a02000 mov r2, #0                         R0=b3ef7ae0 R1=00000081 R2=02000000 R3=00000000 R4=5a827998 R5=00000000 R6=400010fc R7=80000000
0000a8d8 e1500004 cmp r0, r4                         R0=b3ef7ae0 R1=00000081 R2=00000000 R3=00000000 R4=5a827998 R5=00000000 R6=400010fc R7=80000000
0000a8dc 03520102 cmpeq r2, #&80000000               R0=b3ef7ae0 R1=00000081 R2=00000000 R3=00000000 R4=5a827998 R5=00000000 R6=400010fc R7=80000000
0000a8e0 3a000002 bcc &a8f0                          R0=b3ef7ae0 R1=00000081 R2=00000000 R3=00000000 R4=5a827998 R5=00000000 R6=400010fc R7=80000000
0000a8e4 e2522102 subs r2, r2, #&80000000            R0=b3ef7ae0 R1=00000081 R2=00000000 R3=00000000 R4=5a827998 R5=00000000 R6=400010fc R7=80000000
0000a8e8 e0c00004 sbc r0, r0, r4                     R0=b3ef7ae0 R1=00000081 R2=80000000 R3=00000000 R4=5a827998 R5=00000000 R6=400010fc R7=80000000
0000a8ec e2244001 eor r4, r4, #1                     R0=596d0147 R1=00000081 R2=80000000 R3=00000000 R4=5a827998 R5=00000000 R6=400010fc R7=80000000
0000a8f0 e0922002 adds r2, r2, r2                    R0=596d0147 R1=00000081 R2=80000000 R3=00000000 R4=5a827999 R5=00000000 R6=400010fc R7=80000000
0000a8f4 e0a00000 adc r0, r0, r0                     R0=596d0147 R1=00000081 R2=00000000 R3=00000000 R4=5a827999 R5=00000000 R6=400010fc R7=80000000
0000a8f8 e3a06000 mov r6, #0                         R0=b2da028f R1=00000081 R2=00000000 R3=00000000 R4=5a827999 R5=00000000 R6=400010fc R7=80000000
0000a8fc e1500004 cmp r0, r4                         R0=b2da028f R1=00000081 R2=00000000 R3=00000000 R4=5a827999 R5=00000000 R6=00000000 R7=80000000
0000a900 03520101 cmpeq r2, #&40000000               R0=b2da028f R1=00000081 R2=00000000 R3=00000000 R4=5a827999 R5=00000000 R6=00000000 R7=80000000
0000a904 3a000002 bcc &a914                          R0=b2da028f R1=00000081 R2=00000000 R3=00000000 R4=5a827999 R5=00000000 R6=00000000 R7=80000000
0000a908 e2522101 subs r2, r2, #&40000000            R0=b2da028f R1=00000081 R2=00000000 R3=00000000 R4=5a827999 R5=00000000 R6=00000000 R7=80000000
0000a90c e0c00004 sbc r0, r0, r4                     R0=b2da028f R1=00000081 R2=c0000000 R3=00000000 R4=5a827999 R5=00000000 R6=00000000 R7=80000000
0000a910 e2266102 eor r6, r6, #&80000000             R0=585788f5 R1=00000081 R2=c0000000 R3=00000000 R4=5a827999 R5=00000000 R6=00000000 R7=80000000
0000a914 e0922002 adds r2, r2, r2                    R0=585788f5 R1=00000081 R2=c0000000 R3=00000000 R4=5a827999 R5=00000000 R6=80000000 R7=80000000
0000a918 e0a00000 adc r0, r0, r0                     R0=585788f5 R1=00000081 R2=80000000 R3=00000000 R4=5a827999 R5=00000000 R6=80000000 R7=80000000
0000a91c e2266202 eor r6, r6, #&20000000             R0=b0af11eb R1=00000081 R2=80000000 R3=00000000 R4=5a827999 R5=00000000 R6=80000000 R7=80000000
0000a920 e1500004 cmp r0, r4                         R0=b0af11eb R1=00000081 R2=80000000 R3=00000000 R4=5a827999 R5=00000000 R6=a0000000 R7=80000000
0000a924 01520006 cmpeq r2, r6                       R0=b0af11eb R1=00000081 R2=80000000 R3=00000000 R4=5a827999 R5=00000000 R6=a0000000 R7=80000000
0000a928 3a000002 bcc &a938                          R0=b0af11eb R1=00000081 R2=80000000 R3=00000000 R4=5a827999 R5=00000000 R6=a0000000 R7=80000000
0000a92c e0522006 subs r2, r2, r6                    R0=b0af11eb R1=00000081 R2=80000000 R3=00000000 R4=5a827999 R5=00000000 R6=a0000000 R7=80000000
0000a930 e0c00004 sbc r0, r0, r4                     R0=b0af11eb R1=00000081 R2=e0000000 R3=00000000 R4=5a827999 R5=00000000 R6=a0000000 R7=80000000
0000a934 e2266101 eor r6, r6, #&40000000             R0=562c9851 R1=00000081 R2=e0000000 R3=00000000 R4=5a827999 R5=00000000 R6=a0000000 R7=80000000
0000a938 e2266202 eor r6, r6, #&20000000             R0=562c9851 R1=00000081 R2=e0000000 R3=00000000 R4=5a827999 R5=00000000 R6=e0000000 R7=80000000
0000a93c e1827080 orr r7, r2, r0, lsl #1             R0=562c9851 R1=00000081 R2=e0000000 R3=00000000 R4=5a827999 R5=00000000 R6=c0000000 R7=80000000
0000a940 e1b02086 lsls r2, r6, #1                    R0=562c9851 R1=00000081 R2=e0000000 R3=00000000 R4=5a827999 R5=00000000 R6=c0000000 R7=ec5930a2
0000a944 e0a40004 adc r0, r4, r4                     R0=562c9851 R1=00000081 R2=80000000 R3=00000000 R4=5a827999 R5=00000000 R6=c0000000 R7=ec5930a2
0000a948 51a0f00e movpl pc, lr                       R0=b504f333 R1=00000081 R2=80000000 R3=00000000 R4=5a827999 R5=00000000 R6=c0000000 R7=ec5930a2
0000a94c e3370000 teq r7, #0                         R0=b504f333 R1=00000081 R2=80000000 R3=00000000 R4=5a827999 R5=00000000 R6=c0000000 R7=ec5930a2
0000a950 03c00001 biceq r0, r0, #1                   R0=b504f333 R1=00000081 R2=80000000 R3=00000000 R4=5a827999 R5=00000000 R6=c0000000 R7=ec5930a2
0000a954 e2900001 adds r0, r0, #1                    R0=b504f333 R1=00000081 R2=80000000 R3=00000000 R4=5a827999 R5=00000000 R6=c0000000 R7=ec5930a2
0000a958 21a00060 rrxcs r0, r0                       R0=b504f334 R1=00000081 R2=80000000 R3=00000000 R4=5a827999 R5=00000000 R6=c0000000 R7=ec5930a2
0000a95c 22811001 addcs r1, r1, #1                   R0=b504f334 R1=00000081 R2=80000000 R3=00000000 R4=5a827999 R5=00000000 R6=c0000000 R7=ec5930a2
0000a960 e1a0f00e mov pc, lr                         R0=b504f334 R1=00000081 R2=80000000 R3=00000000 R4=5a827999 R5=00000000 R6=c0000000 R7=ec5930a2
